<?xml version="1.0" encoding="UTF-8"?>
<robot generator="Robot 6.1.1 (Python 3.11.4 on win32)" generated="20230814 22:54:34.786" rpa="false" schemaversion="4">
<suite id="s1" name="EECS3311-Project" source="C:\Users\betul\Documents\GitHub\EECS3311-Project">
<suite id="s1-s1" name="Src" source="C:\Users\betul\Documents\GitHub\EECS3311-Project\src">
<suite id="s1-s1-s1" name="Test" source="C:\Users\betul\Documents\GitHub\EECS3311-Project\src\test">
<suite id="s1-s1-s1-s1" name="Robot" source="C:\Users\betul\Documents\GitHub\EECS3311-Project\src\test\robot">
<suite id="s1-s1-s1-s1-s1" name="Testingrobot" source="C:\Users\betul\Documents\GitHub\EECS3311-Project\src\test\robot\testingrobot.robot">
<kw name="Create Session" library="RequestsLibrary" type="SETUP">
<arg>localhost</arg>
<arg>http://localhost:8080</arg>
<doc>Create Session: create a HTTP session to a server</doc>
<msg timestamp="20230814 22:54:34.928" level="INFO">Creating Session using : alias=localhost, url=http://localhost:8080, headers={},                     cookies={}, auth=None, timeout=None, proxies=None, verify=False,                     debug=0 </msg>
<status status="PASS" starttime="20230814 22:54:34.928" endtime="20230814 22:54:34.928"/>
</kw>
<test id="s1-s1-s1-s1-s1-t1" name="addActorPass" line="11">
<kw name="Create Dictionary" library="BuiltIn">
<var>${headers}</var>
<arg>Content-Type=application/json</arg>
<doc>Creates and returns a dictionary based on the given ``items``.</doc>
<msg timestamp="20230814 22:54:34.928" level="INFO">${headers} = {'Content-Type': 'application/json'}</msg>
<status status="PASS" starttime="20230814 22:54:34.928" endtime="20230814 22:54:34.928"/>
</kw>
<kw name="Create Dictionary" library="BuiltIn">
<var>${params}</var>
<arg>name=Kevin Bacon</arg>
<arg>actorId=nm0000102</arg>
<doc>Creates and returns a dictionary based on the given ``items``.</doc>
<msg timestamp="20230814 22:54:34.928" level="INFO">${params} = {'name': 'Kevin Bacon', 'actorId': 'nm0000102'}</msg>
<status status="PASS" starttime="20230814 22:54:34.928" endtime="20230814 22:54:34.928"/>
</kw>
<kw name="PUT On Session" library="RequestsLibrary">
<var>${resp}</var>
<arg>localhost</arg>
<arg>/api/v1/addActor</arg>
<arg>json=${params}</arg>
<arg>headers=${headers}</arg>
<doc>Sends a PUT request on a previously created HTTP Session.</doc>
<msg timestamp="20230814 22:54:34.946" level="INFO">PUT Request : url=http://localhost:8080/api/v1/addActor 
 path_url=/api/v1/addActor 
 headers={'User-Agent': 'python-requests/2.31.0', 'Accept-Encoding': 'gzip, deflate', 'Accept': '*/*', 'Connection': 'keep-alive', 'Content-Type': 'application/json', 'Content-Length': '47'} 
 body=b'{"name": "Kevin Bacon", "actorId": "nm0000102"}' 
 </msg>
<msg timestamp="20230814 22:54:34.946" level="INFO">PUT Response : url=http://localhost:8080/api/v1/addActor 
 status=200, reason=OK 
 headers={'Date': 'Tue, 15 Aug 2023 02:54:34 GMT', 'Content-length': '2'} 
 body=OK 
 </msg>
<msg timestamp="20230814 22:54:34.946" level="INFO">${resp} = &lt;Response [200]&gt;</msg>
<status status="PASS" starttime="20230814 22:54:34.928" endtime="20230814 22:54:34.946"/>
</kw>
<kw name="Create Dictionary" library="BuiltIn">
<var>${headers}</var>
<arg>Content-Type=application/json</arg>
<doc>Creates and returns a dictionary based on the given ``items``.</doc>
<msg timestamp="20230814 22:54:34.946" level="INFO">${headers} = {'Content-Type': 'application/json'}</msg>
<status status="PASS" starttime="20230814 22:54:34.946" endtime="20230814 22:54:34.946"/>
</kw>
<kw name="Create Dictionary" library="BuiltIn">
<var>${params}</var>
<arg>name=ActorName</arg>
<arg>actorId=000ID</arg>
<doc>Creates and returns a dictionary based on the given ``items``.</doc>
<msg timestamp="20230814 22:54:34.946" level="INFO">${params} = {'name': 'ActorName', 'actorId': '000ID'}</msg>
<status status="PASS" starttime="20230814 22:54:34.946" endtime="20230814 22:54:34.946"/>
</kw>
<kw name="PUT On Session" library="RequestsLibrary">
<var>${resp}</var>
<arg>localhost</arg>
<arg>/api/v1/addActor</arg>
<arg>json=${params}</arg>
<arg>headers=${headers}</arg>
<arg>expected_status=200</arg>
<doc>Sends a PUT request on a previously created HTTP Session.</doc>
<msg timestamp="20230814 22:54:34.960" level="INFO">PUT Request : url=http://localhost:8080/api/v1/addActor 
 path_url=/api/v1/addActor 
 headers={'User-Agent': 'python-requests/2.31.0', 'Accept-Encoding': 'gzip, deflate', 'Accept': '*/*', 'Connection': 'keep-alive', 'Content-Type': 'application/json', 'Content-Length': '41'} 
 body=b'{"name": "ActorName", "actorId": "000ID"}' 
 </msg>
<msg timestamp="20230814 22:54:34.960" level="INFO">PUT Response : url=http://localhost:8080/api/v1/addActor 
 status=200, reason=OK 
 headers={'Date': 'Tue, 15 Aug 2023 02:54:34 GMT', 'Content-length': '2'} 
 body=OK 
 </msg>
<msg timestamp="20230814 22:54:34.960" level="INFO">${resp} = &lt;Response [200]&gt;</msg>
<status status="PASS" starttime="20230814 22:54:34.946" endtime="20230814 22:54:34.960"/>
</kw>
<kw name="Create Dictionary" library="BuiltIn">
<var>${headers}</var>
<arg>Content-Type=application/json</arg>
<doc>Creates and returns a dictionary based on the given ``items``.</doc>
<msg timestamp="20230814 22:54:34.960" level="INFO">${headers} = {'Content-Type': 'application/json'}</msg>
<status status="PASS" starttime="20230814 22:54:34.960" endtime="20230814 22:54:34.960"/>
</kw>
<kw name="Create Dictionary" library="BuiltIn">
<var>${params}</var>
<arg>name=ActorName</arg>
<arg>actorId=000IDbutuniqueid</arg>
<doc>Creates and returns a dictionary based on the given ``items``.</doc>
<msg timestamp="20230814 22:54:34.960" level="INFO">${params} = {'name': 'ActorName', 'actorId': '000IDbutuniqueid'}</msg>
<status status="PASS" starttime="20230814 22:54:34.960" endtime="20230814 22:54:34.960"/>
</kw>
<kw name="PUT On Session" library="RequestsLibrary">
<var>${resp}</var>
<arg>localhost</arg>
<arg>/api/v1/addActor</arg>
<arg>json=${params}</arg>
<arg>headers=${headers}</arg>
<arg>expected_status=200</arg>
<doc>Sends a PUT request on a previously created HTTP Session.</doc>
<msg timestamp="20230814 22:54:34.967" level="INFO">PUT Request : url=http://localhost:8080/api/v1/addActor 
 path_url=/api/v1/addActor 
 headers={'User-Agent': 'python-requests/2.31.0', 'Accept-Encoding': 'gzip, deflate', 'Accept': '*/*', 'Connection': 'keep-alive', 'Content-Type': 'application/json', 'Content-Length': '52'} 
 body=b'{"name": "ActorName", "actorId": "000IDbutuniqueid"}' 
 </msg>
<msg timestamp="20230814 22:54:34.967" level="INFO">PUT Response : url=http://localhost:8080/api/v1/addActor 
 status=200, reason=OK 
 headers={'Date': 'Tue, 15 Aug 2023 02:54:34 GMT', 'Content-length': '2'} 
 body=OK 
 </msg>
<msg timestamp="20230814 22:54:34.967" level="INFO">${resp} = &lt;Response [200]&gt;</msg>
<status status="PASS" starttime="20230814 22:54:34.960" endtime="20230814 22:54:34.967"/>
</kw>
<timeout value="30 seconds"/>
<status status="PASS" starttime="20230814 22:54:34.928" endtime="20230814 22:54:34.967"/>
</test>
<test id="s1-s1-s1-s1-s1-t2" name="addActorFail" line="34">
<kw name="Create Dictionary" library="BuiltIn">
<var>${headers}</var>
<arg>Content-Type=application/json</arg>
<doc>Creates and returns a dictionary based on the given ``items``.</doc>
<msg timestamp="20230814 22:54:34.967" level="INFO">${headers} = {'Content-Type': 'application/json'}</msg>
<status status="PASS" starttime="20230814 22:54:34.967" endtime="20230814 22:54:34.967"/>
</kw>
<kw name="Create Dictionary" library="BuiltIn">
<var>${params}</var>
<arg>name=Kevin Bacon2</arg>
<arg>actorId=nm0000102</arg>
<doc>Creates and returns a dictionary based on the given ``items``.</doc>
<msg timestamp="20230814 22:54:34.975" level="INFO">${params} = {'name': 'Kevin Bacon2', 'actorId': 'nm0000102'}</msg>
<status status="PASS" starttime="20230814 22:54:34.975" endtime="20230814 22:54:34.975"/>
</kw>
<kw name="PUT On Session" library="RequestsLibrary">
<var>${resp}</var>
<arg>localhost</arg>
<arg>/api/v1/addActor</arg>
<arg>json=${params}</arg>
<arg>headers=${headers}</arg>
<arg>expected_status=400</arg>
<doc>Sends a PUT request on a previously created HTTP Session.</doc>
<msg timestamp="20230814 22:54:34.975" level="INFO">PUT Request : url=http://localhost:8080/api/v1/addActor 
 path_url=/api/v1/addActor 
 headers={'User-Agent': 'python-requests/2.31.0', 'Accept-Encoding': 'gzip, deflate', 'Accept': '*/*', 'Connection': 'keep-alive', 'Content-Type': 'application/json', 'Content-Length': '48'} 
 body=b'{"name": "Kevin Bacon2", "actorId": "nm0000102"}' 
 </msg>
<msg timestamp="20230814 22:54:34.975" level="INFO">PUT Response : url=http://localhost:8080/api/v1/addActor 
 status=400, reason=Bad Request 
 headers={'Date': 'Tue, 15 Aug 2023 02:54:34 GMT', 'Content-length': '11'} 
 body=BAD REQUEST 
 </msg>
<msg timestamp="20230814 22:54:34.975" level="INFO">${resp} = &lt;Response [400]&gt;</msg>
<status status="PASS" starttime="20230814 22:54:34.975" endtime="20230814 22:54:34.975"/>
</kw>
<kw name="Create Dictionary" library="BuiltIn">
<var>${headers}</var>
<arg>Content-Type=application/json</arg>
<doc>Creates and returns a dictionary based on the given ``items``.</doc>
<msg timestamp="20230814 22:54:34.975" level="INFO">${headers} = {'Content-Type': 'application/json'}</msg>
<status status="PASS" starttime="20230814 22:54:34.975" endtime="20230814 22:54:34.975"/>
</kw>
<kw name="Create Dictionary" library="BuiltIn">
<var>${params}</var>
<arg>Actorid=robertdowney</arg>
<arg>Name=Robert Downey Jr.</arg>
<doc>Creates and returns a dictionary based on the given ``items``.</doc>
<msg timestamp="20230814 22:54:34.975" level="INFO">${params} = {'Actorid': 'robertdowney', 'Name': 'Robert Downey Jr.'}</msg>
<status status="PASS" starttime="20230814 22:54:34.975" endtime="20230814 22:54:34.975"/>
</kw>
<kw name="PUT On Session" library="RequestsLibrary">
<var>${resp}</var>
<arg>localhost</arg>
<arg>/api/v1/addActor</arg>
<arg>json=${params}</arg>
<arg>headers=${headers}</arg>
<arg>expected_status=400</arg>
<doc>Sends a PUT request on a previously created HTTP Session.</doc>
<msg timestamp="20230814 22:54:34.975" level="INFO">PUT Request : url=http://localhost:8080/api/v1/addActor 
 path_url=/api/v1/addActor 
 headers={'User-Agent': 'python-requests/2.31.0', 'Accept-Encoding': 'gzip, deflate', 'Accept': '*/*', 'Connection': 'keep-alive', 'Content-Type': 'application/json', 'Content-Length': '56'} 
 body=b'{"Actorid": "robertdowney", "Name": "Robert Downey Jr."}' 
 </msg>
<msg timestamp="20230814 22:54:34.975" level="INFO">PUT Response : url=http://localhost:8080/api/v1/addActor 
 status=400, reason=Bad Request 
 headers={'Date': 'Tue, 15 Aug 2023 02:54:34 GMT', 'Content-length': '11'} 
 body=BAD REQUEST 
 </msg>
<msg timestamp="20230814 22:54:34.975" level="INFO">${resp} = &lt;Response [400]&gt;</msg>
<status status="PASS" starttime="20230814 22:54:34.975" endtime="20230814 22:54:34.975"/>
</kw>
<kw name="Create Dictionary" library="BuiltIn">
<var>${headers}</var>
<arg>Content-Type=application/json</arg>
<doc>Creates and returns a dictionary based on the given ``items``.</doc>
<msg timestamp="20230814 22:54:34.975" level="INFO">${headers} = {'Content-Type': 'application/json'}</msg>
<status status="PASS" starttime="20230814 22:54:34.975" endtime="20230814 22:54:34.975"/>
</kw>
<kw name="Create Dictionary" library="BuiltIn">
<var>${params}</var>
<arg>name=${null}</arg>
<arg>actorId=scarlettjohansson</arg>
<doc>Creates and returns a dictionary based on the given ``items``.</doc>
<msg timestamp="20230814 22:54:34.975" level="INFO">${params} = {'name': None, 'actorId': 'scarlettjohansson'}</msg>
<status status="PASS" starttime="20230814 22:54:34.975" endtime="20230814 22:54:34.975"/>
</kw>
<kw name="PUT On Session" library="RequestsLibrary">
<var>${resp}</var>
<arg>localhost</arg>
<arg>/api/v1/addActor</arg>
<arg>json=${params}</arg>
<arg>headers=${headers}</arg>
<arg>expected_status=400</arg>
<doc>Sends a PUT request on a previously created HTTP Session.</doc>
<msg timestamp="20230814 22:54:34.975" level="INFO">PUT Request : url=http://localhost:8080/api/v1/addActor 
 path_url=/api/v1/addActor 
 headers={'User-Agent': 'python-requests/2.31.0', 'Accept-Encoding': 'gzip, deflate', 'Accept': '*/*', 'Connection': 'keep-alive', 'Content-Type': 'application/json', 'Content-Length': '46'} 
 body=b'{"name": null, "actorId": "scarlettjohansson"}' 
 </msg>
<msg timestamp="20230814 22:54:34.991" level="INFO">PUT Response : url=http://localhost:8080/api/v1/addActor 
 status=400, reason=Bad Request 
 headers={'Date': 'Tue, 15 Aug 2023 02:54:34 GMT', 'Content-length': '11'} 
 body=BAD REQUEST 
 </msg>
<msg timestamp="20230814 22:54:34.991" level="INFO">${resp} = &lt;Response [400]&gt;</msg>
<status status="PASS" starttime="20230814 22:54:34.975" endtime="20230814 22:54:34.991"/>
</kw>
<kw name="Create Dictionary" library="BuiltIn">
<var>${headers}</var>
<arg>Content-Type=application/json</arg>
<doc>Creates and returns a dictionary based on the given ``items``.</doc>
<msg timestamp="20230814 22:54:34.993" level="INFO">${headers} = {'Content-Type': 'application/json'}</msg>
<status status="PASS" starttime="20230814 22:54:34.993" endtime="20230814 22:54:34.993"/>
</kw>
<kw name="Create Dictionary" library="BuiltIn">
<var>${params}</var>
<arg>name=Scarlett Johansson</arg>
<arg>actorId=${null}</arg>
<doc>Creates and returns a dictionary based on the given ``items``.</doc>
<msg timestamp="20230814 22:54:34.993" level="INFO">${params} = {'name': 'Scarlett Johansson', 'actorId': None}</msg>
<status status="PASS" starttime="20230814 22:54:34.993" endtime="20230814 22:54:34.993"/>
</kw>
<kw name="PUT On Session" library="RequestsLibrary">
<var>${resp}</var>
<arg>localhost</arg>
<arg>/api/v1/addActor</arg>
<arg>json=${params}</arg>
<arg>headers=${headers}</arg>
<arg>expected_status=400</arg>
<doc>Sends a PUT request on a previously created HTTP Session.</doc>
<msg timestamp="20230814 22:54:34.993" level="INFO">PUT Request : url=http://localhost:8080/api/v1/addActor 
 path_url=/api/v1/addActor 
 headers={'User-Agent': 'python-requests/2.31.0', 'Accept-Encoding': 'gzip, deflate', 'Accept': '*/*', 'Connection': 'keep-alive', 'Content-Type': 'application/json', 'Content-Length': '47'} 
 body=b'{"name": "Scarlett Johansson", "actorId": null}' 
 </msg>
<msg timestamp="20230814 22:54:34.993" level="INFO">PUT Response : url=http://localhost:8080/api/v1/addActor 
 status=400, reason=Bad Request 
 headers={'Date': 'Tue, 15 Aug 2023 02:54:34 GMT', 'Content-length': '11'} 
 body=BAD REQUEST 
 </msg>
<msg timestamp="20230814 22:54:34.993" level="INFO">${resp} = &lt;Response [400]&gt;</msg>
<status status="PASS" starttime="20230814 22:54:34.993" endtime="20230814 22:54:34.993"/>
</kw>
<timeout value="30 seconds"/>
<status status="PASS" starttime="20230814 22:54:34.967" endtime="20230814 22:54:34.993"/>
</test>
<test id="s1-s1-s1-s1-s1-t3" name="addMoviePass" line="55">
<kw name="Create Dictionary" library="BuiltIn">
<var>${headers}</var>
<arg>Content-Type=application/json</arg>
<doc>Creates and returns a dictionary based on the given ``items``.</doc>
<msg timestamp="20230814 22:54:34.993" level="INFO">${headers} = {'Content-Type': 'application/json'}</msg>
<status status="PASS" starttime="20230814 22:54:34.993" endtime="20230814 22:54:34.993"/>
</kw>
<kw name="Create Dictionary" library="BuiltIn">
<var>${params}</var>
<arg>name=A Few Good Men</arg>
<arg>movieId=afewgoodmenid</arg>
<doc>Creates and returns a dictionary based on the given ``items``.</doc>
<msg timestamp="20230814 22:54:34.993" level="INFO">${params} = {'name': 'A Few Good Men', 'movieId': 'afewgoodmenid'}</msg>
<status status="PASS" starttime="20230814 22:54:34.993" endtime="20230814 22:54:34.993"/>
</kw>
<kw name="PUT On Session" library="RequestsLibrary">
<var>${resp}</var>
<arg>localhost</arg>
<arg>/api/v1/addMovie</arg>
<arg>json=${params}</arg>
<arg>headers=${headers}</arg>
<arg>expected_status=200</arg>
<doc>Sends a PUT request on a previously created HTTP Session.</doc>
<msg timestamp="20230814 22:54:35.007" level="INFO">PUT Request : url=http://localhost:8080/api/v1/addMovie 
 path_url=/api/v1/addMovie 
 headers={'User-Agent': 'python-requests/2.31.0', 'Accept-Encoding': 'gzip, deflate', 'Accept': '*/*', 'Connection': 'keep-alive', 'Content-Type': 'application/json', 'Content-Length': '54'} 
 body=b'{"name": "A Few Good Men", "movieId": "afewgoodmenid"}' 
 </msg>
<msg timestamp="20230814 22:54:35.007" level="INFO">PUT Response : url=http://localhost:8080/api/v1/addMovie 
 status=200, reason=OK 
 headers={'Date': 'Tue, 15 Aug 2023 02:54:34 GMT', 'Content-length': '2'} 
 body=OK 
 </msg>
<msg timestamp="20230814 22:54:35.007" level="INFO">${resp} = &lt;Response [200]&gt;</msg>
<status status="PASS" starttime="20230814 22:54:34.993" endtime="20230814 22:54:35.007"/>
</kw>
<kw name="Create Dictionary" library="BuiltIn">
<var>${headers}</var>
<arg>Content-Type=application/json</arg>
<doc>Creates and returns a dictionary based on the given ``items``.</doc>
<msg timestamp="20230814 22:54:35.009" level="INFO">${headers} = {'Content-Type': 'application/json'}</msg>
<status status="PASS" starttime="20230814 22:54:35.009" endtime="20230814 22:54:35.009"/>
</kw>
<kw name="Create Dictionary" library="BuiltIn">
<var>${params}</var>
<arg>name=A Few Good Men</arg>
<arg>movieId=afewgoodmenuniqueanddifferentid</arg>
<doc>Creates and returns a dictionary based on the given ``items``.</doc>
<msg timestamp="20230814 22:54:35.009" level="INFO">${params} = {'name': 'A Few Good Men', 'movieId': 'afewgoodmenuniqueanddifferentid'}</msg>
<status status="PASS" starttime="20230814 22:54:35.009" endtime="20230814 22:54:35.009"/>
</kw>
<kw name="PUT On Session" library="RequestsLibrary">
<var>${resp}</var>
<arg>localhost</arg>
<arg>/api/v1/addMovie</arg>
<arg>json=${params}</arg>
<arg>headers=${headers}</arg>
<arg>expected_status=200</arg>
<doc>Sends a PUT request on a previously created HTTP Session.</doc>
<msg timestamp="20230814 22:54:35.013" level="INFO">PUT Request : url=http://localhost:8080/api/v1/addMovie 
 path_url=/api/v1/addMovie 
 headers={'User-Agent': 'python-requests/2.31.0', 'Accept-Encoding': 'gzip, deflate', 'Accept': '*/*', 'Connection': 'keep-alive', 'Content-Type': 'application/json', 'Content-Length': '72'} 
 body=b'{"name": "A Few Good Men", "movieId": "afewgoodmenuniqueanddifferentid"}' 
 </msg>
<msg timestamp="20230814 22:54:35.013" level="INFO">PUT Response : url=http://localhost:8080/api/v1/addMovie 
 status=200, reason=OK 
 headers={'Date': 'Tue, 15 Aug 2023 02:54:35 GMT', 'Content-length': '2'} 
 body=OK 
 </msg>
<msg timestamp="20230814 22:54:35.013" level="INFO">${resp} = &lt;Response [200]&gt;</msg>
<status status="PASS" starttime="20230814 22:54:35.009" endtime="20230814 22:54:35.013"/>
</kw>
<timeout value="30 seconds"/>
<status status="PASS" starttime="20230814 22:54:34.993" endtime="20230814 22:54:35.013"/>
</test>
<test id="s1-s1-s1-s1-s1-t4" name="addMovieFail" line="65">
<kw name="Create Dictionary" library="BuiltIn">
<var>${headers}</var>
<arg>Content-Type=application/json</arg>
<doc>Creates and returns a dictionary based on the given ``items``.</doc>
<msg timestamp="20230814 22:54:35.020" level="INFO">${headers} = {'Content-Type': 'application/json'}</msg>
<status status="PASS" starttime="20230814 22:54:35.013" endtime="20230814 22:54:35.020"/>
</kw>
<kw name="Create Dictionary" library="BuiltIn">
<var>${params}</var>
<arg>name=A_Few_Good_Men_butDifferentName</arg>
<arg>movieId=afewgoodmenid</arg>
<doc>Creates and returns a dictionary based on the given ``items``.</doc>
<msg timestamp="20230814 22:54:35.020" level="INFO">${params} = {'name': 'A_Few_Good_Men_butDifferentName', 'movieId': 'afewgoodmenid'}</msg>
<status status="PASS" starttime="20230814 22:54:35.020" endtime="20230814 22:54:35.020"/>
</kw>
<kw name="PUT On Session" library="RequestsLibrary">
<var>${resp}</var>
<arg>localhost</arg>
<arg>/api/v1/addMovie</arg>
<arg>json=${params}</arg>
<arg>headers=${headers}</arg>
<arg>expected_status=400</arg>
<doc>Sends a PUT request on a previously created HTTP Session.</doc>
<msg timestamp="20230814 22:54:35.029" level="INFO">PUT Request : url=http://localhost:8080/api/v1/addMovie 
 path_url=/api/v1/addMovie 
 headers={'User-Agent': 'python-requests/2.31.0', 'Accept-Encoding': 'gzip, deflate', 'Accept': '*/*', 'Connection': 'keep-alive', 'Content-Type': 'application/json', 'Content-Length': '71'} 
 body=b'{"name": "A_Few_Good_Men_butDifferentName", "movieId": "afewgoodmenid"}' 
 </msg>
<msg timestamp="20230814 22:54:35.029" level="INFO">PUT Response : url=http://localhost:8080/api/v1/addMovie 
 status=400, reason=Bad Request 
 headers={'Date': 'Tue, 15 Aug 2023 02:54:35 GMT', 'Content-length': '11'} 
 body=BAD REQUEST 
 </msg>
<msg timestamp="20230814 22:54:35.031" level="INFO">${resp} = &lt;Response [400]&gt;</msg>
<status status="PASS" starttime="20230814 22:54:35.020" endtime="20230814 22:54:35.031"/>
</kw>
<kw name="Create Dictionary" library="BuiltIn">
<var>${headers}</var>
<arg>Content-Type=application/json</arg>
<doc>Creates and returns a dictionary based on the given ``items``.</doc>
<msg timestamp="20230814 22:54:35.031" level="INFO">${headers} = {'Content-Type': 'application/json'}</msg>
<status status="PASS" starttime="20230814 22:54:35.031" endtime="20230814 22:54:35.031"/>
</kw>
<kw name="Create Dictionary" library="BuiltIn">
<var>${params}</var>
<arg>movieId=afewgoodmenid</arg>
<arg>name=A_Few_Good_Men_butDifferentName</arg>
<doc>Creates and returns a dictionary based on the given ``items``.</doc>
<msg timestamp="20230814 22:54:35.032" level="INFO">${params} = {'movieId': 'afewgoodmenid', 'name': 'A_Few_Good_Men_butDifferentName'}</msg>
<status status="PASS" starttime="20230814 22:54:35.031" endtime="20230814 22:54:35.032"/>
</kw>
<kw name="PUT On Session" library="RequestsLibrary">
<var>${resp}</var>
<arg>localhost</arg>
<arg>/api/v1/addMovie</arg>
<arg>json=${params}</arg>
<arg>headers=${headers}</arg>
<arg>expected_status=400</arg>
<doc>Sends a PUT request on a previously created HTTP Session.</doc>
<msg timestamp="20230814 22:54:35.055" level="INFO">PUT Request : url=http://localhost:8080/api/v1/addMovie 
 path_url=/api/v1/addMovie 
 headers={'User-Agent': 'python-requests/2.31.0', 'Accept-Encoding': 'gzip, deflate', 'Accept': '*/*', 'Connection': 'keep-alive', 'Content-Type': 'application/json', 'Content-Length': '71'} 
 body=b'{"movieId": "afewgoodmenid", "name": "A_Few_Good_Men_butDifferentName"}' 
 </msg>
<msg timestamp="20230814 22:54:35.055" level="INFO">PUT Response : url=http://localhost:8080/api/v1/addMovie 
 status=400, reason=Bad Request 
 headers={'Date': 'Tue, 15 Aug 2023 02:54:35 GMT', 'Content-length': '11'} 
 body=BAD REQUEST 
 </msg>
<msg timestamp="20230814 22:54:35.055" level="INFO">${resp} = &lt;Response [400]&gt;</msg>
<status status="PASS" starttime="20230814 22:54:35.032" endtime="20230814 22:54:35.055"/>
</kw>
<kw name="Create Dictionary" library="BuiltIn">
<var>${headers}</var>
<arg>Content-Type=application/json</arg>
<doc>Creates and returns a dictionary based on the given ``items``.</doc>
<msg timestamp="20230814 22:54:35.055" level="INFO">${headers} = {'Content-Type': 'application/json'}</msg>
<status status="PASS" starttime="20230814 22:54:35.055" endtime="20230814 22:54:35.055"/>
</kw>
<kw name="Create Dictionary" library="BuiltIn">
<var>${params}</var>
<arg>name=A_Few_Good_Men_butDifferentName</arg>
<arg>movieId=afewgoodmenid</arg>
<doc>Creates and returns a dictionary based on the given ``items``.</doc>
<msg timestamp="20230814 22:54:35.055" level="INFO">${params} = {'name': 'A_Few_Good_Men_butDifferentName', 'movieId': 'afewgoodmenid'}</msg>
<status status="PASS" starttime="20230814 22:54:35.055" endtime="20230814 22:54:35.055"/>
</kw>
<kw name="PUT On Session" library="RequestsLibrary">
<var>${resp}</var>
<arg>localhost</arg>
<arg>/api/v1/addMovie</arg>
<arg>json=${params}</arg>
<arg>headers=${headers}</arg>
<arg>expected_status=400</arg>
<doc>Sends a PUT request on a previously created HTTP Session.</doc>
<msg timestamp="20230814 22:54:35.071" level="INFO">PUT Request : url=http://localhost:8080/api/v1/addMovie 
 path_url=/api/v1/addMovie 
 headers={'User-Agent': 'python-requests/2.31.0', 'Accept-Encoding': 'gzip, deflate', 'Accept': '*/*', 'Connection': 'keep-alive', 'Content-Type': 'application/json', 'Content-Length': '71'} 
 body=b'{"name": "A_Few_Good_Men_butDifferentName", "movieId": "afewgoodmenid"}' 
 </msg>
<msg timestamp="20230814 22:54:35.071" level="INFO">PUT Response : url=http://localhost:8080/api/v1/addMovie 
 status=400, reason=Bad Request 
 headers={'Date': 'Tue, 15 Aug 2023 02:54:35 GMT', 'Content-length': '11'} 
 body=BAD REQUEST 
 </msg>
<msg timestamp="20230814 22:54:35.071" level="INFO">${resp} = &lt;Response [400]&gt;</msg>
<status status="PASS" starttime="20230814 22:54:35.064" endtime="20230814 22:54:35.078"/>
</kw>
<kw name="Create Dictionary" library="BuiltIn">
<var>${headers}</var>
<arg>Content-Type=application/json</arg>
<doc>Creates and returns a dictionary based on the given ``items``.</doc>
<msg timestamp="20230814 22:54:35.079" level="INFO">${headers} = {'Content-Type': 'application/json'}</msg>
<status status="PASS" starttime="20230814 22:54:35.078" endtime="20230814 22:54:35.079"/>
</kw>
<kw name="Create Dictionary" library="BuiltIn">
<var>${params}</var>
<arg>name=A_Few_Good_Men_butDifferentName</arg>
<arg>movieId=afewgoodmenid</arg>
<doc>Creates and returns a dictionary based on the given ``items``.</doc>
<msg timestamp="20230814 22:54:35.079" level="INFO">${params} = {'name': 'A_Few_Good_Men_butDifferentName', 'movieId': 'afewgoodmenid'}</msg>
<status status="PASS" starttime="20230814 22:54:35.079" endtime="20230814 22:54:35.079"/>
</kw>
<kw name="PUT On Session" library="RequestsLibrary">
<var>${resp}</var>
<arg>localhost</arg>
<arg>/api/v1/addMovie</arg>
<arg>json=${params}</arg>
<arg>headers=${headers}</arg>
<arg>expected_status=400</arg>
<doc>Sends a PUT request on a previously created HTTP Session.</doc>
<msg timestamp="20230814 22:54:35.086" level="INFO">PUT Request : url=http://localhost:8080/api/v1/addMovie 
 path_url=/api/v1/addMovie 
 headers={'User-Agent': 'python-requests/2.31.0', 'Accept-Encoding': 'gzip, deflate', 'Accept': '*/*', 'Connection': 'keep-alive', 'Content-Type': 'application/json', 'Content-Length': '71'} 
 body=b'{"name": "A_Few_Good_Men_butDifferentName", "movieId": "afewgoodmenid"}' 
 </msg>
<msg timestamp="20230814 22:54:35.086" level="INFO">PUT Response : url=http://localhost:8080/api/v1/addMovie 
 status=400, reason=Bad Request 
 headers={'Date': 'Tue, 15 Aug 2023 02:54:35 GMT', 'Content-length': '11'} 
 body=BAD REQUEST 
 </msg>
<msg timestamp="20230814 22:54:35.086" level="INFO">${resp} = &lt;Response [400]&gt;</msg>
<status status="PASS" starttime="20230814 22:54:35.080" endtime="20230814 22:54:35.086"/>
</kw>
<kw name="Create Dictionary" library="BuiltIn">
<var>${headers}</var>
<arg>Content-Type=application/json</arg>
<doc>Creates and returns a dictionary based on the given ``items``.</doc>
<msg timestamp="20230814 22:54:35.087" level="INFO">${headers} = {'Content-Type': 'application/json'}</msg>
<status status="PASS" starttime="20230814 22:54:35.087" endtime="20230814 22:54:35.087"/>
</kw>
<kw name="Create Dictionary" library="BuiltIn">
<var>${params}</var>
<arg>name=A_Few_Good_Men_butDifferentName</arg>
<arg>movieId=${null}</arg>
<doc>Creates and returns a dictionary based on the given ``items``.</doc>
<msg timestamp="20230814 22:54:35.087" level="INFO">${params} = {'name': 'A_Few_Good_Men_butDifferentName', 'movieId': None}</msg>
<status status="PASS" starttime="20230814 22:54:35.087" endtime="20230814 22:54:35.087"/>
</kw>
<kw name="PUT On Session" library="RequestsLibrary">
<var>${resp}</var>
<arg>localhost</arg>
<arg>/api/v1/addMovie</arg>
<arg>json=${params}</arg>
<arg>headers=${headers}</arg>
<arg>expected_status=400</arg>
<doc>Sends a PUT request on a previously created HTTP Session.</doc>
<msg timestamp="20230814 22:54:35.087" level="INFO">PUT Request : url=http://localhost:8080/api/v1/addMovie 
 path_url=/api/v1/addMovie 
 headers={'User-Agent': 'python-requests/2.31.0', 'Accept-Encoding': 'gzip, deflate', 'Accept': '*/*', 'Connection': 'keep-alive', 'Content-Type': 'application/json', 'Content-Length': '60'} 
 body=b'{"name": "A_Few_Good_Men_butDifferentName", "movieId": null}' 
 </msg>
<msg timestamp="20230814 22:54:35.087" level="INFO">PUT Response : url=http://localhost:8080/api/v1/addMovie 
 status=400, reason=Bad Request 
 headers={'Date': 'Tue, 15 Aug 2023 02:54:35 GMT', 'Content-length': '11'} 
 body=BAD REQUEST 
 </msg>
<msg timestamp="20230814 22:54:35.087" level="INFO">${resp} = &lt;Response [400]&gt;</msg>
<status status="PASS" starttime="20230814 22:54:35.087" endtime="20230814 22:54:35.087"/>
</kw>
<kw name="Create Dictionary" library="BuiltIn">
<var>${headers}</var>
<arg>Content-Type=application/json</arg>
<doc>Creates and returns a dictionary based on the given ``items``.</doc>
<msg timestamp="20230814 22:54:35.087" level="INFO">${headers} = {'Content-Type': 'application/json'}</msg>
<status status="PASS" starttime="20230814 22:54:35.087" endtime="20230814 22:54:35.087"/>
</kw>
<kw name="Create Dictionary" library="BuiltIn">
<var>${params}</var>
<arg>name=${null}</arg>
<arg>movieId=afewgoodmenid</arg>
<doc>Creates and returns a dictionary based on the given ``items``.</doc>
<msg timestamp="20230814 22:54:35.087" level="INFO">${params} = {'name': None, 'movieId': 'afewgoodmenid'}</msg>
<status status="PASS" starttime="20230814 22:54:35.087" endtime="20230814 22:54:35.087"/>
</kw>
<kw name="PUT On Session" library="RequestsLibrary">
<var>${resp}</var>
<arg>localhost</arg>
<arg>/api/v1/addMovie</arg>
<arg>json=${params}</arg>
<arg>headers=${headers}</arg>
<arg>expected_status=400</arg>
<doc>Sends a PUT request on a previously created HTTP Session.</doc>
<msg timestamp="20230814 22:54:35.087" level="INFO">PUT Request : url=http://localhost:8080/api/v1/addMovie 
 path_url=/api/v1/addMovie 
 headers={'User-Agent': 'python-requests/2.31.0', 'Accept-Encoding': 'gzip, deflate', 'Accept': '*/*', 'Connection': 'keep-alive', 'Content-Type': 'application/json', 'Content-Length': '42'} 
 body=b'{"name": null, "movieId": "afewgoodmenid"}' 
 </msg>
<msg timestamp="20230814 22:54:35.087" level="INFO">PUT Response : url=http://localhost:8080/api/v1/addMovie 
 status=400, reason=Bad Request 
 headers={'Date': 'Tue, 15 Aug 2023 02:54:35 GMT', 'Content-length': '11'} 
 body=BAD REQUEST 
 </msg>
<msg timestamp="20230814 22:54:35.087" level="INFO">${resp} = &lt;Response [400]&gt;</msg>
<status status="PASS" starttime="20230814 22:54:35.087" endtime="20230814 22:54:35.087"/>
</kw>
<timeout value="30 seconds"/>
<status status="PASS" starttime="20230814 22:54:35.013" endtime="20230814 22:54:35.087"/>
</test>
<test id="s1-s1-s1-s1-s1-t5" name="addRelationshipPass" line="99">
<kw name="Create Dictionary" library="BuiltIn">
<var>${headers}</var>
<arg>Content-Type=application/json</arg>
<doc>Creates and returns a dictionary based on the given ``items``.</doc>
<msg timestamp="20230814 22:54:35.087" level="INFO">${headers} = {'Content-Type': 'application/json'}</msg>
<status status="PASS" starttime="20230814 22:54:35.087" endtime="20230814 22:54:35.087"/>
</kw>
<kw name="Create Dictionary" library="BuiltIn">
<var>${params}</var>
<arg>actorId=nm0000102</arg>
<arg>movieId=afewgoodmenid</arg>
<doc>Creates and returns a dictionary based on the given ``items``.</doc>
<msg timestamp="20230814 22:54:35.087" level="INFO">${params} = {'actorId': 'nm0000102', 'movieId': 'afewgoodmenid'}</msg>
<status status="PASS" starttime="20230814 22:54:35.087" endtime="20230814 22:54:35.087"/>
</kw>
<kw name="PUT On Session" library="RequestsLibrary">
<var>${resp}</var>
<arg>localhost</arg>
<arg>/api/v1/addRelationship</arg>
<arg>json=${params}</arg>
<arg>headers=${headers}</arg>
<arg>expected_status=200</arg>
<doc>Sends a PUT request on a previously created HTTP Session.</doc>
<msg timestamp="20230814 22:54:35.113" level="INFO">PUT Request : url=http://localhost:8080/api/v1/addRelationship 
 path_url=/api/v1/addRelationship 
 headers={'User-Agent': 'python-requests/2.31.0', 'Accept-Encoding': 'gzip, deflate', 'Accept': '*/*', 'Connection': 'keep-alive', 'Content-Type': 'application/json', 'Content-Length': '52'} 
 body=b'{"actorId": "nm0000102", "movieId": "afewgoodmenid"}' 
 </msg>
<msg timestamp="20230814 22:54:35.113" level="INFO">PUT Response : url=http://localhost:8080/api/v1/addRelationship 
 status=200, reason=OK 
 headers={'Date': 'Tue, 15 Aug 2023 02:54:35 GMT', 'Content-length': '2'} 
 body=OK 
 </msg>
<msg timestamp="20230814 22:54:35.113" level="INFO">${resp} = &lt;Response [200]&gt;</msg>
<status status="PASS" starttime="20230814 22:54:35.087" endtime="20230814 22:54:35.113"/>
</kw>
<timeout value="30 seconds"/>
<status status="PASS" starttime="20230814 22:54:35.087" endtime="20230814 22:54:35.113"/>
</test>
<test id="s1-s1-s1-s1-s1-t6" name="addRelationshipFail" line="106">
<kw name="Create Dictionary" library="BuiltIn">
<var>${headers}</var>
<arg>Content-Type=application/json</arg>
<doc>Creates and returns a dictionary based on the given ``items``.</doc>
<msg timestamp="20230814 22:54:35.113" level="INFO">${headers} = {'Content-Type': 'application/json'}</msg>
<status status="PASS" starttime="20230814 22:54:35.113" endtime="20230814 22:54:35.113"/>
</kw>
<kw name="Create Dictionary" library="BuiltIn">
<var>${params}</var>
<arg>actorId=nm0000102</arg>
<arg>movieId=afewgoodmenid</arg>
<doc>Creates and returns a dictionary based on the given ``items``.</doc>
<msg timestamp="20230814 22:54:35.113" level="INFO">${params} = {'actorId': 'nm0000102', 'movieId': 'afewgoodmenid'}</msg>
<status status="PASS" starttime="20230814 22:54:35.113" endtime="20230814 22:54:35.113"/>
</kw>
<kw name="PUT On Session" library="RequestsLibrary">
<var>${resp}</var>
<arg>localhost</arg>
<arg>/api/v1/addRelationship</arg>
<arg>json=${params}</arg>
<arg>headers=${headers}</arg>
<arg>expected_status=400</arg>
<doc>Sends a PUT request on a previously created HTTP Session.</doc>
<msg timestamp="20230814 22:54:35.126" level="INFO">PUT Request : url=http://localhost:8080/api/v1/addRelationship 
 path_url=/api/v1/addRelationship 
 headers={'User-Agent': 'python-requests/2.31.0', 'Accept-Encoding': 'gzip, deflate', 'Accept': '*/*', 'Connection': 'keep-alive', 'Content-Type': 'application/json', 'Content-Length': '52'} 
 body=b'{"actorId": "nm0000102", "movieId": "afewgoodmenid"}' 
 </msg>
<msg timestamp="20230814 22:54:35.126" level="INFO">PUT Response : url=http://localhost:8080/api/v1/addRelationship 
 status=400, reason=Bad Request 
 headers={'Date': 'Tue, 15 Aug 2023 02:54:35 GMT', 'Content-length': '11'} 
 body=BAD REQUEST 
 </msg>
<msg timestamp="20230814 22:54:35.126" level="INFO">${resp} = &lt;Response [400]&gt;</msg>
<status status="PASS" starttime="20230814 22:54:35.118" endtime="20230814 22:54:35.126"/>
</kw>
<kw name="Create Dictionary" library="BuiltIn">
<var>${headers}</var>
<arg>Content-Type=application/json</arg>
<doc>Creates and returns a dictionary based on the given ``items``.</doc>
<msg timestamp="20230814 22:54:35.126" level="INFO">${headers} = {'Content-Type': 'application/json'}</msg>
<status status="PASS" starttime="20230814 22:54:35.126" endtime="20230814 22:54:35.126"/>
</kw>
<kw name="Create Dictionary" library="BuiltIn">
<var>${params}</var>
<arg>actorId=nm0000102</arg>
<arg>movieId=${null}</arg>
<doc>Creates and returns a dictionary based on the given ``items``.</doc>
<msg timestamp="20230814 22:54:35.126" level="INFO">${params} = {'actorId': 'nm0000102', 'movieId': None}</msg>
<status status="PASS" starttime="20230814 22:54:35.126" endtime="20230814 22:54:35.126"/>
</kw>
<kw name="PUT On Session" library="RequestsLibrary">
<var>${resp}</var>
<arg>localhost</arg>
<arg>/api/v1/addRelationship</arg>
<arg>json=${params}</arg>
<arg>headers=${headers}</arg>
<arg>expected_status=400</arg>
<doc>Sends a PUT request on a previously created HTTP Session.</doc>
<msg timestamp="20230814 22:54:35.134" level="INFO">PUT Request : url=http://localhost:8080/api/v1/addRelationship 
 path_url=/api/v1/addRelationship 
 headers={'User-Agent': 'python-requests/2.31.0', 'Accept-Encoding': 'gzip, deflate', 'Accept': '*/*', 'Connection': 'keep-alive', 'Content-Type': 'application/json', 'Content-Length': '41'} 
 body=b'{"actorId": "nm0000102", "movieId": null}' 
 </msg>
<msg timestamp="20230814 22:54:35.134" level="INFO">PUT Response : url=http://localhost:8080/api/v1/addRelationship 
 status=400, reason=Bad Request 
 headers={'Date': 'Tue, 15 Aug 2023 02:54:35 GMT', 'Content-length': '11'} 
 body=BAD REQUEST 
 </msg>
<msg timestamp="20230814 22:54:35.134" level="INFO">${resp} = &lt;Response [400]&gt;</msg>
<status status="PASS" starttime="20230814 22:54:35.126" endtime="20230814 22:54:35.134"/>
</kw>
<kw name="Create Dictionary" library="BuiltIn">
<var>${headers}</var>
<arg>Content-Type=application/json</arg>
<doc>Creates and returns a dictionary based on the given ``items``.</doc>
<msg timestamp="20230814 22:54:35.134" level="INFO">${headers} = {'Content-Type': 'application/json'}</msg>
<status status="PASS" starttime="20230814 22:54:35.134" endtime="20230814 22:54:35.134"/>
</kw>
<kw name="Create Dictionary" library="BuiltIn">
<var>${params}</var>
<arg>actorId=${null}</arg>
<arg>movieId=afewgoodmenid</arg>
<doc>Creates and returns a dictionary based on the given ``items``.</doc>
<msg timestamp="20230814 22:54:35.134" level="INFO">${params} = {'actorId': None, 'movieId': 'afewgoodmenid'}</msg>
<status status="PASS" starttime="20230814 22:54:35.134" endtime="20230814 22:54:35.134"/>
</kw>
<kw name="PUT On Session" library="RequestsLibrary">
<var>${resp}</var>
<arg>localhost</arg>
<arg>/api/v1/addRelationship</arg>
<arg>json=${params}</arg>
<arg>headers=${headers}</arg>
<arg>expected_status=400</arg>
<doc>Sends a PUT request on a previously created HTTP Session.</doc>
<msg timestamp="20230814 22:54:35.134" level="INFO">PUT Request : url=http://localhost:8080/api/v1/addRelationship 
 path_url=/api/v1/addRelationship 
 headers={'User-Agent': 'python-requests/2.31.0', 'Accept-Encoding': 'gzip, deflate', 'Accept': '*/*', 'Connection': 'keep-alive', 'Content-Type': 'application/json', 'Content-Length': '45'} 
 body=b'{"actorId": null, "movieId": "afewgoodmenid"}' 
 </msg>
<msg timestamp="20230814 22:54:35.134" level="INFO">PUT Response : url=http://localhost:8080/api/v1/addRelationship 
 status=400, reason=Bad Request 
 headers={'Date': 'Tue, 15 Aug 2023 02:54:35 GMT', 'Content-length': '11'} 
 body=BAD REQUEST 
 </msg>
<msg timestamp="20230814 22:54:35.134" level="INFO">${resp} = &lt;Response [400]&gt;</msg>
<status status="PASS" starttime="20230814 22:54:35.134" endtime="20230814 22:54:35.134"/>
</kw>
<kw name="Create Dictionary" library="BuiltIn">
<var>${headers}</var>
<arg>Content-Type=application/json</arg>
<doc>Creates and returns a dictionary based on the given ``items``.</doc>
<msg timestamp="20230814 22:54:35.142" level="INFO">${headers} = {'Content-Type': 'application/json'}</msg>
<status status="PASS" starttime="20230814 22:54:35.142" endtime="20230814 22:54:35.142"/>
</kw>
<kw name="Create Dictionary" library="BuiltIn">
<var>${params}</var>
<arg>actorId=nm0000102</arg>
<arg>movieId=nonexistentID</arg>
<doc>Creates and returns a dictionary based on the given ``items``.</doc>
<msg timestamp="20230814 22:54:35.144" level="INFO">${params} = {'actorId': 'nm0000102', 'movieId': 'nonexistentID'}</msg>
<status status="PASS" starttime="20230814 22:54:35.144" endtime="20230814 22:54:35.144"/>
</kw>
<kw name="PUT On Session" library="RequestsLibrary">
<var>${resp}</var>
<arg>localhost</arg>
<arg>/api/v1/addRelationship</arg>
<arg>json=${params}</arg>
<arg>headers=${headers}</arg>
<arg>expected_status=404</arg>
<doc>Sends a PUT request on a previously created HTTP Session.</doc>
<msg timestamp="20230814 22:54:35.147" level="INFO">PUT Request : url=http://localhost:8080/api/v1/addRelationship 
 path_url=/api/v1/addRelationship 
 headers={'User-Agent': 'python-requests/2.31.0', 'Accept-Encoding': 'gzip, deflate', 'Accept': '*/*', 'Connection': 'keep-alive', 'Content-Type': 'application/json', 'Content-Length': '52'} 
 body=b'{"actorId": "nm0000102", "movieId": "nonexistentID"}' 
 </msg>
<msg timestamp="20230814 22:54:35.150" level="INFO">PUT Response : url=http://localhost:8080/api/v1/addRelationship 
 status=404, reason=Not Found 
 headers={'Date': 'Tue, 15 Aug 2023 02:54:35 GMT', 'Content-length': '9'} 
 body=NOT FOUND 
 </msg>
<msg timestamp="20230814 22:54:35.150" level="INFO">${resp} = &lt;Response [404]&gt;</msg>
<status status="PASS" starttime="20230814 22:54:35.144" endtime="20230814 22:54:35.150"/>
</kw>
<kw name="Create Dictionary" library="BuiltIn">
<var>${headers}</var>
<arg>Content-Type=application/json</arg>
<doc>Creates and returns a dictionary based on the given ``items``.</doc>
<msg timestamp="20230814 22:54:35.150" level="INFO">${headers} = {'Content-Type': 'application/json'}</msg>
<status status="PASS" starttime="20230814 22:54:35.150" endtime="20230814 22:54:35.150"/>
</kw>
<kw name="Create Dictionary" library="BuiltIn">
<var>${params}</var>
<arg>actorId=nonexistingActorID</arg>
<arg>movieId=afewgoodmenid</arg>
<doc>Creates and returns a dictionary based on the given ``items``.</doc>
<msg timestamp="20230814 22:54:35.150" level="INFO">${params} = {'actorId': 'nonexistingActorID', 'movieId': 'afewgoodmenid'}</msg>
<status status="PASS" starttime="20230814 22:54:35.150" endtime="20230814 22:54:35.150"/>
</kw>
<kw name="PUT On Session" library="RequestsLibrary">
<var>${resp}</var>
<arg>localhost</arg>
<arg>/api/v1/addRelationship</arg>
<arg>json=${params}</arg>
<arg>headers=${headers}</arg>
<arg>expected_status=404</arg>
<doc>Sends a PUT request on a previously created HTTP Session.</doc>
<msg timestamp="20230814 22:54:35.150" level="INFO">PUT Request : url=http://localhost:8080/api/v1/addRelationship 
 path_url=/api/v1/addRelationship 
 headers={'User-Agent': 'python-requests/2.31.0', 'Accept-Encoding': 'gzip, deflate', 'Accept': '*/*', 'Connection': 'keep-alive', 'Content-Type': 'application/json', 'Content-Length': '61'} 
 body=b'{"actorId": "nonexistingActorID", "movieId": "afewgoodmenid"}' 
 </msg>
<msg timestamp="20230814 22:54:35.150" level="INFO">PUT Response : url=http://localhost:8080/api/v1/addRelationship 
 status=404, reason=Not Found 
 headers={'Date': 'Tue, 15 Aug 2023 02:54:35 GMT', 'Content-length': '9'} 
 body=NOT FOUND 
 </msg>
<msg timestamp="20230814 22:54:35.150" level="INFO">${resp} = &lt;Response [404]&gt;</msg>
<status status="PASS" starttime="20230814 22:54:35.150" endtime="20230814 22:54:35.150"/>
</kw>
<kw name="Create Dictionary" library="BuiltIn">
<var>${headers}</var>
<arg>Content-Type=application/json</arg>
<doc>Creates and returns a dictionary based on the given ``items``.</doc>
<msg timestamp="20230814 22:54:35.150" level="INFO">${headers} = {'Content-Type': 'application/json'}</msg>
<status status="PASS" starttime="20230814 22:54:35.150" endtime="20230814 22:54:35.150"/>
</kw>
<kw name="Create Dictionary" library="BuiltIn">
<var>${params}</var>
<arg>actorId=nm0000102</arg>
<arg>movieId=afewgoodmenid</arg>
<doc>Creates and returns a dictionary based on the given ``items``.</doc>
<msg timestamp="20230814 22:54:35.150" level="INFO">${params} = {'actorId': 'nm0000102', 'movieId': 'afewgoodmenid'}</msg>
<status status="PASS" starttime="20230814 22:54:35.150" endtime="20230814 22:54:35.150"/>
</kw>
<kw name="PUT On Session" library="RequestsLibrary">
<var>${resp}</var>
<arg>localhost</arg>
<arg>/api/v1/addRelationship</arg>
<arg>json=${params}</arg>
<arg>headers=${headers}</arg>
<arg>expected_status=400</arg>
<doc>Sends a PUT request on a previously created HTTP Session.</doc>
<msg timestamp="20230814 22:54:35.176" level="INFO">PUT Request : url=http://localhost:8080/api/v1/addRelationship 
 path_url=/api/v1/addRelationship 
 headers={'User-Agent': 'python-requests/2.31.0', 'Accept-Encoding': 'gzip, deflate', 'Accept': '*/*', 'Connection': 'keep-alive', 'Content-Type': 'application/json', 'Content-Length': '52'} 
 body=b'{"actorId": "nm0000102", "movieId": "afewgoodmenid"}' 
 </msg>
<msg timestamp="20230814 22:54:35.176" level="INFO">PUT Response : url=http://localhost:8080/api/v1/addRelationship 
 status=400, reason=Bad Request 
 headers={'Date': 'Tue, 15 Aug 2023 02:54:35 GMT', 'Content-length': '11'} 
 body=BAD REQUEST 
 </msg>
<msg timestamp="20230814 22:54:35.176" level="INFO">${resp} = &lt;Response [400]&gt;</msg>
<status status="PASS" starttime="20230814 22:54:35.150" endtime="20230814 22:54:35.176"/>
</kw>
<timeout value="30 seconds"/>
<status status="PASS" starttime="20230814 22:54:35.113" endtime="20230814 22:54:35.176"/>
</test>
<test id="s1-s1-s1-s1-s1-t7" name="getActorPass" line="137">
<kw name="Create Dictionary" library="BuiltIn">
<var>${headers}</var>
<arg>Content-Type=application/json</arg>
<doc>Creates and returns a dictionary based on the given ``items``.</doc>
<msg timestamp="20230814 22:54:35.176" level="INFO">${headers} = {'Content-Type': 'application/json'}</msg>
<status status="PASS" starttime="20230814 22:54:35.176" endtime="20230814 22:54:35.176"/>
</kw>
<kw name="Create Dictionary" library="BuiltIn">
<var>${params}</var>
<arg>actorId=nm0000102</arg>
<doc>Creates and returns a dictionary based on the given ``items``.</doc>
<msg timestamp="20230814 22:54:35.176" level="INFO">${params} = {'actorId': 'nm0000102'}</msg>
<status status="PASS" starttime="20230814 22:54:35.176" endtime="20230814 22:54:35.176"/>
</kw>
<kw name="GET On Session" library="RequestsLibrary">
<var>${resp}</var>
<arg>localhost</arg>
<arg>/api/v1/getActor</arg>
<arg>params=${params}</arg>
<arg>headers=${headers}</arg>
<arg>expected_status=200</arg>
<doc>Sends a GET request on a previously created HTTP Session.</doc>
<msg timestamp="20230814 22:54:35.182" level="INFO">GET Request : url=http://localhost:8080/api/v1/getActor?actorId=nm0000102 
 path_url=/api/v1/getActor?actorId=nm0000102 
 headers={'User-Agent': 'python-requests/2.31.0', 'Accept-Encoding': 'gzip, deflate', 'Accept': '*/*', 'Connection': 'keep-alive', 'Content-Type': 'application/json'} 
 body=None 
 </msg>
<msg timestamp="20230814 22:54:35.182" level="INFO">GET Response : url=http://localhost:8080/api/v1/getActor?actorId=nm0000102 
 status=200, reason=OK 
 headers={'Date': 'Tue, 15 Aug 2023 02:54:35 GMT', 'Content-length': '71'} 
 body={"actorId":"nm0000102","name":"Kevin Bacon","movies":["afewgoodmenid"]} 
 </msg>
<msg timestamp="20230814 22:54:35.182" level="INFO">${resp} = &lt;Response [200]&gt;</msg>
<status status="PASS" starttime="20230814 22:54:35.176" endtime="20230814 22:54:35.182"/>
</kw>
<kw name="Should Be Equal As Strings" library="BuiltIn">
<arg>${resp.json()['actorId']}</arg>
<arg>nm0000102</arg>
<doc>Fails if objects are unequal after converting them to strings.</doc>
<status status="PASS" starttime="20230814 22:54:35.190" endtime="20230814 22:54:35.190"/>
</kw>
<kw name="Should Be Equal As Strings" library="BuiltIn">
<arg>${resp.json()['name']}</arg>
<arg>Kevin Bacon</arg>
<doc>Fails if objects are unequal after converting them to strings.</doc>
<status status="PASS" starttime="20230814 22:54:35.190" endtime="20230814 22:54:35.193"/>
</kw>
<kw name="List Should Contain Value" library="Collections">
<arg>${resp.json()['movies']}</arg>
<arg>afewgoodmenid</arg>
<doc>Fails if the ``value`` is not found from ``list``.</doc>
<status status="PASS" starttime="20230814 22:54:35.193" endtime="20230814 22:54:35.194"/>
</kw>
<timeout value="30 seconds"/>
<status status="PASS" starttime="20230814 22:54:35.176" endtime="20230814 22:54:35.194"/>
</test>
<test id="s1-s1-s1-s1-s1-t8" name="getActorFail" line="146">
<kw name="Create Dictionary" library="BuiltIn">
<var>${headers}</var>
<arg>Content-Type=application/json</arg>
<doc>Creates and returns a dictionary based on the given ``items``.</doc>
<msg timestamp="20230814 22:54:35.194" level="INFO">${headers} = {'Content-Type': 'application/json'}</msg>
<status status="PASS" starttime="20230814 22:54:35.194" endtime="20230814 22:54:35.194"/>
</kw>
<kw name="Create Dictionary" library="BuiltIn">
<var>${params}</var>
<arg>Nonexistentparameter=nm0000102</arg>
<doc>Creates and returns a dictionary based on the given ``items``.</doc>
<msg timestamp="20230814 22:54:35.194" level="INFO">${params} = {'Nonexistentparameter': 'nm0000102'}</msg>
<status status="PASS" starttime="20230814 22:54:35.194" endtime="20230814 22:54:35.194"/>
</kw>
<kw name="GET On Session" library="RequestsLibrary">
<var>${resp}</var>
<arg>localhost</arg>
<arg>/api/v1/getActor</arg>
<arg>params=${params}</arg>
<arg>headers=${headers}</arg>
<arg>expected_status=400</arg>
<doc>Sends a GET request on a previously created HTTP Session.</doc>
<msg timestamp="20230814 22:54:35.200" level="INFO">GET Request : url=http://localhost:8080/api/v1/getActor?Nonexistentparameter=nm0000102 
 path_url=/api/v1/getActor?Nonexistentparameter=nm0000102 
 headers={'User-Agent': 'python-requests/2.31.0', 'Accept-Encoding': 'gzip, deflate', 'Accept': '*/*', 'Connection': 'keep-alive', 'Content-Type': 'application/json'} 
 body=None 
 </msg>
<msg timestamp="20230814 22:54:35.200" level="INFO">GET Response : url=http://localhost:8080/api/v1/getActor?Nonexistentparameter=nm0000102 
 status=400, reason=Bad Request 
 headers={'Date': 'Tue, 15 Aug 2023 02:54:35 GMT', 'Content-length': '11'} 
 body=BAD REQUEST 
 </msg>
<msg timestamp="20230814 22:54:35.200" level="INFO">${resp} = &lt;Response [400]&gt;</msg>
<status status="PASS" starttime="20230814 22:54:35.194" endtime="20230814 22:54:35.200"/>
</kw>
<kw name="Create Dictionary" library="BuiltIn">
<var>${headers}</var>
<arg>Content-Type=application/json</arg>
<doc>Creates and returns a dictionary based on the given ``items``.</doc>
<msg timestamp="20230814 22:54:35.200" level="INFO">${headers} = {'Content-Type': 'application/json'}</msg>
<status status="PASS" starttime="20230814 22:54:35.200" endtime="20230814 22:54:35.200"/>
</kw>
<kw name="Create Dictionary" library="BuiltIn">
<var>${params}</var>
<arg>actorId=${null}</arg>
<doc>Creates and returns a dictionary based on the given ``items``.</doc>
<msg timestamp="20230814 22:54:35.200" level="INFO">${params} = {'actorId': None}</msg>
<status status="PASS" starttime="20230814 22:54:35.200" endtime="20230814 22:54:35.200"/>
</kw>
<kw name="GET On Session" library="RequestsLibrary">
<var>${resp}</var>
<arg>localhost</arg>
<arg>/api/v1/getActor</arg>
<arg>params=${params}</arg>
<arg>headers=${headers}</arg>
<arg>expected_status=400</arg>
<doc>Sends a GET request on a previously created HTTP Session.</doc>
<msg timestamp="20230814 22:54:35.200" level="INFO">GET Request : url=http://localhost:8080/api/v1/getActor 
 path_url=/api/v1/getActor 
 headers={'User-Agent': 'python-requests/2.31.0', 'Accept-Encoding': 'gzip, deflate', 'Accept': '*/*', 'Connection': 'keep-alive', 'Content-Type': 'application/json'} 
 body=None 
 </msg>
<msg timestamp="20230814 22:54:35.200" level="INFO">GET Response : url=http://localhost:8080/api/v1/getActor 
 status=400, reason=Bad Request 
 headers={'Date': 'Tue, 15 Aug 2023 02:54:35 GMT', 'Content-length': '11'} 
 body=BAD REQUEST 
 </msg>
<msg timestamp="20230814 22:54:35.200" level="INFO">${resp} = &lt;Response [400]&gt;</msg>
<status status="PASS" starttime="20230814 22:54:35.200" endtime="20230814 22:54:35.200"/>
</kw>
<kw name="Create Dictionary" library="BuiltIn">
<var>${headers}</var>
<arg>Content-Type=application/json</arg>
<doc>Creates and returns a dictionary based on the given ``items``.</doc>
<msg timestamp="20230814 22:54:35.207" level="INFO">${headers} = {'Content-Type': 'application/json'}</msg>
<status status="PASS" starttime="20230814 22:54:35.200" endtime="20230814 22:54:35.207"/>
</kw>
<kw name="Create Dictionary" library="BuiltIn">
<var>${params}</var>
<arg>actorId=nonexistentId</arg>
<doc>Creates and returns a dictionary based on the given ``items``.</doc>
<msg timestamp="20230814 22:54:35.207" level="INFO">${params} = {'actorId': 'nonexistentId'}</msg>
<status status="PASS" starttime="20230814 22:54:35.207" endtime="20230814 22:54:35.207"/>
</kw>
<kw name="GET On Session" library="RequestsLibrary">
<var>${resp}</var>
<arg>localhost</arg>
<arg>/api/v1/getActor</arg>
<arg>params=${params}</arg>
<arg>headers=${headers}</arg>
<arg>expected_status=404</arg>
<doc>Sends a GET request on a previously created HTTP Session.</doc>
<msg timestamp="20230814 22:54:35.214" level="INFO">GET Request : url=http://localhost:8080/api/v1/getActor?actorId=nonexistentId 
 path_url=/api/v1/getActor?actorId=nonexistentId 
 headers={'User-Agent': 'python-requests/2.31.0', 'Accept-Encoding': 'gzip, deflate', 'Accept': '*/*', 'Connection': 'keep-alive', 'Content-Type': 'application/json'} 
 body=None 
 </msg>
<msg timestamp="20230814 22:54:35.214" level="INFO">GET Response : url=http://localhost:8080/api/v1/getActor?actorId=nonexistentId 
 status=404, reason=Not Found 
 headers={'Date': 'Tue, 15 Aug 2023 02:54:35 GMT', 'Content-length': '9'} 
 body=NOT FOUND 
 </msg>
<msg timestamp="20230814 22:54:35.214" level="INFO">${resp} = &lt;Response [404]&gt;</msg>
<status status="PASS" starttime="20230814 22:54:35.207" endtime="20230814 22:54:35.214"/>
</kw>
<timeout value="30 seconds"/>
<status status="PASS" starttime="20230814 22:54:35.194" endtime="20230814 22:54:35.214"/>
</test>
<test id="s1-s1-s1-s1-s1-t9" name="getMoviePass" line="163">
<kw name="Create Dictionary" library="BuiltIn">
<var>${headers}</var>
<arg>Content-Type=application/json</arg>
<doc>Creates and returns a dictionary based on the given ``items``.</doc>
<msg timestamp="20230814 22:54:35.215" level="INFO">${headers} = {'Content-Type': 'application/json'}</msg>
<status status="PASS" starttime="20230814 22:54:35.215" endtime="20230814 22:54:35.215"/>
</kw>
<kw name="Create Dictionary" library="BuiltIn">
<var>${params}</var>
<arg>movieId=afewgoodmenid</arg>
<doc>Creates and returns a dictionary based on the given ``items``.</doc>
<msg timestamp="20230814 22:54:35.216" level="INFO">${params} = {'movieId': 'afewgoodmenid'}</msg>
<status status="PASS" starttime="20230814 22:54:35.216" endtime="20230814 22:54:35.216"/>
</kw>
<kw name="GET On Session" library="RequestsLibrary">
<var>${resp}</var>
<arg>localhost</arg>
<arg>/api/v1/getMovie</arg>
<arg>params=${params}</arg>
<arg>headers=${headers}</arg>
<arg>expected_status=200</arg>
<doc>Sends a GET request on a previously created HTTP Session.</doc>
<msg timestamp="20230814 22:54:35.216" level="INFO">GET Request : url=http://localhost:8080/api/v1/getMovie?movieId=afewgoodmenid 
 path_url=/api/v1/getMovie?movieId=afewgoodmenid 
 headers={'User-Agent': 'python-requests/2.31.0', 'Accept-Encoding': 'gzip, deflate', 'Accept': '*/*', 'Connection': 'keep-alive', 'Content-Type': 'application/json'} 
 body=None 
 </msg>
<msg timestamp="20230814 22:54:35.216" level="INFO">GET Response : url=http://localhost:8080/api/v1/getMovie?movieId=afewgoodmenid 
 status=200, reason=OK 
 headers={'Date': 'Tue, 15 Aug 2023 02:54:35 GMT', 'Content-length': '74'} 
 body={"movieId":"afewgoodmenid","name":"A Few Good Men","actors":["nm0000102"]} 
 </msg>
<msg timestamp="20230814 22:54:35.216" level="INFO">${resp} = &lt;Response [200]&gt;</msg>
<status status="PASS" starttime="20230814 22:54:35.216" endtime="20230814 22:54:35.216"/>
</kw>
<kw name="Should Be Equal As Strings" library="BuiltIn">
<arg>${resp.json()['movieId']}</arg>
<arg>afewgoodmenid</arg>
<doc>Fails if objects are unequal after converting them to strings.</doc>
<status status="PASS" starttime="20230814 22:54:35.216" endtime="20230814 22:54:35.216"/>
</kw>
<kw name="Should Be Equal As Strings" library="BuiltIn">
<arg>${resp.json()['name']}</arg>
<arg>A Few Good Men</arg>
<doc>Fails if objects are unequal after converting them to strings.</doc>
<status status="PASS" starttime="20230814 22:54:35.216" endtime="20230814 22:54:35.230"/>
</kw>
<kw name="List Should Contain Value" library="Collections">
<arg>${resp.json()['actors']}</arg>
<arg>nm0000102</arg>
<doc>Fails if the ``value`` is not found from ``list``.</doc>
<status status="PASS" starttime="20230814 22:54:35.230" endtime="20230814 22:54:35.230"/>
</kw>
<timeout value="30 seconds"/>
<status status="PASS" starttime="20230814 22:54:35.215" endtime="20230814 22:54:35.230"/>
</test>
<test id="s1-s1-s1-s1-s1-t10" name="getMovieFail" line="172">
<kw name="Create Dictionary" library="BuiltIn">
<var>${headers}</var>
<arg>Content-Type=application/json</arg>
<doc>Creates and returns a dictionary based on the given ``items``.</doc>
<msg timestamp="20230814 22:54:35.230" level="INFO">${headers} = {'Content-Type': 'application/json'}</msg>
<status status="PASS" starttime="20230814 22:54:35.230" endtime="20230814 22:54:35.230"/>
</kw>
<kw name="Create Dictionary" library="BuiltIn">
<var>${params}</var>
<arg>NotARealParameter=afewgoodmenid</arg>
<doc>Creates and returns a dictionary based on the given ``items``.</doc>
<msg timestamp="20230814 22:54:35.230" level="INFO">${params} = {'NotARealParameter': 'afewgoodmenid'}</msg>
<status status="PASS" starttime="20230814 22:54:35.230" endtime="20230814 22:54:35.230"/>
</kw>
<kw name="GET On Session" library="RequestsLibrary">
<var>${resp}</var>
<arg>localhost</arg>
<arg>/api/v1/getMovie</arg>
<arg>params=${params}</arg>
<arg>headers=${headers}</arg>
<arg>expected_status=400</arg>
<doc>Sends a GET request on a previously created HTTP Session.</doc>
<msg timestamp="20230814 22:54:35.230" level="INFO">GET Request : url=http://localhost:8080/api/v1/getMovie?NotARealParameter=afewgoodmenid 
 path_url=/api/v1/getMovie?NotARealParameter=afewgoodmenid 
 headers={'User-Agent': 'python-requests/2.31.0', 'Accept-Encoding': 'gzip, deflate', 'Accept': '*/*', 'Connection': 'keep-alive', 'Content-Type': 'application/json'} 
 body=None 
 </msg>
<msg timestamp="20230814 22:54:35.230" level="INFO">GET Response : url=http://localhost:8080/api/v1/getMovie?NotARealParameter=afewgoodmenid 
 status=400, reason=Bad Request 
 headers={'Date': 'Tue, 15 Aug 2023 02:54:35 GMT', 'Content-length': '11'} 
 body=BAD REQUEST 
 </msg>
<msg timestamp="20230814 22:54:35.230" level="INFO">${resp} = &lt;Response [400]&gt;</msg>
<status status="PASS" starttime="20230814 22:54:35.230" endtime="20230814 22:54:35.230"/>
</kw>
<kw name="Create Dictionary" library="BuiltIn">
<var>${headers}</var>
<arg>Content-Type=application/json</arg>
<doc>Creates and returns a dictionary based on the given ``items``.</doc>
<msg timestamp="20230814 22:54:35.230" level="INFO">${headers} = {'Content-Type': 'application/json'}</msg>
<status status="PASS" starttime="20230814 22:54:35.230" endtime="20230814 22:54:35.230"/>
</kw>
<kw name="Create Dictionary" library="BuiltIn">
<var>${params}</var>
<arg>movieId=${null}</arg>
<doc>Creates and returns a dictionary based on the given ``items``.</doc>
<msg timestamp="20230814 22:54:35.230" level="INFO">${params} = {'movieId': None}</msg>
<status status="PASS" starttime="20230814 22:54:35.230" endtime="20230814 22:54:35.230"/>
</kw>
<kw name="GET On Session" library="RequestsLibrary">
<var>${resp}</var>
<arg>localhost</arg>
<arg>/api/v1/getMovie</arg>
<arg>params=${params}</arg>
<arg>headers=${headers}</arg>
<arg>expected_status=400</arg>
<doc>Sends a GET request on a previously created HTTP Session.</doc>
<msg timestamp="20230814 22:54:35.230" level="INFO">GET Request : url=http://localhost:8080/api/v1/getMovie 
 path_url=/api/v1/getMovie 
 headers={'User-Agent': 'python-requests/2.31.0', 'Accept-Encoding': 'gzip, deflate', 'Accept': '*/*', 'Connection': 'keep-alive', 'Content-Type': 'application/json'} 
 body=None 
 </msg>
<msg timestamp="20230814 22:54:35.230" level="INFO">GET Response : url=http://localhost:8080/api/v1/getMovie 
 status=400, reason=Bad Request 
 headers={'Date': 'Tue, 15 Aug 2023 02:54:35 GMT', 'Content-length': '11'} 
 body=BAD REQUEST 
 </msg>
<msg timestamp="20230814 22:54:35.230" level="INFO">${resp} = &lt;Response [400]&gt;</msg>
<status status="PASS" starttime="20230814 22:54:35.230" endtime="20230814 22:54:35.230"/>
</kw>
<kw name="Create Dictionary" library="BuiltIn">
<var>${headers}</var>
<arg>Content-Type=application/json</arg>
<doc>Creates and returns a dictionary based on the given ``items``.</doc>
<msg timestamp="20230814 22:54:35.230" level="INFO">${headers} = {'Content-Type': 'application/json'}</msg>
<status status="PASS" starttime="20230814 22:54:35.230" endtime="20230814 22:54:35.230"/>
</kw>
<kw name="Create Dictionary" library="BuiltIn">
<var>${params}</var>
<arg>movieId=NotARealMovieID</arg>
<doc>Creates and returns a dictionary based on the given ``items``.</doc>
<msg timestamp="20230814 22:54:35.230" level="INFO">${params} = {'movieId': 'NotARealMovieID'}</msg>
<status status="PASS" starttime="20230814 22:54:35.230" endtime="20230814 22:54:35.230"/>
</kw>
<kw name="GET On Session" library="RequestsLibrary">
<var>${resp}</var>
<arg>localhost</arg>
<arg>/api/v1/getMovie</arg>
<arg>params=${params}</arg>
<arg>headers=${headers}</arg>
<arg>expected_status=404</arg>
<doc>Sends a GET request on a previously created HTTP Session.</doc>
<msg timestamp="20230814 22:54:35.245" level="INFO">GET Request : url=http://localhost:8080/api/v1/getMovie?movieId=NotARealMovieID 
 path_url=/api/v1/getMovie?movieId=NotARealMovieID 
 headers={'User-Agent': 'python-requests/2.31.0', 'Accept-Encoding': 'gzip, deflate', 'Accept': '*/*', 'Connection': 'keep-alive', 'Content-Type': 'application/json'} 
 body=None 
 </msg>
<msg timestamp="20230814 22:54:35.245" level="INFO">GET Response : url=http://localhost:8080/api/v1/getMovie?movieId=NotARealMovieID 
 status=404, reason=Not Found 
 headers={'Date': 'Tue, 15 Aug 2023 02:54:35 GMT', 'Content-length': '9'} 
 body=NOT FOUND 
 </msg>
<msg timestamp="20230814 22:54:35.245" level="INFO">${resp} = &lt;Response [404]&gt;</msg>
<status status="PASS" starttime="20230814 22:54:35.230" endtime="20230814 22:54:35.245"/>
</kw>
<timeout value="30 seconds"/>
<status status="PASS" starttime="20230814 22:54:35.230" endtime="20230814 22:54:35.245"/>
</test>
<test id="s1-s1-s1-s1-s1-t11" name="getRelationshipPass" line="190">
<kw name="Create Dictionary" library="BuiltIn">
<var>${headers}</var>
<arg>Content-Type=application/json</arg>
<doc>Creates and returns a dictionary based on the given ``items``.</doc>
<msg timestamp="20230814 22:54:35.245" level="INFO">${headers} = {'Content-Type': 'application/json'}</msg>
<status status="PASS" starttime="20230814 22:54:35.245" endtime="20230814 22:54:35.245"/>
</kw>
<kw name="Create Dictionary" library="BuiltIn">
<var>${params}</var>
<arg>movieId=afewgoodmenid</arg>
<arg>actorId=nm0000102</arg>
<doc>Creates and returns a dictionary based on the given ``items``.</doc>
<msg timestamp="20230814 22:54:35.245" level="INFO">${params} = {'movieId': 'afewgoodmenid', 'actorId': 'nm0000102'}</msg>
<status status="PASS" starttime="20230814 22:54:35.245" endtime="20230814 22:54:35.245"/>
</kw>
<kw name="GET On Session" library="RequestsLibrary">
<var>${resp}</var>
<arg>localhost</arg>
<arg>/api/v1/hasRelationship</arg>
<arg>params=${params}</arg>
<arg>headers=${headers}</arg>
<arg>expected_status=200</arg>
<doc>Sends a GET request on a previously created HTTP Session.</doc>
<msg timestamp="20230814 22:54:35.264" level="INFO">GET Request : url=http://localhost:8080/api/v1/hasRelationship?movieId=afewgoodmenid&amp;actorId=nm0000102 
 path_url=/api/v1/hasRelationship?movieId=afewgoodmenid&amp;actorId=nm0000102 
 headers={'User-Agent': 'python-requests/2.31.0', 'Accept-Encoding': 'gzip, deflate', 'Accept': '*/*', 'Connection': 'keep-alive', 'Content-Type': 'application/json'} 
 body=None 
 </msg>
<msg timestamp="20230814 22:54:35.264" level="INFO">GET Response : url=http://localhost:8080/api/v1/hasRelationship?movieId=afewgoodmenid&amp;actorId=nm0000102 
 status=200, reason=OK 
 headers={'Date': 'Tue, 15 Aug 2023 02:54:35 GMT', 'Content-length': '72'} 
 body={"actorId":"nm0000102","movieId":"afewgoodmenid","hasRelationship":true} 
 </msg>
<msg timestamp="20230814 22:54:35.264" level="INFO">${resp} = &lt;Response [200]&gt;</msg>
<status status="PASS" starttime="20230814 22:54:35.245" endtime="20230814 22:54:35.264"/>
</kw>
<kw name="Should Be Equal As Strings" library="BuiltIn">
<arg>${resp.json()['movieId']}</arg>
<arg>afewgoodmenid</arg>
<doc>Fails if objects are unequal after converting them to strings.</doc>
<status status="PASS" starttime="20230814 22:54:35.264" endtime="20230814 22:54:35.264"/>
</kw>
<kw name="Should Be Equal As Strings" library="BuiltIn">
<arg>${resp.json()['actorId']}</arg>
<arg>nm0000102</arg>
<doc>Fails if objects are unequal after converting them to strings.</doc>
<status status="PASS" starttime="20230814 22:54:35.264" endtime="20230814 22:54:35.264"/>
</kw>
<kw name="Should Be True" library="BuiltIn">
<arg>${resp.json()['hasRelationship']}</arg>
<doc>Fails if the given condition is not true.</doc>
<status status="PASS" starttime="20230814 22:54:35.264" endtime="20230814 22:54:35.264"/>
</kw>
<timeout value="30 seconds"/>
<status status="PASS" starttime="20230814 22:54:35.245" endtime="20230814 22:54:35.264"/>
</test>
<test id="s1-s1-s1-s1-s1-t12" name="getRelationshipFail" line="199">
<kw name="Create Dictionary" library="BuiltIn">
<var>${headers}</var>
<arg>Content-Type=application/json</arg>
<doc>Creates and returns a dictionary based on the given ``items``.</doc>
<msg timestamp="20230814 22:54:35.269" level="INFO">${headers} = {'Content-Type': 'application/json'}</msg>
<status status="PASS" starttime="20230814 22:54:35.269" endtime="20230814 22:54:35.269"/>
</kw>
<kw name="Create Dictionary" library="BuiltIn">
<var>${params}</var>
<arg>Nonexistentparameter=afewgoodmenid</arg>
<arg>actorId=nm0000102</arg>
<doc>Creates and returns a dictionary based on the given ``items``.</doc>
<msg timestamp="20230814 22:54:35.269" level="INFO">${params} = {'Nonexistentparameter': 'afewgoodmenid', 'actorId': 'nm0000102'}</msg>
<status status="PASS" starttime="20230814 22:54:35.269" endtime="20230814 22:54:35.269"/>
</kw>
<kw name="GET On Session" library="RequestsLibrary">
<var>${resp}</var>
<arg>localhost</arg>
<arg>/api/v1/hasRelationship</arg>
<arg>params=${params}</arg>
<arg>headers=${headers}</arg>
<arg>expected_status=400</arg>
<doc>Sends a GET request on a previously created HTTP Session.</doc>
<msg timestamp="20230814 22:54:35.269" level="INFO">GET Request : url=http://localhost:8080/api/v1/hasRelationship?Nonexistentparameter=afewgoodmenid&amp;actorId=nm0000102 
 path_url=/api/v1/hasRelationship?Nonexistentparameter=afewgoodmenid&amp;actorId=nm0000102 
 headers={'User-Agent': 'python-requests/2.31.0', 'Accept-Encoding': 'gzip, deflate', 'Accept': '*/*', 'Connection': 'keep-alive', 'Content-Type': 'application/json'} 
 body=None 
 </msg>
<msg timestamp="20230814 22:54:35.269" level="INFO">GET Response : url=http://localhost:8080/api/v1/hasRelationship?Nonexistentparameter=afewgoodmenid&amp;actorId=nm0000102 
 status=400, reason=Bad Request 
 headers={'Date': 'Tue, 15 Aug 2023 02:54:35 GMT', 'Content-length': '11'} 
 body=BAD REQUEST 
 </msg>
<msg timestamp="20230814 22:54:35.269" level="INFO">${resp} = &lt;Response [400]&gt;</msg>
<status status="PASS" starttime="20230814 22:54:35.269" endtime="20230814 22:54:35.269"/>
</kw>
<kw name="Create Dictionary" library="BuiltIn">
<var>${headers}</var>
<arg>Content-Type=application/json</arg>
<doc>Creates and returns a dictionary based on the given ``items``.</doc>
<msg timestamp="20230814 22:54:35.269" level="INFO">${headers} = {'Content-Type': 'application/json'}</msg>
<status status="PASS" starttime="20230814 22:54:35.269" endtime="20230814 22:54:35.269"/>
</kw>
<kw name="Create Dictionary" library="BuiltIn">
<var>${params}</var>
<arg>movieId=afewgoodmenid</arg>
<arg>Nonexistentparameter=nm0000102</arg>
<doc>Creates and returns a dictionary based on the given ``items``.</doc>
<msg timestamp="20230814 22:54:35.269" level="INFO">${params} = {'movieId': 'afewgoodmenid', 'Nonexistentparameter': 'nm0000102'}</msg>
<status status="PASS" starttime="20230814 22:54:35.269" endtime="20230814 22:54:35.269"/>
</kw>
<kw name="GET On Session" library="RequestsLibrary">
<var>${resp}</var>
<arg>localhost</arg>
<arg>/api/v1/hasRelationship</arg>
<arg>params=${params}</arg>
<arg>headers=${headers}</arg>
<arg>expected_status=400</arg>
<doc>Sends a GET request on a previously created HTTP Session.</doc>
<msg timestamp="20230814 22:54:35.277" level="INFO">GET Request : url=http://localhost:8080/api/v1/hasRelationship?movieId=afewgoodmenid&amp;Nonexistentparameter=nm0000102 
 path_url=/api/v1/hasRelationship?movieId=afewgoodmenid&amp;Nonexistentparameter=nm0000102 
 headers={'User-Agent': 'python-requests/2.31.0', 'Accept-Encoding': 'gzip, deflate', 'Accept': '*/*', 'Connection': 'keep-alive', 'Content-Type': 'application/json'} 
 body=None 
 </msg>
<msg timestamp="20230814 22:54:35.277" level="INFO">GET Response : url=http://localhost:8080/api/v1/hasRelationship?movieId=afewgoodmenid&amp;Nonexistentparameter=nm0000102 
 status=400, reason=Bad Request 
 headers={'Date': 'Tue, 15 Aug 2023 02:54:35 GMT', 'Content-length': '11'} 
 body=BAD REQUEST 
 </msg>
<msg timestamp="20230814 22:54:35.277" level="INFO">${resp} = &lt;Response [400]&gt;</msg>
<status status="PASS" starttime="20230814 22:54:35.269" endtime="20230814 22:54:35.277"/>
</kw>
<kw name="Create Dictionary" library="BuiltIn">
<var>${headers}</var>
<arg>Content-Type=application/json</arg>
<doc>Creates and returns a dictionary based on the given ``items``.</doc>
<msg timestamp="20230814 22:54:35.279" level="INFO">${headers} = {'Content-Type': 'application/json'}</msg>
<status status="PASS" starttime="20230814 22:54:35.277" endtime="20230814 22:54:35.279"/>
</kw>
<kw name="Create Dictionary" library="BuiltIn">
<var>${params}</var>
<arg>movieId=${null}</arg>
<arg>actorId=nm0000102</arg>
<doc>Creates and returns a dictionary based on the given ``items``.</doc>
<msg timestamp="20230814 22:54:35.279" level="INFO">${params} = {'movieId': None, 'actorId': 'nm0000102'}</msg>
<status status="PASS" starttime="20230814 22:54:35.279" endtime="20230814 22:54:35.279"/>
</kw>
<kw name="GET On Session" library="RequestsLibrary">
<var>${resp}</var>
<arg>localhost</arg>
<arg>/api/v1/hasRelationship</arg>
<arg>params=${params}</arg>
<arg>headers=${headers}</arg>
<arg>expected_status=400</arg>
<doc>Sends a GET request on a previously created HTTP Session.</doc>
<msg timestamp="20230814 22:54:35.279" level="INFO">GET Request : url=http://localhost:8080/api/v1/hasRelationship?actorId=nm0000102 
 path_url=/api/v1/hasRelationship?actorId=nm0000102 
 headers={'User-Agent': 'python-requests/2.31.0', 'Accept-Encoding': 'gzip, deflate', 'Accept': '*/*', 'Connection': 'keep-alive', 'Content-Type': 'application/json'} 
 body=None 
 </msg>
<msg timestamp="20230814 22:54:35.279" level="INFO">GET Response : url=http://localhost:8080/api/v1/hasRelationship?actorId=nm0000102 
 status=400, reason=Bad Request 
 headers={'Date': 'Tue, 15 Aug 2023 02:54:35 GMT', 'Content-length': '11'} 
 body=BAD REQUEST 
 </msg>
<msg timestamp="20230814 22:54:35.279" level="INFO">${resp} = &lt;Response [400]&gt;</msg>
<status status="PASS" starttime="20230814 22:54:35.279" endtime="20230814 22:54:35.279"/>
</kw>
<kw name="Create Dictionary" library="BuiltIn">
<var>${headers}</var>
<arg>Content-Type=application/json</arg>
<doc>Creates and returns a dictionary based on the given ``items``.</doc>
<msg timestamp="20230814 22:54:35.279" level="INFO">${headers} = {'Content-Type': 'application/json'}</msg>
<status status="PASS" starttime="20230814 22:54:35.279" endtime="20230814 22:54:35.279"/>
</kw>
<kw name="Create Dictionary" library="BuiltIn">
<var>${params}</var>
<arg>movieId=afewgoodmenid</arg>
<arg>actorId=${null}</arg>
<doc>Creates and returns a dictionary based on the given ``items``.</doc>
<msg timestamp="20230814 22:54:35.279" level="INFO">${params} = {'movieId': 'afewgoodmenid', 'actorId': None}</msg>
<status status="PASS" starttime="20230814 22:54:35.279" endtime="20230814 22:54:35.279"/>
</kw>
<kw name="GET On Session" library="RequestsLibrary">
<var>${resp}</var>
<arg>localhost</arg>
<arg>/api/v1/hasRelationship</arg>
<arg>params=${params}</arg>
<arg>headers=${headers}</arg>
<arg>expected_status=400</arg>
<doc>Sends a GET request on a previously created HTTP Session.</doc>
<msg timestamp="20230814 22:54:35.279" level="INFO">GET Request : url=http://localhost:8080/api/v1/hasRelationship?movieId=afewgoodmenid 
 path_url=/api/v1/hasRelationship?movieId=afewgoodmenid 
 headers={'User-Agent': 'python-requests/2.31.0', 'Accept-Encoding': 'gzip, deflate', 'Accept': '*/*', 'Connection': 'keep-alive', 'Content-Type': 'application/json'} 
 body=None 
 </msg>
<msg timestamp="20230814 22:54:35.279" level="INFO">GET Response : url=http://localhost:8080/api/v1/hasRelationship?movieId=afewgoodmenid 
 status=400, reason=Bad Request 
 headers={'Date': 'Tue, 15 Aug 2023 02:54:35 GMT', 'Content-length': '11'} 
 body=BAD REQUEST 
 </msg>
<msg timestamp="20230814 22:54:35.279" level="INFO">${resp} = &lt;Response [400]&gt;</msg>
<status status="PASS" starttime="20230814 22:54:35.279" endtime="20230814 22:54:35.279"/>
</kw>
<kw name="Create Dictionary" library="BuiltIn">
<var>${headers}</var>
<arg>Content-Type=application/json</arg>
<doc>Creates and returns a dictionary based on the given ``items``.</doc>
<msg timestamp="20230814 22:54:35.279" level="INFO">${headers} = {'Content-Type': 'application/json'}</msg>
<status status="PASS" starttime="20230814 22:54:35.279" endtime="20230814 22:54:35.279"/>
</kw>
<kw name="Create Dictionary" library="BuiltIn">
<var>${params}</var>
<arg>movieId=nonexistentId</arg>
<arg>actorId=nm0000102</arg>
<doc>Creates and returns a dictionary based on the given ``items``.</doc>
<msg timestamp="20230814 22:54:35.279" level="INFO">${params} = {'movieId': 'nonexistentId', 'actorId': 'nm0000102'}</msg>
<status status="PASS" starttime="20230814 22:54:35.279" endtime="20230814 22:54:35.279"/>
</kw>
<kw name="GET On Session" library="RequestsLibrary">
<var>${resp}</var>
<arg>localhost</arg>
<arg>/api/v1/hasRelationship</arg>
<arg>params=${params}</arg>
<arg>headers=${headers}</arg>
<arg>expected_status=404</arg>
<doc>Sends a GET request on a previously created HTTP Session.</doc>
<msg timestamp="20230814 22:54:35.293" level="INFO">GET Request : url=http://localhost:8080/api/v1/hasRelationship?movieId=nonexistentId&amp;actorId=nm0000102 
 path_url=/api/v1/hasRelationship?movieId=nonexistentId&amp;actorId=nm0000102 
 headers={'User-Agent': 'python-requests/2.31.0', 'Accept-Encoding': 'gzip, deflate', 'Accept': '*/*', 'Connection': 'keep-alive', 'Content-Type': 'application/json'} 
 body=None 
 </msg>
<msg timestamp="20230814 22:54:35.293" level="INFO">GET Response : url=http://localhost:8080/api/v1/hasRelationship?movieId=nonexistentId&amp;actorId=nm0000102 
 status=404, reason=Not Found 
 headers={'Date': 'Tue, 15 Aug 2023 02:54:35 GMT', 'Content-length': '9'} 
 body=NOT FOUND 
 </msg>
<msg timestamp="20230814 22:54:35.293" level="INFO">${resp} = &lt;Response [404]&gt;</msg>
<status status="PASS" starttime="20230814 22:54:35.279" endtime="20230814 22:54:35.293"/>
</kw>
<kw name="Create Dictionary" library="BuiltIn">
<var>${headers}</var>
<arg>Content-Type=application/json</arg>
<doc>Creates and returns a dictionary based on the given ``items``.</doc>
<msg timestamp="20230814 22:54:35.293" level="INFO">${headers} = {'Content-Type': 'application/json'}</msg>
<status status="PASS" starttime="20230814 22:54:35.293" endtime="20230814 22:54:35.293"/>
</kw>
<kw name="Create Dictionary" library="BuiltIn">
<var>${params}</var>
<arg>movieId=afewgoodmenid</arg>
<arg>actorId=nonexistentId</arg>
<doc>Creates and returns a dictionary based on the given ``items``.</doc>
<msg timestamp="20230814 22:54:35.293" level="INFO">${params} = {'movieId': 'afewgoodmenid', 'actorId': 'nonexistentId'}</msg>
<status status="PASS" starttime="20230814 22:54:35.293" endtime="20230814 22:54:35.293"/>
</kw>
<kw name="GET On Session" library="RequestsLibrary">
<var>${resp}</var>
<arg>localhost</arg>
<arg>/api/v1/hasRelationship</arg>
<arg>params=${params}</arg>
<arg>headers=${headers}</arg>
<arg>expected_status=404</arg>
<doc>Sends a GET request on a previously created HTTP Session.</doc>
<msg timestamp="20230814 22:54:35.304" level="INFO">GET Request : url=http://localhost:8080/api/v1/hasRelationship?movieId=afewgoodmenid&amp;actorId=nonexistentId 
 path_url=/api/v1/hasRelationship?movieId=afewgoodmenid&amp;actorId=nonexistentId 
 headers={'User-Agent': 'python-requests/2.31.0', 'Accept-Encoding': 'gzip, deflate', 'Accept': '*/*', 'Connection': 'keep-alive', 'Content-Type': 'application/json'} 
 body=None 
 </msg>
<msg timestamp="20230814 22:54:35.304" level="INFO">GET Response : url=http://localhost:8080/api/v1/hasRelationship?movieId=afewgoodmenid&amp;actorId=nonexistentId 
 status=404, reason=Not Found 
 headers={'Date': 'Tue, 15 Aug 2023 02:54:35 GMT', 'Content-length': '9'} 
 body=NOT FOUND 
 </msg>
<msg timestamp="20230814 22:54:35.304" level="INFO">${resp} = &lt;Response [404]&gt;</msg>
<status status="PASS" starttime="20230814 22:54:35.293" endtime="20230814 22:54:35.304"/>
</kw>
<timeout value="30 seconds"/>
<status status="PASS" starttime="20230814 22:54:35.269" endtime="20230814 22:54:35.304"/>
</test>
<test id="s1-s1-s1-s1-s1-t13" name="BaconNumberPreWork" line="231">
<kw name="Create Dictionary" library="BuiltIn">
<var>${headers}</var>
<arg>Content-Type=application/json</arg>
<doc>Creates and returns a dictionary based on the given ``items``.</doc>
<msg timestamp="20230814 22:54:35.304" level="INFO">${headers} = {'Content-Type': 'application/json'}</msg>
<status status="PASS" starttime="20230814 22:54:35.304" endtime="20230814 22:54:35.304"/>
</kw>
<kw name="Create Dictionary" library="BuiltIn">
<var>${params}</var>
<arg>name=Johnny Depp</arg>
<arg>actorId=johnnydepp</arg>
<doc>Creates and returns a dictionary based on the given ``items``.</doc>
<msg timestamp="20230814 22:54:35.304" level="INFO">${params} = {'name': 'Johnny Depp', 'actorId': 'johnnydepp'}</msg>
<status status="PASS" starttime="20230814 22:54:35.304" endtime="20230814 22:54:35.304"/>
</kw>
<kw name="PUT On Session" library="RequestsLibrary">
<var>${resp}</var>
<arg>localhost</arg>
<arg>/api/v1/addActor</arg>
<arg>json=${params}</arg>
<arg>headers=${headers}</arg>
<arg>expected_status=200</arg>
<doc>Sends a PUT request on a previously created HTTP Session.</doc>
<msg timestamp="20230814 22:54:35.313" level="INFO">PUT Request : url=http://localhost:8080/api/v1/addActor 
 path_url=/api/v1/addActor 
 headers={'User-Agent': 'python-requests/2.31.0', 'Accept-Encoding': 'gzip, deflate', 'Accept': '*/*', 'Connection': 'keep-alive', 'Content-Type': 'application/json', 'Content-Length': '48'} 
 body=b'{"name": "Johnny Depp", "actorId": "johnnydepp"}' 
 </msg>
<msg timestamp="20230814 22:54:35.313" level="INFO">PUT Response : url=http://localhost:8080/api/v1/addActor 
 status=200, reason=OK 
 headers={'Date': 'Tue, 15 Aug 2023 02:54:35 GMT', 'Content-length': '2'} 
 body=OK 
 </msg>
<msg timestamp="20230814 22:54:35.313" level="INFO">${resp} = &lt;Response [200]&gt;</msg>
<status status="PASS" starttime="20230814 22:54:35.304" endtime="20230814 22:54:35.313"/>
</kw>
<kw name="Create Dictionary" library="BuiltIn">
<var>${headers}</var>
<arg>Content-Type=application/json</arg>
<doc>Creates and returns a dictionary based on the given ``items``.</doc>
<msg timestamp="20230814 22:54:35.314" level="INFO">${headers} = {'Content-Type': 'application/json'}</msg>
<status status="PASS" starttime="20230814 22:54:35.314" endtime="20230814 22:54:35.314"/>
</kw>
[...]
<status status="PASS" starttime="20230814 22:54:35.690" endtime="20230814 22:54:35.704"/>
</kw>
<timeout value="30 seconds"/>
<status status="PASS" starttime="20230814 22:54:35.690" endtime="20230814 22:54:35.704"/>
</test>
<test id="s1-s1-s1-s1-s1-t21" name="deleteMovieFail" line="420">
<kw name="Create Dictionary" library="BuiltIn">
<var>${headers}</var>
<arg>Content-Type=application/json</arg>
<doc>Creates and returns a dictionary based on the given ``items``.</doc>
<msg timestamp="20230814 22:54:35.704" level="INFO">${headers} = {'Content-Type': 'application/json'}</msg>
<status status="PASS" starttime="20230814 22:54:35.704" endtime="20230814 22:54:35.704"/>
</kw>
<kw name="Create Dictionary" library="BuiltIn">
<var>${params}</var>
<arg>badParameter=afewgoodmenuniqueanddifferentid</arg>
<doc>Creates and returns a dictionary based on the given ``items``.</doc>
<msg timestamp="20230814 22:54:35.704" level="INFO">${params} = {'badParameter': 'afewgoodmenuniqueanddifferentid'}</msg>
<status status="PASS" starttime="20230814 22:54:35.704" endtime="20230814 22:54:35.704"/>
</kw>
<kw name="DELETE On Session" library="RequestsLibrary">
<var>${resp}</var>
<arg>localhost</arg>
<arg>/api/v1/deleteMovie</arg>
<arg>params=${params}</arg>
<arg>headers=${headers}</arg>
<arg>expected_status=400</arg>
<doc>Sends a DELETE request on a previously created HTTP Session.</doc>
<msg timestamp="20230814 22:54:35.704" level="INFO">DELETE Request : url=http://localhost:8080/api/v1/deleteMovie?badParameter=afewgoodmenuniqueanddifferentid 
 path_url=/api/v1/deleteMovie?badParameter=afewgoodmenuniqueanddifferentid 
 headers={'User-Agent': 'python-requests/2.31.0', 'Accept-Encoding': 'gzip, deflate', 'Accept': '*/*', 'Connection': 'keep-alive', 'Content-Type': 'application/json', 'Content-Length': '0'} 
 body=None 
 </msg>
<msg timestamp="20230814 22:54:35.704" level="INFO">DELETE Response : url=http://localhost:8080/api/v1/deleteMovie?badParameter=afewgoodmenuniqueanddifferentid 
 status=400, reason=Bad Request 
 headers={'Date': 'Tue, 15 Aug 2023 02:54:35 GMT', 'Content-length': '11'} 
 body=BAD REQUEST 
 </msg>
<msg timestamp="20230814 22:54:35.704" level="INFO">${resp} = &lt;Response [400]&gt;</msg>
<status status="PASS" starttime="20230814 22:54:35.704" endtime="20230814 22:54:35.704"/>
</kw>
<kw name="Create Dictionary" library="BuiltIn">
<var>${headers}</var>
<arg>Content-Type=application/json</arg>
<doc>Creates and returns a dictionary based on the given ``items``.</doc>
<msg timestamp="20230814 22:54:35.714" level="INFO">${headers} = {'Content-Type': 'application/json'}</msg>
<status status="PASS" starttime="20230814 22:54:35.704" endtime="20230814 22:54:35.714"/>
</kw>
<kw name="Create Dictionary" library="BuiltIn">
<var>${params}</var>
<arg>badParameter=noMovieFound</arg>
<doc>Creates and returns a dictionary based on the given ``items``.</doc>
<msg timestamp="20230814 22:54:35.714" level="INFO">${params} = {'badParameter': 'noMovieFound'}</msg>
<status status="PASS" starttime="20230814 22:54:35.714" endtime="20230814 22:54:35.714"/>
</kw>
<kw name="DELETE On Session" library="RequestsLibrary">
<var>${resp}</var>
<arg>localhost</arg>
<arg>/api/v1/deleteMovie</arg>
<arg>params=${params}</arg>
<arg>headers=${headers}</arg>
<arg>expected_status=400</arg>
<doc>Sends a DELETE request on a previously created HTTP Session.</doc>
<msg timestamp="20230814 22:54:35.714" level="INFO">DELETE Request : url=http://localhost:8080/api/v1/deleteMovie?badParameter=noMovieFound 
 path_url=/api/v1/deleteMovie?badParameter=noMovieFound 
 headers={'User-Agent': 'python-requests/2.31.0', 'Accept-Encoding': 'gzip, deflate', 'Accept': '*/*', 'Connection': 'keep-alive', 'Content-Type': 'application/json', 'Content-Length': '0'} 
 body=None 
 </msg>
<msg timestamp="20230814 22:54:35.714" level="INFO">DELETE Response : url=http://localhost:8080/api/v1/deleteMovie?badParameter=noMovieFound 
 status=400, reason=Bad Request 
 headers={'Date': 'Tue, 15 Aug 2023 02:54:35 GMT', 'Content-length': '11'} 
 body=BAD REQUEST 
 </msg>
<msg timestamp="20230814 22:54:35.714" level="INFO">${resp} = &lt;Response [400]&gt;</msg>
<status status="PASS" starttime="20230814 22:54:35.714" endtime="20230814 22:54:35.714"/>
</kw>
<kw name="Create Dictionary" library="BuiltIn">
<var>${headers}</var>
<arg>Content-Type=application/json</arg>
<doc>Creates and returns a dictionary based on the given ``items``.</doc>
<msg timestamp="20230814 22:54:35.719" level="INFO">${headers} = {'Content-Type': 'application/json'}</msg>
<status status="PASS" starttime="20230814 22:54:35.714" endtime="20230814 22:54:35.719"/>
</kw>
<kw name="Create Dictionary" library="BuiltIn">
<var>${params}</var>
<arg>badParameter=${null}</arg>
<doc>Creates and returns a dictionary based on the given ``items``.</doc>
<msg timestamp="20230814 22:54:35.719" level="INFO">${params} = {'badParameter': None}</msg>
<status status="PASS" starttime="20230814 22:54:35.719" endtime="20230814 22:54:35.719"/>
</kw>
<kw name="DELETE On Session" library="RequestsLibrary">
<var>${resp}</var>
<arg>localhost</arg>
<arg>/api/v1/deleteMovie</arg>
<arg>params=${params}</arg>
<arg>headers=${headers}</arg>
<arg>expected_status=400</arg>
<doc>Sends a DELETE request on a previously created HTTP Session.</doc>
<msg timestamp="20230814 22:54:35.719" level="INFO">DELETE Request : url=http://localhost:8080/api/v1/deleteMovie 
 path_url=/api/v1/deleteMovie 
 headers={'User-Agent': 'python-requests/2.31.0', 'Accept-Encoding': 'gzip, deflate', 'Accept': '*/*', 'Connection': 'keep-alive', 'Content-Type': 'application/json', 'Content-Length': '0'} 
 body=None 
 </msg>
<msg timestamp="20230814 22:54:35.719" level="INFO">DELETE Response : url=http://localhost:8080/api/v1/deleteMovie 
 status=400, reason=Bad Request 
 headers={'Date': 'Tue, 15 Aug 2023 02:54:35 GMT', 'Content-length': '11'} 
 body=BAD REQUEST 
 </msg>
<msg timestamp="20230814 22:54:35.725" level="INFO">${resp} = &lt;Response [400]&gt;</msg>
<status status="PASS" starttime="20230814 22:54:35.719" endtime="20230814 22:54:35.725"/>
</kw>
<timeout value="30 seconds"/>
<status status="PASS" starttime="20230814 22:54:35.704" endtime="20230814 22:54:35.725"/>
</test>
<test id="s1-s1-s1-s1-s1-t22" name="deleteRelationshipPass" line="436">
<kw name="Create Dictionary" library="BuiltIn">
<var>${headers}</var>
<arg>Content-Type=application/json</arg>
<doc>Creates and returns a dictionary based on the given ``items``.</doc>
<msg timestamp="20230814 22:54:35.726" level="INFO">${headers} = {'Content-Type': 'application/json'}</msg>
<status status="PASS" starttime="20230814 22:54:35.726" endtime="20230814 22:54:35.726"/>
</kw>
<kw name="Create Dictionary" library="BuiltIn">
<var>${params}</var>
<arg>actorId=outOfReachID</arg>
<arg>movieId=unboundMovieID</arg>
<doc>Creates and returns a dictionary based on the given ``items``.</doc>
<msg timestamp="20230814 22:54:35.726" level="INFO">${params} = {'actorId': 'outOfReachID', 'movieId': 'unboundMovieID'}</msg>
<status status="PASS" starttime="20230814 22:54:35.726" endtime="20230814 22:54:35.726"/>
</kw>
<kw name="DELETE On Session" library="RequestsLibrary">
<var>${resp}</var>
<arg>localhost</arg>
<arg>/api/v1/deleteRelationship</arg>
<arg>params=${params}</arg>
<arg>headers=${headers}</arg>
<arg>expected_status=200</arg>
<doc>Sends a DELETE request on a previously created HTTP Session.</doc>
<msg timestamp="20230814 22:54:35.737" level="INFO">DELETE Request : url=http://localhost:8080/api/v1/deleteRelationship?actorId=outOfReachID&amp;movieId=unboundMovieID 
 path_url=/api/v1/deleteRelationship?actorId=outOfReachID&amp;movieId=unboundMovieID 
 headers={'User-Agent': 'python-requests/2.31.0', 'Accept-Encoding': 'gzip, deflate', 'Accept': '*/*', 'Connection': 'keep-alive', 'Content-Type': 'application/json', 'Content-Length': '0'} 
 body=None 
 </msg>
<msg timestamp="20230814 22:54:35.737" level="INFO">DELETE Response : url=http://localhost:8080/api/v1/deleteRelationship?actorId=outOfReachID&amp;movieId=unboundMovieID 
 status=200, reason=OK 
 headers={'Date': 'Tue, 15 Aug 2023 02:54:35 GMT', 'Content-length': '2'} 
 body=OK 
 </msg>
<msg timestamp="20230814 22:54:35.737" level="INFO">${resp} = &lt;Response [200]&gt;</msg>
<status status="PASS" starttime="20230814 22:54:35.726" endtime="20230814 22:54:35.737"/>
</kw>
<timeout value="30 seconds"/>
<status status="PASS" starttime="20230814 22:54:35.726" endtime="20230814 22:54:35.741"/>
</test>
<test id="s1-s1-s1-s1-s1-t23" name="deleteRelationshipFail" line="441">
<kw name="Create Dictionary" library="BuiltIn">
<var>${headers}</var>
<arg>Content-Type=application/json</arg>
<doc>Creates and returns a dictionary based on the given ``items``.</doc>
<msg timestamp="20230814 22:54:35.741" level="INFO">${headers} = {'Content-Type': 'application/json'}</msg>
<status status="PASS" starttime="20230814 22:54:35.741" endtime="20230814 22:54:35.741"/>
</kw>
<kw name="Create Dictionary" library="BuiltIn">
<var>${params}</var>
<arg>badparam=nm0000102</arg>
<arg>movieId=afewgoodmenid</arg>
<doc>Creates and returns a dictionary based on the given ``items``.</doc>
<msg timestamp="20230814 22:54:35.741" level="INFO">${params} = {'badparam': 'nm0000102', 'movieId': 'afewgoodmenid'}</msg>
<status status="PASS" starttime="20230814 22:54:35.741" endtime="20230814 22:54:35.741"/>
</kw>
<kw name="DELETE On Session" library="RequestsLibrary">
<var>${resp}</var>
<arg>localhost</arg>
<arg>/api/v1/deleteRelationship</arg>
<arg>params=${params}</arg>
<arg>headers=${headers}</arg>
<arg>expected_status=400</arg>
<doc>Sends a DELETE request on a previously created HTTP Session.</doc>
<msg timestamp="20230814 22:54:35.741" level="INFO">DELETE Request : url=http://localhost:8080/api/v1/deleteRelationship?badparam=nm0000102&amp;movieId=afewgoodmenid 
 path_url=/api/v1/deleteRelationship?badparam=nm0000102&amp;movieId=afewgoodmenid 
 headers={'User-Agent': 'python-requests/2.31.0', 'Accept-Encoding': 'gzip, deflate', 'Accept': '*/*', 'Connection': 'keep-alive', 'Content-Type': 'application/json', 'Content-Length': '0'} 
 body=None 
 </msg>
<msg timestamp="20230814 22:54:35.741" level="INFO">DELETE Response : url=http://localhost:8080/api/v1/deleteRelationship?badparam=nm0000102&amp;movieId=afewgoodmenid 
 status=400, reason=Bad Request 
 headers={'Date': 'Tue, 15 Aug 2023 02:54:35 GMT', 'Content-length': '11'} 
 body=BAD REQUEST 
 </msg>
<msg timestamp="20230814 22:54:35.741" level="INFO">${resp} = &lt;Response [400]&gt;</msg>
<status status="PASS" starttime="20230814 22:54:35.741" endtime="20230814 22:54:35.741"/>
</kw>
<kw name="Create Dictionary" library="BuiltIn">
<var>${headers}</var>
<arg>Content-Type=application/json</arg>
<doc>Creates and returns a dictionary based on the given ``items``.</doc>
<msg timestamp="20230814 22:54:35.741" level="INFO">${headers} = {'Content-Type': 'application/json'}</msg>
<status status="PASS" starttime="20230814 22:54:35.741" endtime="20230814 22:54:35.741"/>
</kw>
<kw name="Create Dictionary" library="BuiltIn">
<var>${params}</var>
<arg>actorId=${null}</arg>
<arg>movieId=unboundMovieID</arg>
<doc>Creates and returns a dictionary based on the given ``items``.</doc>
<msg timestamp="20230814 22:54:35.741" level="INFO">${params} = {'actorId': None, 'movieId': 'unboundMovieID'}</msg>
<status status="PASS" starttime="20230814 22:54:35.741" endtime="20230814 22:54:35.741"/>
</kw>
<kw name="DELETE On Session" library="RequestsLibrary">
<var>${resp}</var>
<arg>localhost</arg>
<arg>/api/v1/deleteRelationship</arg>
<arg>params=${params}</arg>
<arg>headers=${headers}</arg>
<arg>expected_status=400</arg>
<doc>Sends a DELETE request on a previously created HTTP Session.</doc>
<msg timestamp="20230814 22:54:35.750" level="INFO">DELETE Request : url=http://localhost:8080/api/v1/deleteRelationship?movieId=unboundMovieID 
 path_url=/api/v1/deleteRelationship?movieId=unboundMovieID 
 headers={'User-Agent': 'python-requests/2.31.0', 'Accept-Encoding': 'gzip, deflate', 'Accept': '*/*', 'Connection': 'keep-alive', 'Content-Type': 'application/json', 'Content-Length': '0'} 
 body=None 
 </msg>
<msg timestamp="20230814 22:54:35.750" level="INFO">DELETE Response : url=http://localhost:8080/api/v1/deleteRelationship?movieId=unboundMovieID 
 status=400, reason=Bad Request 
 headers={'Date': 'Tue, 15 Aug 2023 02:54:35 GMT', 'Content-length': '11'} 
 body=BAD REQUEST 
 </msg>
<msg timestamp="20230814 22:54:35.750" level="INFO">${resp} = &lt;Response [400]&gt;</msg>
<status status="PASS" starttime="20230814 22:54:35.741" endtime="20230814 22:54:35.750"/>
</kw>
<kw name="Create Dictionary" library="BuiltIn">
<var>${headers}</var>
<arg>Content-Type=application/json</arg>
<doc>Creates and returns a dictionary based on the given ``items``.</doc>
<msg timestamp="20230814 22:54:35.750" level="INFO">${headers} = {'Content-Type': 'application/json'}</msg>
<status status="PASS" starttime="20230814 22:54:35.750" endtime="20230814 22:54:35.750"/>
</kw>
<kw name="Create Dictionary" library="BuiltIn">
<var>${params}</var>
<arg>actorId=outOfReachID</arg>
<arg>movieId=${null}</arg>
<doc>Creates and returns a dictionary based on the given ``items``.</doc>
<msg timestamp="20230814 22:54:35.750" level="INFO">${params} = {'actorId': 'outOfReachID', 'movieId': None}</msg>
<status status="PASS" starttime="20230814 22:54:35.750" endtime="20230814 22:54:35.750"/>
</kw>
<kw name="DELETE On Session" library="RequestsLibrary">
<var>${resp}</var>
<arg>localhost</arg>
<arg>/api/v1/deleteRelationship</arg>
<arg>params=${params}</arg>
<arg>headers=${headers}</arg>
<arg>expected_status=400</arg>
<doc>Sends a DELETE request on a previously created HTTP Session.</doc>
<msg timestamp="20230814 22:54:35.750" level="INFO">DELETE Request : url=http://localhost:8080/api/v1/deleteRelationship?actorId=outOfReachID 
 path_url=/api/v1/deleteRelationship?actorId=outOfReachID 
 headers={'User-Agent': 'python-requests/2.31.0', 'Accept-Encoding': 'gzip, deflate', 'Accept': '*/*', 'Connection': 'keep-alive', 'Content-Type': 'application/json', 'Content-Length': '0'} 
 body=None 
 </msg>
<msg timestamp="20230814 22:54:35.750" level="INFO">DELETE Response : url=http://localhost:8080/api/v1/deleteRelationship?actorId=outOfReachID 
 status=400, reason=Bad Request 
 headers={'Date': 'Tue, 15 Aug 2023 02:54:35 GMT', 'Content-length': '11'} 
 body=BAD REQUEST 
 </msg>
<msg timestamp="20230814 22:54:35.750" level="INFO">${resp} = &lt;Response [400]&gt;</msg>
<status status="PASS" starttime="20230814 22:54:35.750" endtime="20230814 22:54:35.750"/>
</kw>
<kw name="Create Dictionary" library="BuiltIn">
<var>${headers}</var>
<arg>Content-Type=application/json</arg>
<doc>Creates and returns a dictionary based on the given ``items``.</doc>
<msg timestamp="20230814 22:54:35.750" level="INFO">${headers} = {'Content-Type': 'application/json'}</msg>
<status status="PASS" starttime="20230814 22:54:35.750" endtime="20230814 22:54:35.750"/>
</kw>
<kw name="Create Dictionary" library="BuiltIn">
<var>${params}</var>
<arg>actorId=actornotreal</arg>
<arg>movieId=unboundMovieID</arg>
<doc>Creates and returns a dictionary based on the given ``items``.</doc>
<msg timestamp="20230814 22:54:35.758" level="INFO">${params} = {'actorId': 'actornotreal', 'movieId': 'unboundMovieID'}</msg>
<status status="PASS" starttime="20230814 22:54:35.758" endtime="20230814 22:54:35.758"/>
</kw>
<kw name="DELETE On Session" library="RequestsLibrary">
<var>${resp}</var>
<arg>localhost</arg>
<arg>/api/v1/deleteRelationship</arg>
<arg>params=${params}</arg>
<arg>headers=${headers}</arg>
<arg>expected_status=404</arg>
<doc>Sends a DELETE request on a previously created HTTP Session.</doc>
<msg timestamp="20230814 22:54:35.759" level="INFO">DELETE Request : url=http://localhost:8080/api/v1/deleteRelationship?actorId=actornotreal&amp;movieId=unboundMovieID 
 path_url=/api/v1/deleteRelationship?actorId=actornotreal&amp;movieId=unboundMovieID 
 headers={'User-Agent': 'python-requests/2.31.0', 'Accept-Encoding': 'gzip, deflate', 'Accept': '*/*', 'Connection': 'keep-alive', 'Content-Type': 'application/json', 'Content-Length': '0'} 
 body=None 
 </msg>
<msg timestamp="20230814 22:54:35.766" level="INFO">DELETE Response : url=http://localhost:8080/api/v1/deleteRelationship?actorId=actornotreal&amp;movieId=unboundMovieID 
 status=404, reason=Not Found 
 headers={'Date': 'Tue, 15 Aug 2023 02:54:35 GMT', 'Content-length': '9'} 
 body=NOT FOUND 
 </msg>
<msg timestamp="20230814 22:54:35.766" level="INFO">${resp} = &lt;Response [404]&gt;</msg>
<status status="PASS" starttime="20230814 22:54:35.759" endtime="20230814 22:54:35.766"/>
</kw>
<kw name="Create Dictionary" library="BuiltIn">
<var>${headers}</var>
<arg>Content-Type=application/json</arg>
<doc>Creates and returns a dictionary based on the given ``items``.</doc>
<msg timestamp="20230814 22:54:35.766" level="INFO">${headers} = {'Content-Type': 'application/json'}</msg>
<status status="PASS" starttime="20230814 22:54:35.766" endtime="20230814 22:54:35.766"/>
</kw>
<kw name="Create Dictionary" library="BuiltIn">
<var>${params}</var>
<arg>actorId=outOfReachID</arg>
<arg>movieId=movienotreal</arg>
<doc>Creates and returns a dictionary based on the given ``items``.</doc>
<msg timestamp="20230814 22:54:35.766" level="INFO">${params} = {'actorId': 'outOfReachID', 'movieId': 'movienotreal'}</msg>
<status status="PASS" starttime="20230814 22:54:35.766" endtime="20230814 22:54:35.766"/>
</kw>
<kw name="DELETE On Session" library="RequestsLibrary">
<var>${resp}</var>
<arg>localhost</arg>
<arg>/api/v1/deleteRelationship</arg>
<arg>params=${params}</arg>
<arg>headers=${headers}</arg>
<arg>expected_status=404</arg>
<doc>Sends a DELETE request on a previously created HTTP Session.</doc>
<msg timestamp="20230814 22:54:35.774" level="INFO">DELETE Request : url=http://localhost:8080/api/v1/deleteRelationship?actorId=outOfReachID&amp;movieId=movienotreal 
 path_url=/api/v1/deleteRelationship?actorId=outOfReachID&amp;movieId=movienotreal 
 headers={'User-Agent': 'python-requests/2.31.0', 'Accept-Encoding': 'gzip, deflate', 'Accept': '*/*', 'Connection': 'keep-alive', 'Content-Type': 'application/json', 'Content-Length': '0'} 
 body=None 
 </msg>
<msg timestamp="20230814 22:54:35.774" level="INFO">DELETE Response : url=http://localhost:8080/api/v1/deleteRelationship?actorId=outOfReachID&amp;movieId=movienotreal 
 status=404, reason=Not Found 
 headers={'Date': 'Tue, 15 Aug 2023 02:54:35 GMT', 'Content-length': '9'} 
 body=NOT FOUND 
 </msg>
<msg timestamp="20230814 22:54:35.774" level="INFO">${resp} = &lt;Response [404]&gt;</msg>
<status status="PASS" starttime="20230814 22:54:35.766" endtime="20230814 22:54:35.774"/>
</kw>
<timeout value="30 seconds"/>
<status status="PASS" starttime="20230814 22:54:35.741" endtime="20230814 22:54:35.774"/>
</test>
<status status="PASS" starttime="20230814 22:54:34.817" endtime="20230814 22:54:35.774"/>
</suite>
<status status="PASS" starttime="20230814 22:54:34.817" endtime="20230814 22:54:35.777"/>
</suite>
<status status="PASS" starttime="20230814 22:54:34.817" endtime="20230814 22:54:35.777"/>
</suite>
<status status="PASS" starttime="20230814 22:54:34.817" endtime="20230814 22:54:35.777"/>
</suite>
<status status="PASS" starttime="20230814 22:54:34.786" endtime="20230814 22:54:35.782"/>
</suite>
<statistics>
<total>
<stat pass="23" fail="0" skip="0">All Tests</stat>
</total>
<tag>
</tag>
<suite>
<stat pass="23" fail="0" skip="0" id="s1" name="EECS3311-Project">EECS3311-Project</stat>
<stat pass="23" fail="0" skip="0" id="s1-s1" name="Src">EECS3311-Project.Src</stat>
<stat pass="23" fail="0" skip="0" id="s1-s1-s1" name="Test">EECS3311-Project.Src.Test</stat>
<stat pass="23" fail="0" skip="0" id="s1-s1-s1-s1" name="Robot">EECS3311-Project.Src.Test.Robot</stat>
<stat pass="23" fail="0" skip="0" id="s1-s1-s1-s1-s1" name="Testingrobot">EECS3311-Project.Src.Test.Robot.Testingrobot</stat>
</suite>
</statistics>
<errors>
</errors>
</robot>
