<?xml version="1.0" encoding="UTF-8"?>
<robot generator="Robot 6.1.1 (Python 3.11.4 on win32)" generated="20230812 18:30:47.533" rpa="false" schemaversion="4">
<suite id="s1" name="EECS3311-Project" source="C:\Users\betul\Documents\GitHub\EECS3311-Project">
<suite id="s1-s1" name="Src" source="C:\Users\betul\Documents\GitHub\EECS3311-Project\src">
<suite id="s1-s1-s1" name="Test" source="C:\Users\betul\Documents\GitHub\EECS3311-Project\src\test">
<suite id="s1-s1-s1-s1" name="Robot" source="C:\Users\betul\Documents\GitHub\EECS3311-Project\src\test\robot">
<suite id="s1-s1-s1-s1-s1" name="Testingrobot" source="C:\Users\betul\Documents\GitHub\EECS3311-Project\src\test\robot\testingrobot.robot">
<kw name="Create Session" library="RequestsLibrary" type="SETUP">
<arg>localhost</arg>
<arg>http://localhost:8080</arg>
<doc>Create Session: create a HTTP session to a server</doc>
<msg timestamp="20230812 18:30:47.703" level="INFO">Creating Session using : alias=localhost, url=http://localhost:8080, headers={},                     cookies={}, auth=None, timeout=None, proxies=None, verify=False,                     debug=0 </msg>
<status status="PASS" starttime="20230812 18:30:47.703" endtime="20230812 18:30:47.703"/>
</kw>
<test id="s1-s1-s1-s1-s1-t1" name="addActorPass" line="11">
<kw name="Create Dictionary" library="BuiltIn">
<var>${headers}</var>
<arg>Content-Type=application/json</arg>
<doc>Creates and returns a dictionary based on the given ``items``.</doc>
<msg timestamp="20230812 18:30:47.704" level="INFO">${headers} = {'Content-Type': 'application/json'}</msg>
<status status="PASS" starttime="20230812 18:30:47.704" endtime="20230812 18:30:47.704"/>
</kw>
<kw name="Create Dictionary" library="BuiltIn">
<var>${params}</var>
<arg>name=Kevin Bacon</arg>
<arg>actorId=nm0000102</arg>
<doc>Creates and returns a dictionary based on the given ``items``.</doc>
<msg timestamp="20230812 18:30:47.705" level="INFO">${params} = {'name': 'Kevin Bacon', 'actorId': 'nm0000102'}</msg>
<status status="PASS" starttime="20230812 18:30:47.705" endtime="20230812 18:30:47.705"/>
</kw>
<kw name="PUT On Session" library="RequestsLibrary">
<var>${resp}</var>
<arg>localhost</arg>
<arg>/api/v1/addActor</arg>
<arg>json=${params}</arg>
<arg>headers=${headers}</arg>
<arg>expected_status=200</arg>
<doc>Sends a PUT request on a previously created HTTP Session.</doc>
<msg timestamp="20230812 18:30:47.721" level="INFO">PUT Request : url=http://localhost:8080/api/v1/addActor 
 path_url=/api/v1/addActor 
 headers={'User-Agent': 'python-requests/2.31.0', 'Accept-Encoding': 'gzip, deflate', 'Accept': '*/*', 'Connection': 'keep-alive', 'Content-Type': 'application/json', 'Content-Length': '47'} 
 body=b'{"name": "Kevin Bacon", "actorId": "nm0000102"}' 
 </msg>
<msg timestamp="20230812 18:30:47.724" level="INFO">PUT Response : url=http://localhost:8080/api/v1/addActor 
 status=200, reason=OK 
 headers={'Date': 'Sat, 12 Aug 2023 22:30:47 GMT', 'Content-length': '2'} 
 body=OK 
 </msg>
<msg timestamp="20230812 18:30:47.724" level="INFO">${resp} = &lt;Response [200]&gt;</msg>
<status status="PASS" starttime="20230812 18:30:47.705" endtime="20230812 18:30:47.724"/>
</kw>
<kw name="Create Dictionary" library="BuiltIn">
<var>${headers}</var>
<arg>Content-Type=application/json</arg>
<doc>Creates and returns a dictionary based on the given ``items``.</doc>
<msg timestamp="20230812 18:30:47.726" level="INFO">${headers} = {'Content-Type': 'application/json'}</msg>
<status status="PASS" starttime="20230812 18:30:47.725" endtime="20230812 18:30:47.726"/>
</kw>
<kw name="Create Dictionary" library="BuiltIn">
<var>${params}</var>
<arg>name=Kevin Bacon</arg>
<arg>actorId=nm0000102butuniqueid</arg>
<doc>Creates and returns a dictionary based on the given ``items``.</doc>
<msg timestamp="20230812 18:30:47.727" level="INFO">${params} = {'name': 'Kevin Bacon', 'actorId': 'nm0000102butuniqueid'}</msg>
<status status="PASS" starttime="20230812 18:30:47.727" endtime="20230812 18:30:47.727"/>
</kw>
<kw name="PUT On Session" library="RequestsLibrary">
<var>${resp}</var>
<arg>localhost</arg>
<arg>/api/v1/addActor</arg>
<arg>json=${params}</arg>
<arg>headers=${headers}</arg>
<arg>expected_status=200</arg>
<doc>Sends a PUT request on a previously created HTTP Session.</doc>
<msg timestamp="20230812 18:30:47.738" level="INFO">PUT Request : url=http://localhost:8080/api/v1/addActor 
 path_url=/api/v1/addActor 
 headers={'User-Agent': 'python-requests/2.31.0', 'Accept-Encoding': 'gzip, deflate', 'Accept': '*/*', 'Connection': 'keep-alive', 'Content-Type': 'application/json', 'Content-Length': '58'} 
 body=b'{"name": "Kevin Bacon", "actorId": "nm0000102butuniqueid"}' 
 </msg>
<msg timestamp="20230812 18:30:47.739" level="INFO">PUT Response : url=http://localhost:8080/api/v1/addActor 
 status=200, reason=OK 
 headers={'Date': 'Sat, 12 Aug 2023 22:30:47 GMT', 'Content-length': '2'} 
 body=OK 
 </msg>
<msg timestamp="20230812 18:30:47.739" level="INFO">${resp} = &lt;Response [200]&gt;</msg>
<status status="PASS" starttime="20230812 18:30:47.727" endtime="20230812 18:30:47.739"/>
</kw>
<timeout value="30 seconds"/>
<status status="PASS" starttime="20230812 18:30:47.703" endtime="20230812 18:30:47.740"/>
</test>
<test id="s1-s1-s1-s1-s1-t2" name="addActorFail" line="21">
<kw name="Create Dictionary" library="BuiltIn">
<var>${headers}</var>
<arg>Content-Type=application/json</arg>
<doc>Creates and returns a dictionary based on the given ``items``.</doc>
<msg timestamp="20230812 18:30:47.743" level="INFO">${headers} = {'Content-Type': 'application/json'}</msg>
<status status="PASS" starttime="20230812 18:30:47.742" endtime="20230812 18:30:47.743"/>
</kw>
<kw name="Create Dictionary" library="BuiltIn">
<var>${params}</var>
<arg>name=Kevin Bacon2</arg>
<arg>actorId=nm0000102</arg>
<doc>Creates and returns a dictionary based on the given ``items``.</doc>
<msg timestamp="20230812 18:30:47.744" level="INFO">${params} = {'name': 'Kevin Bacon2', 'actorId': 'nm0000102'}</msg>
<status status="PASS" starttime="20230812 18:30:47.743" endtime="20230812 18:30:47.744"/>
</kw>
<kw name="PUT On Session" library="RequestsLibrary">
<var>${resp}</var>
<arg>localhost</arg>
<arg>/api/v1/addActor</arg>
<arg>json=${params}</arg>
<arg>headers=${headers}</arg>
<arg>expected_status=400</arg>
<doc>Sends a PUT request on a previously created HTTP Session.</doc>
<msg timestamp="20230812 18:30:47.752" level="INFO">PUT Request : url=http://localhost:8080/api/v1/addActor 
 path_url=/api/v1/addActor 
 headers={'User-Agent': 'python-requests/2.31.0', 'Accept-Encoding': 'gzip, deflate', 'Accept': '*/*', 'Connection': 'keep-alive', 'Content-Type': 'application/json', 'Content-Length': '48'} 
 body=b'{"name": "Kevin Bacon2", "actorId": "nm0000102"}' 
 </msg>
<msg timestamp="20230812 18:30:47.752" level="INFO">PUT Response : url=http://localhost:8080/api/v1/addActor 
 status=400, reason=Bad Request 
 headers={'Date': 'Sat, 12 Aug 2023 22:30:47 GMT', 'Content-length': '11'} 
 body=BAD REQUEST 
 </msg>
<msg timestamp="20230812 18:30:47.753" level="INFO">${resp} = &lt;Response [400]&gt;</msg>
<status status="PASS" starttime="20230812 18:30:47.744" endtime="20230812 18:30:47.753"/>
</kw>
<kw name="Create Dictionary" library="BuiltIn">
<var>${headers}</var>
<arg>Content-Type=application/json</arg>
<doc>Creates and returns a dictionary based on the given ``items``.</doc>
<msg timestamp="20230812 18:30:47.754" level="INFO">${headers} = {'Content-Type': 'application/json'}</msg>
<status status="PASS" starttime="20230812 18:30:47.753" endtime="20230812 18:30:47.754"/>
</kw>
<kw name="Create Dictionary" library="BuiltIn">
<var>${params}</var>
<arg>Actorid=robertdowney</arg>
<arg>Name=Robert Downey Jr.</arg>
<doc>Creates and returns a dictionary based on the given ``items``.</doc>
<msg timestamp="20230812 18:30:47.755" level="INFO">${params} = {'Actorid': 'robertdowney', 'Name': 'Robert Downey Jr.'}</msg>
<status status="PASS" starttime="20230812 18:30:47.755" endtime="20230812 18:30:47.755"/>
</kw>
<kw name="PUT On Session" library="RequestsLibrary">
<var>${resp}</var>
<arg>localhost</arg>
<arg>/api/v1/addActor</arg>
<arg>json=${params}</arg>
<arg>headers=${headers}</arg>
<arg>expected_status=400</arg>
<doc>Sends a PUT request on a previously created HTTP Session.</doc>
<msg timestamp="20230812 18:30:47.760" level="INFO">PUT Request : url=http://localhost:8080/api/v1/addActor 
 path_url=/api/v1/addActor 
 headers={'User-Agent': 'python-requests/2.31.0', 'Accept-Encoding': 'gzip, deflate', 'Accept': '*/*', 'Connection': 'keep-alive', 'Content-Type': 'application/json', 'Content-Length': '56'} 
 body=b'{"Actorid": "robertdowney", "Name": "Robert Downey Jr."}' 
 </msg>
<msg timestamp="20230812 18:30:47.762" level="INFO">PUT Response : url=http://localhost:8080/api/v1/addActor 
 status=400, reason=Bad Request 
 headers={'Date': 'Sat, 12 Aug 2023 22:30:47 GMT', 'Content-length': '11'} 
 body=BAD REQUEST 
 </msg>
<msg timestamp="20230812 18:30:47.762" level="INFO">${resp} = &lt;Response [400]&gt;</msg>
<status status="PASS" starttime="20230812 18:30:47.755" endtime="20230812 18:30:47.762"/>
</kw>
<kw name="Create Dictionary" library="BuiltIn">
<var>${headers}</var>
<arg>Content-Type=application/json</arg>
<doc>Creates and returns a dictionary based on the given ``items``.</doc>
<msg timestamp="20230812 18:30:47.763" level="INFO">${headers} = {'Content-Type': 'application/json'}</msg>
<status status="PASS" starttime="20230812 18:30:47.763" endtime="20230812 18:30:47.763"/>
</kw>
<kw name="Create Dictionary" library="BuiltIn">
<var>${params}</var>
<arg>name=${null}</arg>
<arg>actorId=scarlettjohansson</arg>
<doc>Creates and returns a dictionary based on the given ``items``.</doc>
<msg timestamp="20230812 18:30:47.764" level="INFO">${params} = {'name': None, 'actorId': 'scarlettjohansson'}</msg>
<status status="PASS" starttime="20230812 18:30:47.764" endtime="20230812 18:30:47.764"/>
</kw>
<kw name="PUT On Session" library="RequestsLibrary">
<var>${resp}</var>
<arg>localhost</arg>
<arg>/api/v1/addActor</arg>
<arg>json=${params}</arg>
<arg>headers=${headers}</arg>
<arg>expected_status=400</arg>
<doc>Sends a PUT request on a previously created HTTP Session.</doc>
<msg timestamp="20230812 18:30:47.769" level="INFO">PUT Request : url=http://localhost:8080/api/v1/addActor 
 path_url=/api/v1/addActor 
 headers={'User-Agent': 'python-requests/2.31.0', 'Accept-Encoding': 'gzip, deflate', 'Accept': '*/*', 'Connection': 'keep-alive', 'Content-Type': 'application/json', 'Content-Length': '46'} 
 body=b'{"name": null, "actorId": "scarlettjohansson"}' 
 </msg>
<msg timestamp="20230812 18:30:47.769" level="INFO">PUT Response : url=http://localhost:8080/api/v1/addActor 
 status=400, reason=Bad Request 
 headers={'Date': 'Sat, 12 Aug 2023 22:30:47 GMT', 'Content-length': '11'} 
 body=BAD REQUEST 
 </msg>
<msg timestamp="20230812 18:30:47.769" level="INFO">${resp} = &lt;Response [400]&gt;</msg>
<status status="PASS" starttime="20230812 18:30:47.765" endtime="20230812 18:30:47.769"/>
</kw>
<kw name="Create Dictionary" library="BuiltIn">
<var>${headers}</var>
<arg>Content-Type=application/json</arg>
<doc>Creates and returns a dictionary based on the given ``items``.</doc>
<msg timestamp="20230812 18:30:47.771" level="INFO">${headers} = {'Content-Type': 'application/json'}</msg>
<status status="PASS" starttime="20230812 18:30:47.771" endtime="20230812 18:30:47.771"/>
</kw>
<kw name="Create Dictionary" library="BuiltIn">
<var>${params}</var>
<arg>name=Scarlett Johansson</arg>
<arg>actorId=${null}</arg>
<doc>Creates and returns a dictionary based on the given ``items``.</doc>
<msg timestamp="20230812 18:30:47.772" level="INFO">${params} = {'name': 'Scarlett Johansson', 'actorId': None}</msg>
<status status="PASS" starttime="20230812 18:30:47.771" endtime="20230812 18:30:47.772"/>
</kw>
<kw name="PUT On Session" library="RequestsLibrary">
<var>${resp}</var>
<arg>localhost</arg>
<arg>/api/v1/addActor</arg>
<arg>json=${params}</arg>
<arg>headers=${headers}</arg>
<arg>expected_status=400</arg>
<doc>Sends a PUT request on a previously created HTTP Session.</doc>
<msg timestamp="20230812 18:30:47.777" level="INFO">PUT Request : url=http://localhost:8080/api/v1/addActor 
 path_url=/api/v1/addActor 
 headers={'User-Agent': 'python-requests/2.31.0', 'Accept-Encoding': 'gzip, deflate', 'Accept': '*/*', 'Connection': 'keep-alive', 'Content-Type': 'application/json', 'Content-Length': '47'} 
 body=b'{"name": "Scarlett Johansson", "actorId": null}' 
 </msg>
<msg timestamp="20230812 18:30:47.777" level="INFO">PUT Response : url=http://localhost:8080/api/v1/addActor 
 status=400, reason=Bad Request 
 headers={'Date': 'Sat, 12 Aug 2023 22:30:47 GMT', 'Content-length': '11'} 
 body=BAD REQUEST 
 </msg>
<msg timestamp="20230812 18:30:47.778" level="INFO">${resp} = &lt;Response [400]&gt;</msg>
<status status="PASS" starttime="20230812 18:30:47.772" endtime="20230812 18:30:47.778"/>
</kw>
<timeout value="30 seconds"/>
<status status="PASS" starttime="20230812 18:30:47.741" endtime="20230812 18:30:47.779"/>
</test>
<test id="s1-s1-s1-s1-s1-t3" name="addMoviePass" line="42">
<kw name="Create Dictionary" library="BuiltIn">
<var>${headers}</var>
<arg>Content-Type=application/json</arg>
<doc>Creates and returns a dictionary based on the given ``items``.</doc>
<msg timestamp="20230812 18:30:47.781" level="INFO">${headers} = {'Content-Type': 'application/json'}</msg>
<status status="PASS" starttime="20230812 18:30:47.781" endtime="20230812 18:30:47.781"/>
</kw>
<kw name="Create Dictionary" library="BuiltIn">
<var>${params}</var>
<arg>name=A Few Good Men</arg>
<arg>movieId=afewgoodmenid</arg>
<doc>Creates and returns a dictionary based on the given ``items``.</doc>
<msg timestamp="20230812 18:30:47.782" level="INFO">${params} = {'name': 'A Few Good Men', 'movieId': 'afewgoodmenid'}</msg>
<status status="PASS" starttime="20230812 18:30:47.782" endtime="20230812 18:30:47.782"/>
</kw>
<kw name="PUT On Session" library="RequestsLibrary">
<var>${resp}</var>
<arg>localhost</arg>
<arg>/api/v1/addMovie</arg>
<arg>json=${params}</arg>
<arg>headers=${headers}</arg>
<arg>expected_status=200</arg>
<doc>Sends a PUT request on a previously created HTTP Session.</doc>
<msg timestamp="20230812 18:30:47.793" level="INFO">PUT Request : url=http://localhost:8080/api/v1/addMovie 
 path_url=/api/v1/addMovie 
 headers={'User-Agent': 'python-requests/2.31.0', 'Accept-Encoding': 'gzip, deflate', 'Accept': '*/*', 'Connection': 'keep-alive', 'Content-Type': 'application/json', 'Content-Length': '54'} 
 body=b'{"name": "A Few Good Men", "movieId": "afewgoodmenid"}' 
 </msg>
<msg timestamp="20230812 18:30:47.793" level="INFO">PUT Response : url=http://localhost:8080/api/v1/addMovie 
 status=200, reason=OK 
 headers={'Date': 'Sat, 12 Aug 2023 22:30:47 GMT', 'Content-length': '2'} 
 body=OK 
 </msg>
<msg timestamp="20230812 18:30:47.794" level="INFO">${resp} = &lt;Response [200]&gt;</msg>
<status status="PASS" starttime="20230812 18:30:47.783" endtime="20230812 18:30:47.794"/>
</kw>
<kw name="Create Dictionary" library="BuiltIn">
<var>${headers}</var>
<arg>Content-Type=application/json</arg>
<doc>Creates and returns a dictionary based on the given ``items``.</doc>
<msg timestamp="20230812 18:30:47.794" level="INFO">${headers} = {'Content-Type': 'application/json'}</msg>
<status status="PASS" starttime="20230812 18:30:47.794" endtime="20230812 18:30:47.794"/>
</kw>
<kw name="Create Dictionary" library="BuiltIn">
<var>${params}</var>
<arg>name=A Few Good Men</arg>
<arg>movieId=afewgoodmenuniqueanddifferentid</arg>
<doc>Creates and returns a dictionary based on the given ``items``.</doc>
<msg timestamp="20230812 18:30:47.795" level="INFO">${params} = {'name': 'A Few Good Men', 'movieId': 'afewgoodmenuniqueanddifferentid'}</msg>
<status status="PASS" starttime="20230812 18:30:47.795" endtime="20230812 18:30:47.795"/>
</kw>
<kw name="PUT On Session" library="RequestsLibrary">
<var>${resp}</var>
<arg>localhost</arg>
<arg>/api/v1/addMovie</arg>
<arg>json=${params}</arg>
<arg>headers=${headers}</arg>
<arg>expected_status=200</arg>
<doc>Sends a PUT request on a previously created HTTP Session.</doc>
<msg timestamp="20230812 18:30:47.804" level="INFO">PUT Request : url=http://localhost:8080/api/v1/addMovie 
 path_url=/api/v1/addMovie 
 headers={'User-Agent': 'python-requests/2.31.0', 'Accept-Encoding': 'gzip, deflate', 'Accept': '*/*', 'Connection': 'keep-alive', 'Content-Type': 'application/json', 'Content-Length': '72'} 
 body=b'{"name": "A Few Good Men", "movieId": "afewgoodmenuniqueanddifferentid"}' 
 </msg>
<msg timestamp="20230812 18:30:47.804" level="INFO">PUT Response : url=http://localhost:8080/api/v1/addMovie 
 status=200, reason=OK 
 headers={'Date': 'Sat, 12 Aug 2023 22:30:47 GMT', 'Content-length': '2'} 
 body=OK 
 </msg>
<msg timestamp="20230812 18:30:47.805" level="INFO">${resp} = &lt;Response [200]&gt;</msg>
<status status="PASS" starttime="20230812 18:30:47.796" endtime="20230812 18:30:47.805"/>
</kw>
<timeout value="30 seconds"/>
<status status="PASS" starttime="20230812 18:30:47.780" endtime="20230812 18:30:47.805"/>
</test>
<test id="s1-s1-s1-s1-s1-t4" name="addMovieFail" line="54">
<kw name="Create Dictionary" library="BuiltIn">
<var>${headers}</var>
<arg>Content-Type=application/json</arg>
<doc>Creates and returns a dictionary based on the given ``items``.</doc>
<msg timestamp="20230812 18:30:47.808" level="INFO">${headers} = {'Content-Type': 'application/json'}</msg>
<status status="PASS" starttime="20230812 18:30:47.807" endtime="20230812 18:30:47.808"/>
</kw>
<kw name="Create Dictionary" library="BuiltIn">
<var>${params}</var>
<arg>name=A_Few_Good_Men_butDifferentName</arg>
<arg>movieId=afewgoodmenid</arg>
<doc>Creates and returns a dictionary based on the given ``items``.</doc>
<msg timestamp="20230812 18:30:47.809" level="INFO">${params} = {'name': 'A_Few_Good_Men_butDifferentName', 'movieId': 'afewgoodmenid'}</msg>
<status status="PASS" starttime="20230812 18:30:47.808" endtime="20230812 18:30:47.809"/>
</kw>
<kw name="PUT On Session" library="RequestsLibrary">
<var>${resp}</var>
<arg>localhost</arg>
<arg>/api/v1/addMovie</arg>
<arg>json=${params}</arg>
<arg>headers=${headers}</arg>
<arg>expected_status=400</arg>
<doc>Sends a PUT request on a previously created HTTP Session.</doc>
<msg timestamp="20230812 18:30:47.818" level="INFO">PUT Request : url=http://localhost:8080/api/v1/addMovie 
 path_url=/api/v1/addMovie 
 headers={'User-Agent': 'python-requests/2.31.0', 'Accept-Encoding': 'gzip, deflate', 'Accept': '*/*', 'Connection': 'keep-alive', 'Content-Type': 'application/json', 'Content-Length': '71'} 
 body=b'{"name": "A_Few_Good_Men_butDifferentName", "movieId": "afewgoodmenid"}' 
 </msg>
<msg timestamp="20230812 18:30:47.818" level="INFO">PUT Response : url=http://localhost:8080/api/v1/addMovie 
 status=400, reason=Bad Request 
 headers={'Date': 'Sat, 12 Aug 2023 22:30:47 GMT', 'Content-length': '11'} 
 body=BAD REQUEST 
 </msg>
<msg timestamp="20230812 18:30:47.819" level="INFO">${resp} = &lt;Response [400]&gt;</msg>
<status status="PASS" starttime="20230812 18:30:47.809" endtime="20230812 18:30:47.819"/>
</kw>
<kw name="Create Dictionary" library="BuiltIn">
<var>${headers}</var>
<arg>Content-Type=application/json</arg>
<doc>Creates and returns a dictionary based on the given ``items``.</doc>
<msg timestamp="20230812 18:30:47.819" level="INFO">${headers} = {'Content-Type': 'application/json'}</msg>
<status status="PASS" starttime="20230812 18:30:47.819" endtime="20230812 18:30:47.819"/>
</kw>
<kw name="Create Dictionary" library="BuiltIn">
<var>${params}</var>
<arg>movieId=afewgoodmenid</arg>
<arg>name=A_Few_Good_Men_butDifferentName</arg>
<doc>Creates and returns a dictionary based on the given ``items``.</doc>
<msg timestamp="20230812 18:30:47.821" level="INFO">${params} = {'movieId': 'afewgoodmenid', 'name': 'A_Few_Good_Men_butDifferentName'}</msg>
<status status="PASS" starttime="20230812 18:30:47.821" endtime="20230812 18:30:47.821"/>
</kw>
<kw name="PUT On Session" library="RequestsLibrary">
<var>${resp}</var>
<arg>localhost</arg>
<arg>/api/v1/addMovie</arg>
<arg>json=${params}</arg>
<arg>headers=${headers}</arg>
<arg>expected_status=400</arg>
<doc>Sends a PUT request on a previously created HTTP Session.</doc>
<msg timestamp="20230812 18:30:47.830" level="INFO">PUT Request : url=http://localhost:8080/api/v1/addMovie 
 path_url=/api/v1/addMovie 
 headers={'User-Agent': 'python-requests/2.31.0', 'Accept-Encoding': 'gzip, deflate', 'Accept': '*/*', 'Connection': 'keep-alive', 'Content-Type': 'application/json', 'Content-Length': '71'} 
 body=b'{"movieId": "afewgoodmenid", "name": "A_Few_Good_Men_butDifferentName"}' 
 </msg>
<msg timestamp="20230812 18:30:47.830" level="INFO">PUT Response : url=http://localhost:8080/api/v1/addMovie 
 status=400, reason=Bad Request 
 headers={'Date': 'Sat, 12 Aug 2023 22:30:47 GMT', 'Content-length': '11'} 
 body=BAD REQUEST 
 </msg>
<msg timestamp="20230812 18:30:47.830" level="INFO">${resp} = &lt;Response [400]&gt;</msg>
<status status="PASS" starttime="20230812 18:30:47.821" endtime="20230812 18:30:47.830"/>
</kw>
<kw name="Create Dictionary" library="BuiltIn">
<var>${headers}</var>
<arg>Content-Type=application/json</arg>
<doc>Creates and returns a dictionary based on the given ``items``.</doc>
<msg timestamp="20230812 18:30:47.831" level="INFO">${headers} = {'Content-Type': 'application/json'}</msg>
<status status="PASS" starttime="20230812 18:30:47.831" endtime="20230812 18:30:47.831"/>
</kw>
<kw name="Create Dictionary" library="BuiltIn">
<var>${params}</var>
<arg>name=A_Few_Good_Men_butDifferentName</arg>
<arg>movieId=afewgoodmenid</arg>
<doc>Creates and returns a dictionary based on the given ``items``.</doc>
<msg timestamp="20230812 18:30:47.832" level="INFO">${params} = {'name': 'A_Few_Good_Men_butDifferentName', 'movieId': 'afewgoodmenid'}</msg>
<status status="PASS" starttime="20230812 18:30:47.832" endtime="20230812 18:30:47.832"/>
</kw>
<kw name="PUT On Session" library="RequestsLibrary">
<var>${resp}</var>
<arg>localhost</arg>
<arg>/api/v1/addMovie</arg>
<arg>json=${params}</arg>
<arg>headers=${headers}</arg>
<arg>expected_status=400</arg>
<doc>Sends a PUT request on a previously created HTTP Session.</doc>
<msg timestamp="20230812 18:30:47.842" level="INFO">PUT Request : url=http://localhost:8080/api/v1/addMovie 
 path_url=/api/v1/addMovie 
 headers={'User-Agent': 'python-requests/2.31.0', 'Accept-Encoding': 'gzip, deflate', 'Accept': '*/*', 'Connection': 'keep-alive', 'Content-Type': 'application/json', 'Content-Length': '71'} 
 body=b'{"name": "A_Few_Good_Men_butDifferentName", "movieId": "afewgoodmenid"}' 
 </msg>
<msg timestamp="20230812 18:30:47.842" level="INFO">PUT Response : url=http://localhost:8080/api/v1/addMovie 
 status=400, reason=Bad Request 
 headers={'Date': 'Sat, 12 Aug 2023 22:30:47 GMT', 'Content-length': '11'} 
 body=BAD REQUEST 
 </msg>
<msg timestamp="20230812 18:30:47.843" level="INFO">${resp} = &lt;Response [400]&gt;</msg>
<status status="PASS" starttime="20230812 18:30:47.832" endtime="20230812 18:30:47.843"/>
</kw>
<kw name="Create Dictionary" library="BuiltIn">
<var>${headers}</var>
<arg>Content-Type=application/json</arg>
<doc>Creates and returns a dictionary based on the given ``items``.</doc>
<msg timestamp="20230812 18:30:47.843" level="INFO">${headers} = {'Content-Type': 'application/json'}</msg>
<status status="PASS" starttime="20230812 18:30:47.843" endtime="20230812 18:30:47.843"/>
</kw>
<kw name="Create Dictionary" library="BuiltIn">
<var>${params}</var>
<arg>name=A_Few_Good_Men_butDifferentName</arg>
<arg>movieId=afewgoodmenid</arg>
<doc>Creates and returns a dictionary based on the given ``items``.</doc>
<msg timestamp="20230812 18:30:47.845" level="INFO">${params} = {'name': 'A_Few_Good_Men_butDifferentName', 'movieId': 'afewgoodmenid'}</msg>
<status status="PASS" starttime="20230812 18:30:47.845" endtime="20230812 18:30:47.845"/>
</kw>
<kw name="PUT On Session" library="RequestsLibrary">
<var>${resp}</var>
<arg>localhost</arg>
<arg>/api/v1/addMovie</arg>
<arg>json=${params}</arg>
<arg>headers=${headers}</arg>
<arg>expected_status=400</arg>
<doc>Sends a PUT request on a previously created HTTP Session.</doc>
<msg timestamp="20230812 18:30:47.854" level="INFO">PUT Request : url=http://localhost:8080/api/v1/addMovie 
 path_url=/api/v1/addMovie 
 headers={'User-Agent': 'python-requests/2.31.0', 'Accept-Encoding': 'gzip, deflate', 'Accept': '*/*', 'Connection': 'keep-alive', 'Content-Type': 'application/json', 'Content-Length': '71'} 
 body=b'{"name": "A_Few_Good_Men_butDifferentName", "movieId": "afewgoodmenid"}' 
 </msg>
<msg timestamp="20230812 18:30:47.854" level="INFO">PUT Response : url=http://localhost:8080/api/v1/addMovie 
 status=400, reason=Bad Request 
 headers={'Date': 'Sat, 12 Aug 2023 22:30:47 GMT', 'Content-length': '11'} 
 body=BAD REQUEST 
 </msg>
<msg timestamp="20230812 18:30:47.855" level="INFO">${resp} = &lt;Response [400]&gt;</msg>
<status status="PASS" starttime="20230812 18:30:47.846" endtime="20230812 18:30:47.855"/>
</kw>
<kw name="Create Dictionary" library="BuiltIn">
<var>${headers}</var>
<arg>Content-Type=application/json</arg>
<doc>Creates and returns a dictionary based on the given ``items``.</doc>
<msg timestamp="20230812 18:30:47.855" level="INFO">${headers} = {'Content-Type': 'application/json'}</msg>
<status status="PASS" starttime="20230812 18:30:47.855" endtime="20230812 18:30:47.855"/>
</kw>
<kw name="Create Dictionary" library="BuiltIn">
<var>${params}</var>
<arg>name=A_Few_Good_Men_butDifferentName</arg>
<arg>movieId=${null}</arg>
<doc>Creates and returns a dictionary based on the given ``items``.</doc>
<msg timestamp="20230812 18:30:47.856" level="INFO">${params} = {'name': 'A_Few_Good_Men_butDifferentName', 'movieId': None}</msg>
<status status="PASS" starttime="20230812 18:30:47.856" endtime="20230812 18:30:47.856"/>
</kw>
<kw name="PUT On Session" library="RequestsLibrary">
<var>${resp}</var>
<arg>localhost</arg>
<arg>/api/v1/addMovie</arg>
<arg>json=${params}</arg>
<arg>headers=${headers}</arg>
<arg>expected_status=400</arg>
<doc>Sends a PUT request on a previously created HTTP Session.</doc>
<msg timestamp="20230812 18:30:47.861" level="INFO">PUT Request : url=http://localhost:8080/api/v1/addMovie 
 path_url=/api/v1/addMovie 
 headers={'User-Agent': 'python-requests/2.31.0', 'Accept-Encoding': 'gzip, deflate', 'Accept': '*/*', 'Connection': 'keep-alive', 'Content-Type': 'application/json', 'Content-Length': '60'} 
 body=b'{"name": "A_Few_Good_Men_butDifferentName", "movieId": null}' 
 </msg>
<msg timestamp="20230812 18:30:47.861" level="INFO">PUT Response : url=http://localhost:8080/api/v1/addMovie 
 status=400, reason=Bad Request 
 headers={'Date': 'Sat, 12 Aug 2023 22:30:47 GMT', 'Content-length': '11'} 
 body=BAD REQUEST 
 </msg>
<msg timestamp="20230812 18:30:47.862" level="INFO">${resp} = &lt;Response [400]&gt;</msg>
<status status="PASS" starttime="20230812 18:30:47.857" endtime="20230812 18:30:47.862"/>
</kw>
<kw name="Create Dictionary" library="BuiltIn">
<var>${headers}</var>
<arg>Content-Type=application/json</arg>
<doc>Creates and returns a dictionary based on the given ``items``.</doc>
<msg timestamp="20230812 18:30:47.864" level="INFO">${headers} = {'Content-Type': 'application/json'}</msg>
<status status="PASS" starttime="20230812 18:30:47.863" endtime="20230812 18:30:47.864"/>
</kw>
<kw name="Create Dictionary" library="BuiltIn">
<var>${params}</var>
<arg>name=${null}</arg>
<arg>movieId=afewgoodmenid</arg>
<doc>Creates and returns a dictionary based on the given ``items``.</doc>
<msg timestamp="20230812 18:30:47.866" level="INFO">${params} = {'name': None, 'movieId': 'afewgoodmenid'}</msg>
<status status="PASS" starttime="20230812 18:30:47.864" endtime="20230812 18:30:47.866"/>
</kw>
<kw name="PUT On Session" library="RequestsLibrary">
<var>${resp}</var>
<arg>localhost</arg>
<arg>/api/v1/addMovie</arg>
<arg>json=${params}</arg>
<arg>headers=${headers}</arg>
<arg>expected_status=400</arg>
<doc>Sends a PUT request on a previously created HTTP Session.</doc>
<msg timestamp="20230812 18:30:47.871" level="INFO">PUT Request : url=http://localhost:8080/api/v1/addMovie 
 path_url=/api/v1/addMovie 
 headers={'User-Agent': 'python-requests/2.31.0', 'Accept-Encoding': 'gzip, deflate', 'Accept': '*/*', 'Connection': 'keep-alive', 'Content-Type': 'application/json', 'Content-Length': '42'} 
 body=b'{"name": null, "movieId": "afewgoodmenid"}' 
 </msg>
<msg timestamp="20230812 18:30:47.871" level="INFO">PUT Response : url=http://localhost:8080/api/v1/addMovie 
 status=400, reason=Bad Request 
 headers={'Date': 'Sat, 12 Aug 2023 22:30:47 GMT', 'Content-length': '11'} 
 body=BAD REQUEST 
 </msg>
<msg timestamp="20230812 18:30:47.871" level="INFO">${resp} = &lt;Response [400]&gt;</msg>
<status status="PASS" starttime="20230812 18:30:47.867" endtime="20230812 18:30:47.872"/>
</kw>
<timeout value="30 seconds"/>
<status status="PASS" starttime="20230812 18:30:47.807" endtime="20230812 18:30:47.872"/>
</test>
<test id="s1-s1-s1-s1-s1-t5" name="addRelationshipPass" line="88">
<kw name="Create Dictionary" library="BuiltIn">
<var>${headers}</var>
<arg>Content-Type=application/json</arg>
<doc>Creates and returns a dictionary based on the given ``items``.</doc>
<msg timestamp="20230812 18:30:47.874" level="INFO">${headers} = {'Content-Type': 'application/json'}</msg>
<status status="PASS" starttime="20230812 18:30:47.874" endtime="20230812 18:30:47.874"/>
</kw>
<kw name="Create Dictionary" library="BuiltIn">
<var>${params}</var>
<arg>actorId=nm0000102</arg>
<arg>movieId=afewgoodmenid</arg>
<doc>Creates and returns a dictionary based on the given ``items``.</doc>
<msg timestamp="20230812 18:30:47.875" level="INFO">${params} = {'actorId': 'nm0000102', 'movieId': 'afewgoodmenid'}</msg>
<status status="PASS" starttime="20230812 18:30:47.875" endtime="20230812 18:30:47.875"/>
</kw>
<kw name="PUT On Session" library="RequestsLibrary">
<var>${resp}</var>
<arg>localhost</arg>
<arg>/api/v1/addRelationship</arg>
<arg>json=${params}</arg>
<arg>headers=${headers}</arg>
<arg>expected_status=200</arg>
<doc>Sends a PUT request on a previously created HTTP Session.</doc>
<msg timestamp="20230812 18:30:47.890" level="INFO">PUT Request : url=http://localhost:8080/api/v1/addRelationship 
 path_url=/api/v1/addRelationship 
 headers={'User-Agent': 'python-requests/2.31.0', 'Accept-Encoding': 'gzip, deflate', 'Accept': '*/*', 'Connection': 'keep-alive', 'Content-Type': 'application/json', 'Content-Length': '52'} 
 body=b'{"actorId": "nm0000102", "movieId": "afewgoodmenid"}' 
 </msg>
<msg timestamp="20230812 18:30:47.890" level="INFO">PUT Response : url=http://localhost:8080/api/v1/addRelationship 
 status=200, reason=OK 
 headers={'Date': 'Sat, 12 Aug 2023 22:30:47 GMT', 'Content-length': '2'} 
 body=OK 
 </msg>
<msg timestamp="20230812 18:30:47.890" level="INFO">${resp} = &lt;Response [200]&gt;</msg>
<status status="PASS" starttime="20230812 18:30:47.875" endtime="20230812 18:30:47.890"/>
</kw>
<timeout value="30 seconds"/>
<status status="PASS" starttime="20230812 18:30:47.873" endtime="20230812 18:30:47.892"/>
</test>
<test id="s1-s1-s1-s1-s1-t6" name="addRelationshipFail" line="95">
<kw name="Create Dictionary" library="BuiltIn">
<var>${headers}</var>
<arg>Content-Type=application/json</arg>
<doc>Creates and returns a dictionary based on the given ``items``.</doc>
<msg timestamp="20230812 18:30:47.894" level="INFO">${headers} = {'Content-Type': 'application/json'}</msg>
<status status="PASS" starttime="20230812 18:30:47.894" endtime="20230812 18:30:47.894"/>
</kw>
<kw name="Create Dictionary" library="BuiltIn">
<var>${params}</var>
<arg>actorId=nm0000102</arg>
<arg>movieId=afewgoodmenid</arg>
<doc>Creates and returns a dictionary based on the given ``items``.</doc>
<msg timestamp="20230812 18:30:47.895" level="INFO">${params} = {'actorId': 'nm0000102', 'movieId': 'afewgoodmenid'}</msg>
<status status="PASS" starttime="20230812 18:30:47.895" endtime="20230812 18:30:47.895"/>
</kw>
<kw name="PUT On Session" library="RequestsLibrary">
<var>${resp}</var>
<arg>localhost</arg>
<arg>/api/v1/addRelationship</arg>
<arg>json=${params}</arg>
<arg>headers=${headers}</arg>
<arg>expected_status=400</arg>
<doc>Sends a PUT request on a previously created HTTP Session.</doc>
<msg timestamp="20230812 18:30:47.910" level="INFO">PUT Request : url=http://localhost:8080/api/v1/addRelationship 
 path_url=/api/v1/addRelationship 
 headers={'User-Agent': 'python-requests/2.31.0', 'Accept-Encoding': 'gzip, deflate', 'Accept': '*/*', 'Connection': 'keep-alive', 'Content-Type': 'application/json', 'Content-Length': '52'} 
 body=b'{"actorId": "nm0000102", "movieId": "afewgoodmenid"}' 
 </msg>
<msg timestamp="20230812 18:30:47.910" level="INFO">PUT Response : url=http://localhost:8080/api/v1/addRelationship 
 status=400, reason=Bad Request 
 headers={'Date': 'Sat, 12 Aug 2023 22:30:47 GMT', 'Content-length': '11'} 
 body=BAD REQUEST 
 </msg>
<msg timestamp="20230812 18:30:47.910" level="INFO">${resp} = &lt;Response [400]&gt;</msg>
<status status="PASS" starttime="20230812 18:30:47.896" endtime="20230812 18:30:47.910"/>
</kw>
<kw name="Create Dictionary" library="BuiltIn">
<var>${headers}</var>
<arg>Content-Type=application/json</arg>
<doc>Creates and returns a dictionary based on the given ``items``.</doc>
<msg timestamp="20230812 18:30:47.911" level="INFO">${headers} = {'Content-Type': 'application/json'}</msg>
<status status="PASS" starttime="20230812 18:30:47.910" endtime="20230812 18:30:47.911"/>
</kw>
<kw name="Create Dictionary" library="BuiltIn">
<var>${params}</var>
<arg>actorId=nm0000102</arg>
<arg>movieId=${null}</arg>
<doc>Creates and returns a dictionary based on the given ``items``.</doc>
<msg timestamp="20230812 18:30:47.913" level="INFO">${params} = {'actorId': 'nm0000102', 'movieId': None}</msg>
<status status="PASS" starttime="20230812 18:30:47.913" endtime="20230812 18:30:47.913"/>
</kw>
<kw name="PUT On Session" library="RequestsLibrary">
<var>${resp}</var>
<arg>localhost</arg>
<arg>/api/v1/addRelationship</arg>
<arg>json=${params}</arg>
<arg>headers=${headers}</arg>
<arg>expected_status=400</arg>
<doc>Sends a PUT request on a previously created HTTP Session.</doc>
<msg timestamp="20230812 18:30:47.916" level="INFO">PUT Request : url=http://localhost:8080/api/v1/addRelationship 
 path_url=/api/v1/addRelationship 
 headers={'User-Agent': 'python-requests/2.31.0', 'Accept-Encoding': 'gzip, deflate', 'Accept': '*/*', 'Connection': 'keep-alive', 'Content-Type': 'application/json', 'Content-Length': '41'} 
 body=b'{"actorId": "nm0000102", "movieId": null}' 
 </msg>
<msg timestamp="20230812 18:30:47.916" level="INFO">PUT Response : url=http://localhost:8080/api/v1/addRelationship 
 status=400, reason=Bad Request 
 headers={'Date': 'Sat, 12 Aug 2023 22:30:47 GMT', 'Content-length': '11'} 
 body=BAD REQUEST 
 </msg>
<msg timestamp="20230812 18:30:47.917" level="INFO">${resp} = &lt;Response [400]&gt;</msg>
<status status="PASS" starttime="20230812 18:30:47.913" endtime="20230812 18:30:47.917"/>
</kw>
<kw name="Create Dictionary" library="BuiltIn">
<var>${headers}</var>
<arg>Content-Type=application/json</arg>
<doc>Creates and returns a dictionary based on the given ``items``.</doc>
<msg timestamp="20230812 18:30:47.917" level="INFO">${headers} = {'Content-Type': 'application/json'}</msg>
<status status="PASS" starttime="20230812 18:30:47.917" endtime="20230812 18:30:47.917"/>
</kw>
<kw name="Create Dictionary" library="BuiltIn">
<var>${params}</var>
<arg>actorId=${null}</arg>
<arg>movieId=afewgoodmenid</arg>
<doc>Creates and returns a dictionary based on the given ``items``.</doc>
<msg timestamp="20230812 18:30:47.919" level="INFO">${params} = {'actorId': None, 'movieId': 'afewgoodmenid'}</msg>
<status status="PASS" starttime="20230812 18:30:47.919" endtime="20230812 18:30:47.919"/>
</kw>
<kw name="PUT On Session" library="RequestsLibrary">
<var>${resp}</var>
<arg>localhost</arg>
<arg>/api/v1/addRelationship</arg>
<arg>json=${params}</arg>
<arg>headers=${headers}</arg>
<arg>expected_status=400</arg>
<doc>Sends a PUT request on a previously created HTTP Session.</doc>
<msg timestamp="20230812 18:30:47.923" level="INFO">PUT Request : url=http://localhost:8080/api/v1/addRelationship 
 path_url=/api/v1/addRelationship 
 headers={'User-Agent': 'python-requests/2.31.0', 'Accept-Encoding': 'gzip, deflate', 'Accept': '*/*', 'Connection': 'keep-alive', 'Content-Type': 'application/json', 'Content-Length': '45'} 
 body=b'{"actorId": null, "movieId": "afewgoodmenid"}' 
 </msg>
<msg timestamp="20230812 18:30:47.923" level="INFO">PUT Response : url=http://localhost:8080/api/v1/addRelationship 
 status=400, reason=Bad Request 
 headers={'Date': 'Sat, 12 Aug 2023 22:30:47 GMT', 'Content-length': '11'} 
 body=BAD REQUEST 
 </msg>
<msg timestamp="20230812 18:30:47.923" level="INFO">${resp} = &lt;Response [400]&gt;</msg>
<status status="PASS" starttime="20230812 18:30:47.920" endtime="20230812 18:30:47.923"/>
</kw>
<kw name="Create Dictionary" library="BuiltIn">
<var>${headers}</var>
<arg>Content-Type=application/json</arg>
<doc>Creates and returns a dictionary based on the given ``items``.</doc>
<msg timestamp="20230812 18:30:47.925" level="INFO">${headers} = {'Content-Type': 'application/json'}</msg>
<status status="PASS" starttime="20230812 18:30:47.924" endtime="20230812 18:30:47.925"/>
</kw>
<kw name="Create Dictionary" library="BuiltIn">
<var>${params}</var>
<arg>actorId=nm0000102</arg>
<arg>movieId=nonexistentID</arg>
<doc>Creates and returns a dictionary based on the given ``items``.</doc>
<msg timestamp="20230812 18:30:47.926" level="INFO">${params} = {'actorId': 'nm0000102', 'movieId': 'nonexistentID'}</msg>
<status status="PASS" starttime="20230812 18:30:47.925" endtime="20230812 18:30:47.926"/>
</kw>
<kw name="PUT On Session" library="RequestsLibrary">
<var>${resp}</var>
<arg>localhost</arg>
<arg>/api/v1/addRelationship</arg>
<arg>json=${params}</arg>
<arg>headers=${headers}</arg>
<arg>expected_status=404</arg>
<doc>Sends a PUT request on a previously created HTTP Session.</doc>
<msg timestamp="20230812 18:30:47.935" level="INFO">PUT Request : url=http://localhost:8080/api/v1/addRelationship 
 path_url=/api/v1/addRelationship 
 headers={'User-Agent': 'python-requests/2.31.0', 'Accept-Encoding': 'gzip, deflate', 'Accept': '*/*', 'Connection': 'keep-alive', 'Content-Type': 'application/json', 'Content-Length': '52'} 
 body=b'{"actorId": "nm0000102", "movieId": "nonexistentID"}' 
 </msg>
<msg timestamp="20230812 18:30:47.936" level="INFO">PUT Response : url=http://localhost:8080/api/v1/addRelationship 
 status=404, reason=Not Found 
 headers={'Date': 'Sat, 12 Aug 2023 22:30:47 GMT', 'Content-length': '9'} 
 body=NOT FOUND 
 </msg>
<msg timestamp="20230812 18:30:47.936" level="INFO">${resp} = &lt;Response [404]&gt;</msg>
<status status="PASS" starttime="20230812 18:30:47.926" endtime="20230812 18:30:47.936"/>
</kw>
<kw name="Create Dictionary" library="BuiltIn">
<var>${headers}</var>
<arg>Content-Type=application/json</arg>
<doc>Creates and returns a dictionary based on the given ``items``.</doc>
<msg timestamp="20230812 18:30:47.937" level="INFO">${headers} = {'Content-Type': 'application/json'}</msg>
<status status="PASS" starttime="20230812 18:30:47.936" endtime="20230812 18:30:47.937"/>
</kw>
<kw name="Create Dictionary" library="BuiltIn">
<var>${params}</var>
<arg>actorId=nonexistingActorID</arg>
<arg>movieId=afewgoodmenid</arg>
<doc>Creates and returns a dictionary based on the given ``items``.</doc>
<msg timestamp="20230812 18:30:47.937" level="INFO">${params} = {'actorId': 'nonexistingActorID', 'movieId': 'afewgoodmenid'}</msg>
<status status="PASS" starttime="20230812 18:30:47.937" endtime="20230812 18:30:47.938"/>
</kw>
<kw name="PUT On Session" library="RequestsLibrary">
<var>${resp}</var>
<arg>localhost</arg>
<arg>/api/v1/addRelationship</arg>
<arg>json=${params}</arg>
<arg>headers=${headers}</arg>
<arg>expected_status=404</arg>
<doc>Sends a PUT request on a previously created HTTP Session.</doc>
<msg timestamp="20230812 18:30:47.949" level="INFO">PUT Request : url=http://localhost:8080/api/v1/addRelationship 
 path_url=/api/v1/addRelationship 
 headers={'User-Agent': 'python-requests/2.31.0', 'Accept-Encoding': 'gzip, deflate', 'Accept': '*/*', 'Connection': 'keep-alive', 'Content-Type': 'application/json', 'Content-Length': '61'} 
 body=b'{"actorId": "nonexistingActorID", "movieId": "afewgoodmenid"}' 
 </msg>
<msg timestamp="20230812 18:30:47.949" level="INFO">PUT Response : url=http://localhost:8080/api/v1/addRelationship 
 status=404, reason=Not Found 
 headers={'Date': 'Sat, 12 Aug 2023 22:30:47 GMT', 'Content-length': '9'} 
 body=NOT FOUND 
 </msg>
<msg timestamp="20230812 18:30:47.950" level="INFO">${resp} = &lt;Response [404]&gt;</msg>
<status status="PASS" starttime="20230812 18:30:47.938" endtime="20230812 18:30:47.950"/>
</kw>
<kw name="Create Dictionary" library="BuiltIn">
<var>${headers}</var>
<arg>Content-Type=application/json</arg>
<doc>Creates and returns a dictionary based on the given ``items``.</doc>
<msg timestamp="20230812 18:30:47.950" level="INFO">${headers} = {'Content-Type': 'application/json'}</msg>
<status status="PASS" starttime="20230812 18:30:47.950" endtime="20230812 18:30:47.951"/>
</kw>
<kw name="Create Dictionary" library="BuiltIn">
<var>${params}</var>
<arg>actorId=nm0000102</arg>
<arg>movieId=afewgoodmenid</arg>
<doc>Creates and returns a dictionary based on the given ``items``.</doc>
<msg timestamp="20230812 18:30:47.951" level="INFO">${params} = {'actorId': 'nm0000102', 'movieId': 'afewgoodmenid'}</msg>
<status status="PASS" starttime="20230812 18:30:47.951" endtime="20230812 18:30:47.951"/>
</kw>
<kw name="PUT On Session" library="RequestsLibrary">
<var>${resp}</var>
<arg>localhost</arg>
<arg>/api/v1/addRelationship</arg>
<arg>json=${params}</arg>
<arg>headers=${headers}</arg>
<arg>expected_status=400</arg>
<doc>Sends a PUT request on a previously created HTTP Session.</doc>
<msg timestamp="20230812 18:30:47.968" level="INFO">PUT Request : url=http://localhost:8080/api/v1/addRelationship 
 path_url=/api/v1/addRelationship 
 headers={'User-Agent': 'python-requests/2.31.0', 'Accept-Encoding': 'gzip, deflate', 'Accept': '*/*', 'Connection': 'keep-alive', 'Content-Type': 'application/json', 'Content-Length': '52'} 
 body=b'{"actorId": "nm0000102", "movieId": "afewgoodmenid"}' 
 </msg>
<msg timestamp="20230812 18:30:47.968" level="INFO">PUT Response : url=http://localhost:8080/api/v1/addRelationship 
 status=400, reason=Bad Request 
 headers={'Date': 'Sat, 12 Aug 2023 22:30:47 GMT', 'Content-length': '11'} 
 body=BAD REQUEST 
 </msg>
<msg timestamp="20230812 18:30:47.969" level="INFO">${resp} = &lt;Response [400]&gt;</msg>
<status status="PASS" starttime="20230812 18:30:47.952" endtime="20230812 18:30:47.969"/>
</kw>
<timeout value="30 seconds"/>
<status status="PASS" starttime="20230812 18:30:47.893" endtime="20230812 18:30:47.969"/>
</test>
<test id="s1-s1-s1-s1-s1-t7" name="getActorPass" line="126">
<kw name="Create Dictionary" library="BuiltIn">
<var>${headers}</var>
<arg>Content-Type=application/json</arg>
<doc>Creates and returns a dictionary based on the given ``items``.</doc>
<msg timestamp="20230812 18:30:47.971" level="INFO">${headers} = {'Content-Type': 'application/json'}</msg>
<status status="PASS" starttime="20230812 18:30:47.971" endtime="20230812 18:30:47.971"/>
</kw>
<kw name="Create Dictionary" library="BuiltIn">
<var>${params}</var>
<arg>actorId=nm0000102</arg>
<doc>Creates and returns a dictionary based on the given ``items``.</doc>
<msg timestamp="20230812 18:30:47.972" level="INFO">${params} = {'actorId': 'nm0000102'}</msg>
<status status="PASS" starttime="20230812 18:30:47.972" endtime="20230812 18:30:47.972"/>
</kw>
<kw name="GET On Session" library="RequestsLibrary">
<var>${resp}</var>
<arg>localhost</arg>
<arg>/api/v1/getActor</arg>
<arg>params=${params}</arg>
<arg>headers=${headers}</arg>
<arg>expected_status=200</arg>
<doc>Sends a GET request on a previously created HTTP Session.</doc>
<msg timestamp="20230812 18:30:47.985" level="INFO">GET Request : url=http://localhost:8080/api/v1/getActor?actorId=nm0000102 
 path_url=/api/v1/getActor?actorId=nm0000102 
 headers={'User-Agent': 'python-requests/2.31.0', 'Accept-Encoding': 'gzip, deflate', 'Accept': '*/*', 'Connection': 'keep-alive', 'Content-Type': 'application/json'} 
 body=None 
 </msg>
<msg timestamp="20230812 18:30:47.985" level="INFO">GET Response : url=http://localhost:8080/api/v1/getActor?actorId=nm0000102 
 status=200, reason=OK 
 headers={'Date': 'Sat, 12 Aug 2023 22:30:47 GMT', 'Content-length': '71'} 
 body={"actorId":"nm0000102","name":"Kevin Bacon","movies":["afewgoodmenid"]} 
 </msg>
<msg timestamp="20230812 18:30:47.985" level="INFO">${resp} = &lt;Response [200]&gt;</msg>
<status status="PASS" starttime="20230812 18:30:47.973" endtime="20230812 18:30:47.985"/>
</kw>
<kw name="Should Be Equal As Strings" library="BuiltIn">
<arg>${resp.json()['actorId']}</arg>
<arg>nm0000102</arg>
<doc>Fails if objects are unequal after converting them to strings.</doc>
<status status="PASS" starttime="20230812 18:30:47.986" endtime="20230812 18:30:47.987"/>
</kw>
<kw name="Should Be Equal As Strings" library="BuiltIn">
<arg>${resp.json()['name']}</arg>
<arg>Kevin Bacon</arg>
<doc>Fails if objects are unequal after converting them to strings.</doc>
<status status="PASS" starttime="20230812 18:30:47.988" endtime="20230812 18:30:47.989"/>
</kw>
<kw name="List Should Contain Value" library="Collections">
<arg>${resp.json()['movies']}</arg>
<arg>afewgoodmenid</arg>
<doc>Fails if the ``value`` is not found from ``list``.</doc>
<status status="PASS" starttime="20230812 18:30:47.990" endtime="20230812 18:30:47.992"/>
</kw>
<timeout value="30 seconds"/>
<status status="PASS" starttime="20230812 18:30:47.970" endtime="20230812 18:30:47.992"/>
</test>
<test id="s1-s1-s1-s1-s1-t8" name="getActorFail" line="135">
<kw name="Create Dictionary" library="BuiltIn">
<var>${headers}</var>
<arg>Content-Type=application/json</arg>
<doc>Creates and returns a dictionary based on the given ``items``.</doc>
<msg timestamp="20230812 18:30:47.995" level="INFO">${headers} = {'Content-Type': 'application/json'}</msg>
<status status="PASS" starttime="20230812 18:30:47.994" endtime="20230812 18:30:47.995"/>
</kw>
<kw name="Create Dictionary" library="BuiltIn">
<var>${params}</var>
<arg>Nonexistentparameter=nm0000102</arg>
<doc>Creates and returns a dictionary based on the given ``items``.</doc>
<msg timestamp="20230812 18:30:47.996" level="INFO">${params} = {'Nonexistentparameter': 'nm0000102'}</msg>
<status status="PASS" starttime="20230812 18:30:47.995" endtime="20230812 18:30:47.996"/>
</kw>
<kw name="GET On Session" library="RequestsLibrary">
<var>${resp}</var>
<arg>localhost</arg>
<arg>/api/v1/getActor</arg>
<arg>params=${params}</arg>
<arg>headers=${headers}</arg>
<arg>expected_status=400</arg>
<doc>Sends a GET request on a previously created HTTP Session.</doc>
<msg timestamp="20230812 18:30:48.001" level="INFO">GET Request : url=http://localhost:8080/api/v1/getActor?Nonexistentparameter=nm0000102 
 path_url=/api/v1/getActor?Nonexistentparameter=nm0000102 
 headers={'User-Agent': 'python-requests/2.31.0', 'Accept-Encoding': 'gzip, deflate', 'Accept': '*/*', 'Connection': 'keep-alive', 'Content-Type': 'application/json'} 
 body=None 
 </msg>
<msg timestamp="20230812 18:30:48.002" level="INFO">GET Response : url=http://localhost:8080/api/v1/getActor?Nonexistentparameter=nm0000102 
 status=400, reason=Bad Request 
 headers={'Date': 'Sat, 12 Aug 2023 22:30:48 GMT', 'Content-length': '11'} 
 body=BAD REQUEST 
 </msg>
<msg timestamp="20230812 18:30:48.002" level="INFO">${resp} = &lt;Response [400]&gt;</msg>
<status status="PASS" starttime="20230812 18:30:47.997" endtime="20230812 18:30:48.002"/>
</kw>
<kw name="Create Dictionary" library="BuiltIn">
<var>${headers}</var>
<arg>Content-Type=application/json</arg>
<doc>Creates and returns a dictionary based on the given ``items``.</doc>
<msg timestamp="20230812 18:30:48.003" level="INFO">${headers} = {'Content-Type': 'application/json'}</msg>
<status status="PASS" starttime="20230812 18:30:48.002" endtime="20230812 18:30:48.003"/>
</kw>
<kw name="Create Dictionary" library="BuiltIn">
<var>${params}</var>
<arg>actorId=${null}</arg>
<doc>Creates and returns a dictionary based on the given ``items``.</doc>
<msg timestamp="20230812 18:30:48.004" level="INFO">${params} = {'actorId': None}</msg>
<status status="PASS" starttime="20230812 18:30:48.004" endtime="20230812 18:30:48.004"/>
</kw>
<kw name="GET On Session" library="RequestsLibrary">
<var>${resp}</var>
<arg>localhost</arg>
<arg>/api/v1/getActor</arg>
<arg>params=${params}</arg>
<arg>headers=${headers}</arg>
<arg>expected_status=400</arg>
<doc>Sends a GET request on a previously created HTTP Session.</doc>
<msg timestamp="20230812 18:30:48.009" level="INFO">GET Request : url=http://localhost:8080/api/v1/getActor 
 path_url=/api/v1/getActor 
 headers={'User-Agent': 'python-requests/2.31.0', 'Accept-Encoding': 'gzip, deflate', 'Accept': '*/*', 'Connection': 'keep-alive', 'Content-Type': 'application/json'} 
 body=None 
 </msg>
<msg timestamp="20230812 18:30:48.009" level="INFO">GET Response : url=http://localhost:8080/api/v1/getActor 
 status=400, reason=Bad Request 
 headers={'Date': 'Sat, 12 Aug 2023 22:30:48 GMT', 'Content-length': '11'} 
 body=BAD REQUEST 
 </msg>
<msg timestamp="20230812 18:30:48.009" level="INFO">${resp} = &lt;Response [400]&gt;</msg>
<status status="PASS" starttime="20230812 18:30:48.005" endtime="20230812 18:30:48.009"/>
</kw>
<kw name="Create Dictionary" library="BuiltIn">
<var>${headers}</var>
<arg>Content-Type=application/json</arg>
<doc>Creates and returns a dictionary based on the given ``items``.</doc>
<msg timestamp="20230812 18:30:48.012" level="INFO">${headers} = {'Content-Type': 'application/json'}</msg>
<status status="PASS" starttime="20230812 18:30:48.011" endtime="20230812 18:30:48.012"/>
</kw>
<kw name="Create Dictionary" library="BuiltIn">
<var>${params}</var>
<arg>actorId=nonexistentId</arg>
<doc>Creates and returns a dictionary based on the given ``items``.</doc>
<msg timestamp="20230812 18:30:48.012" level="INFO">${params} = {'actorId': 'nonexistentId'}</msg>
<status status="PASS" starttime="20230812 18:30:48.012" endtime="20230812 18:30:48.012"/>
</kw>
<kw name="GET On Session" library="RequestsLibrary">
<var>${resp}</var>
<arg>localhost</arg>
<arg>/api/v1/getActor</arg>
<arg>params=${params}</arg>
<arg>headers=${headers}</arg>
<arg>expected_status=404</arg>
<doc>Sends a GET request on a previously created HTTP Session.</doc>
<msg timestamp="20230812 18:30:48.020" level="INFO">GET Request : url=http://localhost:8080/api/v1/getActor?actorId=nonexistentId 
 path_url=/api/v1/getActor?actorId=nonexistentId 
 headers={'User-Agent': 'python-requests/2.31.0', 'Accept-Encoding': 'gzip, deflate', 'Accept': '*/*', 'Connection': 'keep-alive', 'Content-Type': 'application/json'} 
 body=None 
 </msg>
<msg timestamp="20230812 18:30:48.020" level="INFO">GET Response : url=http://localhost:8080/api/v1/getActor?actorId=nonexistentId 
 status=404, reason=Not Found 
 headers={'Date': 'Sat, 12 Aug 2023 22:30:48 GMT', 'Content-length': '9'} 
 body=NOT FOUND 
 </msg>
<msg timestamp="20230812 18:30:48.021" level="INFO">${resp} = &lt;Response [404]&gt;</msg>
<status status="PASS" starttime="20230812 18:30:48.013" endtime="20230812 18:30:48.021"/>
</kw>
<timeout value="30 seconds"/>
<status status="PASS" starttime="20230812 18:30:47.994" endtime="20230812 18:30:48.022"/>
</test>
<test id="s1-s1-s1-s1-s1-t9" name="getMoviePass" line="152">
<kw name="Create Dictionary" library="BuiltIn">
<var>${headers}</var>
<arg>Content-Type=application/json</arg>
<doc>Creates and returns a dictionary based on the given ``items``.</doc>
<msg timestamp="20230812 18:30:48.024" level="INFO">${headers} = {'Content-Type': 'application/json'}</msg>
<status status="PASS" starttime="20230812 18:30:48.024" endtime="20230812 18:30:48.024"/>
</kw>
<kw name="Create Dictionary" library="BuiltIn">
<var>${params}</var>
<arg>movieId=afewgoodmenid</arg>
<doc>Creates and returns a dictionary based on the given ``items``.</doc>
<msg timestamp="20230812 18:30:48.025" level="INFO">${params} = {'movieId': 'afewgoodmenid'}</msg>
<status status="PASS" starttime="20230812 18:30:48.025" endtime="20230812 18:30:48.025"/>
</kw>
<kw name="GET On Session" library="RequestsLibrary">
<var>${resp}</var>
<arg>localhost</arg>
<arg>/api/v1/getMovie</arg>
<arg>params=${params}</arg>
<arg>headers=${headers}</arg>
<arg>expected_status=200</arg>
<doc>Sends a GET request on a previously created HTTP Session.</doc>
<msg timestamp="20230812 18:30:48.039" level="INFO">GET Request : url=http://localhost:8080/api/v1/getMovie?movieId=afewgoodmenid 
 path_url=/api/v1/getMovie?movieId=afewgoodmenid 
 headers={'User-Agent': 'python-requests/2.31.0', 'Accept-Encoding': 'gzip, deflate', 'Accept': '*/*', 'Connection': 'keep-alive', 'Content-Type': 'application/json'} 
 body=None 
 </msg>
<msg timestamp="20230812 18:30:48.040" level="INFO">GET Response : url=http://localhost:8080/api/v1/getMovie?movieId=afewgoodmenid 
 status=200, reason=OK 
 headers={'Date': 'Sat, 12 Aug 2023 22:30:48 GMT', 'Content-length': '74'} 
 body={"movieId":"afewgoodmenid","name":"A Few Good Men","actors":["nm0000102"]} 
 </msg>
<msg timestamp="20230812 18:30:48.040" level="INFO">${resp} = &lt;Response [200]&gt;</msg>
<status status="PASS" starttime="20230812 18:30:48.026" endtime="20230812 18:30:48.040"/>
</kw>
<kw name="Should Be Equal As Strings" library="BuiltIn">
<arg>${resp.json()['movieId']}</arg>
<arg>afewgoodmenid</arg>
<doc>Fails if objects are unequal after converting them to strings.</doc>
<status status="PASS" starttime="20230812 18:30:48.041" endtime="20230812 18:30:48.043"/>
</kw>
<kw name="Should Be Equal As Strings" library="BuiltIn">
<arg>${resp.json()['name']}</arg>
<arg>A Few Good Men</arg>
<doc>Fails if objects are unequal after converting them to strings.</doc>
<status status="PASS" starttime="20230812 18:30:48.044" endtime="20230812 18:30:48.046"/>
</kw>
<kw name="List Should Contain Value" library="Collections">
<arg>${resp.json()['actors']}</arg>
<arg>nm0000102</arg>
<doc>Fails if the ``value`` is not found from ``list``.</doc>
<status status="PASS" starttime="20230812 18:30:48.046" endtime="20230812 18:30:48.048"/>
</kw>
<timeout value="30 seconds"/>
<status status="PASS" starttime="20230812 18:30:48.023" endtime="20230812 18:30:48.049"/>
</test>
<test id="s1-s1-s1-s1-s1-t10" name="getMovieFail" line="161">
<kw name="Create Dictionary" library="BuiltIn">
<var>${headers}</var>
<arg>Content-Type=application/json</arg>
<doc>Creates and returns a dictionary based on the given ``items``.</doc>
<msg timestamp="20230812 18:30:48.053" level="INFO">${headers} = {'Content-Type': 'application/json'}</msg>
<status status="PASS" starttime="20230812 18:30:48.052" endtime="20230812 18:30:48.053"/>
</kw>
<kw name="Create Dictionary" library="BuiltIn">
<var>${params}</var>
<arg>NotARealParameter=afewgoodmenid</arg>
<doc>Creates and returns a dictionary based on the given ``items``.</doc>
<msg timestamp="20230812 18:30:48.054" level="INFO">${params} = {'NotARealParameter': 'afewgoodmenid'}</msg>
<status status="PASS" starttime="20230812 18:30:48.054" endtime="20230812 18:30:48.054"/>
</kw>
<kw name="GET On Session" library="RequestsLibrary">
<var>${resp}</var>
<arg>localhost</arg>
<arg>/api/v1/getMovie</arg>
<arg>params=${params}</arg>
<arg>headers=${headers}</arg>
<arg>expected_status=400</arg>
<doc>Sends a GET request on a previously created HTTP Session.</doc>
<msg timestamp="20230812 18:30:48.061" level="INFO">GET Request : url=http://localhost:8080/api/v1/getMovie?NotARealParameter=afewgoodmenid 
 path_url=/api/v1/getMovie?NotARealParameter=afewgoodmenid 
 headers={'User-Agent': 'python-requests/2.31.0', 'Accept-Encoding': 'gzip, deflate', 'Accept': '*/*', 'Connection': 'keep-alive', 'Content-Type': 'application/json'} 
 body=None 
 </msg>
<msg timestamp="20230812 18:30:48.061" level="INFO">GET Response : url=http://localhost:8080/api/v1/getMovie?NotARealParameter=afewgoodmenid 
 status=400, reason=Bad Request 
 headers={'Date': 'Sat, 12 Aug 2023 22:30:48 GMT', 'Content-length': '11'} 
 body=BAD REQUEST 
 </msg>
<msg timestamp="20230812 18:30:48.061" level="INFO">${resp} = &lt;Response [400]&gt;</msg>
<status status="PASS" starttime="20230812 18:30:48.055" endtime="20230812 18:30:48.061"/>
</kw>
<kw name="Create Dictionary" library="BuiltIn">
<var>${headers}</var>
<arg>Content-Type=application/json</arg>
<doc>Creates and returns a dictionary based on the given ``items``.</doc>
<msg timestamp="20230812 18:30:48.063" level="INFO">${headers} = {'Content-Type': 'application/json'}</msg>
<status status="PASS" starttime="20230812 18:30:48.062" endtime="20230812 18:30:48.063"/>
</kw>
<kw name="Create Dictionary" library="BuiltIn">
<var>${params}</var>
<arg>movieId=${null}</arg>
<doc>Creates and returns a dictionary based on the given ``items``.</doc>
<msg timestamp="20230812 18:30:48.064" level="INFO">${params} = {'movieId': None}</msg>
<status status="PASS" starttime="20230812 18:30:48.063" endtime="20230812 18:30:48.064"/>
</kw>
<kw name="GET On Session" library="RequestsLibrary">
<var>${resp}</var>
<arg>localhost</arg>
<arg>/api/v1/getMovie</arg>
<arg>params=${params}</arg>
<arg>headers=${headers}</arg>
<arg>expected_status=400</arg>
<doc>Sends a GET request on a previously created HTTP Session.</doc>
<msg timestamp="20230812 18:30:48.071" level="INFO">GET Request : url=http://localhost:8080/api/v1/getMovie 
 path_url=/api/v1/getMovie 
 headers={'User-Agent': 'python-requests/2.31.0', 'Accept-Encoding': 'gzip, deflate', 'Accept': '*/*', 'Connection': 'keep-alive', 'Content-Type': 'application/json'} 
 body=None 
 </msg>
<msg timestamp="20230812 18:30:48.071" level="INFO">GET Response : url=http://localhost:8080/api/v1/getMovie 
 status=400, reason=Bad Request 
 headers={'Date': 'Sat, 12 Aug 2023 22:30:48 GMT', 'Content-length': '11'} 
 body=BAD REQUEST 
 </msg>
<msg timestamp="20230812 18:30:48.071" level="INFO">${resp} = &lt;Response [400]&gt;</msg>
<status status="PASS" starttime="20230812 18:30:48.065" endtime="20230812 18:30:48.071"/>
</kw>
<kw name="Create Dictionary" library="BuiltIn">
<var>${headers}</var>
<arg>Content-Type=application/json</arg>
<doc>Creates and returns a dictionary based on the given ``items``.</doc>
<msg timestamp="20230812 18:30:48.073" level="INFO">${headers} = {'Content-Type': 'application/json'}</msg>
<status status="PASS" starttime="20230812 18:30:48.073" endtime="20230812 18:30:48.073"/>
</kw>
<kw name="Create Dictionary" library="BuiltIn">
<var>${params}</var>
<arg>movieId=NotARealMovieID</arg>
<doc>Creates and returns a dictionary based on the given ``items``.</doc>
<msg timestamp="20230812 18:30:48.074" level="INFO">${params} = {'movieId': 'NotARealMovieID'}</msg>
<status status="PASS" starttime="20230812 18:30:48.074" endtime="20230812 18:30:48.074"/>
</kw>
<kw name="GET On Session" library="RequestsLibrary">
<var>${resp}</var>
<arg>localhost</arg>
<arg>/api/v1/getMovie</arg>
<arg>params=${params}</arg>
<arg>headers=${headers}</arg>
<arg>expected_status=404</arg>
<doc>Sends a GET request on a previously created HTTP Session.</doc>
<msg timestamp="20230812 18:30:48.085" level="INFO">GET Request : url=http://localhost:8080/api/v1/getMovie?movieId=NotARealMovieID 
 path_url=/api/v1/getMovie?movieId=NotARealMovieID 
 headers={'User-Agent': 'python-requests/2.31.0', 'Accept-Encoding': 'gzip, deflate', 'Accept': '*/*', 'Connection': 'keep-alive', 'Content-Type': 'application/json'} 
 body=None 
 </msg>
<msg timestamp="20230812 18:30:48.085" level="INFO">GET Response : url=http://localhost:8080/api/v1/getMovie?movieId=NotARealMovieID 
 status=404, reason=Not Found 
 headers={'Date': 'Sat, 12 Aug 2023 22:30:48 GMT', 'Content-length': '9'} 
 body=NOT FOUND 
 </msg>
<msg timestamp="20230812 18:30:48.085" level="INFO">${resp} = &lt;Response [404]&gt;</msg>
<status status="PASS" starttime="20230812 18:30:48.074" endtime="20230812 18:30:48.085"/>
</kw>
<timeout value="30 seconds"/>
<status status="PASS" starttime="20230812 18:30:48.051" endtime="20230812 18:30:48.086"/>
</test>
<test id="s1-s1-s1-s1-s1-t11" name="getRelationshipPass" line="179">
<kw name="Create Dictionary" library="BuiltIn">
<var>${headers}</var>
<arg>Content-Type=application/json</arg>
<doc>Creates and returns a dictionary based on the given ``items``.</doc>
<msg timestamp="20230812 18:30:48.092" level="INFO">${headers} = {'Content-Type': 'application/json'}</msg>
<status status="PASS" starttime="20230812 18:30:48.091" endtime="20230812 18:30:48.092"/>
</kw>
<kw name="Create Dictionary" library="BuiltIn">
<var>${params}</var>
<arg>movieId=afewgoodmenid</arg>
<arg>actorId=nm0000102</arg>
<doc>Creates and returns a dictionary based on the given ``items``.</doc>
<msg timestamp="20230812 18:30:48.093" level="INFO">${params} = {'movieId': 'afewgoodmenid', 'actorId': 'nm0000102'}</msg>
<status status="PASS" starttime="20230812 18:30:48.093" endtime="20230812 18:30:48.093"/>
</kw>
<kw name="GET On Session" library="RequestsLibrary">
<var>${resp}</var>
<arg>localhost</arg>
<arg>/api/v1/hasRelationship</arg>
<arg>params=${params}</arg>
<arg>headers=${headers}</arg>
<arg>expected_status=200</arg>
<doc>Sends a GET request on a previously created HTTP Session.</doc>
<msg timestamp="20230812 18:30:48.111" level="INFO">GET Request : url=http://localhost:8080/api/v1/hasRelationship?movieId=afewgoodmenid&amp;actorId=nm0000102 
 path_url=/api/v1/hasRelationship?movieId=afewgoodmenid&amp;actorId=nm0000102 
 headers={'User-Agent': 'python-requests/2.31.0', 'Accept-Encoding': 'gzip, deflate', 'Accept': '*/*', 'Connection': 'keep-alive', 'Content-Type': 'application/json'} 
 body=None 
 </msg>
<msg timestamp="20230812 18:30:48.112" level="INFO">GET Response : url=http://localhost:8080/api/v1/hasRelationship?movieId=afewgoodmenid&amp;actorId=nm0000102 
 status=200, reason=OK 
 headers={'Date': 'Sat, 12 Aug 2023 22:30:48 GMT', 'Content-length': '72'} 
 body={"actorId":"nm0000102","movieId":"afewgoodmenid","hasRelationship":true} 
 </msg>
<msg timestamp="20230812 18:30:48.112" level="INFO">${resp} = &lt;Response [200]&gt;</msg>
<status status="PASS" starttime="20230812 18:30:48.094" endtime="20230812 18:30:48.112"/>
</kw>
<kw name="Should Be Equal As Strings" library="BuiltIn">
<arg>${resp.json()['movieId']}</arg>
<arg>afewgoodmenid</arg>
<doc>Fails if objects are unequal after converting them to strings.</doc>
<status status="PASS" starttime="20230812 18:30:48.112" endtime="20230812 18:30:48.115"/>
</kw>
<kw name="Should Be Equal As Strings" library="BuiltIn">
<arg>${resp.json()['actorId']}</arg>
<arg>nm0000102</arg>
<doc>Fails if objects are unequal after converting them to strings.</doc>
<status status="PASS" starttime="20230812 18:30:48.116" endtime="20230812 18:30:48.117"/>
</kw>
<kw name="Should Be True" library="BuiltIn">
<arg>${resp.json()['hasRelationship']}</arg>
<doc>Fails if the given condition is not true.</doc>
<status status="PASS" starttime="20230812 18:30:48.119" endtime="20230812 18:30:48.120"/>
</kw>
<timeout value="30 seconds"/>
<status status="PASS" starttime="20230812 18:30:48.088" endtime="20230812 18:30:48.122"/>
</test>
<test id="s1-s1-s1-s1-s1-t12" name="getRelationshipFail" line="188">
<kw name="Create Dictionary" library="BuiltIn">
<var>${headers}</var>
<arg>Content-Type=application/json</arg>
<doc>Creates and returns a dictionary based on the given ``items``.</doc>
<msg timestamp="20230812 18:30:48.125" level="INFO">${headers} = {'Content-Type': 'application/json'}</msg>
<status status="PASS" starttime="20230812 18:30:48.124" endtime="20230812 18:30:48.125"/>
</kw>
<kw name="Create Dictionary" library="BuiltIn">
<var>${params}</var>
<arg>Nonexistentparameter=afewgoodmenid</arg>
<arg>actorId=nm0000102</arg>
<doc>Creates and returns a dictionary based on the given ``items``.</doc>
<msg timestamp="20230812 18:30:48.126" level="INFO">${params} = {'Nonexistentparameter': 'afewgoodmenid', 'actorId': 'nm0000102'}</msg>
<status status="PASS" starttime="20230812 18:30:48.126" endtime="20230812 18:30:48.126"/>
</kw>
<kw name="GET On Session" library="RequestsLibrary">
<var>${resp}</var>
<arg>localhost</arg>
<arg>/api/v1/hasRelationship</arg>
<arg>params=${params}</arg>
<arg>headers=${headers}</arg>
<arg>expected_status=400</arg>
<doc>Sends a GET request on a previously created HTTP Session.</doc>
<msg timestamp="20230812 18:30:48.134" level="INFO">GET Request : url=http://localhost:8080/api/v1/hasRelationship?Nonexistentparameter=afewgoodmenid&amp;actorId=nm0000102 
 path_url=/api/v1/hasRelationship?Nonexistentparameter=afewgoodmenid&amp;actorId=nm0000102 
 headers={'User-Agent': 'python-requests/2.31.0', 'Accept-Encoding': 'gzip, deflate', 'Accept': '*/*', 'Connection': 'keep-alive', 'Content-Type': 'application/json'} 
 body=None 
 </msg>
<msg timestamp="20230812 18:30:48.134" level="INFO">GET Response : url=http://localhost:8080/api/v1/hasRelationship?Nonexistentparameter=afewgoodmenid&amp;actorId=nm0000102 
 status=400, reason=Bad Request 
 headers={'Date': 'Sat, 12 Aug 2023 22:30:48 GMT', 'Content-length': '11'} 
 body=BAD REQUEST 
 </msg>
<msg timestamp="20230812 18:30:48.134" level="INFO">${resp} = &lt;Response [400]&gt;</msg>
<status status="PASS" starttime="20230812 18:30:48.127" endtime="20230812 18:30:48.135"/>
</kw>
<kw name="Create Dictionary" library="BuiltIn">
<var>${headers}</var>
<arg>Content-Type=application/json</arg>
<doc>Creates and returns a dictionary based on the given ``items``.</doc>
<msg timestamp="20230812 18:30:48.135" level="INFO">${headers} = {'Content-Type': 'application/json'}</msg>
<status status="PASS" starttime="20230812 18:30:48.135" endtime="20230812 18:30:48.135"/>
</kw>
<kw name="Create Dictionary" library="BuiltIn">
<var>${params}</var>
<arg>movieId=afewgoodmenid</arg>
<arg>Nonexistentparameter=nm0000102</arg>
<doc>Creates and returns a dictionary based on the given ``items``.</doc>
<msg timestamp="20230812 18:30:48.137" level="INFO">${params} = {'movieId': 'afewgoodmenid', 'Nonexistentparameter': 'nm0000102'}</msg>
<status status="PASS" starttime="20230812 18:30:48.136" endtime="20230812 18:30:48.137"/>
</kw>
<kw name="GET On Session" library="RequestsLibrary">
<var>${resp}</var>
<arg>localhost</arg>
<arg>/api/v1/hasRelationship</arg>
<arg>params=${params}</arg>
<arg>headers=${headers}</arg>
<arg>expected_status=400</arg>
<doc>Sends a GET request on a previously created HTTP Session.</doc>
<msg timestamp="20230812 18:30:48.143" level="INFO">GET Request : url=http://localhost:8080/api/v1/hasRelationship?movieId=afewgoodmenid&amp;Nonexistentparameter=nm0000102 
 path_url=/api/v1/hasRelationship?movieId=afewgoodmenid&amp;Nonexistentparameter=nm0000102 
 headers={'User-Agent': 'python-requests/2.31.0', 'Accept-Encoding': 'gzip, deflate', 'Accept': '*/*', 'Connection': 'keep-alive', 'Content-Type': 'application/json'} 
 body=None 
 </msg>
<msg timestamp="20230812 18:30:48.143" level="INFO">GET Response : url=http://localhost:8080/api/v1/hasRelationship?movieId=afewgoodmenid&amp;Nonexistentparameter=nm0000102 
 status=400, reason=Bad Request 
 headers={'Date': 'Sat, 12 Aug 2023 22:30:48 GMT', 'Content-length': '11'} 
 body=BAD REQUEST 
 </msg>
<msg timestamp="20230812 18:30:48.145" level="INFO">${resp} = &lt;Response [400]&gt;</msg>
<status status="PASS" starttime="20230812 18:30:48.137" endtime="20230812 18:30:48.145"/>
</kw>
<kw name="Create Dictionary" library="BuiltIn">
<var>${headers}</var>
<arg>Content-Type=application/json</arg>
<doc>Creates and returns a dictionary based on the given ``items``.</doc>
<msg timestamp="20230812 18:30:48.146" level="INFO">${headers} = {'Content-Type': 'application/json'}</msg>
<status status="PASS" starttime="20230812 18:30:48.145" endtime="20230812 18:30:48.146"/>
</kw>
<kw name="Create Dictionary" library="BuiltIn">
<var>${params}</var>
<arg>movieId=${null}</arg>
<arg>actorId=nm0000102</arg>
<doc>Creates and returns a dictionary based on the given ``items``.</doc>
<msg timestamp="20230812 18:30:48.148" level="INFO">${params} = {'movieId': None, 'actorId': 'nm0000102'}</msg>
<status status="PASS" starttime="20230812 18:30:48.147" endtime="20230812 18:30:48.148"/>
</kw>
<kw name="GET On Session" library="RequestsLibrary">
<var>${resp}</var>
<arg>localhost</arg>
<arg>/api/v1/hasRelationship</arg>
<arg>params=${params}</arg>
<arg>headers=${headers}</arg>
<arg>expected_status=400</arg>
<doc>Sends a GET request on a previously created HTTP Session.</doc>
<msg timestamp="20230812 18:30:48.155" level="INFO">GET Request : url=http://localhost:8080/api/v1/hasRelationship?actorId=nm0000102 
 path_url=/api/v1/hasRelationship?actorId=nm0000102 
 headers={'User-Agent': 'python-requests/2.31.0', 'Accept-Encoding': 'gzip, deflate', 'Accept': '*/*', 'Connection': 'keep-alive', 'Content-Type': 'application/json'} 
 body=None 
 </msg>
<msg timestamp="20230812 18:30:48.155" level="INFO">GET Response : url=http://localhost:8080/api/v1/hasRelationship?actorId=nm0000102 
 status=400, reason=Bad Request 
 headers={'Date': 'Sat, 12 Aug 2023 22:30:48 GMT', 'Content-length': '11'} 
 body=BAD REQUEST 
 </msg>
<msg timestamp="20230812 18:30:48.155" level="INFO">${resp} = &lt;Response [400]&gt;</msg>
<status status="PASS" starttime="20230812 18:30:48.149" endtime="20230812 18:30:48.156"/>
</kw>
<kw name="Create Dictionary" library="BuiltIn">
<var>${headers}</var>
<arg>Content-Type=application/json</arg>
<doc>Creates and returns a dictionary based on the given ``items``.</doc>
<msg timestamp="20230812 18:30:48.157" level="INFO">${headers} = {'Content-Type': 'application/json'}</msg>
<status status="PASS" starttime="20230812 18:30:48.156" endtime="20230812 18:30:48.157"/>
</kw>
<kw name="Create Dictionary" library="BuiltIn">
<var>${params}</var>
<arg>movieId=afewgoodmenid</arg>
<arg>actorId=${null}</arg>
<doc>Creates and returns a dictionary based on the given ``items``.</doc>
<msg timestamp="20230812 18:30:48.158" level="INFO">${params} = {'movieId': 'afewgoodmenid', 'actorId': None}</msg>
<status status="PASS" starttime="20230812 18:30:48.157" endtime="20230812 18:30:48.158"/>
</kw>
<kw name="GET On Session" library="RequestsLibrary">
<var>${resp}</var>
<arg>localhost</arg>
<arg>/api/v1/hasRelationship</arg>
<arg>params=${params}</arg>
<arg>headers=${headers}</arg>
<arg>expected_status=400</arg>
<doc>Sends a GET request on a previously created HTTP Session.</doc>
<msg timestamp="20230812 18:30:48.166" level="INFO">GET Request : url=http://localhost:8080/api/v1/hasRelationship?movieId=afewgoodmenid 
 path_url=/api/v1/hasRelationship?movieId=afewgoodmenid 
 headers={'User-Agent': 'python-requests/2.31.0', 'Accept-Encoding': 'gzip, deflate', 'Accept': '*/*', 'Connection': 'keep-alive', 'Content-Type': 'application/json'} 
 body=None 
 </msg>
<msg timestamp="20230812 18:30:48.166" level="INFO">GET Response : url=http://localhost:8080/api/v1/hasRelationship?movieId=afewgoodmenid 
 status=400, reason=Bad Request 
 headers={'Date': 'Sat, 12 Aug 2023 22:30:48 GMT', 'Content-length': '11'} 
 body=BAD REQUEST 
 </msg>
<msg timestamp="20230812 18:30:48.167" level="INFO">${resp} = &lt;Response [400]&gt;</msg>
<status status="PASS" starttime="20230812 18:30:48.159" endtime="20230812 18:30:48.167"/>
</kw>
<kw name="Create Dictionary" library="BuiltIn">
<var>${headers}</var>
<arg>Content-Type=application/json</arg>
<doc>Creates and returns a dictionary based on the given ``items``.</doc>
<msg timestamp="20230812 18:30:48.168" level="INFO">${headers} = {'Content-Type': 'application/json'}</msg>
<status status="PASS" starttime="20230812 18:30:48.167" endtime="20230812 18:30:48.169"/>
</kw>
<kw name="Create Dictionary" library="BuiltIn">
<var>${params}</var>
<arg>movieId=nonexistentId</arg>
<arg>actorId=nm0000102</arg>
<doc>Creates and returns a dictionary based on the given ``items``.</doc>
<msg timestamp="20230812 18:30:48.170" level="INFO">${params} = {'movieId': 'nonexistentId', 'actorId': 'nm0000102'}</msg>
<status status="PASS" starttime="20230812 18:30:48.170" endtime="20230812 18:30:48.170"/>
</kw>
<kw name="GET On Session" library="RequestsLibrary">
<var>${resp}</var>
<arg>localhost</arg>
<arg>/api/v1/hasRelationship</arg>
<arg>params=${params}</arg>
<arg>headers=${headers}</arg>
<arg>expected_status=404</arg>
<doc>Sends a GET request on a previously created HTTP Session.</doc>
<msg timestamp="20230812 18:30:48.183" level="INFO">GET Request : url=http://localhost:8080/api/v1/hasRelationship?movieId=nonexistentId&amp;actorId=nm0000102 
 path_url=/api/v1/hasRelationship?movieId=nonexistentId&amp;actorId=nm0000102 
 headers={'User-Agent': 'python-requests/2.31.0', 'Accept-Encoding': 'gzip, deflate', 'Accept': '*/*', 'Connection': 'keep-alive', 'Content-Type': 'application/json'} 
 body=None 
 </msg>
<msg timestamp="20230812 18:30:48.183" level="INFO">GET Response : url=http://localhost:8080/api/v1/hasRelationship?movieId=nonexistentId&amp;actorId=nm0000102 
 status=404, reason=Not Found 
 headers={'Date': 'Sat, 12 Aug 2023 22:30:48 GMT', 'Content-length': '9'} 
 body=NOT FOUND 
 </msg>
<msg timestamp="20230812 18:30:48.184" level="INFO">${resp} = &lt;Response [404]&gt;</msg>
<status status="PASS" starttime="20230812 18:30:48.171" endtime="20230812 18:30:48.184"/>
</kw>
<kw name="Create Dictionary" library="BuiltIn">
<var>${headers}</var>
<arg>Content-Type=application/json</arg>
<doc>Creates and returns a dictionary based on the given ``items``.</doc>
<msg timestamp="20230812 18:30:48.186" level="INFO">${headers} = {'Content-Type': 'application/json'}</msg>
<status status="PASS" starttime="20230812 18:30:48.184" endtime="20230812 18:30:48.186"/>
</kw>
<kw name="Create Dictionary" library="BuiltIn">
<var>${params}</var>
<arg>movieId=afewgoodmenid</arg>
<arg>actorId=nonexistentId</arg>
<doc>Creates and returns a dictionary based on the given ``items``.</doc>
<msg timestamp="20230812 18:30:48.187" level="INFO">${params} = {'movieId': 'afewgoodmenid', 'actorId': 'nonexistentId'}</msg>
<status status="PASS" starttime="20230812 18:30:48.186" endtime="20230812 18:30:48.187"/>
</kw>
<kw name="GET On Session" library="RequestsLibrary">
<var>${resp}</var>
<arg>localhost</arg>
<arg>/api/v1/hasRelationship</arg>
<arg>params=${params}</arg>
<arg>headers=${headers}</arg>
<arg>expected_status=404</arg>
<doc>Sends a GET request on a previously created HTTP Session.</doc>
<msg timestamp="20230812 18:30:48.199" level="INFO">GET Request : url=http://localhost:8080/api/v1/hasRelationship?movieId=afewgoodmenid&amp;actorId=nonexistentId 
 path_url=/api/v1/hasRelationship?movieId=afewgoodmenid&amp;actorId=nonexistentId 
 headers={'User-Agent': 'python-requests/2.31.0', 'Accept-Encoding': 'gzip, deflate', 'Accept': '*/*', 'Connection': 'keep-alive', 'Content-Type': 'application/json'} 
 body=None 
 </msg>
<msg timestamp="20230812 18:30:48.201" level="INFO">GET Response : url=http://localhost:8080/api/v1/hasRelationship?movieId=afewgoodmenid&amp;actorId=nonexistentId 
 status=404, reason=Not Found 
 headers={'Date': 'Sat, 12 Aug 2023 22:30:48 GMT', 'Content-length': '9'} 
 body=NOT FOUND 
 </msg>
<msg timestamp="20230812 18:30:48.201" level="INFO">${resp} = &lt;Response [404]&gt;</msg>
<status status="PASS" starttime="20230812 18:30:48.187" endtime="20230812 18:30:48.201"/>
</kw>
<timeout value="30 seconds"/>
<status status="PASS" starttime="20230812 18:30:48.124" endtime="20230812 18:30:48.201"/>
</test>
<test id="s1-s1-s1-s1-s1-t13" name="BaconNumberPreWork" line="220">
<kw name="Create Dictionary" library="BuiltIn">
<var>${headers}</var>
<arg>Content-Type=application/json</arg>
<doc>Creates and returns a dictionary based on the given ``items``.</doc>
<msg timestamp="20230812 18:30:48.204" level="INFO">${headers} = {'Content-Type': 'application/json'}</msg>
<status status="PASS" starttime="20230812 18:30:48.203" endtime="20230812 18:30:48.204"/>
</kw>
<kw name="Create Dictionary" library="BuiltIn">
<var>${params}</var>
<arg>name=Johnny Depp</arg>
<arg>actorId=johnnydepp</arg>
<doc>Creates and returns a dictionary based on the given ``items``.</doc>
<msg timestamp="20230812 18:30:48.205" level="INFO">${params} = {'name': 'Johnny Depp', 'actorId': 'johnnydepp'}</msg>
<status status="PASS" starttime="20230812 18:30:48.204" endtime="20230812 18:30:48.205"/>
</kw>
<kw name="PUT On Session" library="RequestsLibrary">
<var>${resp}</var>
<arg>localhost</arg>
<arg>/api/v1/addActor</arg>
<arg>json=${params}</arg>
<arg>headers=${headers}</arg>
<arg>expected_status=200</arg>
<doc>Sends a PUT request on a previously created HTTP Session.</doc>
<msg timestamp="20230812 18:30:48.216" level="INFO">PUT Request : url=http://localhost:8080/api/v1/addActor 
 path_url=/api/v1/addActor 
 headers={'User-Agent': 'python-requests/2.31.0', 'Accept-Encoding': 'gzip, deflate', 'Accept': '*/*', 'Connection': 'keep-alive', 'Content-Type': 'application/json', 'Content-Length': '48'} 
 body=b'{"name": "Johnny Depp", "actorId": "johnnydepp"}' 
 </msg>
<msg timestamp="20230812 18:30:48.217" level="INFO">PUT Response : url=http://localhost:8080/api/v1/addActor 
 status=200, reason=OK 
 headers={'Date': 'Sat, 12 Aug 2023 22:30:48 GMT', 'Content-length': '2'} 
 body=OK 
 </msg>
<msg timestamp="20230812 18:30:48.217" level="INFO">${resp} = &lt;Response [200]&gt;</msg>
<status status="PASS" starttime="20230812 18:30:48.205" endtime="20230812 18:30:48.217"/>
</kw>
<kw name="Create Dictionary" library="BuiltIn">
<var>${headers}</var>
<arg>Content-Type=application/json</arg>
<doc>Creates and returns a dictionary based on the given ``items``.</doc>
<msg timestamp="20230812 18:30:48.218" level="INFO">${headers} = {'Content-Type': 'application/json'}</msg>
<status status="PASS" starttime="20230812 18:30:48.217" endtime="20230812 18:30:48.218"/>
</kw>
<kw name="Create Dictionary" library="BuiltIn">
<var>${params}</var>
<arg>name=Angelina Jolie</arg>
<arg>actorId=angelinajolie</arg>
<doc>Creates and returns a dictionary based on the given ``items``.</doc>
<msg timestamp="20230812 18:30:48.220" level="INFO">${params} = {'name': 'Angelina Jolie', 'actorId': 'angelinajolie'}</msg>
<status status="PASS" starttime="20230812 18:30:48.218" endtime="20230812 18:30:48.220"/>
</kw>
<kw name="PUT On Session" library="RequestsLibrary">
<var>${resp}</var>
<arg>localhost</arg>
<arg>/api/v1/addActor</arg>
<arg>json=${params}</arg>
<arg>headers=${headers}</arg>
<arg>expected_status=200</arg>
<doc>Sends a PUT request on a previously created HTTP Session.</doc>
<msg timestamp="20230812 18:30:48.232" level="INFO">PUT Request : url=http://localhost:8080/api/v1/addActor 
 path_url=/api/v1/addActor 
 headers={'User-Agent': 'python-requests/2.31.0', 'Accept-Encoding': 'gzip, deflate', 'Accept': '*/*', 'Connection': 'keep-alive', 'Content-Type': 'application/json', 'Content-Length': '54'} 
 body=b'{"name": "Angelina Jolie", "actorId": "angelinajolie"}' 
 </msg>
<msg timestamp="20230812 18:30:48.232" level="INFO">PUT Response : url=http://localhost:8080/api/v1/addActor 
 status=200, reason=OK 
 headers={'Date': 'Sat, 12 Aug 2023 22:30:48 GMT', 'Content-length': '2'} 
 body=OK 
 </msg>
<msg timestamp="20230812 18:30:48.233" level="INFO">${resp} = &lt;Response [200]&gt;</msg>
<status status="PASS" starttime="20230812 18:30:48.220" endtime="20230812 18:30:48.233"/>
</kw>
<kw name="Create Dictionary" library="BuiltIn">
<var>${headers}</var>
<arg>Content-Type=application/json</arg>
<doc>Creates and returns a dictionary based on the given ``items``.</doc>
<msg timestamp="20230812 18:30:48.233" level="INFO">${headers} = {'Content-Type': 'application/json'}</msg>
[...]
<msg timestamp="20230812 18:30:48.424" level="INFO">PUT Request : url=http://localhost:8080/api/v1/addRelationship 
 path_url=/api/v1/addRelationship 
 headers={'User-Agent': 'python-requests/2.31.0', 'Accept-Encoding': 'gzip, deflate', 'Accept': '*/*', 'Connection': 'keep-alive', 'Content-Type': 'application/json', 'Content-Length': '48'} 
 body=b'{"actorId": "johnnydepp", "movieId": "movie2id"}' 
 </msg>
<msg timestamp="20230812 18:30:48.425" level="INFO">PUT Response : url=http://localhost:8080/api/v1/addRelationship 
 status=200, reason=OK 
 headers={'Date': 'Sat, 12 Aug 2023 22:30:48 GMT', 'Content-length': '2'} 
 body=OK 
 </msg>
<msg timestamp="20230812 18:30:48.425" level="INFO">${resp} = &lt;Response [200]&gt;</msg>
<status status="PASS" starttime="20230812 18:30:48.407" endtime="20230812 18:30:48.426"/>
</kw>
<kw name="Create Dictionary" library="BuiltIn">
<var>${headers}</var>
<arg>Content-Type=application/json</arg>
<doc>Creates and returns a dictionary based on the given ``items``.</doc>
<msg timestamp="20230812 18:30:48.428" level="INFO">${headers} = {'Content-Type': 'application/json'}</msg>
<status status="PASS" starttime="20230812 18:30:48.427" endtime="20230812 18:30:48.428"/>
</kw>
<kw name="Create Dictionary" library="BuiltIn">
<var>${params}</var>
<arg>actorId=outOfReachID</arg>
<arg>movieId=unboundMovieID</arg>
<doc>Creates and returns a dictionary based on the given ``items``.</doc>
<msg timestamp="20230812 18:30:48.429" level="INFO">${params} = {'actorId': 'outOfReachID', 'movieId': 'unboundMovieID'}</msg>
<status status="PASS" starttime="20230812 18:30:48.429" endtime="20230812 18:30:48.430"/>
</kw>
<kw name="PUT On Session" library="RequestsLibrary">
<var>${resp}</var>
<arg>localhost</arg>
<arg>/api/v1/addRelationship</arg>
<arg>json=${params}</arg>
<arg>headers=${headers}</arg>
<arg>expected_status=200</arg>
<doc>Sends a PUT request on a previously created HTTP Session.</doc>
<msg timestamp="20230812 18:30:48.453" level="INFO">PUT Request : url=http://localhost:8080/api/v1/addRelationship 
 path_url=/api/v1/addRelationship 
 headers={'User-Agent': 'python-requests/2.31.0', 'Accept-Encoding': 'gzip, deflate', 'Accept': '*/*', 'Connection': 'keep-alive', 'Content-Type': 'application/json', 'Content-Length': '56'} 
 body=b'{"actorId": "outOfReachID", "movieId": "unboundMovieID"}' 
 </msg>
<msg timestamp="20230812 18:30:48.453" level="INFO">PUT Response : url=http://localhost:8080/api/v1/addRelationship 
 status=200, reason=OK 
 headers={'Date': 'Sat, 12 Aug 2023 22:30:48 GMT', 'Content-length': '2'} 
 body=OK 
 </msg>
<msg timestamp="20230812 18:30:48.453" level="INFO">${resp} = &lt;Response [200]&gt;</msg>
<status status="PASS" starttime="20230812 18:30:48.431" endtime="20230812 18:30:48.453"/>
</kw>
<timeout value="30 seconds"/>
<status status="PASS" starttime="20230812 18:30:48.203" endtime="20230812 18:30:48.454"/>
</test>
<test id="s1-s1-s1-s1-s1-t14" name="computeBaconNumberPass" line="280">
<kw name="Create Dictionary" library="BuiltIn">
<var>${headers}</var>
<arg>Content-Type=application/json</arg>
<doc>Creates and returns a dictionary based on the given ``items``.</doc>
<msg timestamp="20230812 18:30:48.457" level="INFO">${headers} = {'Content-Type': 'application/json'}</msg>
<status status="PASS" starttime="20230812 18:30:48.456" endtime="20230812 18:30:48.457"/>
</kw>
<kw name="Create Dictionary" library="BuiltIn">
<var>${params}</var>
<arg>actorId=nm0000102</arg>
<doc>Creates and returns a dictionary based on the given ``items``.</doc>
<msg timestamp="20230812 18:30:48.460" level="INFO">${params} = {'actorId': 'nm0000102'}</msg>
<status status="PASS" starttime="20230812 18:30:48.458" endtime="20230812 18:30:48.460"/>
</kw>
<kw name="GET On Session" library="RequestsLibrary">
<var>${resp}</var>
<arg>localhost</arg>
<arg>/api/v1/computeBaconNumber</arg>
<arg>params=${params}</arg>
<arg>headers=${headers}</arg>
<arg>expected_status=200</arg>
<doc>Sends a GET request on a previously created HTTP Session.</doc>
<msg timestamp="20230812 18:30:48.465" level="INFO">GET Request : url=http://localhost:8080/api/v1/computeBaconNumber?actorId=nm0000102 
 path_url=/api/v1/computeBaconNumber?actorId=nm0000102 
 headers={'User-Agent': 'python-requests/2.31.0', 'Accept-Encoding': 'gzip, deflate', 'Accept': '*/*', 'Connection': 'keep-alive', 'Content-Type': 'application/json'} 
 body=None 
 </msg>
<msg timestamp="20230812 18:30:48.466" level="INFO">GET Response : url=http://localhost:8080/api/v1/computeBaconNumber?actorId=nm0000102 
 status=200, reason=OK 
 headers={'Date': 'Sat, 12 Aug 2023 22:30:48 GMT', 'Content-length': '17'} 
 body={"baconNumber":0} 
 </msg>
<msg timestamp="20230812 18:30:48.466" level="INFO">${resp} = &lt;Response [200]&gt;</msg>
<status status="PASS" starttime="20230812 18:30:48.460" endtime="20230812 18:30:48.466"/>
</kw>
<kw name="Should Be Equal As Integers" library="BuiltIn">
<arg>${resp.json()['baconNumber']}</arg>
<arg>0</arg>
<doc>Fails if objects are unequal after converting them to integers.</doc>
<msg timestamp="20230812 18:30:48.468" level="INFO">Argument types are:
&lt;class 'int'&gt;
&lt;class 'str'&gt;</msg>
<status status="PASS" starttime="20230812 18:30:48.467" endtime="20230812 18:30:48.468"/>
</kw>
<kw name="Create Dictionary" library="BuiltIn">
<var>${headers}</var>
<arg>Content-Type=application/json</arg>
<doc>Creates and returns a dictionary based on the given ``items``.</doc>
<msg timestamp="20230812 18:30:48.469" level="INFO">${headers} = {'Content-Type': 'application/json'}</msg>
<status status="PASS" starttime="20230812 18:30:48.468" endtime="20230812 18:30:48.469"/>
</kw>
<kw name="Create Dictionary" library="BuiltIn">
<var>${params}</var>
<arg>actorId=angelinajolie</arg>
<doc>Creates and returns a dictionary based on the given ``items``.</doc>
<msg timestamp="20230812 18:30:48.469" level="INFO">${params} = {'actorId': 'angelinajolie'}</msg>
<status status="PASS" starttime="20230812 18:30:48.469" endtime="20230812 18:30:48.469"/>
</kw>
<kw name="GET On Session" library="RequestsLibrary">
<var>${resp}</var>
<arg>localhost</arg>
<arg>/api/v1/computeBaconNumber</arg>
<arg>params=${params}</arg>
<arg>headers=${headers}</arg>
<arg>expected_status=200</arg>
<doc>Sends a GET request on a previously created HTTP Session.</doc>
<msg timestamp="20230812 18:30:48.480" level="INFO">GET Request : url=http://localhost:8080/api/v1/computeBaconNumber?actorId=angelinajolie 
 path_url=/api/v1/computeBaconNumber?actorId=angelinajolie 
 headers={'User-Agent': 'python-requests/2.31.0', 'Accept-Encoding': 'gzip, deflate', 'Accept': '*/*', 'Connection': 'keep-alive', 'Content-Type': 'application/json'} 
 body=None 
 </msg>
<msg timestamp="20230812 18:30:48.480" level="INFO">GET Response : url=http://localhost:8080/api/v1/computeBaconNumber?actorId=angelinajolie 
 status=200, reason=OK 
 headers={'Date': 'Sat, 12 Aug 2023 22:30:48 GMT', 'Content-length': '17'} 
 body={"baconNumber":1} 
 </msg>
<msg timestamp="20230812 18:30:48.481" level="INFO">${resp} = &lt;Response [200]&gt;</msg>
<status status="PASS" starttime="20230812 18:30:48.471" endtime="20230812 18:30:48.481"/>
</kw>
<kw name="Should Be Equal As Integers" library="BuiltIn">
<arg>${resp.json()['baconNumber']}</arg>
<arg>1</arg>
<doc>Fails if objects are unequal after converting them to integers.</doc>
<msg timestamp="20230812 18:30:48.483" level="INFO">Argument types are:
&lt;class 'int'&gt;
&lt;class 'str'&gt;</msg>
<status status="PASS" starttime="20230812 18:30:48.481" endtime="20230812 18:30:48.483"/>
</kw>
<kw name="Create Dictionary" library="BuiltIn">
<var>${headers}</var>
<arg>Content-Type=application/json</arg>
<doc>Creates and returns a dictionary based on the given ``items``.</doc>
<msg timestamp="20230812 18:30:48.484" level="INFO">${headers} = {'Content-Type': 'application/json'}</msg>
<status status="PASS" starttime="20230812 18:30:48.483" endtime="20230812 18:30:48.484"/>
</kw>
<kw name="Create Dictionary" library="BuiltIn">
<var>${params}</var>
<arg>actorId=actorb</arg>
<doc>Creates and returns a dictionary based on the given ``items``.</doc>
<msg timestamp="20230812 18:30:48.485" level="INFO">${params} = {'actorId': 'actorb'}</msg>
<status status="PASS" starttime="20230812 18:30:48.484" endtime="20230812 18:30:48.485"/>
</kw>
<kw name="GET On Session" library="RequestsLibrary">
<var>${resp}</var>
<arg>localhost</arg>
<arg>/api/v1/computeBaconNumber</arg>
<arg>params=${params}</arg>
<arg>headers=${headers}</arg>
<arg>expected_status=200</arg>
<doc>Sends a GET request on a previously created HTTP Session.</doc>
<msg timestamp="20230812 18:30:48.496" level="INFO">GET Request : url=http://localhost:8080/api/v1/computeBaconNumber?actorId=actorb 
 path_url=/api/v1/computeBaconNumber?actorId=actorb 
 headers={'User-Agent': 'python-requests/2.31.0', 'Accept-Encoding': 'gzip, deflate', 'Accept': '*/*', 'Connection': 'keep-alive', 'Content-Type': 'application/json'} 
 body=None 
 </msg>
<msg timestamp="20230812 18:30:48.496" level="INFO">GET Response : url=http://localhost:8080/api/v1/computeBaconNumber?actorId=actorb 
 status=200, reason=OK 
 headers={'Date': 'Sat, 12 Aug 2023 22:30:48 GMT', 'Content-length': '17'} 
 body={"baconNumber":2} 
 </msg>
<msg timestamp="20230812 18:30:48.496" level="INFO">${resp} = &lt;Response [200]&gt;</msg>
<status status="PASS" starttime="20230812 18:30:48.485" endtime="20230812 18:30:48.496"/>
</kw>
<kw name="Should Be Equal As Integers" library="BuiltIn">
<arg>${resp.json()['baconNumber']}</arg>
<arg>2</arg>
<doc>Fails if objects are unequal after converting them to integers.</doc>
<msg timestamp="20230812 18:30:48.498" level="INFO">Argument types are:
&lt;class 'int'&gt;
&lt;class 'str'&gt;</msg>
<status status="PASS" starttime="20230812 18:30:48.497" endtime="20230812 18:30:48.498"/>
</kw>
<kw name="Create Dictionary" library="BuiltIn">
<var>${headers}</var>
<arg>Content-Type=application/json</arg>
<doc>Creates and returns a dictionary based on the given ``items``.</doc>
<msg timestamp="20230812 18:30:48.499" level="INFO">${headers} = {'Content-Type': 'application/json'}</msg>
<status status="PASS" starttime="20230812 18:30:48.498" endtime="20230812 18:30:48.499"/>
</kw>
<kw name="Create Dictionary" library="BuiltIn">
<var>${params}</var>
<arg>actorId=johnnydepp</arg>
<doc>Creates and returns a dictionary based on the given ``items``.</doc>
<msg timestamp="20230812 18:30:48.499" level="INFO">${params} = {'actorId': 'johnnydepp'}</msg>
<status status="PASS" starttime="20230812 18:30:48.499" endtime="20230812 18:30:48.499"/>
</kw>
<kw name="GET On Session" library="RequestsLibrary">
<var>${resp}</var>
<arg>localhost</arg>
<arg>/api/v1/computeBaconNumber</arg>
<arg>params=${params}</arg>
<arg>headers=${headers}</arg>
<arg>expected_status=200</arg>
<doc>Sends a GET request on a previously created HTTP Session.</doc>
<msg timestamp="20230812 18:30:48.510" level="INFO">GET Request : url=http://localhost:8080/api/v1/computeBaconNumber?actorId=johnnydepp 
 path_url=/api/v1/computeBaconNumber?actorId=johnnydepp 
 headers={'User-Agent': 'python-requests/2.31.0', 'Accept-Encoding': 'gzip, deflate', 'Accept': '*/*', 'Connection': 'keep-alive', 'Content-Type': 'application/json'} 
 body=None 
 </msg>
<msg timestamp="20230812 18:30:48.510" level="INFO">GET Response : url=http://localhost:8080/api/v1/computeBaconNumber?actorId=johnnydepp 
 status=200, reason=OK 
 headers={'Date': 'Sat, 12 Aug 2023 22:30:48 GMT', 'Content-length': '17'} 
 body={"baconNumber":3} 
 </msg>
<msg timestamp="20230812 18:30:48.510" level="INFO">${resp} = &lt;Response [200]&gt;</msg>
<status status="PASS" starttime="20230812 18:30:48.500" endtime="20230812 18:30:48.510"/>
</kw>
<kw name="Should Be Equal As Integers" library="BuiltIn">
<arg>${resp.json()['baconNumber']}</arg>
<arg>3</arg>
<doc>Fails if objects are unequal after converting them to integers.</doc>
<msg timestamp="20230812 18:30:48.512" level="INFO">Argument types are:
&lt;class 'int'&gt;
&lt;class 'str'&gt;</msg>
<status status="PASS" starttime="20230812 18:30:48.510" endtime="20230812 18:30:48.512"/>
</kw>
<timeout value="30 seconds"/>
<status status="PASS" starttime="20230812 18:30:48.456" endtime="20230812 18:30:48.513"/>
</test>
<test id="s1-s1-s1-s1-s1-t15" name="computeBaconNumberFail" line="305">
<kw name="Create Dictionary" library="BuiltIn">
<var>${headers}</var>
<arg>Content-Type=application/json</arg>
<doc>Creates and returns a dictionary based on the given ``items``.</doc>
<msg timestamp="20230812 18:30:48.515" level="INFO">${headers} = {'Content-Type': 'application/json'}</msg>
<status status="PASS" starttime="20230812 18:30:48.514" endtime="20230812 18:30:48.515"/>
</kw>
<kw name="Create Dictionary" library="BuiltIn">
<var>${params}</var>
<arg>actorId=RandomIdDoesntExist</arg>
<doc>Creates and returns a dictionary based on the given ``items``.</doc>
<msg timestamp="20230812 18:30:48.516" level="INFO">${params} = {'actorId': 'RandomIdDoesntExist'}</msg>
<status status="PASS" starttime="20230812 18:30:48.516" endtime="20230812 18:30:48.516"/>
</kw>
<kw name="GET On Session" library="RequestsLibrary">
<var>${resp}</var>
<arg>localhost</arg>
<arg>/api/v1/computeBaconNumber</arg>
<arg>params=${params}</arg>
<arg>headers=${headers}</arg>
<arg>expected_status=404</arg>
<doc>Sends a GET request on a previously created HTTP Session.</doc>
<msg timestamp="20230812 18:30:48.524" level="INFO">GET Request : url=http://localhost:8080/api/v1/computeBaconNumber?actorId=RandomIdDoesntExist 
 path_url=/api/v1/computeBaconNumber?actorId=RandomIdDoesntExist 
 headers={'User-Agent': 'python-requests/2.31.0', 'Accept-Encoding': 'gzip, deflate', 'Accept': '*/*', 'Connection': 'keep-alive', 'Content-Type': 'application/json'} 
 body=None 
 </msg>
<msg timestamp="20230812 18:30:48.524" level="INFO">GET Response : url=http://localhost:8080/api/v1/computeBaconNumber?actorId=RandomIdDoesntExist 
 status=404, reason=Not Found 
 headers={'Date': 'Sat, 12 Aug 2023 22:30:48 GMT', 'Content-length': '9'} 
 body=NOT FOUND 
 </msg>
<msg timestamp="20230812 18:30:48.525" level="INFO">${resp} = &lt;Response [404]&gt;</msg>
<status status="PASS" starttime="20230812 18:30:48.517" endtime="20230812 18:30:48.525"/>
</kw>
<kw name="Create Dictionary" library="BuiltIn">
<var>${headers}</var>
<arg>Content-Type=application/json</arg>
<doc>Creates and returns a dictionary based on the given ``items``.</doc>
<msg timestamp="20230812 18:30:48.526" level="INFO">${headers} = {'Content-Type': 'application/json'}</msg>
<status status="PASS" starttime="20230812 18:30:48.525" endtime="20230812 18:30:48.526"/>
</kw>
<kw name="Create Dictionary" library="BuiltIn">
<var>${params}</var>
<arg>actorId=outOfReachID</arg>
<doc>Creates and returns a dictionary based on the given ``items``.</doc>
<msg timestamp="20230812 18:30:48.526" level="INFO">${params} = {'actorId': 'outOfReachID'}</msg>
<status status="PASS" starttime="20230812 18:30:48.526" endtime="20230812 18:30:48.526"/>
</kw>
<kw name="Create Dictionary" library="BuiltIn">
<var>${headers}</var>
<arg>Content-Type=application/json</arg>
<doc>Creates and returns a dictionary based on the given ``items``.</doc>
<msg timestamp="20230812 18:30:48.528" level="INFO">${headers} = {'Content-Type': 'application/json'}</msg>
<status status="PASS" starttime="20230812 18:30:48.526" endtime="20230812 18:30:48.528"/>
</kw>
<kw name="Create Dictionary" library="BuiltIn">
<var>${params}</var>
<arg>actorId=${null}</arg>
<doc>Creates and returns a dictionary based on the given ``items``.</doc>
<msg timestamp="20230812 18:30:48.528" level="INFO">${params} = {'actorId': None}</msg>
<status status="PASS" starttime="20230812 18:30:48.528" endtime="20230812 18:30:48.528"/>
</kw>
<kw name="GET On Session" library="RequestsLibrary">
<var>${resp}</var>
<arg>localhost</arg>
<arg>/api/v1/computeBaconNumber</arg>
<arg>params=${params}</arg>
<arg>headers=${headers}</arg>
<arg>expected_status=400</arg>
<doc>Sends a GET request on a previously created HTTP Session.</doc>
<msg timestamp="20230812 18:30:48.532" level="INFO">GET Request : url=http://localhost:8080/api/v1/computeBaconNumber 
 path_url=/api/v1/computeBaconNumber 
 headers={'User-Agent': 'python-requests/2.31.0', 'Accept-Encoding': 'gzip, deflate', 'Accept': '*/*', 'Connection': 'keep-alive', 'Content-Type': 'application/json'} 
 body=None 
 </msg>
<msg timestamp="20230812 18:30:48.532" level="INFO">GET Response : url=http://localhost:8080/api/v1/computeBaconNumber 
 status=400, reason=Bad Request 
 headers={'Date': 'Sat, 12 Aug 2023 22:30:48 GMT', 'Content-length': '11'} 
 body=BAD REQUEST 
 </msg>
<msg timestamp="20230812 18:30:48.532" level="INFO">${resp} = &lt;Response [400]&gt;</msg>
<status status="PASS" starttime="20230812 18:30:48.529" endtime="20230812 18:30:48.532"/>
</kw>
<kw name="Create Dictionary" library="BuiltIn">
<var>${headers}</var>
<arg>Content-Type=application/json</arg>
<doc>Creates and returns a dictionary based on the given ``items``.</doc>
<msg timestamp="20230812 18:30:48.533" level="INFO">${headers} = {'Content-Type': 'application/json'}</msg>
<status status="PASS" starttime="20230812 18:30:48.533" endtime="20230812 18:30:48.533"/>
</kw>
<kw name="Create Dictionary" library="BuiltIn">
<var>${params}</var>
<arg>wrongParameter=someid</arg>
<doc>Creates and returns a dictionary based on the given ``items``.</doc>
<msg timestamp="20230812 18:30:48.535" level="INFO">${params} = {'wrongParameter': 'someid'}</msg>
<status status="PASS" starttime="20230812 18:30:48.535" endtime="20230812 18:30:48.535"/>
</kw>
<kw name="GET On Session" library="RequestsLibrary">
<var>${resp}</var>
<arg>localhost</arg>
<arg>/api/v1/computeBaconNumber</arg>
<arg>params=${params}</arg>
<arg>headers=${headers}</arg>
<arg>expected_status=400</arg>
<doc>Sends a GET request on a previously created HTTP Session.</doc>
<msg timestamp="20230812 18:30:48.540" level="INFO">GET Request : url=http://localhost:8080/api/v1/computeBaconNumber?wrongParameter=someid 
 path_url=/api/v1/computeBaconNumber?wrongParameter=someid 
 headers={'User-Agent': 'python-requests/2.31.0', 'Accept-Encoding': 'gzip, deflate', 'Accept': '*/*', 'Connection': 'keep-alive', 'Content-Type': 'application/json'} 
 body=None 
 </msg>
<msg timestamp="20230812 18:30:48.540" level="INFO">GET Response : url=http://localhost:8080/api/v1/computeBaconNumber?wrongParameter=someid 
 status=400, reason=Bad Request 
 headers={'Date': 'Sat, 12 Aug 2023 22:30:48 GMT', 'Content-length': '11'} 
 body=BAD REQUEST 
 </msg>
<msg timestamp="20230812 18:30:48.540" level="INFO">${resp} = &lt;Response [400]&gt;</msg>
<status status="PASS" starttime="20230812 18:30:48.536" endtime="20230812 18:30:48.540"/>
</kw>
<timeout value="30 seconds"/>
<status status="PASS" starttime="20230812 18:30:48.514" endtime="20230812 18:30:48.540"/>
</test>
<status status="PASS" starttime="20230812 18:30:47.574" endtime="20230812 18:30:48.543"/>
</suite>
<status status="PASS" starttime="20230812 18:30:47.572" endtime="20230812 18:30:48.545"/>
</suite>
<status status="PASS" starttime="20230812 18:30:47.569" endtime="20230812 18:30:48.552"/>
</suite>
<status status="PASS" starttime="20230812 18:30:47.566" endtime="20230812 18:30:48.568"/>
</suite>
<status status="PASS" starttime="20230812 18:30:47.537" endtime="20230812 18:30:48.573"/>
</suite>
<statistics>
<total>
<stat pass="15" fail="0" skip="0">All Tests</stat>
</total>
<tag>
</tag>
<suite>
<stat pass="15" fail="0" skip="0" id="s1" name="EECS3311-Project">EECS3311-Project</stat>
<stat pass="15" fail="0" skip="0" id="s1-s1" name="Src">EECS3311-Project.Src</stat>
<stat pass="15" fail="0" skip="0" id="s1-s1-s1" name="Test">EECS3311-Project.Src.Test</stat>
<stat pass="15" fail="0" skip="0" id="s1-s1-s1-s1" name="Robot">EECS3311-Project.Src.Test.Robot</stat>
<stat pass="15" fail="0" skip="0" id="s1-s1-s1-s1-s1" name="Testingrobot">EECS3311-Project.Src.Test.Robot.Testingrobot</stat>
</suite>
</statistics>
<errors>
</errors>
</robot>
