<?xml version="1.0" encoding="UTF-8"?>
<robot generator="Robot 6.1.1 (Python 3.11.4 on win32)" generated="20230814 23:05:57.920" rpa="false" schemaversion="4">
<suite id="s1" name="EECS3311-Project" source="C:\Users\betul\Documents\GitHub\EECS3311-Project">
<suite id="s1-s1" name="Src" source="C:\Users\betul\Documents\GitHub\EECS3311-Project\src">
<suite id="s1-s1-s1" name="Test" source="C:\Users\betul\Documents\GitHub\EECS3311-Project\src\test">
<suite id="s1-s1-s1-s1" name="Robot" source="C:\Users\betul\Documents\GitHub\EECS3311-Project\src\test\robot">
<suite id="s1-s1-s1-s1-s1" name="Testingrobot" source="C:\Users\betul\Documents\GitHub\EECS3311-Project\src\test\robot\testingrobot.robot">
<kw name="Create Session" library="RequestsLibrary" type="SETUP">
<arg>localhost</arg>
<arg>http://localhost:8080</arg>
<doc>Create Session: create a HTTP session to a server</doc>
<msg timestamp="20230814 23:05:58.128" level="INFO">Creating Session using : alias=localhost, url=http://localhost:8080, headers={},                     cookies={}, auth=None, timeout=None, proxies=None, verify=False,                     debug=0 </msg>
<status status="PASS" starttime="20230814 23:05:58.128" endtime="20230814 23:05:58.128"/>
</kw>
<test id="s1-s1-s1-s1-s1-t1" name="addActorPass" line="11">
<kw name="Create Dictionary" library="BuiltIn">
<var>${headers}</var>
<arg>Content-Type=application/json</arg>
<doc>Creates and returns a dictionary based on the given ``items``.</doc>
<msg timestamp="20230814 23:05:58.129" level="INFO">${headers} = {'Content-Type': 'application/json'}</msg>
<status status="PASS" starttime="20230814 23:05:58.129" endtime="20230814 23:05:58.129"/>
</kw>
<kw name="Create Dictionary" library="BuiltIn">
<var>${params}</var>
<arg>name=Kevin Bacon</arg>
<arg>actorId=nm0000102</arg>
<doc>Creates and returns a dictionary based on the given ``items``.</doc>
<msg timestamp="20230814 23:05:58.129" level="INFO">${params} = {'name': 'Kevin Bacon', 'actorId': 'nm0000102'}</msg>
<status status="PASS" starttime="20230814 23:05:58.129" endtime="20230814 23:05:58.129"/>
</kw>
<kw name="Create Dictionary" library="BuiltIn">
<var>${headers}</var>
<arg>Content-Type=application/json</arg>
<doc>Creates and returns a dictionary based on the given ``items``.</doc>
<msg timestamp="20230814 23:05:58.130" level="INFO">${headers} = {'Content-Type': 'application/json'}</msg>
<status status="PASS" starttime="20230814 23:05:58.130" endtime="20230814 23:05:58.130"/>
</kw>
<kw name="Create Dictionary" library="BuiltIn">
<var>${params}</var>
<arg>name=ActorName</arg>
<arg>actorId=000ID</arg>
<doc>Creates and returns a dictionary based on the given ``items``.</doc>
<msg timestamp="20230814 23:05:58.131" level="INFO">${params} = {'name': 'ActorName', 'actorId': '000ID'}</msg>
<status status="PASS" starttime="20230814 23:05:58.131" endtime="20230814 23:05:58.131"/>
</kw>
<kw name="PUT On Session" library="RequestsLibrary">
<var>${resp}</var>
<arg>localhost</arg>
<arg>/api/v1/addActor</arg>
<arg>json=${params}</arg>
<arg>headers=${headers}</arg>
<arg>expected_status=200</arg>
<doc>Sends a PUT request on a previously created HTTP Session.</doc>
<msg timestamp="20230814 23:05:58.228" level="INFO">PUT Request : url=http://localhost:8080/api/v1/addActor 
 path_url=/api/v1/addActor 
 headers={'User-Agent': 'python-requests/2.31.0', 'Accept-Encoding': 'gzip, deflate', 'Accept': '*/*', 'Connection': 'keep-alive', 'Content-Type': 'application/json', 'Content-Length': '41'} 
 body=b'{"name": "ActorName", "actorId": "000ID"}' 
 </msg>
<msg timestamp="20230814 23:05:58.233" level="INFO">PUT Response : url=http://localhost:8080/api/v1/addActor 
 status=200, reason=OK 
 headers={'Date': 'Tue, 15 Aug 2023 03:05:58 GMT', 'Content-length': '2'} 
 body=OK 
 </msg>
<msg timestamp="20230814 23:05:58.234" level="INFO">${resp} = &lt;Response [200]&gt;</msg>
<status status="PASS" starttime="20230814 23:05:58.131" endtime="20230814 23:05:58.234"/>
</kw>
<kw name="Create Dictionary" library="BuiltIn">
<var>${headers}</var>
<arg>Content-Type=application/json</arg>
<doc>Creates and returns a dictionary based on the given ``items``.</doc>
<msg timestamp="20230814 23:05:58.234" level="INFO">${headers} = {'Content-Type': 'application/json'}</msg>
<status status="PASS" starttime="20230814 23:05:58.234" endtime="20230814 23:05:58.234"/>
</kw>
<kw name="Create Dictionary" library="BuiltIn">
<var>${params}</var>
<arg>name=ActorName</arg>
<arg>actorId=000IDbutuniqueid</arg>
<doc>Creates and returns a dictionary based on the given ``items``.</doc>
<msg timestamp="20230814 23:05:58.235" level="INFO">${params} = {'name': 'ActorName', 'actorId': '000IDbutuniqueid'}</msg>
<status status="PASS" starttime="20230814 23:05:58.234" endtime="20230814 23:05:58.235"/>
</kw>
<kw name="PUT On Session" library="RequestsLibrary">
<var>${resp}</var>
<arg>localhost</arg>
<arg>/api/v1/addActor</arg>
<arg>json=${params}</arg>
<arg>headers=${headers}</arg>
<arg>expected_status=200</arg>
<doc>Sends a PUT request on a previously created HTTP Session.</doc>
<msg timestamp="20230814 23:05:58.244" level="INFO">PUT Request : url=http://localhost:8080/api/v1/addActor 
 path_url=/api/v1/addActor 
 headers={'User-Agent': 'python-requests/2.31.0', 'Accept-Encoding': 'gzip, deflate', 'Accept': '*/*', 'Connection': 'keep-alive', 'Content-Type': 'application/json', 'Content-Length': '52'} 
 body=b'{"name": "ActorName", "actorId": "000IDbutuniqueid"}' 
 </msg>
<msg timestamp="20230814 23:05:58.245" level="INFO">PUT Response : url=http://localhost:8080/api/v1/addActor 
 status=200, reason=OK 
 headers={'Date': 'Tue, 15 Aug 2023 03:05:58 GMT', 'Content-length': '2'} 
 body=OK 
 </msg>
<msg timestamp="20230814 23:05:58.245" level="INFO">${resp} = &lt;Response [200]&gt;</msg>
<status status="PASS" starttime="20230814 23:05:58.235" endtime="20230814 23:05:58.245"/>
</kw>
<timeout value="30 seconds"/>
<status status="PASS" starttime="20230814 23:05:58.128" endtime="20230814 23:05:58.245"/>
</test>
<test id="s1-s1-s1-s1-s1-t2" name="addActorFail" line="34">
<kw name="Create Dictionary" library="BuiltIn">
<var>${headers}</var>
<arg>Content-Type=application/json</arg>
<doc>Creates and returns a dictionary based on the given ``items``.</doc>
<msg timestamp="20230814 23:05:58.247" level="INFO">${headers} = {'Content-Type': 'application/json'}</msg>
<status status="PASS" starttime="20230814 23:05:58.247" endtime="20230814 23:05:58.247"/>
</kw>
<kw name="Create Dictionary" library="BuiltIn">
<var>${params}</var>
<arg>name=Kevin Bacon2</arg>
<arg>actorId=nm0000102</arg>
<doc>Creates and returns a dictionary based on the given ``items``.</doc>
<msg timestamp="20230814 23:05:58.247" level="INFO">${params} = {'name': 'Kevin Bacon2', 'actorId': 'nm0000102'}</msg>
<status status="PASS" starttime="20230814 23:05:58.247" endtime="20230814 23:05:58.247"/>
</kw>
<kw name="PUT On Session" library="RequestsLibrary">
<var>${resp}</var>
<arg>localhost</arg>
<arg>/api/v1/addActor</arg>
<arg>json=${params}</arg>
<arg>headers=${headers}</arg>
<arg>expected_status=400</arg>
<doc>Sends a PUT request on a previously created HTTP Session.</doc>
<msg timestamp="20230814 23:05:58.255" level="INFO">PUT Request : url=http://localhost:8080/api/v1/addActor 
 path_url=/api/v1/addActor 
 headers={'User-Agent': 'python-requests/2.31.0', 'Accept-Encoding': 'gzip, deflate', 'Accept': '*/*', 'Connection': 'keep-alive', 'Content-Type': 'application/json', 'Content-Length': '48'} 
 body=b'{"name": "Kevin Bacon2", "actorId": "nm0000102"}' 
 </msg>
<msg timestamp="20230814 23:05:58.258" level="INFO">PUT Response : url=http://localhost:8080/api/v1/addActor 
 status=400, reason=Bad Request 
 headers={'Date': 'Tue, 15 Aug 2023 03:05:58 GMT', 'Content-length': '11'} 
 body=BAD REQUEST 
 </msg>
<msg timestamp="20230814 23:05:58.258" level="INFO">${resp} = &lt;Response [400]&gt;</msg>
<status status="PASS" starttime="20230814 23:05:58.247" endtime="20230814 23:05:58.258"/>
</kw>
<kw name="Create Dictionary" library="BuiltIn">
<var>${headers}</var>
<arg>Content-Type=application/json</arg>
<doc>Creates and returns a dictionary based on the given ``items``.</doc>
<msg timestamp="20230814 23:05:58.258" level="INFO">${headers} = {'Content-Type': 'application/json'}</msg>
<status status="PASS" starttime="20230814 23:05:58.258" endtime="20230814 23:05:58.258"/>
</kw>
<kw name="Create Dictionary" library="BuiltIn">
<var>${params}</var>
<arg>Actorid=robertdowney</arg>
<arg>Name=Robert Downey Jr.</arg>
<doc>Creates and returns a dictionary based on the given ``items``.</doc>
<msg timestamp="20230814 23:05:58.259" level="INFO">${params} = {'Actorid': 'robertdowney', 'Name': 'Robert Downey Jr.'}</msg>
<status status="PASS" starttime="20230814 23:05:58.259" endtime="20230814 23:05:58.259"/>
</kw>
<kw name="PUT On Session" library="RequestsLibrary">
<var>${resp}</var>
<arg>localhost</arg>
<arg>/api/v1/addActor</arg>
<arg>json=${params}</arg>
<arg>headers=${headers}</arg>
<arg>expected_status=400</arg>
<doc>Sends a PUT request on a previously created HTTP Session.</doc>
<msg timestamp="20230814 23:05:58.264" level="INFO">PUT Request : url=http://localhost:8080/api/v1/addActor 
 path_url=/api/v1/addActor 
 headers={'User-Agent': 'python-requests/2.31.0', 'Accept-Encoding': 'gzip, deflate', 'Accept': '*/*', 'Connection': 'keep-alive', 'Content-Type': 'application/json', 'Content-Length': '56'} 
 body=b'{"Actorid": "robertdowney", "Name": "Robert Downey Jr."}' 
 </msg>
<msg timestamp="20230814 23:05:58.264" level="INFO">PUT Response : url=http://localhost:8080/api/v1/addActor 
 status=400, reason=Bad Request 
 headers={'Date': 'Tue, 15 Aug 2023 03:05:58 GMT', 'Content-length': '11'} 
 body=BAD REQUEST 
 </msg>
<msg timestamp="20230814 23:05:58.264" level="INFO">${resp} = &lt;Response [400]&gt;</msg>
<status status="PASS" starttime="20230814 23:05:58.259" endtime="20230814 23:05:58.264"/>
</kw>
<kw name="Create Dictionary" library="BuiltIn">
<var>${headers}</var>
<arg>Content-Type=application/json</arg>
<doc>Creates and returns a dictionary based on the given ``items``.</doc>
<msg timestamp="20230814 23:05:58.265" level="INFO">${headers} = {'Content-Type': 'application/json'}</msg>
<status status="PASS" starttime="20230814 23:05:58.265" endtime="20230814 23:05:58.265"/>
</kw>
<kw name="Create Dictionary" library="BuiltIn">
<var>${params}</var>
<arg>name=${null}</arg>
<arg>actorId=scarlettjohansson</arg>
<doc>Creates and returns a dictionary based on the given ``items``.</doc>
<msg timestamp="20230814 23:05:58.265" level="INFO">${params} = {'name': None, 'actorId': 'scarlettjohansson'}</msg>
<status status="PASS" starttime="20230814 23:05:58.265" endtime="20230814 23:05:58.265"/>
</kw>
<kw name="PUT On Session" library="RequestsLibrary">
<var>${resp}</var>
<arg>localhost</arg>
<arg>/api/v1/addActor</arg>
<arg>json=${params}</arg>
<arg>headers=${headers}</arg>
<arg>expected_status=400</arg>
<doc>Sends a PUT request on a previously created HTTP Session.</doc>
<msg timestamp="20230814 23:05:58.269" level="INFO">PUT Request : url=http://localhost:8080/api/v1/addActor 
 path_url=/api/v1/addActor 
 headers={'User-Agent': 'python-requests/2.31.0', 'Accept-Encoding': 'gzip, deflate', 'Accept': '*/*', 'Connection': 'keep-alive', 'Content-Type': 'application/json', 'Content-Length': '46'} 
 body=b'{"name": null, "actorId": "scarlettjohansson"}' 
 </msg>
<msg timestamp="20230814 23:05:58.269" level="INFO">PUT Response : url=http://localhost:8080/api/v1/addActor 
 status=400, reason=Bad Request 
 headers={'Date': 'Tue, 15 Aug 2023 03:05:58 GMT', 'Content-length': '11'} 
 body=BAD REQUEST 
 </msg>
<msg timestamp="20230814 23:05:58.269" level="INFO">${resp} = &lt;Response [400]&gt;</msg>
<status status="PASS" starttime="20230814 23:05:58.266" endtime="20230814 23:05:58.269"/>
</kw>
<kw name="Create Dictionary" library="BuiltIn">
<var>${headers}</var>
<arg>Content-Type=application/json</arg>
<doc>Creates and returns a dictionary based on the given ``items``.</doc>
<msg timestamp="20230814 23:05:58.270" level="INFO">${headers} = {'Content-Type': 'application/json'}</msg>
<status status="PASS" starttime="20230814 23:05:58.270" endtime="20230814 23:05:58.270"/>
</kw>
<kw name="Create Dictionary" library="BuiltIn">
<var>${params}</var>
<arg>name=Scarlett Johansson</arg>
<arg>actorId=${null}</arg>
<doc>Creates and returns a dictionary based on the given ``items``.</doc>
<msg timestamp="20230814 23:05:58.271" level="INFO">${params} = {'name': 'Scarlett Johansson', 'actorId': None}</msg>
<status status="PASS" starttime="20230814 23:05:58.271" endtime="20230814 23:05:58.271"/>
</kw>
<kw name="PUT On Session" library="RequestsLibrary">
<var>${resp}</var>
<arg>localhost</arg>
<arg>/api/v1/addActor</arg>
<arg>json=${params}</arg>
<arg>headers=${headers}</arg>
<arg>expected_status=400</arg>
<doc>Sends a PUT request on a previously created HTTP Session.</doc>
<msg timestamp="20230814 23:05:58.274" level="INFO">PUT Request : url=http://localhost:8080/api/v1/addActor 
 path_url=/api/v1/addActor 
 headers={'User-Agent': 'python-requests/2.31.0', 'Accept-Encoding': 'gzip, deflate', 'Accept': '*/*', 'Connection': 'keep-alive', 'Content-Type': 'application/json', 'Content-Length': '47'} 
 body=b'{"name": "Scarlett Johansson", "actorId": null}' 
 </msg>
<msg timestamp="20230814 23:05:58.274" level="INFO">PUT Response : url=http://localhost:8080/api/v1/addActor 
 status=400, reason=Bad Request 
 headers={'Date': 'Tue, 15 Aug 2023 03:05:58 GMT', 'Content-length': '11'} 
 body=BAD REQUEST 
 </msg>
<msg timestamp="20230814 23:05:58.274" level="INFO">${resp} = &lt;Response [400]&gt;</msg>
<status status="PASS" starttime="20230814 23:05:58.271" endtime="20230814 23:05:58.274"/>
</kw>
<timeout value="30 seconds"/>
<status status="PASS" starttime="20230814 23:05:58.246" endtime="20230814 23:05:58.275"/>
</test>
<test id="s1-s1-s1-s1-s1-t3" name="addMoviePass" line="55">
<kw name="Create Dictionary" library="BuiltIn">
<var>${headers}</var>
<arg>Content-Type=application/json</arg>
<doc>Creates and returns a dictionary based on the given ``items``.</doc>
<msg timestamp="20230814 23:05:58.277" level="INFO">${headers} = {'Content-Type': 'application/json'}</msg>
<status status="PASS" starttime="20230814 23:05:58.276" endtime="20230814 23:05:58.277"/>
</kw>
<kw name="Create Dictionary" library="BuiltIn">
<var>${params}</var>
<arg>name=A Few Good Men</arg>
<arg>movieId=afewgoodmenid</arg>
<doc>Creates and returns a dictionary based on the given ``items``.</doc>
<msg timestamp="20230814 23:05:58.277" level="INFO">${params} = {'name': 'A Few Good Men', 'movieId': 'afewgoodmenid'}</msg>
<status status="PASS" starttime="20230814 23:05:58.277" endtime="20230814 23:05:58.277"/>
</kw>
<kw name="PUT On Session" library="RequestsLibrary">
<var>${resp}</var>
<arg>localhost</arg>
<arg>/api/v1/addMovie</arg>
<arg>json=${params}</arg>
<arg>headers=${headers}</arg>
<arg>expected_status=200</arg>
<doc>Sends a PUT request on a previously created HTTP Session.</doc>
<msg timestamp="20230814 23:05:58.287" level="INFO">PUT Request : url=http://localhost:8080/api/v1/addMovie 
 path_url=/api/v1/addMovie 
 headers={'User-Agent': 'python-requests/2.31.0', 'Accept-Encoding': 'gzip, deflate', 'Accept': '*/*', 'Connection': 'keep-alive', 'Content-Type': 'application/json', 'Content-Length': '54'} 
 body=b'{"name": "A Few Good Men", "movieId": "afewgoodmenid"}' 
 </msg>
<msg timestamp="20230814 23:05:58.287" level="INFO">PUT Response : url=http://localhost:8080/api/v1/addMovie 
 status=200, reason=OK 
 headers={'Date': 'Tue, 15 Aug 2023 03:05:58 GMT', 'Content-length': '2'} 
 body=OK 
 </msg>
<msg timestamp="20230814 23:05:58.287" level="INFO">${resp} = &lt;Response [200]&gt;</msg>
<status status="PASS" starttime="20230814 23:05:58.278" endtime="20230814 23:05:58.287"/>
</kw>
<kw name="Create Dictionary" library="BuiltIn">
<var>${headers}</var>
<arg>Content-Type=application/json</arg>
<doc>Creates and returns a dictionary based on the given ``items``.</doc>
<msg timestamp="20230814 23:05:58.288" level="INFO">${headers} = {'Content-Type': 'application/json'}</msg>
<status status="PASS" starttime="20230814 23:05:58.288" endtime="20230814 23:05:58.288"/>
</kw>
<kw name="Create Dictionary" library="BuiltIn">
<var>${params}</var>
<arg>name=A Few Good Men</arg>
<arg>movieId=afewgoodmenuniqueanddifferentid</arg>
<doc>Creates and returns a dictionary based on the given ``items``.</doc>
<msg timestamp="20230814 23:05:58.289" level="INFO">${params} = {'name': 'A Few Good Men', 'movieId': 'afewgoodmenuniqueanddifferentid'}</msg>
<status status="PASS" starttime="20230814 23:05:58.289" endtime="20230814 23:05:58.289"/>
</kw>
<kw name="PUT On Session" library="RequestsLibrary">
<var>${resp}</var>
<arg>localhost</arg>
<arg>/api/v1/addMovie</arg>
<arg>json=${params}</arg>
<arg>headers=${headers}</arg>
<arg>expected_status=200</arg>
<doc>Sends a PUT request on a previously created HTTP Session.</doc>
<msg timestamp="20230814 23:05:58.299" level="INFO">PUT Request : url=http://localhost:8080/api/v1/addMovie 
 path_url=/api/v1/addMovie 
 headers={'User-Agent': 'python-requests/2.31.0', 'Accept-Encoding': 'gzip, deflate', 'Accept': '*/*', 'Connection': 'keep-alive', 'Content-Type': 'application/json', 'Content-Length': '72'} 
 body=b'{"name": "A Few Good Men", "movieId": "afewgoodmenuniqueanddifferentid"}' 
 </msg>
<msg timestamp="20230814 23:05:58.299" level="INFO">PUT Response : url=http://localhost:8080/api/v1/addMovie 
 status=200, reason=OK 
 headers={'Date': 'Tue, 15 Aug 2023 03:05:58 GMT', 'Content-length': '2'} 
 body=OK 
 </msg>
<msg timestamp="20230814 23:05:58.300" level="INFO">${resp} = &lt;Response [200]&gt;</msg>
<status status="PASS" starttime="20230814 23:05:58.289" endtime="20230814 23:05:58.300"/>
</kw>
<timeout value="30 seconds"/>
<status status="PASS" starttime="20230814 23:05:58.276" endtime="20230814 23:05:58.300"/>
</test>
<test id="s1-s1-s1-s1-s1-t4" name="addMovieFail" line="65">
<kw name="Create Dictionary" library="BuiltIn">
<var>${headers}</var>
<arg>Content-Type=application/json</arg>
<doc>Creates and returns a dictionary based on the given ``items``.</doc>
<msg timestamp="20230814 23:05:58.302" level="INFO">${headers} = {'Content-Type': 'application/json'}</msg>
<status status="PASS" starttime="20230814 23:05:58.302" endtime="20230814 23:05:58.302"/>
</kw>
<kw name="Create Dictionary" library="BuiltIn">
<var>${params}</var>
<arg>name=A_Few_Good_Men_butDifferentName</arg>
<arg>movieId=afewgoodmenid</arg>
<doc>Creates and returns a dictionary based on the given ``items``.</doc>
<msg timestamp="20230814 23:05:58.303" level="INFO">${params} = {'name': 'A_Few_Good_Men_butDifferentName', 'movieId': 'afewgoodmenid'}</msg>
<status status="PASS" starttime="20230814 23:05:58.302" endtime="20230814 23:05:58.303"/>
</kw>
<kw name="PUT On Session" library="RequestsLibrary">
<var>${resp}</var>
<arg>localhost</arg>
<arg>/api/v1/addMovie</arg>
<arg>json=${params}</arg>
<arg>headers=${headers}</arg>
<arg>expected_status=400</arg>
<doc>Sends a PUT request on a previously created HTTP Session.</doc>
<msg timestamp="20230814 23:05:58.310" level="INFO">PUT Request : url=http://localhost:8080/api/v1/addMovie 
 path_url=/api/v1/addMovie 
 headers={'User-Agent': 'python-requests/2.31.0', 'Accept-Encoding': 'gzip, deflate', 'Accept': '*/*', 'Connection': 'keep-alive', 'Content-Type': 'application/json', 'Content-Length': '71'} 
 body=b'{"name": "A_Few_Good_Men_butDifferentName", "movieId": "afewgoodmenid"}' 
 </msg>
<msg timestamp="20230814 23:05:58.310" level="INFO">PUT Response : url=http://localhost:8080/api/v1/addMovie 
 status=400, reason=Bad Request 
 headers={'Date': 'Tue, 15 Aug 2023 03:05:58 GMT', 'Content-length': '11'} 
 body=BAD REQUEST 
 </msg>
<msg timestamp="20230814 23:05:58.310" level="INFO">${resp} = &lt;Response [400]&gt;</msg>
<status status="PASS" starttime="20230814 23:05:58.303" endtime="20230814 23:05:58.311"/>
</kw>
<kw name="Create Dictionary" library="BuiltIn">
<var>${headers}</var>
<arg>Content-Type=application/json</arg>
<doc>Creates and returns a dictionary based on the given ``items``.</doc>
<msg timestamp="20230814 23:05:58.312" level="INFO">${headers} = {'Content-Type': 'application/json'}</msg>
<status status="PASS" starttime="20230814 23:05:58.312" endtime="20230814 23:05:58.312"/>
</kw>
<kw name="Create Dictionary" library="BuiltIn">
<var>${params}</var>
<arg>movieId=afewgoodmenid</arg>
<arg>name=A_Few_Good_Men_butDifferentName</arg>
<doc>Creates and returns a dictionary based on the given ``items``.</doc>
<msg timestamp="20230814 23:05:58.312" level="INFO">${params} = {'movieId': 'afewgoodmenid', 'name': 'A_Few_Good_Men_butDifferentName'}</msg>
<status status="PASS" starttime="20230814 23:05:58.312" endtime="20230814 23:05:58.312"/>
</kw>
<kw name="PUT On Session" library="RequestsLibrary">
<var>${resp}</var>
<arg>localhost</arg>
<arg>/api/v1/addMovie</arg>
<arg>json=${params}</arg>
<arg>headers=${headers}</arg>
<arg>expected_status=400</arg>
<doc>Sends a PUT request on a previously created HTTP Session.</doc>
<msg timestamp="20230814 23:05:58.320" level="INFO">PUT Request : url=http://localhost:8080/api/v1/addMovie 
 path_url=/api/v1/addMovie 
 headers={'User-Agent': 'python-requests/2.31.0', 'Accept-Encoding': 'gzip, deflate', 'Accept': '*/*', 'Connection': 'keep-alive', 'Content-Type': 'application/json', 'Content-Length': '71'} 
 body=b'{"movieId": "afewgoodmenid", "name": "A_Few_Good_Men_butDifferentName"}' 
 </msg>
<msg timestamp="20230814 23:05:58.320" level="INFO">PUT Response : url=http://localhost:8080/api/v1/addMovie 
 status=400, reason=Bad Request 
 headers={'Date': 'Tue, 15 Aug 2023 03:05:58 GMT', 'Content-length': '11'} 
 body=BAD REQUEST 
 </msg>
<msg timestamp="20230814 23:05:58.320" level="INFO">${resp} = &lt;Response [400]&gt;</msg>
<status status="PASS" starttime="20230814 23:05:58.313" endtime="20230814 23:05:58.320"/>
</kw>
<kw name="Create Dictionary" library="BuiltIn">
<var>${headers}</var>
<arg>Content-Type=application/json</arg>
<doc>Creates and returns a dictionary based on the given ``items``.</doc>
<msg timestamp="20230814 23:05:58.321" level="INFO">${headers} = {'Content-Type': 'application/json'}</msg>
<status status="PASS" starttime="20230814 23:05:58.321" endtime="20230814 23:05:58.321"/>
</kw>
<kw name="Create Dictionary" library="BuiltIn">
<var>${params}</var>
<arg>name=A_Few_Good_Men_butDifferentName</arg>
<arg>movieId=afewgoodmenid</arg>
<doc>Creates and returns a dictionary based on the given ``items``.</doc>
<msg timestamp="20230814 23:05:58.322" level="INFO">${params} = {'name': 'A_Few_Good_Men_butDifferentName', 'movieId': 'afewgoodmenid'}</msg>
<status status="PASS" starttime="20230814 23:05:58.321" endtime="20230814 23:05:58.322"/>
</kw>
<kw name="PUT On Session" library="RequestsLibrary">
<var>${resp}</var>
<arg>localhost</arg>
<arg>/api/v1/addMovie</arg>
<arg>json=${params}</arg>
<arg>headers=${headers}</arg>
<arg>expected_status=400</arg>
<doc>Sends a PUT request on a previously created HTTP Session.</doc>
<msg timestamp="20230814 23:05:58.331" level="INFO">PUT Request : url=http://localhost:8080/api/v1/addMovie 
 path_url=/api/v1/addMovie 
 headers={'User-Agent': 'python-requests/2.31.0', 'Accept-Encoding': 'gzip, deflate', 'Accept': '*/*', 'Connection': 'keep-alive', 'Content-Type': 'application/json', 'Content-Length': '71'} 
 body=b'{"name": "A_Few_Good_Men_butDifferentName", "movieId": "afewgoodmenid"}' 
 </msg>
<msg timestamp="20230814 23:05:58.331" level="INFO">PUT Response : url=http://localhost:8080/api/v1/addMovie 
 status=400, reason=Bad Request 
 headers={'Date': 'Tue, 15 Aug 2023 03:05:58 GMT', 'Content-length': '11'} 
 body=BAD REQUEST 
 </msg>
<msg timestamp="20230814 23:05:58.331" level="INFO">${resp} = &lt;Response [400]&gt;</msg>
<status status="PASS" starttime="20230814 23:05:58.322" endtime="20230814 23:05:58.331"/>
</kw>
<kw name="Create Dictionary" library="BuiltIn">
<var>${headers}</var>
<arg>Content-Type=application/json</arg>
<doc>Creates and returns a dictionary based on the given ``items``.</doc>
<msg timestamp="20230814 23:05:58.332" level="INFO">${headers} = {'Content-Type': 'application/json'}</msg>
<status status="PASS" starttime="20230814 23:05:58.332" endtime="20230814 23:05:58.332"/>
</kw>
<kw name="Create Dictionary" library="BuiltIn">
<var>${params}</var>
<arg>name=A_Few_Good_Men_butDifferentName</arg>
<arg>movieId=afewgoodmenid</arg>
<doc>Creates and returns a dictionary based on the given ``items``.</doc>
<msg timestamp="20230814 23:05:58.333" level="INFO">${params} = {'name': 'A_Few_Good_Men_butDifferentName', 'movieId': 'afewgoodmenid'}</msg>
<status status="PASS" starttime="20230814 23:05:58.332" endtime="20230814 23:05:58.333"/>
</kw>
<kw name="PUT On Session" library="RequestsLibrary">
<var>${resp}</var>
<arg>localhost</arg>
<arg>/api/v1/addMovie</arg>
<arg>json=${params}</arg>
<arg>headers=${headers}</arg>
<arg>expected_status=400</arg>
<doc>Sends a PUT request on a previously created HTTP Session.</doc>
<msg timestamp="20230814 23:05:58.341" level="INFO">PUT Request : url=http://localhost:8080/api/v1/addMovie 
 path_url=/api/v1/addMovie 
 headers={'User-Agent': 'python-requests/2.31.0', 'Accept-Encoding': 'gzip, deflate', 'Accept': '*/*', 'Connection': 'keep-alive', 'Content-Type': 'application/json', 'Content-Length': '71'} 
 body=b'{"name": "A_Few_Good_Men_butDifferentName", "movieId": "afewgoodmenid"}' 
 </msg>
<msg timestamp="20230814 23:05:58.341" level="INFO">PUT Response : url=http://localhost:8080/api/v1/addMovie 
 status=400, reason=Bad Request 
 headers={'Date': 'Tue, 15 Aug 2023 03:05:58 GMT', 'Content-length': '11'} 
 body=BAD REQUEST 
 </msg>
<msg timestamp="20230814 23:05:58.342" level="INFO">${resp} = &lt;Response [400]&gt;</msg>
<status status="PASS" starttime="20230814 23:05:58.333" endtime="20230814 23:05:58.342"/>
</kw>
<kw name="Create Dictionary" library="BuiltIn">
<var>${headers}</var>
<arg>Content-Type=application/json</arg>
<doc>Creates and returns a dictionary based on the given ``items``.</doc>
<msg timestamp="20230814 23:05:58.342" level="INFO">${headers} = {'Content-Type': 'application/json'}</msg>
<status status="PASS" starttime="20230814 23:05:58.342" endtime="20230814 23:05:58.342"/>
</kw>
<kw name="Create Dictionary" library="BuiltIn">
<var>${params}</var>
<arg>name=A_Few_Good_Men_butDifferentName</arg>
<arg>movieId=${null}</arg>
<doc>Creates and returns a dictionary based on the given ``items``.</doc>
<msg timestamp="20230814 23:05:58.343" level="INFO">${params} = {'name': 'A_Few_Good_Men_butDifferentName', 'movieId': None}</msg>
<status status="PASS" starttime="20230814 23:05:58.343" endtime="20230814 23:05:58.343"/>
</kw>
<kw name="PUT On Session" library="RequestsLibrary">
<var>${resp}</var>
<arg>localhost</arg>
<arg>/api/v1/addMovie</arg>
<arg>json=${params}</arg>
<arg>headers=${headers}</arg>
<arg>expected_status=400</arg>
<doc>Sends a PUT request on a previously created HTTP Session.</doc>
<msg timestamp="20230814 23:05:58.347" level="INFO">PUT Request : url=http://localhost:8080/api/v1/addMovie 
 path_url=/api/v1/addMovie 
 headers={'User-Agent': 'python-requests/2.31.0', 'Accept-Encoding': 'gzip, deflate', 'Accept': '*/*', 'Connection': 'keep-alive', 'Content-Type': 'application/json', 'Content-Length': '60'} 
 body=b'{"name": "A_Few_Good_Men_butDifferentName", "movieId": null}' 
 </msg>
<msg timestamp="20230814 23:05:58.347" level="INFO">PUT Response : url=http://localhost:8080/api/v1/addMovie 
 status=400, reason=Bad Request 
 headers={'Date': 'Tue, 15 Aug 2023 03:05:58 GMT', 'Content-length': '11'} 
 body=BAD REQUEST 
 </msg>
<msg timestamp="20230814 23:05:58.347" level="INFO">${resp} = &lt;Response [400]&gt;</msg>
<status status="PASS" starttime="20230814 23:05:58.344" endtime="20230814 23:05:58.347"/>
</kw>
<kw name="Create Dictionary" library="BuiltIn">
<var>${headers}</var>
<arg>Content-Type=application/json</arg>
<doc>Creates and returns a dictionary based on the given ``items``.</doc>
<msg timestamp="20230814 23:05:58.348" level="INFO">${headers} = {'Content-Type': 'application/json'}</msg>
<status status="PASS" starttime="20230814 23:05:58.347" endtime="20230814 23:05:58.348"/>
</kw>
<kw name="Create Dictionary" library="BuiltIn">
<var>${params}</var>
<arg>name=${null}</arg>
<arg>movieId=afewgoodmenid</arg>
<doc>Creates and returns a dictionary based on the given ``items``.</doc>
<msg timestamp="20230814 23:05:58.348" level="INFO">${params} = {'name': None, 'movieId': 'afewgoodmenid'}</msg>
<status status="PASS" starttime="20230814 23:05:58.348" endtime="20230814 23:05:58.348"/>
</kw>
<kw name="PUT On Session" library="RequestsLibrary">
<var>${resp}</var>
<arg>localhost</arg>
<arg>/api/v1/addMovie</arg>
<arg>json=${params}</arg>
<arg>headers=${headers}</arg>
<arg>expected_status=400</arg>
<doc>Sends a PUT request on a previously created HTTP Session.</doc>
<msg timestamp="20230814 23:05:58.353" level="INFO">PUT Request : url=http://localhost:8080/api/v1/addMovie 
 path_url=/api/v1/addMovie 
 headers={'User-Agent': 'python-requests/2.31.0', 'Accept-Encoding': 'gzip, deflate', 'Accept': '*/*', 'Connection': 'keep-alive', 'Content-Type': 'application/json', 'Content-Length': '42'} 
 body=b'{"name": null, "movieId": "afewgoodmenid"}' 
 </msg>
<msg timestamp="20230814 23:05:58.354" level="INFO">PUT Response : url=http://localhost:8080/api/v1/addMovie 
 status=400, reason=Bad Request 
 headers={'Date': 'Tue, 15 Aug 2023 03:05:58 GMT', 'Content-length': '11'} 
 body=BAD REQUEST 
 </msg>
<msg timestamp="20230814 23:05:58.354" level="INFO">${resp} = &lt;Response [400]&gt;</msg>
<status status="PASS" starttime="20230814 23:05:58.349" endtime="20230814 23:05:58.354"/>
</kw>
<timeout value="30 seconds"/>
<status status="PASS" starttime="20230814 23:05:58.301" endtime="20230814 23:05:58.354"/>
</test>
<test id="s1-s1-s1-s1-s1-t5" name="addRelationshipPass" line="99">
<kw name="Create Dictionary" library="BuiltIn">
<var>${headers}</var>
<arg>Content-Type=application/json</arg>
<doc>Creates and returns a dictionary based on the given ``items``.</doc>
<msg timestamp="20230814 23:05:58.355" level="INFO">${headers} = {'Content-Type': 'application/json'}</msg>
<status status="PASS" starttime="20230814 23:05:58.355" endtime="20230814 23:05:58.355"/>
</kw>
<kw name="Create Dictionary" library="BuiltIn">
<var>${params}</var>
<arg>actorId=nm0000102</arg>
<arg>movieId=afewgoodmenid</arg>
<doc>Creates and returns a dictionary based on the given ``items``.</doc>
<msg timestamp="20230814 23:05:58.356" level="INFO">${params} = {'actorId': 'nm0000102', 'movieId': 'afewgoodmenid'}</msg>
<status status="PASS" starttime="20230814 23:05:58.356" endtime="20230814 23:05:58.356"/>
</kw>
<kw name="PUT On Session" library="RequestsLibrary">
<var>${resp}</var>
<arg>localhost</arg>
<arg>/api/v1/addRelationship</arg>
<arg>json=${params}</arg>
<arg>headers=${headers}</arg>
<arg>expected_status=200</arg>
<doc>Sends a PUT request on a previously created HTTP Session.</doc>
<msg timestamp="20230814 23:05:58.373" level="INFO">PUT Request : url=http://localhost:8080/api/v1/addRelationship 
 path_url=/api/v1/addRelationship 
 headers={'User-Agent': 'python-requests/2.31.0', 'Accept-Encoding': 'gzip, deflate', 'Accept': '*/*', 'Connection': 'keep-alive', 'Content-Type': 'application/json', 'Content-Length': '52'} 
 body=b'{"actorId": "nm0000102", "movieId": "afewgoodmenid"}' 
 </msg>
<msg timestamp="20230814 23:05:58.373" level="INFO">PUT Response : url=http://localhost:8080/api/v1/addRelationship 
 status=200, reason=OK 
 headers={'Date': 'Tue, 15 Aug 2023 03:05:58 GMT', 'Content-length': '2'} 
 body=OK 
 </msg>
<msg timestamp="20230814 23:05:58.373" level="INFO">${resp} = &lt;Response [200]&gt;</msg>
<status status="PASS" starttime="20230814 23:05:58.357" endtime="20230814 23:05:58.373"/>
</kw>
<timeout value="30 seconds"/>
<status status="PASS" starttime="20230814 23:05:58.355" endtime="20230814 23:05:58.375"/>
</test>
<test id="s1-s1-s1-s1-s1-t6" name="addRelationshipFail" line="106">
<kw name="Create Dictionary" library="BuiltIn">
<var>${headers}</var>
<arg>Content-Type=application/json</arg>
<doc>Creates and returns a dictionary based on the given ``items``.</doc>
<msg timestamp="20230814 23:05:58.376" level="INFO">${headers} = {'Content-Type': 'application/json'}</msg>
<status status="PASS" starttime="20230814 23:05:58.376" endtime="20230814 23:05:58.376"/>
</kw>
<kw name="Create Dictionary" library="BuiltIn">
<var>${params}</var>
<arg>actorId=nm0000102</arg>
<arg>movieId=afewgoodmenid</arg>
<doc>Creates and returns a dictionary based on the given ``items``.</doc>
<msg timestamp="20230814 23:05:58.377" level="INFO">${params} = {'actorId': 'nm0000102', 'movieId': 'afewgoodmenid'}</msg>
<status status="PASS" starttime="20230814 23:05:58.377" endtime="20230814 23:05:58.377"/>
</kw>
<kw name="PUT On Session" library="RequestsLibrary">
<var>${resp}</var>
<arg>localhost</arg>
<arg>/api/v1/addRelationship</arg>
<arg>json=${params}</arg>
<arg>headers=${headers}</arg>
<arg>expected_status=400</arg>
<doc>Sends a PUT request on a previously created HTTP Session.</doc>
<msg timestamp="20230814 23:05:58.391" level="INFO">PUT Request : url=http://localhost:8080/api/v1/addRelationship 
 path_url=/api/v1/addRelationship 
 headers={'User-Agent': 'python-requests/2.31.0', 'Accept-Encoding': 'gzip, deflate', 'Accept': '*/*', 'Connection': 'keep-alive', 'Content-Type': 'application/json', 'Content-Length': '52'} 
 body=b'{"actorId": "nm0000102", "movieId": "afewgoodmenid"}' 
 </msg>
<msg timestamp="20230814 23:05:58.391" level="INFO">PUT Response : url=http://localhost:8080/api/v1/addRelationship 
 status=400, reason=Bad Request 
 headers={'Date': 'Tue, 15 Aug 2023 03:05:58 GMT', 'Content-length': '11'} 
 body=BAD REQUEST 
 </msg>
<msg timestamp="20230814 23:05:58.391" level="INFO">${resp} = &lt;Response [400]&gt;</msg>
<status status="PASS" starttime="20230814 23:05:58.377" endtime="20230814 23:05:58.391"/>
</kw>
<kw name="Create Dictionary" library="BuiltIn">
<var>${headers}</var>
<arg>Content-Type=application/json</arg>
<doc>Creates and returns a dictionary based on the given ``items``.</doc>
<msg timestamp="20230814 23:05:58.392" level="INFO">${headers} = {'Content-Type': 'application/json'}</msg>
<status status="PASS" starttime="20230814 23:05:58.391" endtime="20230814 23:05:58.392"/>
</kw>
<kw name="Create Dictionary" library="BuiltIn">
<var>${params}</var>
<arg>actorId=nm0000102</arg>
<arg>movieId=${null}</arg>
<doc>Creates and returns a dictionary based on the given ``items``.</doc>
<msg timestamp="20230814 23:05:58.392" level="INFO">${params} = {'actorId': 'nm0000102', 'movieId': None}</msg>
<status status="PASS" starttime="20230814 23:05:58.392" endtime="20230814 23:05:58.392"/>
</kw>
<kw name="PUT On Session" library="RequestsLibrary">
<var>${resp}</var>
<arg>localhost</arg>
<arg>/api/v1/addRelationship</arg>
<arg>json=${params}</arg>
<arg>headers=${headers}</arg>
<arg>expected_status=400</arg>
<doc>Sends a PUT request on a previously created HTTP Session.</doc>
<msg timestamp="20230814 23:05:58.396" level="INFO">PUT Request : url=http://localhost:8080/api/v1/addRelationship 
 path_url=/api/v1/addRelationship 
 headers={'User-Agent': 'python-requests/2.31.0', 'Accept-Encoding': 'gzip, deflate', 'Accept': '*/*', 'Connection': 'keep-alive', 'Content-Type': 'application/json', 'Content-Length': '41'} 
 body=b'{"actorId": "nm0000102", "movieId": null}' 
 </msg>
<msg timestamp="20230814 23:05:58.397" level="INFO">PUT Response : url=http://localhost:8080/api/v1/addRelationship 
 status=400, reason=Bad Request 
 headers={'Date': 'Tue, 15 Aug 2023 03:05:58 GMT', 'Content-length': '11'} 
 body=BAD REQUEST 
 </msg>
<msg timestamp="20230814 23:05:58.397" level="INFO">${resp} = &lt;Response [400]&gt;</msg>
<status status="PASS" starttime="20230814 23:05:58.393" endtime="20230814 23:05:58.397"/>
</kw>
<kw name="Create Dictionary" library="BuiltIn">
<var>${headers}</var>
<arg>Content-Type=application/json</arg>
<doc>Creates and returns a dictionary based on the given ``items``.</doc>
<msg timestamp="20230814 23:05:58.398" level="INFO">${headers} = {'Content-Type': 'application/json'}</msg>
<status status="PASS" starttime="20230814 23:05:58.398" endtime="20230814 23:05:58.398"/>
</kw>
<kw name="Create Dictionary" library="BuiltIn">
<var>${params}</var>
<arg>actorId=${null}</arg>
<arg>movieId=afewgoodmenid</arg>
<doc>Creates and returns a dictionary based on the given ``items``.</doc>
<msg timestamp="20230814 23:05:58.399" level="INFO">${params} = {'actorId': None, 'movieId': 'afewgoodmenid'}</msg>
<status status="PASS" starttime="20230814 23:05:58.399" endtime="20230814 23:05:58.399"/>
</kw>
<kw name="PUT On Session" library="RequestsLibrary">
<var>${resp}</var>
<arg>localhost</arg>
<arg>/api/v1/addRelationship</arg>
<arg>json=${params}</arg>
<arg>headers=${headers}</arg>
<arg>expected_status=400</arg>
<doc>Sends a PUT request on a previously created HTTP Session.</doc>
<msg timestamp="20230814 23:05:58.404" level="INFO">PUT Request : url=http://localhost:8080/api/v1/addRelationship 
 path_url=/api/v1/addRelationship 
 headers={'User-Agent': 'python-requests/2.31.0', 'Accept-Encoding': 'gzip, deflate', 'Accept': '*/*', 'Connection': 'keep-alive', 'Content-Type': 'application/json', 'Content-Length': '45'} 
 body=b'{"actorId": null, "movieId": "afewgoodmenid"}' 
 </msg>
<msg timestamp="20230814 23:05:58.404" level="INFO">PUT Response : url=http://localhost:8080/api/v1/addRelationship 
 status=400, reason=Bad Request 
 headers={'Date': 'Tue, 15 Aug 2023 03:05:58 GMT', 'Content-length': '11'} 
 body=BAD REQUEST 
 </msg>
<msg timestamp="20230814 23:05:58.404" level="INFO">${resp} = &lt;Response [400]&gt;</msg>
<status status="PASS" starttime="20230814 23:05:58.399" endtime="20230814 23:05:58.404"/>
</kw>
<kw name="Create Dictionary" library="BuiltIn">
<var>${headers}</var>
<arg>Content-Type=application/json</arg>
<doc>Creates and returns a dictionary based on the given ``items``.</doc>
<msg timestamp="20230814 23:05:58.405" level="INFO">${headers} = {'Content-Type': 'application/json'}</msg>
<status status="PASS" starttime="20230814 23:05:58.405" endtime="20230814 23:05:58.405"/>
</kw>
<kw name="Create Dictionary" library="BuiltIn">
<var>${params}</var>
<arg>actorId=nm0000102</arg>
<arg>movieId=nonexistentID</arg>
<doc>Creates and returns a dictionary based on the given ``items``.</doc>
<msg timestamp="20230814 23:05:58.405" level="INFO">${params} = {'actorId': 'nm0000102', 'movieId': 'nonexistentID'}</msg>
<status status="PASS" starttime="20230814 23:05:58.405" endtime="20230814 23:05:58.405"/>
</kw>
<kw name="PUT On Session" library="RequestsLibrary">
<var>${resp}</var>
<arg>localhost</arg>
<arg>/api/v1/addRelationship</arg>
<arg>json=${params}</arg>
<arg>headers=${headers}</arg>
<arg>expected_status=404</arg>
<doc>Sends a PUT request on a previously created HTTP Session.</doc>
<msg timestamp="20230814 23:05:58.414" level="INFO">PUT Request : url=http://localhost:8080/api/v1/addRelationship 
 path_url=/api/v1/addRelationship 
 headers={'User-Agent': 'python-requests/2.31.0', 'Accept-Encoding': 'gzip, deflate', 'Accept': '*/*', 'Connection': 'keep-alive', 'Content-Type': 'application/json', 'Content-Length': '52'} 
 body=b'{"actorId": "nm0000102", "movieId": "nonexistentID"}' 
 </msg>
<msg timestamp="20230814 23:05:58.414" level="INFO">PUT Response : url=http://localhost:8080/api/v1/addRelationship 
 status=404, reason=Not Found 
 headers={'Date': 'Tue, 15 Aug 2023 03:05:58 GMT', 'Content-length': '9'} 
 body=NOT FOUND 
 </msg>
<msg timestamp="20230814 23:05:58.414" level="INFO">${resp} = &lt;Response [404]&gt;</msg>
<status status="PASS" starttime="20230814 23:05:58.407" endtime="20230814 23:05:58.414"/>
</kw>
<kw name="Create Dictionary" library="BuiltIn">
<var>${headers}</var>
<arg>Content-Type=application/json</arg>
<doc>Creates and returns a dictionary based on the given ``items``.</doc>
<msg timestamp="20230814 23:05:58.415" level="INFO">${headers} = {'Content-Type': 'application/json'}</msg>
<status status="PASS" starttime="20230814 23:05:58.414" endtime="20230814 23:05:58.415"/>
</kw>
<kw name="Create Dictionary" library="BuiltIn">
<var>${params}</var>
<arg>actorId=nonexistingActorID</arg>
<arg>movieId=afewgoodmenid</arg>
<doc>Creates and returns a dictionary based on the given ``items``.</doc>
<msg timestamp="20230814 23:05:58.417" level="INFO">${params} = {'actorId': 'nonexistingActorID', 'movieId': 'afewgoodmenid'}</msg>
<status status="PASS" starttime="20230814 23:05:58.416" endtime="20230814 23:05:58.417"/>
</kw>
<kw name="PUT On Session" library="RequestsLibrary">
<var>${resp}</var>
<arg>localhost</arg>
<arg>/api/v1/addRelationship</arg>
<arg>json=${params}</arg>
<arg>headers=${headers}</arg>
<arg>expected_status=404</arg>
<doc>Sends a PUT request on a previously created HTTP Session.</doc>
<msg timestamp="20230814 23:05:58.427" level="INFO">PUT Request : url=http://localhost:8080/api/v1/addRelationship 
 path_url=/api/v1/addRelationship 
 headers={'User-Agent': 'python-requests/2.31.0', 'Accept-Encoding': 'gzip, deflate', 'Accept': '*/*', 'Connection': 'keep-alive', 'Content-Type': 'application/json', 'Content-Length': '61'} 
 body=b'{"actorId": "nonexistingActorID", "movieId": "afewgoodmenid"}' 
 </msg>
<msg timestamp="20230814 23:05:58.427" level="INFO">PUT Response : url=http://localhost:8080/api/v1/addRelationship 
 status=404, reason=Not Found 
 headers={'Date': 'Tue, 15 Aug 2023 03:05:58 GMT', 'Content-length': '9'} 
 body=NOT FOUND 
 </msg>
<msg timestamp="20230814 23:05:58.427" level="INFO">${resp} = &lt;Response [404]&gt;</msg>
<status status="PASS" starttime="20230814 23:05:58.417" endtime="20230814 23:05:58.427"/>
</kw>
<kw name="Create Dictionary" library="BuiltIn">
<var>${headers}</var>
<arg>Content-Type=application/json</arg>
<doc>Creates and returns a dictionary based on the given ``items``.</doc>
<msg timestamp="20230814 23:05:58.428" level="INFO">${headers} = {'Content-Type': 'application/json'}</msg>
<status status="PASS" starttime="20230814 23:05:58.428" endtime="20230814 23:05:58.428"/>
</kw>
<kw name="Create Dictionary" library="BuiltIn">
<var>${params}</var>
<arg>actorId=nm0000102</arg>
<arg>movieId=afewgoodmenid</arg>
<doc>Creates and returns a dictionary based on the given ``items``.</doc>
<msg timestamp="20230814 23:05:58.429" level="INFO">${params} = {'actorId': 'nm0000102', 'movieId': 'afewgoodmenid'}</msg>
<status status="PASS" starttime="20230814 23:05:58.428" endtime="20230814 23:05:58.429"/>
</kw>
<kw name="PUT On Session" library="RequestsLibrary">
<var>${resp}</var>
<arg>localhost</arg>
<arg>/api/v1/addRelationship</arg>
<arg>json=${params}</arg>
<arg>headers=${headers}</arg>
<arg>expected_status=400</arg>
<doc>Sends a PUT request on a previously created HTTP Session.</doc>
<msg timestamp="20230814 23:05:58.444" level="INFO">PUT Request : url=http://localhost:8080/api/v1/addRelationship 
 path_url=/api/v1/addRelationship 
 headers={'User-Agent': 'python-requests/2.31.0', 'Accept-Encoding': 'gzip, deflate', 'Accept': '*/*', 'Connection': 'keep-alive', 'Content-Type': 'application/json', 'Content-Length': '52'} 
 body=b'{"actorId": "nm0000102", "movieId": "afewgoodmenid"}' 
 </msg>
<msg timestamp="20230814 23:05:58.444" level="INFO">PUT Response : url=http://localhost:8080/api/v1/addRelationship 
 status=400, reason=Bad Request 
 headers={'Date': 'Tue, 15 Aug 2023 03:05:58 GMT', 'Content-length': '11'} 
 body=BAD REQUEST 
 </msg>
<msg timestamp="20230814 23:05:58.444" level="INFO">${resp} = &lt;Response [400]&gt;</msg>
<status status="PASS" starttime="20230814 23:05:58.429" endtime="20230814 23:05:58.444"/>
</kw>
<timeout value="30 seconds"/>
<status status="PASS" starttime="20230814 23:05:58.375" endtime="20230814 23:05:58.444"/>
</test>
<test id="s1-s1-s1-s1-s1-t7" name="getActorPass" line="137">
<kw name="Create Dictionary" library="BuiltIn">
<var>${headers}</var>
<arg>Content-Type=application/json</arg>
<doc>Creates and returns a dictionary based on the given ``items``.</doc>
<msg timestamp="20230814 23:05:58.447" level="INFO">${headers} = {'Content-Type': 'application/json'}</msg>
<status status="PASS" starttime="20230814 23:05:58.446" endtime="20230814 23:05:58.447"/>
</kw>
<kw name="Create Dictionary" library="BuiltIn">
<var>${params}</var>
<arg>actorId=nm0000102</arg>
<doc>Creates and returns a dictionary based on the given ``items``.</doc>
<msg timestamp="20230814 23:05:58.447" level="INFO">${params} = {'actorId': 'nm0000102'}</msg>
<status status="PASS" starttime="20230814 23:05:58.447" endtime="20230814 23:05:58.447"/>
</kw>
<kw name="GET On Session" library="RequestsLibrary">
<var>${resp}</var>
<arg>localhost</arg>
<arg>/api/v1/getActor</arg>
<arg>params=${params}</arg>
<arg>headers=${headers}</arg>
<arg>expected_status=200</arg>
<doc>Sends a GET request on a previously created HTTP Session.</doc>
<msg timestamp="20230814 23:05:58.480" level="INFO">GET Request : url=http://localhost:8080/api/v1/getActor?actorId=nm0000102 
 path_url=/api/v1/getActor?actorId=nm0000102 
 headers={'User-Agent': 'python-requests/2.31.0', 'Accept-Encoding': 'gzip, deflate', 'Accept': '*/*', 'Connection': 'keep-alive', 'Content-Type': 'application/json'} 
 body=None 
 </msg>
<msg timestamp="20230814 23:05:58.483" level="INFO">GET Response : url=http://localhost:8080/api/v1/getActor?actorId=nm0000102 
 status=200, reason=OK 
 headers={'Date': 'Tue, 15 Aug 2023 03:05:58 GMT', 'Content-length': '71'} 
 body={"actorId":"nm0000102","name":"Kevin Bacon","movies":["afewgoodmenid"]} 
 </msg>
<msg timestamp="20230814 23:05:58.484" level="INFO">${resp} = &lt;Response [200]&gt;</msg>
<status status="PASS" starttime="20230814 23:05:58.448" endtime="20230814 23:05:58.484"/>
</kw>
<kw name="Should Be Equal As Strings" library="BuiltIn">
<arg>${resp.json()['actorId']}</arg>
<arg>nm0000102</arg>
<doc>Fails if objects are unequal after converting them to strings.</doc>
<status status="PASS" starttime="20230814 23:05:58.484" endtime="20230814 23:05:58.486"/>
</kw>
<kw name="Should Be Equal As Strings" library="BuiltIn">
<arg>${resp.json()['name']}</arg>
<arg>Kevin Bacon</arg>
<doc>Fails if objects are unequal after converting them to strings.</doc>
<status status="PASS" starttime="20230814 23:05:58.486" endtime="20230814 23:05:58.487"/>
</kw>
<kw name="List Should Contain Value" library="Collections">
<arg>${resp.json()['movies']}</arg>
<arg>afewgoodmenid</arg>
<doc>Fails if the ``value`` is not found from ``list``.</doc>
<status status="PASS" starttime="20230814 23:05:58.488" endtime="20230814 23:05:58.489"/>
</kw>
<timeout value="30 seconds"/>
<status status="PASS" starttime="20230814 23:05:58.446" endtime="20230814 23:05:58.489"/>
</test>
<test id="s1-s1-s1-s1-s1-t8" name="getActorFail" line="146">
<kw name="Create Dictionary" library="BuiltIn">
<var>${headers}</var>
<arg>Content-Type=application/json</arg>
<doc>Creates and returns a dictionary based on the given ``items``.</doc>
<msg timestamp="20230814 23:05:58.491" level="INFO">${headers} = {'Content-Type': 'application/json'}</msg>
<status status="PASS" starttime="20230814 23:05:58.491" endtime="20230814 23:05:58.491"/>
</kw>
<kw name="Create Dictionary" library="BuiltIn">
<var>${params}</var>
<arg>Nonexistentparameter=nm0000102</arg>
<doc>Creates and returns a dictionary based on the given ``items``.</doc>
<msg timestamp="20230814 23:05:58.492" level="INFO">${params} = {'Nonexistentparameter': 'nm0000102'}</msg>
<status status="PASS" starttime="20230814 23:05:58.492" endtime="20230814 23:05:58.492"/>
</kw>
<kw name="GET On Session" library="RequestsLibrary">
<var>${resp}</var>
<arg>localhost</arg>
<arg>/api/v1/getActor</arg>
<arg>params=${params}</arg>
<arg>headers=${headers}</arg>
<arg>expected_status=400</arg>
<doc>Sends a GET request on a previously created HTTP Session.</doc>
<msg timestamp="20230814 23:05:58.496" level="INFO">GET Request : url=http://localhost:8080/api/v1/getActor?Nonexistentparameter=nm0000102 
 path_url=/api/v1/getActor?Nonexistentparameter=nm0000102 
 headers={'User-Agent': 'python-requests/2.31.0', 'Accept-Encoding': 'gzip, deflate', 'Accept': '*/*', 'Connection': 'keep-alive', 'Content-Type': 'application/json'} 
 body=None 
 </msg>
<msg timestamp="20230814 23:05:58.496" level="INFO">GET Response : url=http://localhost:8080/api/v1/getActor?Nonexistentparameter=nm0000102 
 status=400, reason=Bad Request 
 headers={'Date': 'Tue, 15 Aug 2023 03:05:58 GMT', 'Content-length': '11'} 
 body=BAD REQUEST 
 </msg>
<msg timestamp="20230814 23:05:58.496" level="INFO">${resp} = &lt;Response [400]&gt;</msg>
<status status="PASS" starttime="20230814 23:05:58.492" endtime="20230814 23:05:58.496"/>
</kw>
<kw name="Create Dictionary" library="BuiltIn">
<var>${headers}</var>
<arg>Content-Type=application/json</arg>
<doc>Creates and returns a dictionary based on the given ``items``.</doc>
<msg timestamp="20230814 23:05:58.498" level="INFO">${headers} = {'Content-Type': 'application/json'}</msg>
<status status="PASS" starttime="20230814 23:05:58.496" endtime="20230814 23:05:58.498"/>
</kw>
<kw name="Create Dictionary" library="BuiltIn">
<var>${params}</var>
<arg>actorId=${null}</arg>
<doc>Creates and returns a dictionary based on the given ``items``.</doc>
<msg timestamp="20230814 23:05:58.498" level="INFO">${params} = {'actorId': None}</msg>
<status status="PASS" starttime="20230814 23:05:58.498" endtime="20230814 23:05:58.498"/>
</kw>
<kw name="GET On Session" library="RequestsLibrary">
<var>${resp}</var>
<arg>localhost</arg>
<arg>/api/v1/getActor</arg>
<arg>params=${params}</arg>
<arg>headers=${headers}</arg>
<arg>expected_status=400</arg>
<doc>Sends a GET request on a previously created HTTP Session.</doc>
<msg timestamp="20230814 23:05:58.502" level="INFO">GET Request : url=http://localhost:8080/api/v1/getActor 
 path_url=/api/v1/getActor 
 headers={'User-Agent': 'python-requests/2.31.0', 'Accept-Encoding': 'gzip, deflate', 'Accept': '*/*', 'Connection': 'keep-alive', 'Content-Type': 'application/json'} 
 body=None 
 </msg>
<msg timestamp="20230814 23:05:58.502" level="INFO">GET Response : url=http://localhost:8080/api/v1/getActor 
 status=400, reason=Bad Request 
 headers={'Date': 'Tue, 15 Aug 2023 03:05:58 GMT', 'Content-length': '11'} 
 body=BAD REQUEST 
 </msg>
<msg timestamp="20230814 23:05:58.502" level="INFO">${resp} = &lt;Response [400]&gt;</msg>
<status status="PASS" starttime="20230814 23:05:58.499" endtime="20230814 23:05:58.502"/>
</kw>
<kw name="Create Dictionary" library="BuiltIn">
<var>${headers}</var>
<arg>Content-Type=application/json</arg>
<doc>Creates and returns a dictionary based on the given ``items``.</doc>
<msg timestamp="20230814 23:05:58.502" level="INFO">${headers} = {'Content-Type': 'application/json'}</msg>
<status status="PASS" starttime="20230814 23:05:58.502" endtime="20230814 23:05:58.502"/>
</kw>
<kw name="Create Dictionary" library="BuiltIn">
<var>${params}</var>
<arg>actorId=nonexistentId</arg>
<doc>Creates and returns a dictionary based on the given ``items``.</doc>
<msg timestamp="20230814 23:05:58.503" level="INFO">${params} = {'actorId': 'nonexistentId'}</msg>
<status status="PASS" starttime="20230814 23:05:58.503" endtime="20230814 23:05:58.503"/>
</kw>
<kw name="GET On Session" library="RequestsLibrary">
<var>${resp}</var>
<arg>localhost</arg>
<arg>/api/v1/getActor</arg>
<arg>params=${params}</arg>
<arg>headers=${headers}</arg>
<arg>expected_status=404</arg>
<doc>Sends a GET request on a previously created HTTP Session.</doc>
<msg timestamp="20230814 23:05:58.510" level="INFO">GET Request : url=http://localhost:8080/api/v1/getActor?actorId=nonexistentId 
 path_url=/api/v1/getActor?actorId=nonexistentId 
 headers={'User-Agent': 'python-requests/2.31.0', 'Accept-Encoding': 'gzip, deflate', 'Accept': '*/*', 'Connection': 'keep-alive', 'Content-Type': 'application/json'} 
 body=None 
 </msg>
<msg timestamp="20230814 23:05:58.510" level="INFO">GET Response : url=http://localhost:8080/api/v1/getActor?actorId=nonexistentId 
 status=404, reason=Not Found 
 headers={'Date': 'Tue, 15 Aug 2023 03:05:58 GMT', 'Content-length': '9'} 
 body=NOT FOUND 
 </msg>
<msg timestamp="20230814 23:05:58.510" level="INFO">${resp} = &lt;Response [404]&gt;</msg>
<status status="PASS" starttime="20230814 23:05:58.504" endtime="20230814 23:05:58.510"/>
</kw>
<timeout value="30 seconds"/>
<status status="PASS" starttime="20230814 23:05:58.491" endtime="20230814 23:05:58.512"/>
</test>
<test id="s1-s1-s1-s1-s1-t9" name="getMoviePass" line="163">
<kw name="Create Dictionary" library="BuiltIn">
<var>${headers}</var>
<arg>Content-Type=application/json</arg>
<doc>Creates and returns a dictionary based on the given ``items``.</doc>
<msg timestamp="20230814 23:05:58.513" level="INFO">${headers} = {'Content-Type': 'application/json'}</msg>
<status status="PASS" starttime="20230814 23:05:58.513" endtime="20230814 23:05:58.513"/>
</kw>
<kw name="Create Dictionary" library="BuiltIn">
<var>${params}</var>
<arg>movieId=afewgoodmenid</arg>
<doc>Creates and returns a dictionary based on the given ``items``.</doc>
<msg timestamp="20230814 23:05:58.514" level="INFO">${params} = {'movieId': 'afewgoodmenid'}</msg>
<status status="PASS" starttime="20230814 23:05:58.513" endtime="20230814 23:05:58.514"/>
</kw>
<kw name="GET On Session" library="RequestsLibrary">
<var>${resp}</var>
<arg>localhost</arg>
<arg>/api/v1/getMovie</arg>
<arg>params=${params}</arg>
<arg>headers=${headers}</arg>
<arg>expected_status=200</arg>
<doc>Sends a GET request on a previously created HTTP Session.</doc>
<msg timestamp="20230814 23:05:58.525" level="INFO">GET Request : url=http://localhost:8080/api/v1/getMovie?movieId=afewgoodmenid 
 path_url=/api/v1/getMovie?movieId=afewgoodmenid 
 headers={'User-Agent': 'python-requests/2.31.0', 'Accept-Encoding': 'gzip, deflate', 'Accept': '*/*', 'Connection': 'keep-alive', 'Content-Type': 'application/json'} 
 body=None 
 </msg>
<msg timestamp="20230814 23:05:58.525" level="INFO">GET Response : url=http://localhost:8080/api/v1/getMovie?movieId=afewgoodmenid 
 status=200, reason=OK 
 headers={'Date': 'Tue, 15 Aug 2023 03:05:58 GMT', 'Content-length': '74'} 
 body={"movieId":"afewgoodmenid","name":"A Few Good Men","actors":["nm0000102"]} 
 </msg>
<msg timestamp="20230814 23:05:58.527" level="INFO">${resp} = &lt;Response [200]&gt;</msg>
<status status="PASS" starttime="20230814 23:05:58.514" endtime="20230814 23:05:58.527"/>
</kw>
<kw name="Should Be Equal As Strings" library="BuiltIn">
<arg>${resp.json()['movieId']}</arg>
<arg>afewgoodmenid</arg>
<doc>Fails if objects are unequal after converting them to strings.</doc>
<status status="PASS" starttime="20230814 23:05:58.527" endtime="20230814 23:05:58.529"/>
</kw>
<kw name="Should Be Equal As Strings" library="BuiltIn">
<arg>${resp.json()['name']}</arg>
<arg>A Few Good Men</arg>
<doc>Fails if objects are unequal after converting them to strings.</doc>
<status status="PASS" starttime="20230814 23:05:58.529" endtime="20230814 23:05:58.530"/>
</kw>
<kw name="List Should Contain Value" library="Collections">
<arg>${resp.json()['actors']}</arg>
<arg>nm0000102</arg>
<doc>Fails if the ``value`` is not found from ``list``.</doc>
<status status="PASS" starttime="20230814 23:05:58.530" endtime="20230814 23:05:58.532"/>
</kw>
<timeout value="30 seconds"/>
<status status="PASS" starttime="20230814 23:05:58.513" endtime="20230814 23:05:58.532"/>
</test>
<test id="s1-s1-s1-s1-s1-t10" name="getMovieFail" line="172">
<kw name="Create Dictionary" library="BuiltIn">
<var>${headers}</var>
<arg>Content-Type=application/json</arg>
<doc>Creates and returns a dictionary based on the given ``items``.</doc>
<msg timestamp="20230814 23:05:58.535" level="INFO">${headers} = {'Content-Type': 'application/json'}</msg>
<status status="PASS" starttime="20230814 23:05:58.533" endtime="20230814 23:05:58.535"/>
</kw>
<kw name="Create Dictionary" library="BuiltIn">
<var>${params}</var>
<arg>NotARealParameter=afewgoodmenid</arg>
<doc>Creates and returns a dictionary based on the given ``items``.</doc>
<msg timestamp="20230814 23:05:58.535" level="INFO">${params} = {'NotARealParameter': 'afewgoodmenid'}</msg>
<status status="PASS" starttime="20230814 23:05:58.535" endtime="20230814 23:05:58.535"/>
</kw>
<kw name="GET On Session" library="RequestsLibrary">
<var>${resp}</var>
<arg>localhost</arg>
<arg>/api/v1/getMovie</arg>
<arg>params=${params}</arg>
<arg>headers=${headers}</arg>
<arg>expected_status=400</arg>
<doc>Sends a GET request on a previously created HTTP Session.</doc>
<msg timestamp="20230814 23:05:58.540" level="INFO">GET Request : url=http://localhost:8080/api/v1/getMovie?NotARealParameter=afewgoodmenid 
 path_url=/api/v1/getMovie?NotARealParameter=afewgoodmenid 
 headers={'User-Agent': 'python-requests/2.31.0', 'Accept-Encoding': 'gzip, deflate', 'Accept': '*/*', 'Connection': 'keep-alive', 'Content-Type': 'application/json'} 
 body=None 
 </msg>
<msg timestamp="20230814 23:05:58.541" level="INFO">GET Response : url=http://localhost:8080/api/v1/getMovie?NotARealParameter=afewgoodmenid 
 status=400, reason=Bad Request 
 headers={'Date': 'Tue, 15 Aug 2023 03:05:58 GMT', 'Content-length': '11'} 
 body=BAD REQUEST 
 </msg>
<msg timestamp="20230814 23:05:58.541" level="INFO">${resp} = &lt;Response [400]&gt;</msg>
<status status="PASS" starttime="20230814 23:05:58.536" endtime="20230814 23:05:58.541"/>
</kw>
<kw name="Create Dictionary" library="BuiltIn">
<var>${headers}</var>
<arg>Content-Type=application/json</arg>
<doc>Creates and returns a dictionary based on the given ``items``.</doc>
<msg timestamp="20230814 23:05:58.541" level="INFO">${headers} = {'Content-Type': 'application/json'}</msg>
<status status="PASS" starttime="20230814 23:05:58.541" endtime="20230814 23:05:58.541"/>
</kw>
<kw name="Create Dictionary" library="BuiltIn">
<var>${params}</var>
<arg>movieId=${null}</arg>
<doc>Creates and returns a dictionary based on the given ``items``.</doc>
<msg timestamp="20230814 23:05:58.542" level="INFO">${params} = {'movieId': None}</msg>
<status status="PASS" starttime="20230814 23:05:58.542" endtime="20230814 23:05:58.542"/>
</kw>
<kw name="GET On Session" library="RequestsLibrary">
<var>${resp}</var>
<arg>localhost</arg>
<arg>/api/v1/getMovie</arg>
<arg>params=${params}</arg>
<arg>headers=${headers}</arg>
<arg>expected_status=400</arg>
<doc>Sends a GET request on a previously created HTTP Session.</doc>
<msg timestamp="20230814 23:05:58.546" level="INFO">GET Request : url=http://localhost:8080/api/v1/getMovie 
 path_url=/api/v1/getMovie 
 headers={'User-Agent': 'python-requests/2.31.0', 'Accept-Encoding': 'gzip, deflate', 'Accept': '*/*', 'Connection': 'keep-alive', 'Content-Type': 'application/json'} 
 body=None 
 </msg>
<msg timestamp="20230814 23:05:58.546" level="INFO">GET Response : url=http://localhost:8080/api/v1/getMovie 
 status=400, reason=Bad Request 
 headers={'Date': 'Tue, 15 Aug 2023 03:05:58 GMT', 'Content-length': '11'} 
 body=BAD REQUEST 
 </msg>
<msg timestamp="20230814 23:05:58.546" level="INFO">${resp} = &lt;Response [400]&gt;</msg>
<status status="PASS" starttime="20230814 23:05:58.543" endtime="20230814 23:05:58.546"/>
</kw>
<kw name="Create Dictionary" library="BuiltIn">
<var>${headers}</var>
<arg>Content-Type=application/json</arg>
<doc>Creates and returns a dictionary based on the given ``items``.</doc>
<msg timestamp="20230814 23:05:58.547" level="INFO">${headers} = {'Content-Type': 'application/json'}</msg>
<status status="PASS" starttime="20230814 23:05:58.546" endtime="20230814 23:05:58.547"/>
</kw>
<kw name="Create Dictionary" library="BuiltIn">
<var>${params}</var>
<arg>movieId=NotARealMovieID</arg>
<doc>Creates and returns a dictionary based on the given ``items``.</doc>
<msg timestamp="20230814 23:05:58.547" level="INFO">${params} = {'movieId': 'NotARealMovieID'}</msg>
<status status="PASS" starttime="20230814 23:05:58.547" endtime="20230814 23:05:58.547"/>
</kw>
<kw name="GET On Session" library="RequestsLibrary">
<var>${resp}</var>
<arg>localhost</arg>
<arg>/api/v1/getMovie</arg>
<arg>params=${params}</arg>
<arg>headers=${headers}</arg>
<arg>expected_status=404</arg>
<doc>Sends a GET request on a previously created HTTP Session.</doc>
<msg timestamp="20230814 23:05:58.556" level="INFO">GET Request : url=http://localhost:8080/api/v1/getMovie?movieId=NotARealMovieID 
 path_url=/api/v1/getMovie?movieId=NotARealMovieID 
 headers={'User-Agent': 'python-requests/2.31.0', 'Accept-Encoding': 'gzip, deflate', 'Accept': '*/*', 'Connection': 'keep-alive', 'Content-Type': 'application/json'} 
 body=None 
 </msg>
<msg timestamp="20230814 23:05:58.556" level="INFO">GET Response : url=http://localhost:8080/api/v1/getMovie?movieId=NotARealMovieID 
 status=404, reason=Not Found 
 headers={'Date': 'Tue, 15 Aug 2023 03:05:58 GMT', 'Content-length': '9'} 
 body=NOT FOUND 
 </msg>
<msg timestamp="20230814 23:05:58.556" level="INFO">${resp} = &lt;Response [404]&gt;</msg>
<status status="PASS" starttime="20230814 23:05:58.548" endtime="20230814 23:05:58.556"/>
</kw>
<timeout value="30 seconds"/>
<status status="PASS" starttime="20230814 23:05:58.533" endtime="20230814 23:05:58.557"/>
</test>
<test id="s1-s1-s1-s1-s1-t11" name="getRelationshipPass" line="190">
<kw name="Create Dictionary" library="BuiltIn">
<var>${headers}</var>
<arg>Content-Type=application/json</arg>
<doc>Creates and returns a dictionary based on the given ``items``.</doc>
<msg timestamp="20230814 23:05:58.559" level="INFO">${headers} = {'Content-Type': 'application/json'}</msg>
<status status="PASS" starttime="20230814 23:05:58.558" endtime="20230814 23:05:58.559"/>
</kw>
<kw name="Create Dictionary" library="BuiltIn">
<var>${params}</var>
<arg>movieId=afewgoodmenid</arg>
<arg>actorId=nm0000102</arg>
<doc>Creates and returns a dictionary based on the given ``items``.</doc>
<msg timestamp="20230814 23:05:58.559" level="INFO">${params} = {'movieId': 'afewgoodmenid', 'actorId': 'nm0000102'}</msg>
<status status="PASS" starttime="20230814 23:05:58.559" endtime="20230814 23:05:58.559"/>
</kw>
<kw name="GET On Session" library="RequestsLibrary">
<var>${resp}</var>
<arg>localhost</arg>
<arg>/api/v1/hasRelationship</arg>
<arg>params=${params}</arg>
<arg>headers=${headers}</arg>
<arg>expected_status=200</arg>
<doc>Sends a GET request on a previously created HTTP Session.</doc>
<msg timestamp="20230814 23:05:58.573" level="INFO">GET Request : url=http://localhost:8080/api/v1/hasRelationship?movieId=afewgoodmenid&amp;actorId=nm0000102 
 path_url=/api/v1/hasRelationship?movieId=afewgoodmenid&amp;actorId=nm0000102 
 headers={'User-Agent': 'python-requests/2.31.0', 'Accept-Encoding': 'gzip, deflate', 'Accept': '*/*', 'Connection': 'keep-alive', 'Content-Type': 'application/json'} 
 body=None 
 </msg>
<msg timestamp="20230814 23:05:58.574" level="INFO">GET Response : url=http://localhost:8080/api/v1/hasRelationship?movieId=afewgoodmenid&amp;actorId=nm0000102 
 status=200, reason=OK 
 headers={'Date': 'Tue, 15 Aug 2023 03:05:58 GMT', 'Content-length': '72'} 
 body={"actorId":"nm0000102","movieId":"afewgoodmenid","hasRelationship":true} 
 </msg>
<msg timestamp="20230814 23:05:58.574" level="INFO">${resp} = &lt;Response [200]&gt;</msg>
<status status="PASS" starttime="20230814 23:05:58.559" endtime="20230814 23:05:58.574"/>
</kw>
<kw name="Should Be Equal As Strings" library="BuiltIn">
<arg>${resp.json()['movieId']}</arg>
<arg>afewgoodmenid</arg>
<doc>Fails if objects are unequal after converting them to strings.</doc>
<status status="PASS" starttime="20230814 23:05:58.574" endtime="20230814 23:05:58.575"/>
</kw>
<kw name="Should Be Equal As Strings" library="BuiltIn">
<arg>${resp.json()['actorId']}</arg>
<arg>nm0000102</arg>
<doc>Fails if objects are unequal after converting them to strings.</doc>
<status status="PASS" starttime="20230814 23:05:58.576" endtime="20230814 23:05:58.577"/>
</kw>
<kw name="Should Be True" library="BuiltIn">
<arg>${resp.json()['hasRelationship']}</arg>
<doc>Fails if the given condition is not true.</doc>
<status status="PASS" starttime="20230814 23:05:58.577" endtime="20230814 23:05:58.578"/>
</kw>
<timeout value="30 seconds"/>
<status status="PASS" starttime="20230814 23:05:58.558" endtime="20230814 23:05:58.578"/>
</test>
<test id="s1-s1-s1-s1-s1-t12" name="getRelationshipFail" line="199">
<kw name="Create Dictionary" library="BuiltIn">
<var>${headers}</var>
<arg>Content-Type=application/json</arg>
<doc>Creates and returns a dictionary based on the given ``items``.</doc>
<msg timestamp="20230814 23:05:58.580" level="INFO">${headers} = {'Content-Type': 'application/json'}</msg>
<status status="PASS" starttime="20230814 23:05:58.579" endtime="20230814 23:05:58.580"/>
</kw>
<kw name="Create Dictionary" library="BuiltIn">
<var>${params}</var>
<arg>Nonexistentparameter=afewgoodmenid</arg>
<arg>actorId=nm0000102</arg>
<doc>Creates and returns a dictionary based on the given ``items``.</doc>
<msg timestamp="20230814 23:05:58.581" level="INFO">${params} = {'Nonexistentparameter': 'afewgoodmenid', 'actorId': 'nm0000102'}</msg>
<status status="PASS" starttime="20230814 23:05:58.581" endtime="20230814 23:05:58.581"/>
</kw>
<kw name="GET On Session" library="RequestsLibrary">
<var>${resp}</var>
<arg>localhost</arg>
<arg>/api/v1/hasRelationship</arg>
<arg>params=${params}</arg>
<arg>headers=${headers}</arg>
<arg>expected_status=400</arg>
<doc>Sends a GET request on a previously created HTTP Session.</doc>
<msg timestamp="20230814 23:05:58.584" level="INFO">GET Request : url=http://localhost:8080/api/v1/hasRelationship?Nonexistentparameter=afewgoodmenid&amp;actorId=nm0000102 
 path_url=/api/v1/hasRelationship?Nonexistentparameter=afewgoodmenid&amp;actorId=nm0000102 
 headers={'User-Agent': 'python-requests/2.31.0', 'Accept-Encoding': 'gzip, deflate', 'Accept': '*/*', 'Connection': 'keep-alive', 'Content-Type': 'application/json'} 
 body=None 
 </msg>
<msg timestamp="20230814 23:05:58.584" level="INFO">GET Response : url=http://localhost:8080/api/v1/hasRelationship?Nonexistentparameter=afewgoodmenid&amp;actorId=nm0000102 
 status=400, reason=Bad Request 
 headers={'Date': 'Tue, 15 Aug 2023 03:05:58 GMT', 'Content-length': '11'} 
 body=BAD REQUEST 
 </msg>
<msg timestamp="20230814 23:05:58.584" level="INFO">${resp} = &lt;Response [400]&gt;</msg>
<status status="PASS" starttime="20230814 23:05:58.581" endtime="20230814 23:05:58.584"/>
</kw>
<kw name="Create Dictionary" library="BuiltIn">
<var>${headers}</var>
<arg>Content-Type=application/json</arg>
<doc>Creates and returns a dictionary based on the given ``items``.</doc>
<msg timestamp="20230814 23:05:58.585" level="INFO">${headers} = {'Content-Type': 'application/json'}</msg>
<status status="PASS" starttime="20230814 23:05:58.585" endtime="20230814 23:05:58.585"/>
</kw>
<kw name="Create Dictionary" library="BuiltIn">
<var>${params}</var>
<arg>movieId=afewgoodmenid</arg>
<arg>Nonexistentparameter=nm0000102</arg>
<doc>Creates and returns a dictionary based on the given ``items``.</doc>
<msg timestamp="20230814 23:05:58.586" level="INFO">${params} = {'movieId': 'afewgoodmenid', 'Nonexistentparameter': 'nm0000102'}</msg>
<status status="PASS" starttime="20230814 23:05:58.586" endtime="20230814 23:05:58.586"/>
</kw>
<kw name="GET On Session" library="RequestsLibrary">
<var>${resp}</var>
<arg>localhost</arg>
<arg>/api/v1/hasRelationship</arg>
<arg>params=${params}</arg>
<arg>headers=${headers}</arg>
<arg>expected_status=400</arg>
<doc>Sends a GET request on a previously created HTTP Session.</doc>
<msg timestamp="20230814 23:05:58.590" level="INFO">GET Request : url=http://localhost:8080/api/v1/hasRelationship?movieId=afewgoodmenid&amp;Nonexistentparameter=nm0000102 
 path_url=/api/v1/hasRelationship?movieId=afewgoodmenid&amp;Nonexistentparameter=nm0000102 
 headers={'User-Agent': 'python-requests/2.31.0', 'Accept-Encoding': 'gzip, deflate', 'Accept': '*/*', 'Connection': 'keep-alive', 'Content-Type': 'application/json'} 
 body=None 
 </msg>
<msg timestamp="20230814 23:05:58.592" level="INFO">GET Response : url=http://localhost:8080/api/v1/hasRelationship?movieId=afewgoodmenid&amp;Nonexistentparameter=nm0000102 
 status=400, reason=Bad Request 
 headers={'Date': 'Tue, 15 Aug 2023 03:05:58 GMT', 'Content-length': '11'} 
 body=BAD REQUEST 
 </msg>
<msg timestamp="20230814 23:05:58.592" level="INFO">${resp} = &lt;Response [400]&gt;</msg>
<status status="PASS" starttime="20230814 23:05:58.586" endtime="20230814 23:05:58.592"/>
</kw>
<kw name="Create Dictionary" library="BuiltIn">
<var>${headers}</var>
<arg>Content-Type=application/json</arg>
<doc>Creates and returns a dictionary based on the given ``items``.</doc>
<msg timestamp="20230814 23:05:58.592" level="INFO">${headers} = {'Content-Type': 'application/json'}</msg>
<status status="PASS" starttime="20230814 23:05:58.592" endtime="20230814 23:05:58.592"/>
</kw>
<kw name="Create Dictionary" library="BuiltIn">
<var>${params}</var>
<arg>movieId=${null}</arg>
<arg>actorId=nm0000102</arg>
<doc>Creates and returns a dictionary based on the given ``items``.</doc>
<msg timestamp="20230814 23:05:58.593" level="INFO">${params} = {'movieId': None, 'actorId': 'nm0000102'}</msg>
<status status="PASS" starttime="20230814 23:05:58.593" endtime="20230814 23:05:58.593"/>
</kw>
<kw name="GET On Session" library="RequestsLibrary">
<var>${resp}</var>
<arg>localhost</arg>
<arg>/api/v1/hasRelationship</arg>
<arg>params=${params}</arg>
<arg>headers=${headers}</arg>
<arg>expected_status=400</arg>
<doc>Sends a GET request on a previously created HTTP Session.</doc>
<msg timestamp="20230814 23:05:58.597" level="INFO">GET Request : url=http://localhost:8080/api/v1/hasRelationship?actorId=nm0000102 
 path_url=/api/v1/hasRelationship?actorId=nm0000102 
 headers={'User-Agent': 'python-requests/2.31.0', 'Accept-Encoding': 'gzip, deflate', 'Accept': '*/*', 'Connection': 'keep-alive', 'Content-Type': 'application/json'} 
 body=None 
 </msg>
<msg timestamp="20230814 23:05:58.597" level="INFO">GET Response : url=http://localhost:8080/api/v1/hasRelationship?actorId=nm0000102 
 status=400, reason=Bad Request 
 headers={'Date': 'Tue, 15 Aug 2023 03:05:58 GMT', 'Content-length': '11'} 
 body=BAD REQUEST 
 </msg>
<msg timestamp="20230814 23:05:58.597" level="INFO">${resp} = &lt;Response [400]&gt;</msg>
<status status="PASS" starttime="20230814 23:05:58.593" endtime="20230814 23:05:58.598"/>
</kw>
<kw name="Create Dictionary" library="BuiltIn">
<var>${headers}</var>
<arg>Content-Type=application/json</arg>
<doc>Creates and returns a dictionary based on the given ``items``.</doc>
<msg timestamp="20230814 23:05:58.599" level="INFO">${headers} = {'Content-Type': 'application/json'}</msg>
<status status="PASS" starttime="20230814 23:05:58.598" endtime="20230814 23:05:58.599"/>
</kw>
<kw name="Create Dictionary" library="BuiltIn">
<var>${params}</var>
<arg>movieId=afewgoodmenid</arg>
<arg>actorId=${null}</arg>
<doc>Creates and returns a dictionary based on the given ``items``.</doc>
<msg timestamp="20230814 23:05:58.599" level="INFO">${params} = {'movieId': 'afewgoodmenid', 'actorId': None}</msg>
<status status="PASS" starttime="20230814 23:05:58.599" endtime="20230814 23:05:58.599"/>
</kw>
<kw name="GET On Session" library="RequestsLibrary">
<var>${resp}</var>
<arg>localhost</arg>
<arg>/api/v1/hasRelationship</arg>
<arg>params=${params}</arg>
<arg>headers=${headers}</arg>
<arg>expected_status=400</arg>
<doc>Sends a GET request on a previously created HTTP Session.</doc>
<msg timestamp="20230814 23:05:58.604" level="INFO">GET Request : url=http://localhost:8080/api/v1/hasRelationship?movieId=afewgoodmenid 
 path_url=/api/v1/hasRelationship?movieId=afewgoodmenid 
 headers={'User-Agent': 'python-requests/2.31.0', 'Accept-Encoding': 'gzip, deflate', 'Accept': '*/*', 'Connection': 'keep-alive', 'Content-Type': 'application/json'} 
 body=None 
 </msg>
<msg timestamp="20230814 23:05:58.604" level="INFO">GET Response : url=http://localhost:8080/api/v1/hasRelationship?movieId=afewgoodmenid 
 status=400, reason=Bad Request 
 headers={'Date': 'Tue, 15 Aug 2023 03:05:58 GMT', 'Content-length': '11'} 
 body=BAD REQUEST 
 </msg>
<msg timestamp="20230814 23:05:58.604" level="INFO">${resp} = &lt;Response [400]&gt;</msg>
<status status="PASS" starttime="20230814 23:05:58.601" endtime="20230814 23:05:58.604"/>
</kw>
<kw name="Create Dictionary" library="BuiltIn">
<var>${headers}</var>
<arg>Content-Type=application/json</arg>
<doc>Creates and returns a dictionary based on the given ``items``.</doc>
<msg timestamp="20230814 23:05:58.605" level="INFO">${headers} = {'Content-Type': 'application/json'}</msg>
<status status="PASS" starttime="20230814 23:05:58.605" endtime="20230814 23:05:58.605"/>
</kw>
<kw name="Create Dictionary" library="BuiltIn">
<var>${params}</var>
<arg>movieId=nonexistentId</arg>
<arg>actorId=nm0000102</arg>
<doc>Creates and returns a dictionary based on the given ``items``.</doc>
<msg timestamp="20230814 23:05:58.605" level="INFO">${params} = {'movieId': 'nonexistentId', 'actorId': 'nm0000102'}</msg>
<status status="PASS" starttime="20230814 23:05:58.605" endtime="20230814 23:05:58.605"/>
</kw>
<kw name="GET On Session" library="RequestsLibrary">
<var>${resp}</var>
<arg>localhost</arg>
<arg>/api/v1/hasRelationship</arg>
<arg>params=${params}</arg>
<arg>headers=${headers}</arg>
<arg>expected_status=404</arg>
<doc>Sends a GET request on a previously created HTTP Session.</doc>
<msg timestamp="20230814 23:05:58.613" level="INFO">GET Request : url=http://localhost:8080/api/v1/hasRelationship?movieId=nonexistentId&amp;actorId=nm0000102 
 path_url=/api/v1/hasRelationship?movieId=nonexistentId&amp;actorId=nm0000102 
 headers={'User-Agent': 'python-requests/2.31.0', 'Accept-Encoding': 'gzip, deflate', 'Accept': '*/*', 'Connection': 'keep-alive', 'Content-Type': 'application/json'} 
 body=None 
 </msg>
<msg timestamp="20230814 23:05:58.613" level="INFO">GET Response : url=http://localhost:8080/api/v1/hasRelationship?movieId=nonexistentId&amp;actorId=nm0000102 
 status=404, reason=Not Found 
 headers={'Date': 'Tue, 15 Aug 2023 03:05:58 GMT', 'Content-length': '9'} 
 body=NOT FOUND 
 </msg>
<msg timestamp="20230814 23:05:58.613" level="INFO">${resp} = &lt;Response [404]&gt;</msg>
<status status="PASS" starttime="20230814 23:05:58.606" endtime="20230814 23:05:58.613"/>
</kw>
<kw name="Create Dictionary" library="BuiltIn">
<var>${headers}</var>
<arg>Content-Type=application/json</arg>
<doc>Creates and returns a dictionary based on the given ``items``.</doc>
<msg timestamp="20230814 23:05:58.614" level="INFO">${headers} = {'Content-Type': 'application/json'}</msg>
<status status="PASS" starttime="20230814 23:05:58.614" endtime="20230814 23:05:58.614"/>
</kw>
<kw name="Create Dictionary" library="BuiltIn">
<var>${params}</var>
<arg>movieId=afewgoodmenid</arg>
<arg>actorId=nonexistentId</arg>
<doc>Creates and returns a dictionary based on the given ``items``.</doc>
<msg timestamp="20230814 23:05:58.614" level="INFO">${params} = {'movieId': 'afewgoodmenid', 'actorId': 'nonexistentId'}</msg>
<status status="PASS" starttime="20230814 23:05:58.614" endtime="20230814 23:05:58.614"/>
</kw>
<kw name="GET On Session" library="RequestsLibrary">
<var>${resp}</var>
<arg>localhost</arg>
<arg>/api/v1/hasRelationship</arg>
<arg>params=${params}</arg>
<arg>headers=${headers}</arg>
<arg>expected_status=404</arg>
<doc>Sends a GET request on a previously created HTTP Session.</doc>
<msg timestamp="20230814 23:05:58.623" level="INFO">GET Request : url=http://localhost:8080/api/v1/hasRelationship?movieId=afewgoodmenid&amp;actorId=nonexistentId 
 path_url=/api/v1/hasRelationship?movieId=afewgoodmenid&amp;actorId=nonexistentId 
 headers={'User-Agent': 'python-requests/2.31.0', 'Accept-Encoding': 'gzip, deflate', 'Accept': '*/*', 'Connection': 'keep-alive', 'Content-Type': 'application/json'} 
 body=None 
 </msg>
<msg timestamp="20230814 23:05:58.623" level="INFO">GET Response : url=http://localhost:8080/api/v1/hasRelationship?movieId=afewgoodmenid&amp;actorId=nonexistentId 
 status=404, reason=Not Found 
 headers={'Date': 'Tue, 15 Aug 2023 03:05:58 GMT', 'Content-length': '9'} 
 body=NOT FOUND 
 </msg>
<msg timestamp="20230814 23:05:58.623" level="INFO">${resp} = &lt;Response [404]&gt;</msg>
<status status="PASS" starttime="20230814 23:05:58.615" endtime="20230814 23:05:58.623"/>
</kw>
<timeout value="30 seconds"/>
<status status="PASS" starttime="20230814 23:05:58.579" endtime="20230814 23:05:58.624"/>
</test>
<test id="s1-s1-s1-s1-s1-t13" name="BaconNumberPreWork" line="231">
<kw name="Create Dictionary" library="BuiltIn">
<var>${headers}</var>
<arg>Content-Type=application/json</arg>
<doc>Creates and returns a dictionary based on the given ``items``.</doc>
<msg timestamp="20230814 23:05:58.626" level="INFO">${headers} = {'Content-Type': 'application/json'}</msg>
<status status="PASS" starttime="20230814 23:05:58.626" endtime="20230814 23:05:58.626"/>
</kw>
<kw name="Create Dictionary" library="BuiltIn">
<var>${params}</var>
<arg>name=Johnny Depp</arg>
<arg>actorId=johnnydepp</arg>
<doc>Creates and returns a dictionary based on the given ``items``.</doc>
<msg timestamp="20230814 23:05:58.627" level="INFO">${params} = {'name': 'Johnny Depp', 'actorId': 'johnnydepp'}</msg>
<status status="PASS" starttime="20230814 23:05:58.627" endtime="20230814 23:05:58.627"/>
</kw>
<kw name="PUT On Session" library="RequestsLibrary">
<var>${resp}</var>
<arg>localhost</arg>
<arg>/api/v1/addActor</arg>
<arg>json=${params}</arg>
<arg>headers=${headers}</arg>
<arg>expected_status=200</arg>
<doc>Sends a PUT request on a previously created HTTP Session.</doc>
<msg timestamp="20230814 23:05:58.635" level="INFO">PUT Request : url=http://localhost:8080/api/v1/addActor 
 path_url=/api/v1/addActor 
 headers={'User-Agent': 'python-requests/2.31.0', 'Accept-Encoding': 'gzip, deflate', 'Accept': '*/*', 'Connection': 'keep-alive', 'Content-Type': 'application/json', 'Content-Length': '48'} 
 body=b'{"name": "Johnny Depp", "actorId": "johnnydepp"}' 
 </msg>
<msg timestamp="20230814 23:05:58.635" level="INFO">PUT Response : url=http://localhost:8080/api/v1/addActor 
 status=200, reason=OK 
 headers={'Date': 'Tue, 15 Aug 2023 03:05:58 GMT', 'Content-length': '2'} 
 body=OK 
 </msg>
<msg timestamp="20230814 23:05:58.636" level="INFO">${resp} = &lt;Response [200]&gt;</msg>
<status status="PASS" starttime="20230814 23:05:58.628" endtime="20230814 23:05:58.636"/>
</kw>
<kw name="Create Dictionary" library="BuiltIn">
<var>${headers}</var>
<arg>Content-Type=application/json</arg>
<doc>Creates and returns a dictionary based on the given ``items``.</doc>
<msg timestamp="20230814 23:05:58.636" level="INFO">${headers} = {'Content-Type': 'application/json'}</msg>
<status status="PASS" starttime="20230814 23:05:58.636" endtime="20230814 23:05:58.636"/>
</kw>
<kw name="Create Dictionary" library="BuiltIn">
<var>${params}</var>
<arg>name=Angelina Jolie</arg>
<arg>actorId=angelinajolie</arg>
<doc>Creates and returns a dictionary based on the given ``items``.</doc>
<msg timestamp="20230814 23:05:58.638" level="INFO">${params} = {'name': 'Angelina Jolie', 'actorId': 'angelinajolie'}</msg>
<status status="PASS" starttime="20230814 23:05:58.638" endtime="20230814 23:05:58.638"/>
</kw>
<kw name="PUT On Session" library="RequestsLibrary">
<var>${resp}</var>
<arg>localhost</arg>
<arg>/api/v1/addActor</arg>
<arg>json=${params}</arg>
<arg>headers=${headers}</arg>
<arg>expected_status=200</arg>
<doc>Sends a PUT request on a previously created HTTP Session.</doc>
<msg timestamp="20230814 23:05:58.645" level="INFO">PUT Request : url=http://localhost:8080/api/v1/addActor 
 path_url=/api/v1/addActor 
 headers={'User-Agent': 'python-requests/2.31.0', 'Accept-Encoding': 'gzip, deflate', 'Accept': '*/*', 'Connection': 'keep-alive', 'Content-Type': 'application/json', 'Content-Length': '54'} 
 body=b'{"name": "Angelina Jolie", "actorId": "angelinajolie"}' 
[...]
<status status="PASS" starttime="20230814 23:05:59.039" endtime="20230814 23:05:59.046"/>
</kw>
<timeout value="30 seconds"/>
<status status="PASS" starttime="20230814 23:05:59.038" endtime="20230814 23:05:59.046"/>
</test>
<test id="s1-s1-s1-s1-s1-t21" name="deleteMovieFail" line="420">
<kw name="Create Dictionary" library="BuiltIn">
<var>${headers}</var>
<arg>Content-Type=application/json</arg>
<doc>Creates and returns a dictionary based on the given ``items``.</doc>
<msg timestamp="20230814 23:05:59.048" level="INFO">${headers} = {'Content-Type': 'application/json'}</msg>
<status status="PASS" starttime="20230814 23:05:59.048" endtime="20230814 23:05:59.048"/>
</kw>
<kw name="Create Dictionary" library="BuiltIn">
<var>${params}</var>
<arg>badParameter=afewgoodmenuniqueanddifferentid</arg>
<doc>Creates and returns a dictionary based on the given ``items``.</doc>
<msg timestamp="20230814 23:05:59.049" level="INFO">${params} = {'badParameter': 'afewgoodmenuniqueanddifferentid'}</msg>
<status status="PASS" starttime="20230814 23:05:59.049" endtime="20230814 23:05:59.049"/>
</kw>
<kw name="DELETE On Session" library="RequestsLibrary">
<var>${resp}</var>
<arg>localhost</arg>
<arg>/api/v1/deleteMovie</arg>
<arg>params=${params}</arg>
<arg>headers=${headers}</arg>
<arg>expected_status=400</arg>
<doc>Sends a DELETE request on a previously created HTTP Session.</doc>
<msg timestamp="20230814 23:05:59.053" level="INFO">DELETE Request : url=http://localhost:8080/api/v1/deleteMovie?badParameter=afewgoodmenuniqueanddifferentid 
 path_url=/api/v1/deleteMovie?badParameter=afewgoodmenuniqueanddifferentid 
 headers={'User-Agent': 'python-requests/2.31.0', 'Accept-Encoding': 'gzip, deflate', 'Accept': '*/*', 'Connection': 'keep-alive', 'Content-Type': 'application/json', 'Content-Length': '0'} 
 body=None 
 </msg>
<msg timestamp="20230814 23:05:59.053" level="INFO">DELETE Response : url=http://localhost:8080/api/v1/deleteMovie?badParameter=afewgoodmenuniqueanddifferentid 
 status=400, reason=Bad Request 
 headers={'Date': 'Tue, 15 Aug 2023 03:05:59 GMT', 'Content-length': '11'} 
 body=BAD REQUEST 
 </msg>
<msg timestamp="20230814 23:05:59.053" level="INFO">${resp} = &lt;Response [400]&gt;</msg>
<status status="PASS" starttime="20230814 23:05:59.049" endtime="20230814 23:05:59.053"/>
</kw>
<kw name="Create Dictionary" library="BuiltIn">
<var>${headers}</var>
<arg>Content-Type=application/json</arg>
<doc>Creates and returns a dictionary based on the given ``items``.</doc>
<msg timestamp="20230814 23:05:59.053" level="INFO">${headers} = {'Content-Type': 'application/json'}</msg>
<status status="PASS" starttime="20230814 23:05:59.053" endtime="20230814 23:05:59.053"/>
</kw>
<kw name="Create Dictionary" library="BuiltIn">
<var>${params}</var>
<arg>badParameter=noMovieFound</arg>
<doc>Creates and returns a dictionary based on the given ``items``.</doc>
<msg timestamp="20230814 23:05:59.055" level="INFO">${params} = {'badParameter': 'noMovieFound'}</msg>
<status status="PASS" starttime="20230814 23:05:59.055" endtime="20230814 23:05:59.055"/>
</kw>
<kw name="DELETE On Session" library="RequestsLibrary">
<var>${resp}</var>
<arg>localhost</arg>
<arg>/api/v1/deleteMovie</arg>
<arg>params=${params}</arg>
<arg>headers=${headers}</arg>
<arg>expected_status=400</arg>
<doc>Sends a DELETE request on a previously created HTTP Session.</doc>
<msg timestamp="20230814 23:05:59.058" level="INFO">DELETE Request : url=http://localhost:8080/api/v1/deleteMovie?badParameter=noMovieFound 
 path_url=/api/v1/deleteMovie?badParameter=noMovieFound 
 headers={'User-Agent': 'python-requests/2.31.0', 'Accept-Encoding': 'gzip, deflate', 'Accept': '*/*', 'Connection': 'keep-alive', 'Content-Type': 'application/json', 'Content-Length': '0'} 
 body=None 
 </msg>
<msg timestamp="20230814 23:05:59.058" level="INFO">DELETE Response : url=http://localhost:8080/api/v1/deleteMovie?badParameter=noMovieFound 
 status=400, reason=Bad Request 
 headers={'Date': 'Tue, 15 Aug 2023 03:05:59 GMT', 'Content-length': '11'} 
 body=BAD REQUEST 
 </msg>
<msg timestamp="20230814 23:05:59.058" level="INFO">${resp} = &lt;Response [400]&gt;</msg>
<status status="PASS" starttime="20230814 23:05:59.055" endtime="20230814 23:05:59.058"/>
</kw>
<kw name="Create Dictionary" library="BuiltIn">
<var>${headers}</var>
<arg>Content-Type=application/json</arg>
<doc>Creates and returns a dictionary based on the given ``items``.</doc>
<msg timestamp="20230814 23:05:59.059" level="INFO">${headers} = {'Content-Type': 'application/json'}</msg>
<status status="PASS" starttime="20230814 23:05:59.059" endtime="20230814 23:05:59.059"/>
</kw>
<kw name="Create Dictionary" library="BuiltIn">
<var>${params}</var>
<arg>badParameter=${null}</arg>
<doc>Creates and returns a dictionary based on the given ``items``.</doc>
<msg timestamp="20230814 23:05:59.060" level="INFO">${params} = {'badParameter': None}</msg>
<status status="PASS" starttime="20230814 23:05:59.059" endtime="20230814 23:05:59.060"/>
</kw>
<kw name="DELETE On Session" library="RequestsLibrary">
<var>${resp}</var>
<arg>localhost</arg>
<arg>/api/v1/deleteMovie</arg>
<arg>params=${params}</arg>
<arg>headers=${headers}</arg>
<arg>expected_status=400</arg>
<doc>Sends a DELETE request on a previously created HTTP Session.</doc>
<msg timestamp="20230814 23:05:59.064" level="INFO">DELETE Request : url=http://localhost:8080/api/v1/deleteMovie 
 path_url=/api/v1/deleteMovie 
 headers={'User-Agent': 'python-requests/2.31.0', 'Accept-Encoding': 'gzip, deflate', 'Accept': '*/*', 'Connection': 'keep-alive', 'Content-Type': 'application/json', 'Content-Length': '0'} 
 body=None 
 </msg>
<msg timestamp="20230814 23:05:59.064" level="INFO">DELETE Response : url=http://localhost:8080/api/v1/deleteMovie 
 status=400, reason=Bad Request 
 headers={'Date': 'Tue, 15 Aug 2023 03:05:59 GMT', 'Content-length': '11'} 
 body=BAD REQUEST 
 </msg>
<msg timestamp="20230814 23:05:59.064" level="INFO">${resp} = &lt;Response [400]&gt;</msg>
<status status="PASS" starttime="20230814 23:05:59.061" endtime="20230814 23:05:59.064"/>
</kw>
<timeout value="30 seconds"/>
<status status="PASS" starttime="20230814 23:05:59.048" endtime="20230814 23:05:59.065"/>
</test>
<test id="s1-s1-s1-s1-s1-t22" name="deleteRelationshipPass" line="436">
<kw name="Create Dictionary" library="BuiltIn">
<var>${headers}</var>
<arg>Content-Type=application/json</arg>
<doc>Creates and returns a dictionary based on the given ``items``.</doc>
<msg timestamp="20230814 23:05:59.067" level="INFO">${headers} = {'Content-Type': 'application/json'}</msg>
<status status="PASS" starttime="20230814 23:05:59.067" endtime="20230814 23:05:59.067"/>
</kw>
<kw name="Create Dictionary" library="BuiltIn">
<var>${params}</var>
<arg>actorId=outOfReachID</arg>
<arg>movieId=unboundMovieID</arg>
<doc>Creates and returns a dictionary based on the given ``items``.</doc>
<msg timestamp="20230814 23:05:59.068" level="INFO">${params} = {'actorId': 'outOfReachID', 'movieId': 'unboundMovieID'}</msg>
<status status="PASS" starttime="20230814 23:05:59.068" endtime="20230814 23:05:59.068"/>
</kw>
<kw name="DELETE On Session" library="RequestsLibrary">
<var>${resp}</var>
<arg>localhost</arg>
<arg>/api/v1/deleteRelationship</arg>
<arg>params=${params}</arg>
<arg>headers=${headers}</arg>
<arg>expected_status=200</arg>
<doc>Sends a DELETE request on a previously created HTTP Session.</doc>
<msg timestamp="20230814 23:05:59.081" level="INFO">DELETE Request : url=http://localhost:8080/api/v1/deleteRelationship?actorId=outOfReachID&amp;movieId=unboundMovieID 
 path_url=/api/v1/deleteRelationship?actorId=outOfReachID&amp;movieId=unboundMovieID 
 headers={'User-Agent': 'python-requests/2.31.0', 'Accept-Encoding': 'gzip, deflate', 'Accept': '*/*', 'Connection': 'keep-alive', 'Content-Type': 'application/json', 'Content-Length': '0'} 
 body=None 
 </msg>
<msg timestamp="20230814 23:05:59.081" level="INFO">DELETE Response : url=http://localhost:8080/api/v1/deleteRelationship?actorId=outOfReachID&amp;movieId=unboundMovieID 
 status=200, reason=OK 
 headers={'Date': 'Tue, 15 Aug 2023 03:05:59 GMT', 'Content-length': '2'} 
 body=OK 
 </msg>
<msg timestamp="20230814 23:05:59.082" level="INFO">${resp} = &lt;Response [200]&gt;</msg>
<status status="PASS" starttime="20230814 23:05:59.069" endtime="20230814 23:05:59.082"/>
</kw>
<timeout value="30 seconds"/>
<status status="PASS" starttime="20230814 23:05:59.067" endtime="20230814 23:05:59.082"/>
</test>
<test id="s1-s1-s1-s1-s1-t23" name="deleteRelationshipFail" line="441">
<kw name="Create Dictionary" library="BuiltIn">
<var>${headers}</var>
<arg>Content-Type=application/json</arg>
<doc>Creates and returns a dictionary based on the given ``items``.</doc>
<msg timestamp="20230814 23:05:59.085" level="INFO">${headers} = {'Content-Type': 'application/json'}</msg>
<status status="PASS" starttime="20230814 23:05:59.084" endtime="20230814 23:05:59.085"/>
</kw>
<kw name="Create Dictionary" library="BuiltIn">
<var>${params}</var>
<arg>badparam=nm0000102</arg>
<arg>movieId=afewgoodmenid</arg>
<doc>Creates and returns a dictionary based on the given ``items``.</doc>
<msg timestamp="20230814 23:05:59.085" level="INFO">${params} = {'badparam': 'nm0000102', 'movieId': 'afewgoodmenid'}</msg>
<status status="PASS" starttime="20230814 23:05:59.085" endtime="20230814 23:05:59.085"/>
</kw>
<kw name="DELETE On Session" library="RequestsLibrary">
<var>${resp}</var>
<arg>localhost</arg>
<arg>/api/v1/deleteRelationship</arg>
<arg>params=${params}</arg>
<arg>headers=${headers}</arg>
<arg>expected_status=400</arg>
<doc>Sends a DELETE request on a previously created HTTP Session.</doc>
<msg timestamp="20230814 23:05:59.090" level="INFO">DELETE Request : url=http://localhost:8080/api/v1/deleteRelationship?badparam=nm0000102&amp;movieId=afewgoodmenid 
 path_url=/api/v1/deleteRelationship?badparam=nm0000102&amp;movieId=afewgoodmenid 
 headers={'User-Agent': 'python-requests/2.31.0', 'Accept-Encoding': 'gzip, deflate', 'Accept': '*/*', 'Connection': 'keep-alive', 'Content-Type': 'application/json', 'Content-Length': '0'} 
 body=None 
 </msg>
<msg timestamp="20230814 23:05:59.090" level="INFO">DELETE Response : url=http://localhost:8080/api/v1/deleteRelationship?badparam=nm0000102&amp;movieId=afewgoodmenid 
 status=400, reason=Bad Request 
 headers={'Date': 'Tue, 15 Aug 2023 03:05:59 GMT', 'Content-length': '11'} 
 body=BAD REQUEST 
 </msg>
<msg timestamp="20230814 23:05:59.090" level="INFO">${resp} = &lt;Response [400]&gt;</msg>
<status status="PASS" starttime="20230814 23:05:59.086" endtime="20230814 23:05:59.090"/>
</kw>
<kw name="Create Dictionary" library="BuiltIn">
<var>${headers}</var>
<arg>Content-Type=application/json</arg>
<doc>Creates and returns a dictionary based on the given ``items``.</doc>
<msg timestamp="20230814 23:05:59.091" level="INFO">${headers} = {'Content-Type': 'application/json'}</msg>
<status status="PASS" starttime="20230814 23:05:59.090" endtime="20230814 23:05:59.091"/>
</kw>
<kw name="Create Dictionary" library="BuiltIn">
<var>${params}</var>
<arg>actorId=${null}</arg>
<arg>movieId=unboundMovieID</arg>
<doc>Creates and returns a dictionary based on the given ``items``.</doc>
<msg timestamp="20230814 23:05:59.091" level="INFO">${params} = {'actorId': None, 'movieId': 'unboundMovieID'}</msg>
<status status="PASS" starttime="20230814 23:05:59.091" endtime="20230814 23:05:59.091"/>
</kw>
<kw name="DELETE On Session" library="RequestsLibrary">
<var>${resp}</var>
<arg>localhost</arg>
<arg>/api/v1/deleteRelationship</arg>
<arg>params=${params}</arg>
<arg>headers=${headers}</arg>
<arg>expected_status=400</arg>
<doc>Sends a DELETE request on a previously created HTTP Session.</doc>
<msg timestamp="20230814 23:05:59.095" level="INFO">DELETE Request : url=http://localhost:8080/api/v1/deleteRelationship?movieId=unboundMovieID 
 path_url=/api/v1/deleteRelationship?movieId=unboundMovieID 
 headers={'User-Agent': 'python-requests/2.31.0', 'Accept-Encoding': 'gzip, deflate', 'Accept': '*/*', 'Connection': 'keep-alive', 'Content-Type': 'application/json', 'Content-Length': '0'} 
 body=None 
 </msg>
<msg timestamp="20230814 23:05:59.095" level="INFO">DELETE Response : url=http://localhost:8080/api/v1/deleteRelationship?movieId=unboundMovieID 
 status=400, reason=Bad Request 
 headers={'Date': 'Tue, 15 Aug 2023 03:05:59 GMT', 'Content-length': '11'} 
 body=BAD REQUEST 
 </msg>
<msg timestamp="20230814 23:05:59.096" level="INFO">${resp} = &lt;Response [400]&gt;</msg>
<status status="PASS" starttime="20230814 23:05:59.091" endtime="20230814 23:05:59.096"/>
</kw>
<kw name="Create Dictionary" library="BuiltIn">
<var>${headers}</var>
<arg>Content-Type=application/json</arg>
<doc>Creates and returns a dictionary based on the given ``items``.</doc>
<msg timestamp="20230814 23:05:59.097" level="INFO">${headers} = {'Content-Type': 'application/json'}</msg>
<status status="PASS" starttime="20230814 23:05:59.097" endtime="20230814 23:05:59.097"/>
</kw>
<kw name="Create Dictionary" library="BuiltIn">
<var>${params}</var>
<arg>actorId=outOfReachID</arg>
<arg>movieId=${null}</arg>
<doc>Creates and returns a dictionary based on the given ``items``.</doc>
<msg timestamp="20230814 23:05:59.097" level="INFO">${params} = {'actorId': 'outOfReachID', 'movieId': None}</msg>
<status status="PASS" starttime="20230814 23:05:59.097" endtime="20230814 23:05:59.097"/>
</kw>
<kw name="DELETE On Session" library="RequestsLibrary">
<var>${resp}</var>
<arg>localhost</arg>
<arg>/api/v1/deleteRelationship</arg>
<arg>params=${params}</arg>
<arg>headers=${headers}</arg>
<arg>expected_status=400</arg>
<doc>Sends a DELETE request on a previously created HTTP Session.</doc>
<msg timestamp="20230814 23:05:59.100" level="INFO">DELETE Request : url=http://localhost:8080/api/v1/deleteRelationship?actorId=outOfReachID 
 path_url=/api/v1/deleteRelationship?actorId=outOfReachID 
 headers={'User-Agent': 'python-requests/2.31.0', 'Accept-Encoding': 'gzip, deflate', 'Accept': '*/*', 'Connection': 'keep-alive', 'Content-Type': 'application/json', 'Content-Length': '0'} 
 body=None 
 </msg>
<msg timestamp="20230814 23:05:59.100" level="INFO">DELETE Response : url=http://localhost:8080/api/v1/deleteRelationship?actorId=outOfReachID 
 status=400, reason=Bad Request 
 headers={'Date': 'Tue, 15 Aug 2023 03:05:59 GMT', 'Content-length': '11'} 
 body=BAD REQUEST 
 </msg>
<msg timestamp="20230814 23:05:59.100" level="INFO">${resp} = &lt;Response [400]&gt;</msg>
<status status="PASS" starttime="20230814 23:05:59.098" endtime="20230814 23:05:59.100"/>
</kw>
<kw name="Create Dictionary" library="BuiltIn">
<var>${headers}</var>
<arg>Content-Type=application/json</arg>
<doc>Creates and returns a dictionary based on the given ``items``.</doc>
<msg timestamp="20230814 23:05:59.101" level="INFO">${headers} = {'Content-Type': 'application/json'}</msg>
<status status="PASS" starttime="20230814 23:05:59.101" endtime="20230814 23:05:59.101"/>
</kw>
<kw name="Create Dictionary" library="BuiltIn">
<var>${params}</var>
<arg>actorId=actornotreal</arg>
<arg>movieId=unboundMovieID</arg>
<doc>Creates and returns a dictionary based on the given ``items``.</doc>
<msg timestamp="20230814 23:05:59.102" level="INFO">${params} = {'actorId': 'actornotreal', 'movieId': 'unboundMovieID'}</msg>
<status status="PASS" starttime="20230814 23:05:59.101" endtime="20230814 23:05:59.102"/>
</kw>
<kw name="DELETE On Session" library="RequestsLibrary">
<var>${resp}</var>
<arg>localhost</arg>
<arg>/api/v1/deleteRelationship</arg>
<arg>params=${params}</arg>
<arg>headers=${headers}</arg>
<arg>expected_status=404</arg>
<doc>Sends a DELETE request on a previously created HTTP Session.</doc>
<msg timestamp="20230814 23:05:59.111" level="INFO">DELETE Request : url=http://localhost:8080/api/v1/deleteRelationship?actorId=actornotreal&amp;movieId=unboundMovieID 
 path_url=/api/v1/deleteRelationship?actorId=actornotreal&amp;movieId=unboundMovieID 
 headers={'User-Agent': 'python-requests/2.31.0', 'Accept-Encoding': 'gzip, deflate', 'Accept': '*/*', 'Connection': 'keep-alive', 'Content-Type': 'application/json', 'Content-Length': '0'} 
 body=None 
 </msg>
<msg timestamp="20230814 23:05:59.111" level="INFO">DELETE Response : url=http://localhost:8080/api/v1/deleteRelationship?actorId=actornotreal&amp;movieId=unboundMovieID 
 status=404, reason=Not Found 
 headers={'Date': 'Tue, 15 Aug 2023 03:05:59 GMT', 'Content-length': '9'} 
 body=NOT FOUND 
 </msg>
<msg timestamp="20230814 23:05:59.111" level="INFO">${resp} = &lt;Response [404]&gt;</msg>
<status status="PASS" starttime="20230814 23:05:59.103" endtime="20230814 23:05:59.111"/>
</kw>
<kw name="Create Dictionary" library="BuiltIn">
<var>${headers}</var>
<arg>Content-Type=application/json</arg>
<doc>Creates and returns a dictionary based on the given ``items``.</doc>
<msg timestamp="20230814 23:05:59.112" level="INFO">${headers} = {'Content-Type': 'application/json'}</msg>
<status status="PASS" starttime="20230814 23:05:59.112" endtime="20230814 23:05:59.112"/>
</kw>
<kw name="Create Dictionary" library="BuiltIn">
<var>${params}</var>
<arg>actorId=outOfReachID</arg>
<arg>movieId=movienotreal</arg>
<doc>Creates and returns a dictionary based on the given ``items``.</doc>
<msg timestamp="20230814 23:05:59.113" level="INFO">${params} = {'actorId': 'outOfReachID', 'movieId': 'movienotreal'}</msg>
<status status="PASS" starttime="20230814 23:05:59.113" endtime="20230814 23:05:59.113"/>
</kw>
<kw name="DELETE On Session" library="RequestsLibrary">
<var>${resp}</var>
<arg>localhost</arg>
<arg>/api/v1/deleteRelationship</arg>
<arg>params=${params}</arg>
<arg>headers=${headers}</arg>
<arg>expected_status=404</arg>
<doc>Sends a DELETE request on a previously created HTTP Session.</doc>
<msg timestamp="20230814 23:05:59.122" level="INFO">DELETE Request : url=http://localhost:8080/api/v1/deleteRelationship?actorId=outOfReachID&amp;movieId=movienotreal 
 path_url=/api/v1/deleteRelationship?actorId=outOfReachID&amp;movieId=movienotreal 
 headers={'User-Agent': 'python-requests/2.31.0', 'Accept-Encoding': 'gzip, deflate', 'Accept': '*/*', 'Connection': 'keep-alive', 'Content-Type': 'application/json', 'Content-Length': '0'} 
 body=None 
 </msg>
<msg timestamp="20230814 23:05:59.122" level="INFO">DELETE Response : url=http://localhost:8080/api/v1/deleteRelationship?actorId=outOfReachID&amp;movieId=movienotreal 
 status=404, reason=Not Found 
 headers={'Date': 'Tue, 15 Aug 2023 03:05:59 GMT', 'Content-length': '9'} 
 body=NOT FOUND 
 </msg>
<msg timestamp="20230814 23:05:59.122" level="INFO">${resp} = &lt;Response [404]&gt;</msg>
<status status="PASS" starttime="20230814 23:05:59.113" endtime="20230814 23:05:59.122"/>
</kw>
<timeout value="30 seconds"/>
<status status="PASS" starttime="20230814 23:05:59.084" endtime="20230814 23:05:59.123"/>
</test>
<status status="PASS" starttime="20230814 23:05:57.952" endtime="20230814 23:05:59.124"/>
</suite>
<status status="PASS" starttime="20230814 23:05:57.951" endtime="20230814 23:05:59.126"/>
</suite>
<status status="PASS" starttime="20230814 23:05:57.949" endtime="20230814 23:05:59.129"/>
</suite>
<status status="PASS" starttime="20230814 23:05:57.947" endtime="20230814 23:05:59.131"/>
</suite>
<status status="PASS" starttime="20230814 23:05:57.923" endtime="20230814 23:05:59.132"/>
</suite>
<statistics>
<total>
<stat pass="23" fail="0" skip="0">All Tests</stat>
</total>
<tag>
</tag>
<suite>
<stat pass="23" fail="0" skip="0" id="s1" name="EECS3311-Project">EECS3311-Project</stat>
<stat pass="23" fail="0" skip="0" id="s1-s1" name="Src">EECS3311-Project.Src</stat>
<stat pass="23" fail="0" skip="0" id="s1-s1-s1" name="Test">EECS3311-Project.Src.Test</stat>
<stat pass="23" fail="0" skip="0" id="s1-s1-s1-s1" name="Robot">EECS3311-Project.Src.Test.Robot</stat>
<stat pass="23" fail="0" skip="0" id="s1-s1-s1-s1-s1" name="Testingrobot">EECS3311-Project.Src.Test.Robot.Testingrobot</stat>
</suite>
</statistics>
<errors>
</errors>
</robot>
