<?xml version="1.0" encoding="UTF-8"?>
<robot generator="Robot 6.1.1 (Python 3.8.5 on darwin)" generated="20230810 19:23:16.816" rpa="false" schemaversion="4">
<suite id="s1" name="EECS3311-Project" source="/Users/stemmingup/Documents/GitHub/EECS3311-Project">
<suite id="s1-s1" name="Src" source="/Users/stemmingup/Documents/GitHub/EECS3311-Project/src">
<suite id="s1-s1-s1" name="Test" source="/Users/stemmingup/Documents/GitHub/EECS3311-Project/src/test">
<suite id="s1-s1-s1-s1" name="Robot" source="/Users/stemmingup/Documents/GitHub/EECS3311-Project/src/test/robot">
<suite id="s1-s1-s1-s1-s1" name="Testingrobot" source="/Users/stemmingup/Documents/GitHub/EECS3311-Project/src/test/robot/testingrobot.robot">
<kw name="Create Session" type="SETUP">
<arg>localhost</arg>
<arg>http://localhost:8080</arg>
<msg timestamp="20230810 19:23:16.866" level="FAIL">No keyword with name 'Create Session' found.</msg>
<status status="FAIL" starttime="20230810 19:23:16.866" endtime="20230810 19:23:16.866"/>
</kw>
<test id="s1-s1-s1-s1-s1-t1" name="addActorPass" line="8">
<timeout value="30 seconds"/>
<status status="FAIL" starttime="20230810 19:23:16.867" endtime="20230810 19:23:16.867">Parent suite setup failed:
No keyword with name 'Create Session' found.</status>
</test>
<status status="FAIL" starttime="20230810 19:23:16.851" endtime="20230810 19:23:16.868">Suite setup failed:
No keyword with name 'Create Session' found.</status>
</suite>
<status status="FAIL" starttime="20230810 19:23:16.849" endtime="20230810 19:23:16.870"/>
</suite>
<status status="FAIL" starttime="20230810 19:23:16.846" endtime="20230810 19:23:16.871"/>
</suite>
<status status="FAIL" starttime="20230810 19:23:16.844" endtime="20230810 19:23:16.872"/>
</suite>
<status status="FAIL" starttime="20230810 19:23:16.819" endtime="20230810 19:23:16.872"/>
</suite>
<statistics>
<total>
<stat pass="0" fail="1" skip="0">All Tests</stat>
</total>
<tag>
</tag>
<suite>
<stat pass="0" fail="1" skip="0" id="s1" name="EECS3311-Project">EECS3311-Project</stat>
<stat pass="0" fail="1" skip="0" id="s1-s1" name="Src">EECS3311-Project.Src</stat>
<stat pass="0" fail="1" skip="0" id="s1-s1-s1" name="Test">EECS3311-Project.Src.Test</stat>
<stat pass="0" fail="1" skip="0" id="s1-s1-s1-s1" name="Robot">EECS3311-Project.Src.Test.Robot</stat>
<stat pass="0" fail="1" skip="0" id="s1-s1-s1-s1-s1" name="Testingrobot">EECS3311-Project.Src.Test.Robot.Testingrobot</stat>
</suite>
</statistics>
<errors>
<msg timestamp="20230810 19:23:16.862" level="ERROR">Error in file '/Users/stemmingup/Documents/GitHub/EECS3311-Project/src/test/robot/testingrobot.robot' on line 3: Importing library 'RequestsLibrary' failed: ModuleNotFoundError: No module named 'RequestsLibrary'
Traceback (most recent call last):
  None
PYTHONPATH:
  /Users/stemmingup/Documents/GitHub/EECS3311-Project
  /Users/stemmingup/Documents/GitHub/EECS3311-Project
  /Library/Frameworks/Python.framework/Versions/3.8/lib/python38.zip
  /Library/Frameworks/Python.framework/Versions/3.8/lib/python3.8
  /Library/Frameworks/Python.framework/Versions/3.8/lib/python3.8/lib-dynload
  /Users/stemmingup/Documents/GitHub/EECS3311-Project/venv/lib/python3.8/site-packages</msg>
</errors>
</robot>
