<?xml version="1.0" encoding="UTF-8"?>
<robot generator="Robot 6.1.1 (Python 3.11.4 on win32)" generated="20230813 12:27:40.869" rpa="false" schemaversion="4">
<suite id="s1" name="EECS3311-Project" source="C:\Users\betul\Documents\GitHub\EECS3311-Project">
<suite id="s1-s1" name="Src" source="C:\Users\betul\Documents\GitHub\EECS3311-Project\src">
<suite id="s1-s1-s1" name="Test" source="C:\Users\betul\Documents\GitHub\EECS3311-Project\src\test">
<suite id="s1-s1-s1-s1" name="Robot" source="C:\Users\betul\Documents\GitHub\EECS3311-Project\src\test\robot">
<suite id="s1-s1-s1-s1-s1" name="Testingrobot" source="C:\Users\betul\Documents\GitHub\EECS3311-Project\src\test\robot\testingrobot.robot">
<kw name="Create Session" library="RequestsLibrary" type="SETUP">
<arg>localhost</arg>
<arg>http://localhost:8080</arg>
<doc>Create Session: create a HTTP session to a server</doc>
<msg timestamp="20230813 12:27:41.082" level="INFO">Creating Session using : alias=localhost, url=http://localhost:8080, headers={},                     cookies={}, auth=None, timeout=None, proxies=None, verify=False,                     debug=0 </msg>
<status status="PASS" starttime="20230813 12:27:41.082" endtime="20230813 12:27:41.082"/>
</kw>
<test id="s1-s1-s1-s1-s1-t1" name="addActorPass" line="11">
<kw name="Create Dictionary" library="BuiltIn">
<var>${headers}</var>
<arg>Content-Type=application/json</arg>
<doc>Creates and returns a dictionary based on the given ``items``.</doc>
<msg timestamp="20230813 12:27:41.086" level="INFO">${headers} = {'Content-Type': 'application/json'}</msg>
<status status="PASS" starttime="20230813 12:27:41.085" endtime="20230813 12:27:41.086"/>
</kw>
<kw name="Create Dictionary" library="BuiltIn">
<var>${params}</var>
<arg>name=Kevin Bacon</arg>
<arg>actorId=nm0000102</arg>
<doc>Creates and returns a dictionary based on the given ``items``.</doc>
<msg timestamp="20230813 12:27:41.086" level="INFO">${params} = {'name': 'Kevin Bacon', 'actorId': 'nm0000102'}</msg>
<status status="PASS" starttime="20230813 12:27:41.086" endtime="20230813 12:27:41.086"/>
</kw>
<kw name="PUT On Session" library="RequestsLibrary">
<var>${resp}</var>
<arg>localhost</arg>
<arg>/api/v1/addActor</arg>
<arg>json=${params}</arg>
<arg>headers=${headers}</arg>
<arg>expected_status=200</arg>
<doc>Sends a PUT request on a previously created HTTP Session.</doc>
<msg timestamp="20230813 12:27:41.173" level="INFO">PUT Request : url=http://localhost:8080/api/v1/addActor 
 path_url=/api/v1/addActor 
 headers={'User-Agent': 'python-requests/2.31.0', 'Accept-Encoding': 'gzip, deflate', 'Accept': '*/*', 'Connection': 'keep-alive', 'Content-Type': 'application/json', 'Content-Length': '47'} 
 body=b'{"name": "Kevin Bacon", "actorId": "nm0000102"}' 
 </msg>
<msg timestamp="20230813 12:27:41.173" level="INFO">PUT Response : url=http://localhost:8080/api/v1/addActor 
 status=400, reason=Bad Request 
 headers={'Date': 'Sun, 13 Aug 2023 16:27:41 GMT', 'Content-length': '11'} 
 body=BAD REQUEST 
 </msg>
<msg timestamp="20230813 12:27:41.173" level="FAIL">Url: http://localhost:8080/api/v1/addActor Expected status: 400 != 200</msg>
<status status="FAIL" starttime="20230813 12:27:41.086" endtime="20230813 12:27:41.190"/>
</kw>
<kw name="Create Dictionary" library="BuiltIn">
<var>${headers}</var>
<arg>Content-Type=application/json</arg>
<doc>Creates and returns a dictionary based on the given ``items``.</doc>
<status status="NOT RUN" starttime="20230813 12:27:41.190" endtime="20230813 12:27:41.190"/>
</kw>
<kw name="Create Dictionary" library="BuiltIn">
<var>${params}</var>
<arg>name=Kevin Bacon</arg>
<arg>actorId=nm0000102butuniqueid</arg>
<doc>Creates and returns a dictionary based on the given ``items``.</doc>
<status status="NOT RUN" starttime="20230813 12:27:41.190" endtime="20230813 12:27:41.190"/>
</kw>
<kw name="PUT On Session" library="RequestsLibrary">
<var>${resp}</var>
<arg>localhost</arg>
<arg>/api/v1/addActor</arg>
<arg>json=${params}</arg>
<arg>headers=${headers}</arg>
<arg>expected_status=200</arg>
<doc>Sends a PUT request on a previously created HTTP Session.</doc>
<status status="NOT RUN" starttime="20230813 12:27:41.193" endtime="20230813 12:27:41.193"/>
</kw>
<timeout value="30 seconds"/>
<status status="FAIL" starttime="20230813 12:27:41.082" endtime="20230813 12:27:41.193">Url: http://localhost:8080/api/v1/addActor Expected status: 400 != 200</status>
</test>
<test id="s1-s1-s1-s1-s1-t2" name="addActorFail" line="21">
<kw name="Create Dictionary" library="BuiltIn">
<var>${headers}</var>
<arg>Content-Type=application/json</arg>
<doc>Creates and returns a dictionary based on the given ``items``.</doc>
<msg timestamp="20230813 12:27:41.195" level="INFO">${headers} = {'Content-Type': 'application/json'}</msg>
<status status="PASS" starttime="20230813 12:27:41.195" endtime="20230813 12:27:41.195"/>
</kw>
<kw name="Create Dictionary" library="BuiltIn">
<var>${params}</var>
<arg>name=Kevin Bacon2</arg>
<arg>actorId=nm0000102</arg>
<doc>Creates and returns a dictionary based on the given ``items``.</doc>
<msg timestamp="20230813 12:27:41.195" level="INFO">${params} = {'name': 'Kevin Bacon2', 'actorId': 'nm0000102'}</msg>
<status status="PASS" starttime="20230813 12:27:41.195" endtime="20230813 12:27:41.195"/>
</kw>
<kw name="PUT On Session" library="RequestsLibrary">
<var>${resp}</var>
<arg>localhost</arg>
<arg>/api/v1/addActor</arg>
<arg>json=${params}</arg>
<arg>headers=${headers}</arg>
<arg>expected_status=400</arg>
<doc>Sends a PUT request on a previously created HTTP Session.</doc>
<msg timestamp="20230813 12:27:41.207" level="INFO">PUT Request : url=http://localhost:8080/api/v1/addActor 
 path_url=/api/v1/addActor 
 headers={'User-Agent': 'python-requests/2.31.0', 'Accept-Encoding': 'gzip, deflate', 'Accept': '*/*', 'Connection': 'keep-alive', 'Content-Type': 'application/json', 'Content-Length': '48'} 
 body=b'{"name": "Kevin Bacon2", "actorId": "nm0000102"}' 
 </msg>
<msg timestamp="20230813 12:27:41.207" level="INFO">PUT Response : url=http://localhost:8080/api/v1/addActor 
 status=400, reason=Bad Request 
 headers={'Date': 'Sun, 13 Aug 2023 16:27:41 GMT', 'Content-length': '11'} 
 body=BAD REQUEST 
 </msg>
<msg timestamp="20230813 12:27:41.207" level="INFO">${resp} = &lt;Response [400]&gt;</msg>
<status status="PASS" starttime="20230813 12:27:41.195" endtime="20230813 12:27:41.207"/>
</kw>
<kw name="Create Dictionary" library="BuiltIn">
<var>${headers}</var>
<arg>Content-Type=application/json</arg>
<doc>Creates and returns a dictionary based on the given ``items``.</doc>
<msg timestamp="20230813 12:27:41.207" level="INFO">${headers} = {'Content-Type': 'application/json'}</msg>
<status status="PASS" starttime="20230813 12:27:41.207" endtime="20230813 12:27:41.207"/>
</kw>
<kw name="Create Dictionary" library="BuiltIn">
<var>${params}</var>
<arg>Actorid=robertdowney</arg>
<arg>Name=Robert Downey Jr.</arg>
<doc>Creates and returns a dictionary based on the given ``items``.</doc>
<msg timestamp="20230813 12:27:41.208" level="INFO">${params} = {'Actorid': 'robertdowney', 'Name': 'Robert Downey Jr.'}</msg>
<status status="PASS" starttime="20230813 12:27:41.207" endtime="20230813 12:27:41.208"/>
</kw>
<kw name="PUT On Session" library="RequestsLibrary">
<var>${resp}</var>
<arg>localhost</arg>
<arg>/api/v1/addActor</arg>
<arg>json=${params}</arg>
<arg>headers=${headers}</arg>
<arg>expected_status=400</arg>
<doc>Sends a PUT request on a previously created HTTP Session.</doc>
<msg timestamp="20230813 12:27:41.210" level="INFO">PUT Request : url=http://localhost:8080/api/v1/addActor 
 path_url=/api/v1/addActor 
 headers={'User-Agent': 'python-requests/2.31.0', 'Accept-Encoding': 'gzip, deflate', 'Accept': '*/*', 'Connection': 'keep-alive', 'Content-Type': 'application/json', 'Content-Length': '56'} 
 body=b'{"Actorid": "robertdowney", "Name": "Robert Downey Jr."}' 
 </msg>
<msg timestamp="20230813 12:27:41.210" level="INFO">PUT Response : url=http://localhost:8080/api/v1/addActor 
 status=400, reason=Bad Request 
 headers={'Date': 'Sun, 13 Aug 2023 16:27:41 GMT', 'Content-length': '11'} 
 body=BAD REQUEST 
 </msg>
<msg timestamp="20230813 12:27:41.210" level="INFO">${resp} = &lt;Response [400]&gt;</msg>
<status status="PASS" starttime="20230813 12:27:41.208" endtime="20230813 12:27:41.210"/>
</kw>
<kw name="Create Dictionary" library="BuiltIn">
<var>${headers}</var>
<arg>Content-Type=application/json</arg>
<doc>Creates and returns a dictionary based on the given ``items``.</doc>
<msg timestamp="20230813 12:27:41.213" level="INFO">${headers} = {'Content-Type': 'application/json'}</msg>
<status status="PASS" starttime="20230813 12:27:41.210" endtime="20230813 12:27:41.213"/>
</kw>
<kw name="Create Dictionary" library="BuiltIn">
<var>${params}</var>
<arg>name=${null}</arg>
<arg>actorId=scarlettjohansson</arg>
<doc>Creates and returns a dictionary based on the given ``items``.</doc>
<msg timestamp="20230813 12:27:41.214" level="INFO">${params} = {'name': None, 'actorId': 'scarlettjohansson'}</msg>
<status status="PASS" starttime="20230813 12:27:41.214" endtime="20230813 12:27:41.214"/>
</kw>
<kw name="PUT On Session" library="RequestsLibrary">
<var>${resp}</var>
<arg>localhost</arg>
<arg>/api/v1/addActor</arg>
<arg>json=${params}</arg>
<arg>headers=${headers}</arg>
<arg>expected_status=400</arg>
<doc>Sends a PUT request on a previously created HTTP Session.</doc>
<msg timestamp="20230813 12:27:41.218" level="INFO">PUT Request : url=http://localhost:8080/api/v1/addActor 
 path_url=/api/v1/addActor 
 headers={'User-Agent': 'python-requests/2.31.0', 'Accept-Encoding': 'gzip, deflate', 'Accept': '*/*', 'Connection': 'keep-alive', 'Content-Type': 'application/json', 'Content-Length': '46'} 
 body=b'{"name": null, "actorId": "scarlettjohansson"}' 
 </msg>
<msg timestamp="20230813 12:27:41.218" level="INFO">PUT Response : url=http://localhost:8080/api/v1/addActor 
 status=400, reason=Bad Request 
 headers={'Date': 'Sun, 13 Aug 2023 16:27:41 GMT', 'Content-length': '11'} 
 body=BAD REQUEST 
 </msg>
<msg timestamp="20230813 12:27:41.218" level="INFO">${resp} = &lt;Response [400]&gt;</msg>
<status status="PASS" starttime="20230813 12:27:41.214" endtime="20230813 12:27:41.218"/>
</kw>
<kw name="Create Dictionary" library="BuiltIn">
<var>${headers}</var>
<arg>Content-Type=application/json</arg>
<doc>Creates and returns a dictionary based on the given ``items``.</doc>
<msg timestamp="20230813 12:27:41.231" level="INFO">${headers} = {'Content-Type': 'application/json'}</msg>
<status status="PASS" starttime="20230813 12:27:41.230" endtime="20230813 12:27:41.231"/>
</kw>
<kw name="Create Dictionary" library="BuiltIn">
<var>${params}</var>
<arg>name=Scarlett Johansson</arg>
<arg>actorId=${null}</arg>
<doc>Creates and returns a dictionary based on the given ``items``.</doc>
<msg timestamp="20230813 12:27:41.233" level="INFO">${params} = {'name': 'Scarlett Johansson', 'actorId': None}</msg>
<status status="PASS" starttime="20230813 12:27:41.231" endtime="20230813 12:27:41.233"/>
</kw>
<kw name="PUT On Session" library="RequestsLibrary">
<var>${resp}</var>
<arg>localhost</arg>
<arg>/api/v1/addActor</arg>
<arg>json=${params}</arg>
<arg>headers=${headers}</arg>
<arg>expected_status=400</arg>
<doc>Sends a PUT request on a previously created HTTP Session.</doc>
<msg timestamp="20230813 12:27:41.242" level="INFO">PUT Request : url=http://localhost:8080/api/v1/addActor 
 path_url=/api/v1/addActor 
 headers={'User-Agent': 'python-requests/2.31.0', 'Accept-Encoding': 'gzip, deflate', 'Accept': '*/*', 'Connection': 'keep-alive', 'Content-Type': 'application/json', 'Content-Length': '47'} 
 body=b'{"name": "Scarlett Johansson", "actorId": null}' 
 </msg>
<msg timestamp="20230813 12:27:41.242" level="INFO">PUT Response : url=http://localhost:8080/api/v1/addActor 
 status=400, reason=Bad Request 
 headers={'Date': 'Sun, 13 Aug 2023 16:27:41 GMT', 'Content-length': '11'} 
 body=BAD REQUEST 
 </msg>
<msg timestamp="20230813 12:27:41.242" level="INFO">${resp} = &lt;Response [400]&gt;</msg>
<status status="PASS" starttime="20230813 12:27:41.234" endtime="20230813 12:27:41.242"/>
</kw>
<timeout value="30 seconds"/>
<status status="PASS" starttime="20230813 12:27:41.194" endtime="20230813 12:27:41.244"/>
</test>
<test id="s1-s1-s1-s1-s1-t3" name="addMoviePass" line="42">
<kw name="Create Dictionary" library="BuiltIn">
<var>${headers}</var>
<arg>Content-Type=application/json</arg>
<doc>Creates and returns a dictionary based on the given ``items``.</doc>
<msg timestamp="20230813 12:27:41.245" level="INFO">${headers} = {'Content-Type': 'application/json'}</msg>
<status status="PASS" starttime="20230813 12:27:41.245" endtime="20230813 12:27:41.245"/>
</kw>
<kw name="Create Dictionary" library="BuiltIn">
<var>${params}</var>
<arg>name=A Few Good Men</arg>
<arg>movieId=afewgoodmenid</arg>
<doc>Creates and returns a dictionary based on the given ``items``.</doc>
<msg timestamp="20230813 12:27:41.245" level="INFO">${params} = {'name': 'A Few Good Men', 'movieId': 'afewgoodmenid'}</msg>
<status status="PASS" starttime="20230813 12:27:41.245" endtime="20230813 12:27:41.245"/>
</kw>
<kw name="PUT On Session" library="RequestsLibrary">
<var>${resp}</var>
<arg>localhost</arg>
<arg>/api/v1/addMovie</arg>
<arg>json=${params}</arg>
<arg>headers=${headers}</arg>
<arg>expected_status=200</arg>
<doc>Sends a PUT request on a previously created HTTP Session.</doc>
<msg timestamp="20230813 12:27:41.275" level="INFO">PUT Request : url=http://localhost:8080/api/v1/addMovie 
 path_url=/api/v1/addMovie 
 headers={'User-Agent': 'python-requests/2.31.0', 'Accept-Encoding': 'gzip, deflate', 'Accept': '*/*', 'Connection': 'keep-alive', 'Content-Type': 'application/json', 'Content-Length': '54'} 
 body=b'{"name": "A Few Good Men", "movieId": "afewgoodmenid"}' 
 </msg>
<msg timestamp="20230813 12:27:41.279" level="INFO">PUT Response : url=http://localhost:8080/api/v1/addMovie 
 status=400, reason=Bad Request 
 headers={'Date': 'Sun, 13 Aug 2023 16:27:41 GMT', 'Content-length': '11'} 
 body=BAD REQUEST 
 </msg>
<msg timestamp="20230813 12:27:41.279" level="FAIL">Url: http://localhost:8080/api/v1/addMovie Expected status: 400 != 200</msg>
<status status="FAIL" starttime="20230813 12:27:41.247" endtime="20230813 12:27:41.279"/>
</kw>
<kw name="Create Dictionary" library="BuiltIn">
<var>${headers}</var>
<arg>Content-Type=application/json</arg>
<doc>Creates and returns a dictionary based on the given ``items``.</doc>
<status status="NOT RUN" starttime="20230813 12:27:41.281" endtime="20230813 12:27:41.281"/>
</kw>
<kw name="Create Dictionary" library="BuiltIn">
<var>${params}</var>
<arg>name=A Few Good Men</arg>
<arg>movieId=afewgoodmenuniqueanddifferentid</arg>
<doc>Creates and returns a dictionary based on the given ``items``.</doc>
<status status="NOT RUN" starttime="20230813 12:27:41.281" endtime="20230813 12:27:41.281"/>
</kw>
<kw name="PUT On Session" library="RequestsLibrary">
<var>${resp}</var>
<arg>localhost</arg>
<arg>/api/v1/addMovie</arg>
<arg>json=${params}</arg>
<arg>headers=${headers}</arg>
<arg>expected_status=200</arg>
<doc>Sends a PUT request on a previously created HTTP Session.</doc>
<status status="NOT RUN" starttime="20230813 12:27:41.283" endtime="20230813 12:27:41.283"/>
</kw>
<timeout value="30 seconds"/>
<status status="FAIL" starttime="20230813 12:27:41.245" endtime="20230813 12:27:41.283">Url: http://localhost:8080/api/v1/addMovie Expected status: 400 != 200</status>
</test>
<test id="s1-s1-s1-s1-s1-t4" name="addMovieFail" line="54">
<kw name="Create Dictionary" library="BuiltIn">
<var>${headers}</var>
<arg>Content-Type=application/json</arg>
<doc>Creates and returns a dictionary based on the given ``items``.</doc>
<msg timestamp="20230813 12:27:41.290" level="INFO">${headers} = {'Content-Type': 'application/json'}</msg>
<status status="PASS" starttime="20230813 12:27:41.290" endtime="20230813 12:27:41.290"/>
</kw>
<kw name="Create Dictionary" library="BuiltIn">
<var>${params}</var>
<arg>name=A_Few_Good_Men_butDifferentName</arg>
<arg>movieId=afewgoodmenid</arg>
<doc>Creates and returns a dictionary based on the given ``items``.</doc>
<msg timestamp="20230813 12:27:41.291" level="INFO">${params} = {'name': 'A_Few_Good_Men_butDifferentName', 'movieId': 'afewgoodmenid'}</msg>
<status status="PASS" starttime="20230813 12:27:41.291" endtime="20230813 12:27:41.291"/>
</kw>
<kw name="PUT On Session" library="RequestsLibrary">
<var>${resp}</var>
<arg>localhost</arg>
<arg>/api/v1/addMovie</arg>
<arg>json=${params}</arg>
<arg>headers=${headers}</arg>
<arg>expected_status=400</arg>
<doc>Sends a PUT request on a previously created HTTP Session.</doc>
<msg timestamp="20230813 12:27:41.301" level="INFO">PUT Request : url=http://localhost:8080/api/v1/addMovie 
 path_url=/api/v1/addMovie 
 headers={'User-Agent': 'python-requests/2.31.0', 'Accept-Encoding': 'gzip, deflate', 'Accept': '*/*', 'Connection': 'keep-alive', 'Content-Type': 'application/json', 'Content-Length': '71'} 
 body=b'{"name": "A_Few_Good_Men_butDifferentName", "movieId": "afewgoodmenid"}' 
 </msg>
<msg timestamp="20230813 12:27:41.301" level="INFO">PUT Response : url=http://localhost:8080/api/v1/addMovie 
 status=400, reason=Bad Request 
 headers={'Date': 'Sun, 13 Aug 2023 16:27:41 GMT', 'Content-length': '11'} 
 body=BAD REQUEST 
 </msg>
<msg timestamp="20230813 12:27:41.301" level="INFO">${resp} = &lt;Response [400]&gt;</msg>
<status status="PASS" starttime="20230813 12:27:41.292" endtime="20230813 12:27:41.301"/>
</kw>
<kw name="Create Dictionary" library="BuiltIn">
<var>${headers}</var>
<arg>Content-Type=application/json</arg>
<doc>Creates and returns a dictionary based on the given ``items``.</doc>
<msg timestamp="20230813 12:27:41.301" level="INFO">${headers} = {'Content-Type': 'application/json'}</msg>
<status status="PASS" starttime="20230813 12:27:41.301" endtime="20230813 12:27:41.301"/>
</kw>
<kw name="Create Dictionary" library="BuiltIn">
<var>${params}</var>
<arg>movieId=afewgoodmenid</arg>
<arg>name=A_Few_Good_Men_butDifferentName</arg>
<doc>Creates and returns a dictionary based on the given ``items``.</doc>
<msg timestamp="20230813 12:27:41.302" level="INFO">${params} = {'movieId': 'afewgoodmenid', 'name': 'A_Few_Good_Men_butDifferentName'}</msg>
<status status="PASS" starttime="20230813 12:27:41.302" endtime="20230813 12:27:41.302"/>
</kw>
<kw name="PUT On Session" library="RequestsLibrary">
<var>${resp}</var>
<arg>localhost</arg>
<arg>/api/v1/addMovie</arg>
<arg>json=${params}</arg>
<arg>headers=${headers}</arg>
<arg>expected_status=400</arg>
<doc>Sends a PUT request on a previously created HTTP Session.</doc>
<msg timestamp="20230813 12:27:41.311" level="INFO">PUT Request : url=http://localhost:8080/api/v1/addMovie 
 path_url=/api/v1/addMovie 
 headers={'User-Agent': 'python-requests/2.31.0', 'Accept-Encoding': 'gzip, deflate', 'Accept': '*/*', 'Connection': 'keep-alive', 'Content-Type': 'application/json', 'Content-Length': '71'} 
 body=b'{"movieId": "afewgoodmenid", "name": "A_Few_Good_Men_butDifferentName"}' 
 </msg>
<msg timestamp="20230813 12:27:41.312" level="INFO">PUT Response : url=http://localhost:8080/api/v1/addMovie 
 status=400, reason=Bad Request 
 headers={'Date': 'Sun, 13 Aug 2023 16:27:41 GMT', 'Content-length': '11'} 
 body=BAD REQUEST 
 </msg>
<msg timestamp="20230813 12:27:41.312" level="INFO">${resp} = &lt;Response [400]&gt;</msg>
<status status="PASS" starttime="20230813 12:27:41.302" endtime="20230813 12:27:41.312"/>
</kw>
<kw name="Create Dictionary" library="BuiltIn">
<var>${headers}</var>
<arg>Content-Type=application/json</arg>
<doc>Creates and returns a dictionary based on the given ``items``.</doc>
<msg timestamp="20230813 12:27:41.314" level="INFO">${headers} = {'Content-Type': 'application/json'}</msg>
<status status="PASS" starttime="20230813 12:27:41.312" endtime="20230813 12:27:41.314"/>
</kw>
<kw name="Create Dictionary" library="BuiltIn">
<var>${params}</var>
<arg>name=A_Few_Good_Men_butDifferentName</arg>
<arg>movieId=afewgoodmenid</arg>
<doc>Creates and returns a dictionary based on the given ``items``.</doc>
<msg timestamp="20230813 12:27:41.314" level="INFO">${params} = {'name': 'A_Few_Good_Men_butDifferentName', 'movieId': 'afewgoodmenid'}</msg>
<status status="PASS" starttime="20230813 12:27:41.314" endtime="20230813 12:27:41.314"/>
</kw>
<kw name="PUT On Session" library="RequestsLibrary">
<var>${resp}</var>
<arg>localhost</arg>
<arg>/api/v1/addMovie</arg>
<arg>json=${params}</arg>
<arg>headers=${headers}</arg>
<arg>expected_status=400</arg>
<doc>Sends a PUT request on a previously created HTTP Session.</doc>
<msg timestamp="20230813 12:27:41.322" level="INFO">PUT Request : url=http://localhost:8080/api/v1/addMovie 
 path_url=/api/v1/addMovie 
 headers={'User-Agent': 'python-requests/2.31.0', 'Accept-Encoding': 'gzip, deflate', 'Accept': '*/*', 'Connection': 'keep-alive', 'Content-Type': 'application/json', 'Content-Length': '71'} 
 body=b'{"name": "A_Few_Good_Men_butDifferentName", "movieId": "afewgoodmenid"}' 
 </msg>
<msg timestamp="20230813 12:27:41.322" level="INFO">PUT Response : url=http://localhost:8080/api/v1/addMovie 
 status=400, reason=Bad Request 
 headers={'Date': 'Sun, 13 Aug 2023 16:27:41 GMT', 'Content-length': '11'} 
 body=BAD REQUEST 
 </msg>
<msg timestamp="20230813 12:27:41.322" level="INFO">${resp} = &lt;Response [400]&gt;</msg>
<status status="PASS" starttime="20230813 12:27:41.315" endtime="20230813 12:27:41.322"/>
</kw>
<kw name="Create Dictionary" library="BuiltIn">
<var>${headers}</var>
<arg>Content-Type=application/json</arg>
<doc>Creates and returns a dictionary based on the given ``items``.</doc>
<msg timestamp="20230813 12:27:41.322" level="INFO">${headers} = {'Content-Type': 'application/json'}</msg>
<status status="PASS" starttime="20230813 12:27:41.322" endtime="20230813 12:27:41.322"/>
</kw>
<kw name="Create Dictionary" library="BuiltIn">
<var>${params}</var>
<arg>name=A_Few_Good_Men_butDifferentName</arg>
<arg>movieId=afewgoodmenid</arg>
<doc>Creates and returns a dictionary based on the given ``items``.</doc>
<msg timestamp="20230813 12:27:41.322" level="INFO">${params} = {'name': 'A_Few_Good_Men_butDifferentName', 'movieId': 'afewgoodmenid'}</msg>
<status status="PASS" starttime="20230813 12:27:41.322" endtime="20230813 12:27:41.322"/>
</kw>
<kw name="PUT On Session" library="RequestsLibrary">
<var>${resp}</var>
<arg>localhost</arg>
<arg>/api/v1/addMovie</arg>
<arg>json=${params}</arg>
<arg>headers=${headers}</arg>
<arg>expected_status=400</arg>
<doc>Sends a PUT request on a previously created HTTP Session.</doc>
<msg timestamp="20230813 12:27:41.335" level="INFO">PUT Request : url=http://localhost:8080/api/v1/addMovie 
 path_url=/api/v1/addMovie 
 headers={'User-Agent': 'python-requests/2.31.0', 'Accept-Encoding': 'gzip, deflate', 'Accept': '*/*', 'Connection': 'keep-alive', 'Content-Type': 'application/json', 'Content-Length': '71'} 
 body=b'{"name": "A_Few_Good_Men_butDifferentName", "movieId": "afewgoodmenid"}' 
 </msg>
<msg timestamp="20230813 12:27:41.335" level="INFO">PUT Response : url=http://localhost:8080/api/v1/addMovie 
 status=400, reason=Bad Request 
 headers={'Date': 'Sun, 13 Aug 2023 16:27:41 GMT', 'Content-length': '11'} 
 body=BAD REQUEST 
 </msg>
<msg timestamp="20230813 12:27:41.335" level="INFO">${resp} = &lt;Response [400]&gt;</msg>
<status status="PASS" starttime="20230813 12:27:41.322" endtime="20230813 12:27:41.335"/>
</kw>
<kw name="Create Dictionary" library="BuiltIn">
<var>${headers}</var>
<arg>Content-Type=application/json</arg>
<doc>Creates and returns a dictionary based on the given ``items``.</doc>
<msg timestamp="20230813 12:27:41.335" level="INFO">${headers} = {'Content-Type': 'application/json'}</msg>
<status status="PASS" starttime="20230813 12:27:41.335" endtime="20230813 12:27:41.337"/>
</kw>
<kw name="Create Dictionary" library="BuiltIn">
<var>${params}</var>
<arg>name=A_Few_Good_Men_butDifferentName</arg>
<arg>movieId=${null}</arg>
<doc>Creates and returns a dictionary based on the given ``items``.</doc>
<msg timestamp="20230813 12:27:41.338" level="INFO">${params} = {'name': 'A_Few_Good_Men_butDifferentName', 'movieId': None}</msg>
<status status="PASS" starttime="20230813 12:27:41.338" endtime="20230813 12:27:41.338"/>
</kw>
<kw name="PUT On Session" library="RequestsLibrary">
<var>${resp}</var>
<arg>localhost</arg>
<arg>/api/v1/addMovie</arg>
<arg>json=${params}</arg>
<arg>headers=${headers}</arg>
<arg>expected_status=400</arg>
<doc>Sends a PUT request on a previously created HTTP Session.</doc>
<msg timestamp="20230813 12:27:41.344" level="INFO">PUT Request : url=http://localhost:8080/api/v1/addMovie 
 path_url=/api/v1/addMovie 
 headers={'User-Agent': 'python-requests/2.31.0', 'Accept-Encoding': 'gzip, deflate', 'Accept': '*/*', 'Connection': 'keep-alive', 'Content-Type': 'application/json', 'Content-Length': '60'} 
 body=b'{"name": "A_Few_Good_Men_butDifferentName", "movieId": null}' 
 </msg>
<msg timestamp="20230813 12:27:41.344" level="INFO">PUT Response : url=http://localhost:8080/api/v1/addMovie 
 status=400, reason=Bad Request 
 headers={'Date': 'Sun, 13 Aug 2023 16:27:41 GMT', 'Content-length': '11'} 
 body=BAD REQUEST 
 </msg>
<msg timestamp="20230813 12:27:41.344" level="INFO">${resp} = &lt;Response [400]&gt;</msg>
<status status="PASS" starttime="20230813 12:27:41.340" endtime="20230813 12:27:41.344"/>
</kw>
<kw name="Create Dictionary" library="BuiltIn">
<var>${headers}</var>
<arg>Content-Type=application/json</arg>
<doc>Creates and returns a dictionary based on the given ``items``.</doc>
<msg timestamp="20230813 12:27:41.344" level="INFO">${headers} = {'Content-Type': 'application/json'}</msg>
<status status="PASS" starttime="20230813 12:27:41.344" endtime="20230813 12:27:41.344"/>
</kw>
<kw name="Create Dictionary" library="BuiltIn">
<var>${params}</var>
<arg>name=${null}</arg>
<arg>movieId=afewgoodmenid</arg>
<doc>Creates and returns a dictionary based on the given ``items``.</doc>
<msg timestamp="20230813 12:27:41.346" level="INFO">${params} = {'name': None, 'movieId': 'afewgoodmenid'}</msg>
<status status="PASS" starttime="20230813 12:27:41.344" endtime="20230813 12:27:41.346"/>
</kw>
<kw name="PUT On Session" library="RequestsLibrary">
<var>${resp}</var>
<arg>localhost</arg>
<arg>/api/v1/addMovie</arg>
<arg>json=${params}</arg>
<arg>headers=${headers}</arg>
<arg>expected_status=400</arg>
<doc>Sends a PUT request on a previously created HTTP Session.</doc>
<msg timestamp="20230813 12:27:41.349" level="INFO">PUT Request : url=http://localhost:8080/api/v1/addMovie 
 path_url=/api/v1/addMovie 
 headers={'User-Agent': 'python-requests/2.31.0', 'Accept-Encoding': 'gzip, deflate', 'Accept': '*/*', 'Connection': 'keep-alive', 'Content-Type': 'application/json', 'Content-Length': '42'} 
 body=b'{"name": null, "movieId": "afewgoodmenid"}' 
 </msg>
<msg timestamp="20230813 12:27:41.349" level="INFO">PUT Response : url=http://localhost:8080/api/v1/addMovie 
 status=400, reason=Bad Request 
 headers={'Date': 'Sun, 13 Aug 2023 16:27:41 GMT', 'Content-length': '11'} 
 body=BAD REQUEST 
 </msg>
<msg timestamp="20230813 12:27:41.350" level="INFO">${resp} = &lt;Response [400]&gt;</msg>
<status status="PASS" starttime="20230813 12:27:41.346" endtime="20230813 12:27:41.350"/>
</kw>
<timeout value="30 seconds"/>
<status status="PASS" starttime="20230813 12:27:41.290" endtime="20230813 12:27:41.350"/>
</test>
<test id="s1-s1-s1-s1-s1-t5" name="addRelationshipPass" line="88">
<kw name="Create Dictionary" library="BuiltIn">
<var>${headers}</var>
<arg>Content-Type=application/json</arg>
<doc>Creates and returns a dictionary based on the given ``items``.</doc>
<msg timestamp="20230813 12:27:41.354" level="INFO">${headers} = {'Content-Type': 'application/json'}</msg>
<status status="PASS" starttime="20230813 12:27:41.354" endtime="20230813 12:27:41.354"/>
</kw>
<kw name="Create Dictionary" library="BuiltIn">
<var>${params}</var>
<arg>actorId=nm0000102</arg>
<arg>movieId=afewgoodmenid</arg>
<doc>Creates and returns a dictionary based on the given ``items``.</doc>
<msg timestamp="20230813 12:27:41.357" level="INFO">${params} = {'actorId': 'nm0000102', 'movieId': 'afewgoodmenid'}</msg>
<status status="PASS" starttime="20230813 12:27:41.357" endtime="20230813 12:27:41.357"/>
</kw>
<kw name="PUT On Session" library="RequestsLibrary">
<var>${resp}</var>
<arg>localhost</arg>
<arg>/api/v1/addRelationship</arg>
<arg>json=${params}</arg>
<arg>headers=${headers}</arg>
<arg>expected_status=200</arg>
<doc>Sends a PUT request on a previously created HTTP Session.</doc>
<msg timestamp="20230813 12:27:41.471" level="INFO">PUT Request : url=http://localhost:8080/api/v1/addRelationship 
 path_url=/api/v1/addRelationship 
 headers={'User-Agent': 'python-requests/2.31.0', 'Accept-Encoding': 'gzip, deflate', 'Accept': '*/*', 'Connection': 'keep-alive', 'Content-Type': 'application/json', 'Content-Length': '52'} 
 body=b'{"actorId": "nm0000102", "movieId": "afewgoodmenid"}' 
 </msg>
<msg timestamp="20230813 12:27:41.471" level="INFO">PUT Response : url=http://localhost:8080/api/v1/addRelationship 
 status=400, reason=Bad Request 
 headers={'Date': 'Sun, 13 Aug 2023 16:27:41 GMT', 'Content-length': '11'} 
 body=BAD REQUEST 
 </msg>
<msg timestamp="20230813 12:27:41.472" level="FAIL">Url: http://localhost:8080/api/v1/addRelationship Expected status: 400 != 200</msg>
<status status="FAIL" starttime="20230813 12:27:41.357" endtime="20230813 12:27:41.473"/>
</kw>
<timeout value="30 seconds"/>
<status status="FAIL" starttime="20230813 12:27:41.353" endtime="20230813 12:27:41.474">Url: http://localhost:8080/api/v1/addRelationship Expected status: 400 != 200</status>
</test>
<test id="s1-s1-s1-s1-s1-t6" name="addRelationshipFail" line="95">
<kw name="Create Dictionary" library="BuiltIn">
<var>${headers}</var>
<arg>Content-Type=application/json</arg>
<doc>Creates and returns a dictionary based on the given ``items``.</doc>
<msg timestamp="20230813 12:27:41.477" level="INFO">${headers} = {'Content-Type': 'application/json'}</msg>
<status status="PASS" starttime="20230813 12:27:41.477" endtime="20230813 12:27:41.477"/>
</kw>
<kw name="Create Dictionary" library="BuiltIn">
<var>${params}</var>
<arg>actorId=nm0000102</arg>
<arg>movieId=afewgoodmenid</arg>
<doc>Creates and returns a dictionary based on the given ``items``.</doc>
<msg timestamp="20230813 12:27:41.477" level="INFO">${params} = {'actorId': 'nm0000102', 'movieId': 'afewgoodmenid'}</msg>
<status status="PASS" starttime="20230813 12:27:41.477" endtime="20230813 12:27:41.477"/>
</kw>
<kw name="PUT On Session" library="RequestsLibrary">
<var>${resp}</var>
<arg>localhost</arg>
<arg>/api/v1/addRelationship</arg>
<arg>json=${params}</arg>
<arg>headers=${headers}</arg>
<arg>expected_status=400</arg>
<doc>Sends a PUT request on a previously created HTTP Session.</doc>
<msg timestamp="20230813 12:27:41.491" level="INFO">PUT Request : url=http://localhost:8080/api/v1/addRelationship 
 path_url=/api/v1/addRelationship 
 headers={'User-Agent': 'python-requests/2.31.0', 'Accept-Encoding': 'gzip, deflate', 'Accept': '*/*', 'Connection': 'keep-alive', 'Content-Type': 'application/json', 'Content-Length': '52'} 
 body=b'{"actorId": "nm0000102", "movieId": "afewgoodmenid"}' 
 </msg>
<msg timestamp="20230813 12:27:41.491" level="INFO">PUT Response : url=http://localhost:8080/api/v1/addRelationship 
 status=400, reason=Bad Request 
 headers={'Date': 'Sun, 13 Aug 2023 16:27:41 GMT', 'Content-length': '11'} 
 body=BAD REQUEST 
 </msg>
<msg timestamp="20230813 12:27:41.491" level="INFO">${resp} = &lt;Response [400]&gt;</msg>
<status status="PASS" starttime="20230813 12:27:41.477" endtime="20230813 12:27:41.491"/>
</kw>
<kw name="Create Dictionary" library="BuiltIn">
<var>${headers}</var>
<arg>Content-Type=application/json</arg>
<doc>Creates and returns a dictionary based on the given ``items``.</doc>
<msg timestamp="20230813 12:27:41.496" level="INFO">${headers} = {'Content-Type': 'application/json'}</msg>
<status status="PASS" starttime="20230813 12:27:41.491" endtime="20230813 12:27:41.496"/>
</kw>
<kw name="Create Dictionary" library="BuiltIn">
<var>${params}</var>
<arg>actorId=nm0000102</arg>
<arg>movieId=${null}</arg>
<doc>Creates and returns a dictionary based on the given ``items``.</doc>
<msg timestamp="20230813 12:27:41.496" level="INFO">${params} = {'actorId': 'nm0000102', 'movieId': None}</msg>
<status status="PASS" starttime="20230813 12:27:41.496" endtime="20230813 12:27:41.496"/>
</kw>
<kw name="PUT On Session" library="RequestsLibrary">
<var>${resp}</var>
<arg>localhost</arg>
<arg>/api/v1/addRelationship</arg>
<arg>json=${params}</arg>
<arg>headers=${headers}</arg>
<arg>expected_status=400</arg>
<doc>Sends a PUT request on a previously created HTTP Session.</doc>
<msg timestamp="20230813 12:27:41.496" level="INFO">PUT Request : url=http://localhost:8080/api/v1/addRelationship 
 path_url=/api/v1/addRelationship 
 headers={'User-Agent': 'python-requests/2.31.0', 'Accept-Encoding': 'gzip, deflate', 'Accept': '*/*', 'Connection': 'keep-alive', 'Content-Type': 'application/json', 'Content-Length': '41'} 
 body=b'{"actorId": "nm0000102", "movieId": null}' 
 </msg>
<msg timestamp="20230813 12:27:41.496" level="INFO">PUT Response : url=http://localhost:8080/api/v1/addRelationship 
 status=400, reason=Bad Request 
 headers={'Date': 'Sun, 13 Aug 2023 16:27:41 GMT', 'Content-length': '11'} 
 body=BAD REQUEST 
 </msg>
<msg timestamp="20230813 12:27:41.496" level="INFO">${resp} = &lt;Response [400]&gt;</msg>
<status status="PASS" starttime="20230813 12:27:41.496" endtime="20230813 12:27:41.496"/>
</kw>
<kw name="Create Dictionary" library="BuiltIn">
<var>${headers}</var>
<arg>Content-Type=application/json</arg>
<doc>Creates and returns a dictionary based on the given ``items``.</doc>
<msg timestamp="20230813 12:27:41.504" level="INFO">${headers} = {'Content-Type': 'application/json'}</msg>
<status status="PASS" starttime="20230813 12:27:41.496" endtime="20230813 12:27:41.504"/>
</kw>
<kw name="Create Dictionary" library="BuiltIn">
<var>${params}</var>
<arg>actorId=${null}</arg>
<arg>movieId=afewgoodmenid</arg>
<doc>Creates and returns a dictionary based on the given ``items``.</doc>
<msg timestamp="20230813 12:27:41.504" level="INFO">${params} = {'actorId': None, 'movieId': 'afewgoodmenid'}</msg>
<status status="PASS" starttime="20230813 12:27:41.504" endtime="20230813 12:27:41.504"/>
</kw>
<kw name="PUT On Session" library="RequestsLibrary">
<var>${resp}</var>
<arg>localhost</arg>
<arg>/api/v1/addRelationship</arg>
<arg>json=${params}</arg>
<arg>headers=${headers}</arg>
<arg>expected_status=400</arg>
<doc>Sends a PUT request on a previously created HTTP Session.</doc>
<msg timestamp="20230813 12:27:41.504" level="INFO">PUT Request : url=http://localhost:8080/api/v1/addRelationship 
 path_url=/api/v1/addRelationship 
 headers={'User-Agent': 'python-requests/2.31.0', 'Accept-Encoding': 'gzip, deflate', 'Accept': '*/*', 'Connection': 'keep-alive', 'Content-Type': 'application/json', 'Content-Length': '45'} 
 body=b'{"actorId": null, "movieId": "afewgoodmenid"}' 
 </msg>
<msg timestamp="20230813 12:27:41.504" level="INFO">PUT Response : url=http://localhost:8080/api/v1/addRelationship 
 status=400, reason=Bad Request 
 headers={'Date': 'Sun, 13 Aug 2023 16:27:41 GMT', 'Content-length': '11'} 
 body=BAD REQUEST 
 </msg>
<msg timestamp="20230813 12:27:41.504" level="INFO">${resp} = &lt;Response [400]&gt;</msg>
<status status="PASS" starttime="20230813 12:27:41.504" endtime="20230813 12:27:41.504"/>
</kw>
<kw name="Create Dictionary" library="BuiltIn">
<var>${headers}</var>
<arg>Content-Type=application/json</arg>
<doc>Creates and returns a dictionary based on the given ``items``.</doc>
<msg timestamp="20230813 12:27:41.504" level="INFO">${headers} = {'Content-Type': 'application/json'}</msg>
<status status="PASS" starttime="20230813 12:27:41.504" endtime="20230813 12:27:41.504"/>
</kw>
<kw name="Create Dictionary" library="BuiltIn">
<var>${params}</var>
<arg>actorId=nm0000102</arg>
<arg>movieId=nonexistentID</arg>
<doc>Creates and returns a dictionary based on the given ``items``.</doc>
<msg timestamp="20230813 12:27:41.514" level="INFO">${params} = {'actorId': 'nm0000102', 'movieId': 'nonexistentID'}</msg>
<status status="PASS" starttime="20230813 12:27:41.513" endtime="20230813 12:27:41.514"/>
</kw>
<kw name="PUT On Session" library="RequestsLibrary">
<var>${resp}</var>
<arg>localhost</arg>
<arg>/api/v1/addRelationship</arg>
<arg>json=${params}</arg>
<arg>headers=${headers}</arg>
<arg>expected_status=404</arg>
<doc>Sends a PUT request on a previously created HTTP Session.</doc>
<msg timestamp="20230813 12:27:41.523" level="INFO">PUT Request : url=http://localhost:8080/api/v1/addRelationship 
 path_url=/api/v1/addRelationship 
 headers={'User-Agent': 'python-requests/2.31.0', 'Accept-Encoding': 'gzip, deflate', 'Accept': '*/*', 'Connection': 'keep-alive', 'Content-Type': 'application/json', 'Content-Length': '52'} 
 body=b'{"actorId": "nm0000102", "movieId": "nonexistentID"}' 
 </msg>
<msg timestamp="20230813 12:27:41.523" level="INFO">PUT Response : url=http://localhost:8080/api/v1/addRelationship 
 status=404, reason=Not Found 
 headers={'Date': 'Sun, 13 Aug 2023 16:27:41 GMT', 'Content-length': '9'} 
 body=NOT FOUND 
 </msg>
<msg timestamp="20230813 12:27:41.523" level="INFO">${resp} = &lt;Response [404]&gt;</msg>
<status status="PASS" starttime="20230813 12:27:41.514" endtime="20230813 12:27:41.523"/>
</kw>
<kw name="Create Dictionary" library="BuiltIn">
<var>${headers}</var>
<arg>Content-Type=application/json</arg>
<doc>Creates and returns a dictionary based on the given ``items``.</doc>
<msg timestamp="20230813 12:27:41.523" level="INFO">${headers} = {'Content-Type': 'application/json'}</msg>
<status status="PASS" starttime="20230813 12:27:41.523" endtime="20230813 12:27:41.523"/>
</kw>
<kw name="Create Dictionary" library="BuiltIn">
<var>${params}</var>
<arg>actorId=nonexistingActorID</arg>
<arg>movieId=afewgoodmenid</arg>
<doc>Creates and returns a dictionary based on the given ``items``.</doc>
<msg timestamp="20230813 12:27:41.523" level="INFO">${params} = {'actorId': 'nonexistingActorID', 'movieId': 'afewgoodmenid'}</msg>
<status status="PASS" starttime="20230813 12:27:41.523" endtime="20230813 12:27:41.523"/>
</kw>
<kw name="PUT On Session" library="RequestsLibrary">
<var>${resp}</var>
<arg>localhost</arg>
<arg>/api/v1/addRelationship</arg>
<arg>json=${params}</arg>
<arg>headers=${headers}</arg>
<arg>expected_status=404</arg>
<doc>Sends a PUT request on a previously created HTTP Session.</doc>
<msg timestamp="20230813 12:27:41.542" level="INFO">PUT Request : url=http://localhost:8080/api/v1/addRelationship 
 path_url=/api/v1/addRelationship 
 headers={'User-Agent': 'python-requests/2.31.0', 'Accept-Encoding': 'gzip, deflate', 'Accept': '*/*', 'Connection': 'keep-alive', 'Content-Type': 'application/json', 'Content-Length': '61'} 
 body=b'{"actorId": "nonexistingActorID", "movieId": "afewgoodmenid"}' 
 </msg>
<msg timestamp="20230813 12:27:41.542" level="INFO">PUT Response : url=http://localhost:8080/api/v1/addRelationship 
 status=404, reason=Not Found 
 headers={'Date': 'Sun, 13 Aug 2023 16:27:41 GMT', 'Content-length': '9'} 
 body=NOT FOUND 
 </msg>
<msg timestamp="20230813 12:27:41.542" level="INFO">${resp} = &lt;Response [404]&gt;</msg>
<status status="PASS" starttime="20230813 12:27:41.523" endtime="20230813 12:27:41.542"/>
</kw>
<kw name="Create Dictionary" library="BuiltIn">
<var>${headers}</var>
<arg>Content-Type=application/json</arg>
<doc>Creates and returns a dictionary based on the given ``items``.</doc>
<msg timestamp="20230813 12:27:41.542" level="INFO">${headers} = {'Content-Type': 'application/json'}</msg>
<status status="PASS" starttime="20230813 12:27:41.542" endtime="20230813 12:27:41.542"/>
</kw>
<kw name="Create Dictionary" library="BuiltIn">
<var>${params}</var>
<arg>actorId=nm0000102</arg>
<arg>movieId=afewgoodmenid</arg>
<doc>Creates and returns a dictionary based on the given ``items``.</doc>
<msg timestamp="20230813 12:27:41.544" level="INFO">${params} = {'actorId': 'nm0000102', 'movieId': 'afewgoodmenid'}</msg>
<status status="PASS" starttime="20230813 12:27:41.544" endtime="20230813 12:27:41.544"/>
</kw>
<kw name="PUT On Session" library="RequestsLibrary">
<var>${resp}</var>
<arg>localhost</arg>
<arg>/api/v1/addRelationship</arg>
<arg>json=${params}</arg>
<arg>headers=${headers}</arg>
<arg>expected_status=400</arg>
<doc>Sends a PUT request on a previously created HTTP Session.</doc>
<msg timestamp="20230813 12:27:41.558" level="INFO">PUT Request : url=http://localhost:8080/api/v1/addRelationship 
 path_url=/api/v1/addRelationship 
 headers={'User-Agent': 'python-requests/2.31.0', 'Accept-Encoding': 'gzip, deflate', 'Accept': '*/*', 'Connection': 'keep-alive', 'Content-Type': 'application/json', 'Content-Length': '52'} 
 body=b'{"actorId": "nm0000102", "movieId": "afewgoodmenid"}' 
 </msg>
<msg timestamp="20230813 12:27:41.558" level="INFO">PUT Response : url=http://localhost:8080/api/v1/addRelationship 
 status=400, reason=Bad Request 
 headers={'Date': 'Sun, 13 Aug 2023 16:27:41 GMT', 'Content-length': '11'} 
 body=BAD REQUEST 
 </msg>
<msg timestamp="20230813 12:27:41.558" level="INFO">${resp} = &lt;Response [400]&gt;</msg>
<status status="PASS" starttime="20230813 12:27:41.544" endtime="20230813 12:27:41.558"/>
</kw>
<timeout value="30 seconds"/>
<status status="PASS" starttime="20230813 12:27:41.476" endtime="20230813 12:27:41.562"/>
</test>
<test id="s1-s1-s1-s1-s1-t7" name="getActorPass" line="126">
<kw name="Create Dictionary" library="BuiltIn">
<var>${headers}</var>
<arg>Content-Type=application/json</arg>
<doc>Creates and returns a dictionary based on the given ``items``.</doc>
<msg timestamp="20230813 12:27:41.564" level="INFO">${headers} = {'Content-Type': 'application/json'}</msg>
<status status="PASS" starttime="20230813 12:27:41.563" endtime="20230813 12:27:41.564"/>
</kw>
<kw name="Create Dictionary" library="BuiltIn">
<var>${params}</var>
<arg>actorId=nm0000102</arg>
<doc>Creates and returns a dictionary based on the given ``items``.</doc>
<msg timestamp="20230813 12:27:41.564" level="INFO">${params} = {'actorId': 'nm0000102'}</msg>
<status status="PASS" starttime="20230813 12:27:41.564" endtime="20230813 12:27:41.564"/>
</kw>
<kw name="GET On Session" library="RequestsLibrary">
<var>${resp}</var>
<arg>localhost</arg>
<arg>/api/v1/getActor</arg>
<arg>params=${params}</arg>
<arg>headers=${headers}</arg>
<arg>expected_status=200</arg>
<doc>Sends a GET request on a previously created HTTP Session.</doc>
<msg timestamp="20230813 12:27:41.635" level="INFO">GET Request : url=http://localhost:8080/api/v1/getActor?actorId=nm0000102 
 path_url=/api/v1/getActor?actorId=nm0000102 
 headers={'User-Agent': 'python-requests/2.31.0', 'Accept-Encoding': 'gzip, deflate', 'Accept': '*/*', 'Connection': 'keep-alive', 'Content-Type': 'application/json'} 
 body=None 
 </msg>
<msg timestamp="20230813 12:27:41.636" level="INFO">GET Response : url=http://localhost:8080/api/v1/getActor?actorId=nm0000102 
 status=200, reason=OK 
 headers={'Date': 'Sun, 13 Aug 2023 16:27:41 GMT', 'Content-length': '71'} 
 body={"actorId":"nm0000102","name":"Kevin Bacon","movies":["afewgoodmenid"]} 
 </msg>
<msg timestamp="20230813 12:27:41.636" level="INFO">${resp} = &lt;Response [200]&gt;</msg>
<status status="PASS" starttime="20230813 12:27:41.564" endtime="20230813 12:27:41.636"/>
</kw>
<kw name="Should Be Equal As Strings" library="BuiltIn">
<arg>${resp.json()['actorId']}</arg>
<arg>nm0000102</arg>
<doc>Fails if objects are unequal after converting them to strings.</doc>
<status status="PASS" starttime="20230813 12:27:41.636" endtime="20230813 12:27:41.640"/>
</kw>
<kw name="Should Be Equal As Strings" library="BuiltIn">
<arg>${resp.json()['name']}</arg>
<arg>Kevin Bacon</arg>
<doc>Fails if objects are unequal after converting them to strings.</doc>
<status status="PASS" starttime="20230813 12:27:41.640" endtime="20230813 12:27:41.642"/>
</kw>
<kw name="List Should Contain Value" library="Collections">
<arg>${resp.json()['movies']}</arg>
<arg>afewgoodmenid</arg>
<doc>Fails if the ``value`` is not found from ``list``.</doc>
<status status="PASS" starttime="20230813 12:27:41.642" endtime="20230813 12:27:41.643"/>
</kw>
<timeout value="30 seconds"/>
<status status="PASS" starttime="20230813 12:27:41.563" endtime="20230813 12:27:41.643"/>
</test>
<test id="s1-s1-s1-s1-s1-t8" name="getActorFail" line="135">
<kw name="Create Dictionary" library="BuiltIn">
<var>${headers}</var>
<arg>Content-Type=application/json</arg>
<doc>Creates and returns a dictionary based on the given ``items``.</doc>
<msg timestamp="20230813 12:27:41.646" level="INFO">${headers} = {'Content-Type': 'application/json'}</msg>
<status status="PASS" starttime="20230813 12:27:41.646" endtime="20230813 12:27:41.646"/>
</kw>
<kw name="Create Dictionary" library="BuiltIn">
<var>${params}</var>
<arg>Nonexistentparameter=nm0000102</arg>
<doc>Creates and returns a dictionary based on the given ``items``.</doc>
<msg timestamp="20230813 12:27:41.647" level="INFO">${params} = {'Nonexistentparameter': 'nm0000102'}</msg>
<status status="PASS" starttime="20230813 12:27:41.646" endtime="20230813 12:27:41.647"/>
</kw>
<kw name="GET On Session" library="RequestsLibrary">
<var>${resp}</var>
<arg>localhost</arg>
<arg>/api/v1/getActor</arg>
<arg>params=${params}</arg>
<arg>headers=${headers}</arg>
<arg>expected_status=400</arg>
<doc>Sends a GET request on a previously created HTTP Session.</doc>
<msg timestamp="20230813 12:27:41.649" level="INFO">GET Request : url=http://localhost:8080/api/v1/getActor?Nonexistentparameter=nm0000102 
 path_url=/api/v1/getActor?Nonexistentparameter=nm0000102 
 headers={'User-Agent': 'python-requests/2.31.0', 'Accept-Encoding': 'gzip, deflate', 'Accept': '*/*', 'Connection': 'keep-alive', 'Content-Type': 'application/json'} 
 body=None 
 </msg>
<msg timestamp="20230813 12:27:41.649" level="INFO">GET Response : url=http://localhost:8080/api/v1/getActor?Nonexistentparameter=nm0000102 
 status=400, reason=Bad Request 
 headers={'Date': 'Sun, 13 Aug 2023 16:27:41 GMT', 'Content-length': '11'} 
 body=BAD REQUEST 
 </msg>
<msg timestamp="20230813 12:27:41.649" level="INFO">${resp} = &lt;Response [400]&gt;</msg>
<status status="PASS" starttime="20230813 12:27:41.647" endtime="20230813 12:27:41.649"/>
</kw>
<kw name="Create Dictionary" library="BuiltIn">
<var>${headers}</var>
<arg>Content-Type=application/json</arg>
<doc>Creates and returns a dictionary based on the given ``items``.</doc>
<msg timestamp="20230813 12:27:41.649" level="INFO">${headers} = {'Content-Type': 'application/json'}</msg>
<status status="PASS" starttime="20230813 12:27:41.649" endtime="20230813 12:27:41.649"/>
</kw>
<kw name="Create Dictionary" library="BuiltIn">
<var>${params}</var>
<arg>actorId=${null}</arg>
<doc>Creates and returns a dictionary based on the given ``items``.</doc>
<msg timestamp="20230813 12:27:41.649" level="INFO">${params} = {'actorId': None}</msg>
<status status="PASS" starttime="20230813 12:27:41.649" endtime="20230813 12:27:41.649"/>
</kw>
<kw name="GET On Session" library="RequestsLibrary">
<var>${resp}</var>
<arg>localhost</arg>
<arg>/api/v1/getActor</arg>
<arg>params=${params}</arg>
<arg>headers=${headers}</arg>
<arg>expected_status=400</arg>
<doc>Sends a GET request on a previously created HTTP Session.</doc>
<msg timestamp="20230813 12:27:41.649" level="INFO">GET Request : url=http://localhost:8080/api/v1/getActor 
 path_url=/api/v1/getActor 
 headers={'User-Agent': 'python-requests/2.31.0', 'Accept-Encoding': 'gzip, deflate', 'Accept': '*/*', 'Connection': 'keep-alive', 'Content-Type': 'application/json'} 
 body=None 
 </msg>
<msg timestamp="20230813 12:27:41.649" level="INFO">GET Response : url=http://localhost:8080/api/v1/getActor 
 status=400, reason=Bad Request 
 headers={'Date': 'Sun, 13 Aug 2023 16:27:41 GMT', 'Content-length': '11'} 
 body=BAD REQUEST 
 </msg>
<msg timestamp="20230813 12:27:41.649" level="INFO">${resp} = &lt;Response [400]&gt;</msg>
<status status="PASS" starttime="20230813 12:27:41.649" endtime="20230813 12:27:41.649"/>
</kw>
<kw name="Create Dictionary" library="BuiltIn">
<var>${headers}</var>
<arg>Content-Type=application/json</arg>
<doc>Creates and returns a dictionary based on the given ``items``.</doc>
<msg timestamp="20230813 12:27:41.649" level="INFO">${headers} = {'Content-Type': 'application/json'}</msg>
<status status="PASS" starttime="20230813 12:27:41.649" endtime="20230813 12:27:41.649"/>
</kw>
<kw name="Create Dictionary" library="BuiltIn">
<var>${params}</var>
<arg>actorId=nonexistentId</arg>
<doc>Creates and returns a dictionary based on the given ``items``.</doc>
<msg timestamp="20230813 12:27:41.649" level="INFO">${params} = {'actorId': 'nonexistentId'}</msg>
<status status="PASS" starttime="20230813 12:27:41.649" endtime="20230813 12:27:41.649"/>
</kw>
<kw name="GET On Session" library="RequestsLibrary">
<var>${resp}</var>
<arg>localhost</arg>
<arg>/api/v1/getActor</arg>
<arg>params=${params}</arg>
<arg>headers=${headers}</arg>
<arg>expected_status=404</arg>
<doc>Sends a GET request on a previously created HTTP Session.</doc>
<msg timestamp="20230813 12:27:41.667" level="INFO">GET Request : url=http://localhost:8080/api/v1/getActor?actorId=nonexistentId 
 path_url=/api/v1/getActor?actorId=nonexistentId 
 headers={'User-Agent': 'python-requests/2.31.0', 'Accept-Encoding': 'gzip, deflate', 'Accept': '*/*', 'Connection': 'keep-alive', 'Content-Type': 'application/json'} 
 body=None 
 </msg>
<msg timestamp="20230813 12:27:41.667" level="INFO">GET Response : url=http://localhost:8080/api/v1/getActor?actorId=nonexistentId 
 status=404, reason=Not Found 
 headers={'Date': 'Sun, 13 Aug 2023 16:27:41 GMT', 'Content-length': '9'} 
 body=NOT FOUND 
 </msg>
<msg timestamp="20230813 12:27:41.667" level="INFO">${resp} = &lt;Response [404]&gt;</msg>
<status status="PASS" starttime="20230813 12:27:41.649" endtime="20230813 12:27:41.667"/>
</kw>
<timeout value="30 seconds"/>
<status status="PASS" starttime="20230813 12:27:41.645" endtime="20230813 12:27:41.667"/>
</test>
<test id="s1-s1-s1-s1-s1-t9" name="getMoviePass" line="152">
<kw name="Create Dictionary" library="BuiltIn">
<var>${headers}</var>
<arg>Content-Type=application/json</arg>
<doc>Creates and returns a dictionary based on the given ``items``.</doc>
<msg timestamp="20230813 12:27:41.667" level="INFO">${headers} = {'Content-Type': 'application/json'}</msg>
<status status="PASS" starttime="20230813 12:27:41.667" endtime="20230813 12:27:41.667"/>
</kw>
<kw name="Create Dictionary" library="BuiltIn">
<var>${params}</var>
<arg>movieId=afewgoodmenid</arg>
<doc>Creates and returns a dictionary based on the given ``items``.</doc>
<msg timestamp="20230813 12:27:41.667" level="INFO">${params} = {'movieId': 'afewgoodmenid'}</msg>
<status status="PASS" starttime="20230813 12:27:41.667" endtime="20230813 12:27:41.667"/>
</kw>
<kw name="GET On Session" library="RequestsLibrary">
<var>${resp}</var>
<arg>localhost</arg>
<arg>/api/v1/getMovie</arg>
<arg>params=${params}</arg>
<arg>headers=${headers}</arg>
<arg>expected_status=200</arg>
<doc>Sends a GET request on a previously created HTTP Session.</doc>
<msg timestamp="20230813 12:27:41.757" level="INFO">GET Request : url=http://localhost:8080/api/v1/getMovie?movieId=afewgoodmenid 
 path_url=/api/v1/getMovie?movieId=afewgoodmenid 
 headers={'User-Agent': 'python-requests/2.31.0', 'Accept-Encoding': 'gzip, deflate', 'Accept': '*/*', 'Connection': 'keep-alive', 'Content-Type': 'application/json'} 
 body=None 
 </msg>
<msg timestamp="20230813 12:27:41.757" level="INFO">GET Response : url=http://localhost:8080/api/v1/getMovie?movieId=afewgoodmenid 
 status=200, reason=OK 
 headers={'Date': 'Sun, 13 Aug 2023 16:27:41 GMT', 'Content-length': '90'} 
 body={"movieId":"afewgoodmenid","name":"A Few Good Men","actors":["angelinajolie","nm0000102"]} 
 </msg>
<msg timestamp="20230813 12:27:41.757" level="INFO">${resp} = &lt;Response [200]&gt;</msg>
<status status="PASS" starttime="20230813 12:27:41.667" endtime="20230813 12:27:41.757"/>
</kw>
<kw name="Should Be Equal As Strings" library="BuiltIn">
<arg>${resp.json()['movieId']}</arg>
<arg>afewgoodmenid</arg>
<doc>Fails if objects are unequal after converting them to strings.</doc>
<status status="PASS" starttime="20230813 12:27:41.757" endtime="20230813 12:27:41.759"/>
</kw>
<kw name="Should Be Equal As Strings" library="BuiltIn">
<arg>${resp.json()['name']}</arg>
<arg>A Few Good Men</arg>
<doc>Fails if objects are unequal after converting them to strings.</doc>
<status status="PASS" starttime="20230813 12:27:41.759" endtime="20230813 12:27:41.761"/>
</kw>
<kw name="List Should Contain Value" library="Collections">
<arg>${resp.json()['actors']}</arg>
<arg>nm0000102</arg>
<doc>Fails if the ``value`` is not found from ``list``.</doc>
<status status="PASS" starttime="20230813 12:27:41.761" endtime="20230813 12:27:41.762"/>
</kw>
<timeout value="30 seconds"/>
<status status="PASS" starttime="20230813 12:27:41.667" endtime="20230813 12:27:41.762"/>
</test>
<test id="s1-s1-s1-s1-s1-t10" name="getMovieFail" line="161">
<kw name="Create Dictionary" library="BuiltIn">
<var>${headers}</var>
<arg>Content-Type=application/json</arg>
<doc>Creates and returns a dictionary based on the given ``items``.</doc>
<msg timestamp="20230813 12:27:41.765" level="INFO">${headers} = {'Content-Type': 'application/json'}</msg>
<status status="PASS" starttime="20230813 12:27:41.764" endtime="20230813 12:27:41.765"/>
</kw>
<kw name="Create Dictionary" library="BuiltIn">
<var>${params}</var>
<arg>NotARealParameter=afewgoodmenid</arg>
<doc>Creates and returns a dictionary based on the given ``items``.</doc>
<msg timestamp="20230813 12:27:41.765" level="INFO">${params} = {'NotARealParameter': 'afewgoodmenid'}</msg>
<status status="PASS" starttime="20230813 12:27:41.765" endtime="20230813 12:27:41.765"/>
</kw>
<kw name="GET On Session" library="RequestsLibrary">
<var>${resp}</var>
<arg>localhost</arg>
<arg>/api/v1/getMovie</arg>
<arg>params=${params}</arg>
<arg>headers=${headers}</arg>
<arg>expected_status=400</arg>
<doc>Sends a GET request on a previously created HTTP Session.</doc>
<msg timestamp="20230813 12:27:41.769" level="INFO">GET Request : url=http://localhost:8080/api/v1/getMovie?NotARealParameter=afewgoodmenid 
 path_url=/api/v1/getMovie?NotARealParameter=afewgoodmenid 
 headers={'User-Agent': 'python-requests/2.31.0', 'Accept-Encoding': 'gzip, deflate', 'Accept': '*/*', 'Connection': 'keep-alive', 'Content-Type': 'application/json'} 
 body=None 
 </msg>
<msg timestamp="20230813 12:27:41.769" level="INFO">GET Response : url=http://localhost:8080/api/v1/getMovie?NotARealParameter=afewgoodmenid 
 status=400, reason=Bad Request 
 headers={'Date': 'Sun, 13 Aug 2023 16:27:41 GMT', 'Content-length': '11'} 
 body=BAD REQUEST 
 </msg>
<msg timestamp="20230813 12:27:41.771" level="INFO">${resp} = &lt;Response [400]&gt;</msg>
<status status="PASS" starttime="20230813 12:27:41.766" endtime="20230813 12:27:41.771"/>
</kw>
<kw name="Create Dictionary" library="BuiltIn">
<var>${headers}</var>
<arg>Content-Type=application/json</arg>
<doc>Creates and returns a dictionary based on the given ``items``.</doc>
<msg timestamp="20230813 12:27:41.771" level="INFO">${headers} = {'Content-Type': 'application/json'}</msg>
<status status="PASS" starttime="20230813 12:27:41.771" endtime="20230813 12:27:41.771"/>
</kw>
<kw name="Create Dictionary" library="BuiltIn">
<var>${params}</var>
<arg>movieId=${null}</arg>
<doc>Creates and returns a dictionary based on the given ``items``.</doc>
<msg timestamp="20230813 12:27:41.774" level="INFO">${params} = {'movieId': None}</msg>
<status status="PASS" starttime="20230813 12:27:41.773" endtime="20230813 12:27:41.774"/>
</kw>
<kw name="GET On Session" library="RequestsLibrary">
<var>${resp}</var>
<arg>localhost</arg>
<arg>/api/v1/getMovie</arg>
<arg>params=${params}</arg>
<arg>headers=${headers}</arg>
<arg>expected_status=400</arg>
<doc>Sends a GET request on a previously created HTTP Session.</doc>
<msg timestamp="20230813 12:27:41.777" level="INFO">GET Request : url=http://localhost:8080/api/v1/getMovie 
 path_url=/api/v1/getMovie 
 headers={'User-Agent': 'python-requests/2.31.0', 'Accept-Encoding': 'gzip, deflate', 'Accept': '*/*', 'Connection': 'keep-alive', 'Content-Type': 'application/json'} 
 body=None 
 </msg>
<msg timestamp="20230813 12:27:41.777" level="INFO">GET Response : url=http://localhost:8080/api/v1/getMovie 
 status=400, reason=Bad Request 
 headers={'Date': 'Sun, 13 Aug 2023 16:27:41 GMT', 'Content-length': '11'} 
 body=BAD REQUEST 
 </msg>
<msg timestamp="20230813 12:27:41.779" level="INFO">${resp} = &lt;Response [400]&gt;</msg>
<status status="PASS" starttime="20230813 12:27:41.775" endtime="20230813 12:27:41.779"/>
</kw>
<kw name="Create Dictionary" library="BuiltIn">
<var>${headers}</var>
<arg>Content-Type=application/json</arg>
<doc>Creates and returns a dictionary based on the given ``items``.</doc>
<msg timestamp="20230813 12:27:41.779" level="INFO">${headers} = {'Content-Type': 'application/json'}</msg>
<status status="PASS" starttime="20230813 12:27:41.779" endtime="20230813 12:27:41.779"/>
</kw>
<kw name="Create Dictionary" library="BuiltIn">
<var>${params}</var>
<arg>movieId=NotARealMovieID</arg>
<doc>Creates and returns a dictionary based on the given ``items``.</doc>
<msg timestamp="20230813 12:27:41.780" level="INFO">${params} = {'movieId': 'NotARealMovieID'}</msg>
<status status="PASS" starttime="20230813 12:27:41.780" endtime="20230813 12:27:41.780"/>
</kw>
<kw name="GET On Session" library="RequestsLibrary">
<var>${resp}</var>
<arg>localhost</arg>
<arg>/api/v1/getMovie</arg>
<arg>params=${params}</arg>
<arg>headers=${headers}</arg>
<arg>expected_status=404</arg>
<doc>Sends a GET request on a previously created HTTP Session.</doc>
<msg timestamp="20230813 12:27:41.787" level="INFO">GET Request : url=http://localhost:8080/api/v1/getMovie?movieId=NotARealMovieID 
 path_url=/api/v1/getMovie?movieId=NotARealMovieID 
 headers={'User-Agent': 'python-requests/2.31.0', 'Accept-Encoding': 'gzip, deflate', 'Accept': '*/*', 'Connection': 'keep-alive', 'Content-Type': 'application/json'} 
 body=None 
 </msg>
<msg timestamp="20230813 12:27:41.787" level="INFO">GET Response : url=http://localhost:8080/api/v1/getMovie?movieId=NotARealMovieID 
 status=404, reason=Not Found 
 headers={'Date': 'Sun, 13 Aug 2023 16:27:41 GMT', 'Content-length': '9'} 
 body=NOT FOUND 
 </msg>
<msg timestamp="20230813 12:27:41.787" level="INFO">${resp} = &lt;Response [404]&gt;</msg>
<status status="PASS" starttime="20230813 12:27:41.780" endtime="20230813 12:27:41.787"/>
</kw>
<timeout value="30 seconds"/>
<status status="PASS" starttime="20230813 12:27:41.764" endtime="20230813 12:27:41.787"/>
</test>
<test id="s1-s1-s1-s1-s1-t11" name="getRelationshipPass" line="179">
<kw name="Create Dictionary" library="BuiltIn">
<var>${headers}</var>
<arg>Content-Type=application/json</arg>
<doc>Creates and returns a dictionary based on the given ``items``.</doc>
<msg timestamp="20230813 12:27:41.789" level="INFO">${headers} = {'Content-Type': 'application/json'}</msg>
<status status="PASS" starttime="20230813 12:27:41.789" endtime="20230813 12:27:41.789"/>
</kw>
<kw name="Create Dictionary" library="BuiltIn">
<var>${params}</var>
<arg>movieId=afewgoodmenid</arg>
<arg>actorId=nm0000102</arg>
<doc>Creates and returns a dictionary based on the given ``items``.</doc>
<msg timestamp="20230813 12:27:41.791" level="INFO">${params} = {'movieId': 'afewgoodmenid', 'actorId': 'nm0000102'}</msg>
<status status="PASS" starttime="20230813 12:27:41.789" endtime="20230813 12:27:41.791"/>
</kw>
<kw name="GET On Session" library="RequestsLibrary">
<var>${resp}</var>
<arg>localhost</arg>
<arg>/api/v1/hasRelationship</arg>
<arg>params=${params}</arg>
<arg>headers=${headers}</arg>
<arg>expected_status=200</arg>
<doc>Sends a GET request on a previously created HTTP Session.</doc>
<msg timestamp="20230813 12:27:41.828" level="INFO">GET Request : url=http://localhost:8080/api/v1/hasRelationship?movieId=afewgoodmenid&amp;actorId=nm0000102 
 path_url=/api/v1/hasRelationship?movieId=afewgoodmenid&amp;actorId=nm0000102 
 headers={'User-Agent': 'python-requests/2.31.0', 'Accept-Encoding': 'gzip, deflate', 'Accept': '*/*', 'Connection': 'keep-alive', 'Content-Type': 'application/json'} 
 body=None 
 </msg>
<msg timestamp="20230813 12:27:41.828" level="INFO">GET Response : url=http://localhost:8080/api/v1/hasRelationship?movieId=afewgoodmenid&amp;actorId=nm0000102 
 status=200, reason=OK 
 headers={'Date': 'Sun, 13 Aug 2023 16:27:41 GMT', 'Content-length': '72'} 
 body={"actorId":"nm0000102","movieId":"afewgoodmenid","hasRelationship":true} 
 </msg>
<msg timestamp="20230813 12:27:41.828" level="INFO">${resp} = &lt;Response [200]&gt;</msg>
<status status="PASS" starttime="20230813 12:27:41.791" endtime="20230813 12:27:41.828"/>
</kw>
<kw name="Should Be Equal As Strings" library="BuiltIn">
<arg>${resp.json()['movieId']}</arg>
<arg>afewgoodmenid</arg>
<doc>Fails if objects are unequal after converting them to strings.</doc>
<status status="PASS" starttime="20230813 12:27:41.828" endtime="20230813 12:27:41.828"/>
</kw>
<kw name="Should Be Equal As Strings" library="BuiltIn">
<arg>${resp.json()['actorId']}</arg>
<arg>nm0000102</arg>
<doc>Fails if objects are unequal after converting them to strings.</doc>
<status status="PASS" starttime="20230813 12:27:41.830" endtime="20230813 12:27:41.831"/>
</kw>
<kw name="Should Be True" library="BuiltIn">
<arg>${resp.json()['hasRelationship']}</arg>
<doc>Fails if the given condition is not true.</doc>
<status status="PASS" starttime="20230813 12:27:41.831" endtime="20230813 12:27:41.832"/>
</kw>
<timeout value="30 seconds"/>
<status status="PASS" starttime="20230813 12:27:41.789" endtime="20230813 12:27:41.832"/>
</test>
<test id="s1-s1-s1-s1-s1-t12" name="getRelationshipFail" line="188">
<kw name="Create Dictionary" library="BuiltIn">
<var>${headers}</var>
<arg>Content-Type=application/json</arg>
<doc>Creates and returns a dictionary based on the given ``items``.</doc>
<msg timestamp="20230813 12:27:41.834" level="INFO">${headers} = {'Content-Type': 'application/json'}</msg>
<status status="PASS" starttime="20230813 12:27:41.834" endtime="20230813 12:27:41.834"/>
</kw>
<kw name="Create Dictionary" library="BuiltIn">
<var>${params}</var>
<arg>Nonexistentparameter=afewgoodmenid</arg>
<arg>actorId=nm0000102</arg>
<doc>Creates and returns a dictionary based on the given ``items``.</doc>
<msg timestamp="20230813 12:27:41.834" level="INFO">${params} = {'Nonexistentparameter': 'afewgoodmenid', 'actorId': 'nm0000102'}</msg>
<status status="PASS" starttime="20230813 12:27:41.834" endtime="20230813 12:27:41.834"/>
</kw>
<kw name="GET On Session" library="RequestsLibrary">
<var>${resp}</var>
<arg>localhost</arg>
<arg>/api/v1/hasRelationship</arg>
<arg>params=${params}</arg>
<arg>headers=${headers}</arg>
<arg>expected_status=400</arg>
<doc>Sends a GET request on a previously created HTTP Session.</doc>
<msg timestamp="20230813 12:27:41.837" level="INFO">GET Request : url=http://localhost:8080/api/v1/hasRelationship?Nonexistentparameter=afewgoodmenid&amp;actorId=nm0000102 
 path_url=/api/v1/hasRelationship?Nonexistentparameter=afewgoodmenid&amp;actorId=nm0000102 
 headers={'User-Agent': 'python-requests/2.31.0', 'Accept-Encoding': 'gzip, deflate', 'Accept': '*/*', 'Connection': 'keep-alive', 'Content-Type': 'application/json'} 
 body=None 
 </msg>
<msg timestamp="20230813 12:27:41.837" level="INFO">GET Response : url=http://localhost:8080/api/v1/hasRelationship?Nonexistentparameter=afewgoodmenid&amp;actorId=nm0000102 
 status=400, reason=Bad Request 
 headers={'Date': 'Sun, 13 Aug 2023 16:27:41 GMT', 'Content-length': '11'} 
 body=BAD REQUEST 
 </msg>
<msg timestamp="20230813 12:27:41.837" level="INFO">${resp} = &lt;Response [400]&gt;</msg>
<status status="PASS" starttime="20230813 12:27:41.835" endtime="20230813 12:27:41.837"/>
</kw>
<kw name="Create Dictionary" library="BuiltIn">
<var>${headers}</var>
<arg>Content-Type=application/json</arg>
<doc>Creates and returns a dictionary based on the given ``items``.</doc>
<msg timestamp="20230813 12:27:41.837" level="INFO">${headers} = {'Content-Type': 'application/json'}</msg>
<status status="PASS" starttime="20230813 12:27:41.837" endtime="20230813 12:27:41.837"/>
</kw>
<kw name="Create Dictionary" library="BuiltIn">
<var>${params}</var>
<arg>movieId=afewgoodmenid</arg>
<arg>Nonexistentparameter=nm0000102</arg>
<doc>Creates and returns a dictionary based on the given ``items``.</doc>
<msg timestamp="20230813 12:27:41.837" level="INFO">${params} = {'movieId': 'afewgoodmenid', 'Nonexistentparameter': 'nm0000102'}</msg>
<status status="PASS" starttime="20230813 12:27:41.837" endtime="20230813 12:27:41.837"/>
</kw>
<kw name="GET On Session" library="RequestsLibrary">
<var>${resp}</var>
<arg>localhost</arg>
<arg>/api/v1/hasRelationship</arg>
<arg>params=${params}</arg>
<arg>headers=${headers}</arg>
<arg>expected_status=400</arg>
<doc>Sends a GET request on a previously created HTTP Session.</doc>
<msg timestamp="20230813 12:27:41.843" level="INFO">GET Request : url=http://localhost:8080/api/v1/hasRelationship?movieId=afewgoodmenid&amp;Nonexistentparameter=nm0000102 
 path_url=/api/v1/hasRelationship?movieId=afewgoodmenid&amp;Nonexistentparameter=nm0000102 
 headers={'User-Agent': 'python-requests/2.31.0', 'Accept-Encoding': 'gzip, deflate', 'Accept': '*/*', 'Connection': 'keep-alive', 'Content-Type': 'application/json'} 
 body=None 
 </msg>
<msg timestamp="20230813 12:27:41.843" level="INFO">GET Response : url=http://localhost:8080/api/v1/hasRelationship?movieId=afewgoodmenid&amp;Nonexistentparameter=nm0000102 
 status=400, reason=Bad Request 
 headers={'Date': 'Sun, 13 Aug 2023 16:27:41 GMT', 'Content-length': '11'} 
 body=BAD REQUEST 
 </msg>
<msg timestamp="20230813 12:27:41.844" level="INFO">${resp} = &lt;Response [400]&gt;</msg>
<status status="PASS" starttime="20230813 12:27:41.837" endtime="20230813 12:27:41.844"/>
</kw>
<kw name="Create Dictionary" library="BuiltIn">
<var>${headers}</var>
<arg>Content-Type=application/json</arg>
<doc>Creates and returns a dictionary based on the given ``items``.</doc>
<msg timestamp="20230813 12:27:41.844" level="INFO">${headers} = {'Content-Type': 'application/json'}</msg>
<status status="PASS" starttime="20230813 12:27:41.844" endtime="20230813 12:27:41.844"/>
</kw>
<kw name="Create Dictionary" library="BuiltIn">
<var>${params}</var>
<arg>movieId=${null}</arg>
<arg>actorId=nm0000102</arg>
<doc>Creates and returns a dictionary based on the given ``items``.</doc>
<msg timestamp="20230813 12:27:41.845" level="INFO">${params} = {'movieId': None, 'actorId': 'nm0000102'}</msg>
<status status="PASS" starttime="20230813 12:27:41.844" endtime="20230813 12:27:41.845"/>
</kw>
<kw name="GET On Session" library="RequestsLibrary">
<var>${resp}</var>
<arg>localhost</arg>
<arg>/api/v1/hasRelationship</arg>
<arg>params=${params}</arg>
<arg>headers=${headers}</arg>
<arg>expected_status=400</arg>
<doc>Sends a GET request on a previously created HTTP Session.</doc>
<msg timestamp="20230813 12:27:41.849" level="INFO">GET Request : url=http://localhost:8080/api/v1/hasRelationship?actorId=nm0000102 
 path_url=/api/v1/hasRelationship?actorId=nm0000102 
 headers={'User-Agent': 'python-requests/2.31.0', 'Accept-Encoding': 'gzip, deflate', 'Accept': '*/*', 'Connection': 'keep-alive', 'Content-Type': 'application/json'} 
 body=None 
 </msg>
<msg timestamp="20230813 12:27:41.849" level="INFO">GET Response : url=http://localhost:8080/api/v1/hasRelationship?actorId=nm0000102 
 status=400, reason=Bad Request 
 headers={'Date': 'Sun, 13 Aug 2023 16:27:41 GMT', 'Content-length': '11'} 
 body=BAD REQUEST 
 </msg>
<msg timestamp="20230813 12:27:41.849" level="INFO">${resp} = &lt;Response [400]&gt;</msg>
<status status="PASS" starttime="20230813 12:27:41.845" endtime="20230813 12:27:41.849"/>
</kw>
<kw name="Create Dictionary" library="BuiltIn">
<var>${headers}</var>
<arg>Content-Type=application/json</arg>
<doc>Creates and returns a dictionary based on the given ``items``.</doc>
<msg timestamp="20230813 12:27:41.849" level="INFO">${headers} = {'Content-Type': 'application/json'}</msg>
<status status="PASS" starttime="20230813 12:27:41.849" endtime="20230813 12:27:41.849"/>
</kw>
<kw name="Create Dictionary" library="BuiltIn">
<var>${params}</var>
<arg>movieId=afewgoodmenid</arg>
<arg>actorId=${null}</arg>
<doc>Creates and returns a dictionary based on the given ``items``.</doc>
<msg timestamp="20230813 12:27:41.851" level="INFO">${params} = {'movieId': 'afewgoodmenid', 'actorId': None}</msg>
<status status="PASS" starttime="20230813 12:27:41.849" endtime="20230813 12:27:41.851"/>
</kw>
<kw name="GET On Session" library="RequestsLibrary">
<var>${resp}</var>
<arg>localhost</arg>
<arg>/api/v1/hasRelationship</arg>
<arg>params=${params}</arg>
<arg>headers=${headers}</arg>
<arg>expected_status=400</arg>
<doc>Sends a GET request on a previously created HTTP Session.</doc>
<msg timestamp="20230813 12:27:41.855" level="INFO">GET Request : url=http://localhost:8080/api/v1/hasRelationship?movieId=afewgoodmenid 
 path_url=/api/v1/hasRelationship?movieId=afewgoodmenid 
 headers={'User-Agent': 'python-requests/2.31.0', 'Accept-Encoding': 'gzip, deflate', 'Accept': '*/*', 'Connection': 'keep-alive', 'Content-Type': 'application/json'} 
 body=None 
 </msg>
<msg timestamp="20230813 12:27:41.855" level="INFO">GET Response : url=http://localhost:8080/api/v1/hasRelationship?movieId=afewgoodmenid 
 status=400, reason=Bad Request 
 headers={'Date': 'Sun, 13 Aug 2023 16:27:41 GMT', 'Content-length': '11'} 
 body=BAD REQUEST 
 </msg>
<msg timestamp="20230813 12:27:41.856" level="INFO">${resp} = &lt;Response [400]&gt;</msg>
<status status="PASS" starttime="20230813 12:27:41.851" endtime="20230813 12:27:41.856"/>
</kw>
<kw name="Create Dictionary" library="BuiltIn">
<var>${headers}</var>
<arg>Content-Type=application/json</arg>
<doc>Creates and returns a dictionary based on the given ``items``.</doc>
<msg timestamp="20230813 12:27:41.856" level="INFO">${headers} = {'Content-Type': 'application/json'}</msg>
<status status="PASS" starttime="20230813 12:27:41.856" endtime="20230813 12:27:41.856"/>
</kw>
<kw name="Create Dictionary" library="BuiltIn">
<var>${params}</var>
<arg>movieId=nonexistentId</arg>
<arg>actorId=nm0000102</arg>
<doc>Creates and returns a dictionary based on the given ``items``.</doc>
<msg timestamp="20230813 12:27:41.859" level="INFO">${params} = {'movieId': 'nonexistentId', 'actorId': 'nm0000102'}</msg>
<status status="PASS" starttime="20230813 12:27:41.858" endtime="20230813 12:27:41.859"/>
</kw>
<kw name="GET On Session" library="RequestsLibrary">
<var>${resp}</var>
<arg>localhost</arg>
<arg>/api/v1/hasRelationship</arg>
<arg>params=${params}</arg>
<arg>headers=${headers}</arg>
<arg>expected_status=404</arg>
<doc>Sends a GET request on a previously created HTTP Session.</doc>
<msg timestamp="20230813 12:27:41.865" level="INFO">GET Request : url=http://localhost:8080/api/v1/hasRelationship?movieId=nonexistentId&amp;actorId=nm0000102 
 path_url=/api/v1/hasRelationship?movieId=nonexistentId&amp;actorId=nm0000102 
 headers={'User-Agent': 'python-requests/2.31.0', 'Accept-Encoding': 'gzip, deflate', 'Accept': '*/*', 'Connection': 'keep-alive', 'Content-Type': 'application/json'} 
 body=None 
 </msg>
<msg timestamp="20230813 12:27:41.867" level="INFO">GET Response : url=http://localhost:8080/api/v1/hasRelationship?movieId=nonexistentId&amp;actorId=nm0000102 
 status=404, reason=Not Found 
 headers={'Date': 'Sun, 13 Aug 2023 16:27:41 GMT', 'Content-length': '9'} 
 body=NOT FOUND 
 </msg>
<msg timestamp="20230813 12:27:41.867" level="INFO">${resp} = &lt;Response [404]&gt;</msg>
<status status="PASS" starttime="20230813 12:27:41.859" endtime="20230813 12:27:41.867"/>
</kw>
<kw name="Create Dictionary" library="BuiltIn">
<var>${headers}</var>
<arg>Content-Type=application/json</arg>
<doc>Creates and returns a dictionary based on the given ``items``.</doc>
<msg timestamp="20230813 12:27:41.867" level="INFO">${headers} = {'Content-Type': 'application/json'}</msg>
<status status="PASS" starttime="20230813 12:27:41.867" endtime="20230813 12:27:41.867"/>
</kw>
<kw name="Create Dictionary" library="BuiltIn">
<var>${params}</var>
<arg>movieId=afewgoodmenid</arg>
<arg>actorId=nonexistentId</arg>
<doc>Creates and returns a dictionary based on the given ``items``.</doc>
<msg timestamp="20230813 12:27:41.868" level="INFO">${params} = {'movieId': 'afewgoodmenid', 'actorId': 'nonexistentId'}</msg>
<status status="PASS" starttime="20230813 12:27:41.868" endtime="20230813 12:27:41.868"/>
</kw>
<kw name="GET On Session" library="RequestsLibrary">
<var>${resp}</var>
<arg>localhost</arg>
<arg>/api/v1/hasRelationship</arg>
<arg>params=${params}</arg>
<arg>headers=${headers}</arg>
<arg>expected_status=404</arg>
<doc>Sends a GET request on a previously created HTTP Session.</doc>
<msg timestamp="20230813 12:27:41.877" level="INFO">GET Request : url=http://localhost:8080/api/v1/hasRelationship?movieId=afewgoodmenid&amp;actorId=nonexistentId 
 path_url=/api/v1/hasRelationship?movieId=afewgoodmenid&amp;actorId=nonexistentId 
 headers={'User-Agent': 'python-requests/2.31.0', 'Accept-Encoding': 'gzip, deflate', 'Accept': '*/*', 'Connection': 'keep-alive', 'Content-Type': 'application/json'} 
 body=None 
 </msg>
<msg timestamp="20230813 12:27:41.877" level="INFO">GET Response : url=http://localhost:8080/api/v1/hasRelationship?movieId=afewgoodmenid&amp;actorId=nonexistentId 
 status=404, reason=Not Found 
 headers={'Date': 'Sun, 13 Aug 2023 16:27:41 GMT', 'Content-length': '9'} 
 body=NOT FOUND 
 </msg>
<msg timestamp="20230813 12:27:41.878" level="INFO">${resp} = &lt;Response [404]&gt;</msg>
<status status="PASS" starttime="20230813 12:27:41.868" endtime="20230813 12:27:41.878"/>
</kw>
<timeout value="30 seconds"/>
<status status="PASS" starttime="20230813 12:27:41.832" endtime="20230813 12:27:41.878"/>
</test>
<test id="s1-s1-s1-s1-s1-t13" name="BaconNumberPreWork" line="220">
<kw name="Create Dictionary" library="BuiltIn">
<var>${headers}</var>
<arg>Content-Type=application/json</arg>
<doc>Creates and returns a dictionary based on the given ``items``.</doc>
<msg timestamp="20230813 12:27:41.881" level="INFO">${headers} = {'Content-Type': 'application/json'}</msg>
<status status="PASS" starttime="20230813 12:27:41.881" endtime="20230813 12:27:41.881"/>
</kw>
<kw name="Create Dictionary" library="BuiltIn">
<var>${params}</var>
<arg>name=Johnny Depp</arg>
<arg>actorId=johnnydepp</arg>
<doc>Creates and returns a dictionary based on the given ``items``.</doc>
<msg timestamp="20230813 12:27:41.881" level="INFO">${params} = {'name': 'Johnny Depp', 'actorId': 'johnnydepp'}</msg>
<status status="PASS" starttime="20230813 12:27:41.881" endtime="20230813 12:27:41.881"/>
</kw>
<kw name="PUT On Session" library="RequestsLibrary">
<var>${resp}</var>
<arg>localhost</arg>
<arg>/api/v1/addActor</arg>
<arg>json=${params}</arg>
<arg>headers=${headers}</arg>
<arg>expected_status=200</arg>
<doc>Sends a PUT request on a previously created HTTP Session.</doc>
<msg timestamp="20230813 12:27:41.889" level="INFO">PUT Request : url=http://localhost:8080/api/v1/addActor 
 path_url=/api/v1/addActor 
 headers={'User-Agent': 'python-requests/2.31.0', 'Accept-Encoding': 'gzip, deflate', 'Accept': '*/*', 'Connection': 'keep-alive', 'Content-Type': 'application/json', 'Content-Length': '48'} 
 body=b'{"name": "Johnny Depp", "actorId": "johnnydepp"}' 
 </msg>
<msg timestamp="20230813 12:27:41.889" level="INFO">PUT Response : url=http://localhost:8080/api/v1/addActor 
 status=400, reason=Bad Request 
 headers={'Date': 'Sun, 13 Aug 2023 16:27:41 GMT', 'Content-length': '11'} 
 body=BAD REQUEST 
 </msg>
<msg timestamp="20230813 12:27:41.889" level="FAIL">Url: http://localhost:8080/api/v1/addActor Expected status: 400 != 200</msg>
<status status="FAIL" starttime="20230813 12:27:41.881" endtime="20230813 12:27:41.889"/>
</kw>
<kw name="Create Dictionary" library="BuiltIn">
<var>${headers}</var>
<arg>Content-Type=application/json</arg>
<doc>Creates and returns a dictionary based on the given ``items``.</doc>
<status status="NOT RUN" starttime="20230813 12:27:41.890" endtime="20230813 12:27:41.890"/>
</kw>
<kw name="Create Dictionary" library="BuiltIn">
<var>${params}</var>
<arg>name=Angelina Jolie</arg>
<arg>actorId=angelinajolie</arg>
<doc>Creates and returns a dictionary based on the given ``items``.</doc>
<status status="NOT RUN" starttime="20230813 12:27:41.890" endtime="20230813 12:27:41.890"/>
</kw>
<kw name="PUT On Session" library="RequestsLibrary">
<var>${resp}</var>
<arg>localhost</arg>
<arg>/api/v1/addActor</arg>
<arg>json=${params}</arg>
<arg>headers=${headers}</arg>
<arg>expected_status=200</arg>
<doc>Sends a PUT request on a previously created HTTP Session.</doc>
<status status="NOT RUN" starttime="20230813 12:27:41.890" endtime="20230813 12:27:41.890"/>
</kw>
<kw name="Create Dictionary" library="BuiltIn">
<var>${headers}</var>
<arg>Content-Type=application/json</arg>
<doc>Creates and returns a dictionary based on the given ``items``.</doc>
<status status="NOT RUN" starttime="20230813 12:27:41.892" endtime="20230813 12:27:41.892"/>
</kw>
<kw name="Create Dictionary" library="BuiltIn">
<var>${params}</var>
<arg>name=Actor B</arg>
<arg>actorId=actorb</arg>
<doc>Creates and returns a dictionary based on the given ``items``.</doc>
<status status="NOT RUN" starttime="20230813 12:27:41.892" endtime="20230813 12:27:41.892"/>
</kw>
<kw name="PUT On Session" library="RequestsLibrary">
<var>${resp}</var>
<arg>localhost</arg>
<arg>/api/v1/addActor</arg>
<arg>json=${params}</arg>
<arg>headers=${headers}</arg>
<arg>expected_status=200</arg>
<doc>Sends a PUT request on a previously created HTTP Session.</doc>
<status status="NOT RUN" starttime="20230813 12:27:41.892" endtime="20230813 12:27:41.892"/>
</kw>
<kw name="Create Dictionary" library="BuiltIn">
<var>${headers}</var>
<arg>Content-Type=application/json</arg>
<doc>Creates and returns a dictionary based on the given ``items``.</doc>
<status status="NOT RUN" starttime="20230813 12:27:41.892" endtime="20230813 12:27:41.892"/>
</kw>
<kw name="Create Dictionary" library="BuiltIn">
<var>${params}</var>
<arg>name=Actor OUT OF REACH</arg>
<arg>actorId=outOfReachID</arg>
<doc>Creates and returns a dictionary based on the given ``items``.</doc>
<status status="NOT RUN" starttime="20230813 12:27:41.892" endtime="20230813 12:27:41.893"/>
</kw>
<kw name="PUT On Session" library="RequestsLibrary">
<var>${resp}</var>
<arg>localhost</arg>
<arg>/api/v1/addActor</arg>
<arg>json=${params}</arg>
<arg>headers=${headers}</arg>
<arg>expected_status=200</arg>
<doc>Sends a PUT request on a previously created HTTP Session.</doc>
<status status="NOT RUN" starttime="20230813 12:27:41.893" endtime="20230813 12:27:41.893"/>
</kw>
<kw name="Create Dictionary" library="BuiltIn">
<var>${headers}</var>
<arg>Content-Type=application/json</arg>
<doc>Creates and returns a dictionary based on the given ``items``.</doc>
<status status="NOT RUN" starttime="20230813 12:27:41.893" endtime="20230813 12:27:41.893"/>
</kw>
<kw name="Create Dictionary" library="BuiltIn">
<var>${params}</var>
<arg>name=Movie 1</arg>
<arg>movieId=movie1id</arg>
<doc>Creates and returns a dictionary based on the given ``items``.</doc>
<status status="NOT RUN" starttime="20230813 12:27:41.894" endtime="20230813 12:27:41.894"/>
</kw>
<kw name="PUT On Session" library="RequestsLibrary">
<var>${resp}</var>
<arg>localhost</arg>
<arg>/api/v1/addMovie</arg>
<arg>json=${params}</arg>
<arg>headers=${headers}</arg>
<arg>expected_status=200</arg>
[...]
<msg timestamp="20230813 12:27:42.012" level="INFO">GET Request : url=http://localhost:8080/api/v1/computeBaconPath?actorId=actorb 
 path_url=/api/v1/computeBaconPath?actorId=actorb 
 headers={'User-Agent': 'python-requests/2.31.0', 'Accept-Encoding': 'gzip, deflate', 'Accept': '*/*', 'Connection': 'keep-alive', 'Content-Type': 'application/json'} 
 body=None 
 </msg>
<msg timestamp="20230813 12:27:42.012" level="INFO">GET Response : url=http://localhost:8080/api/v1/computeBaconPath?actorId=actorb 
 status=200, reason=OK 
 headers={'Date': 'Sun, 13 Aug 2023 16:27:42 GMT', 'Content-length': '79'} 
 body={"baconPath":["actorb","movie1id","angelinajolie","afewgoodmenid","nm0000102"]} 
 </msg>
<msg timestamp="20230813 12:27:42.012" level="INFO">${resp} = &lt;Response [200]&gt;</msg>
<status status="PASS" starttime="20230813 12:27:42.006" endtime="20230813 12:27:42.012"/>
</kw>
<kw name="Set Variable" library="BuiltIn">
<var>${returnedPath}</var>
<arg>${resp.json()["baconPath"]}</arg>
<doc>Returns the given values which can then be assigned to a variables.</doc>
<msg timestamp="20230813 12:27:42.016" level="INFO">${returnedPath} = ['actorb', 'movie1id', 'angelinajolie', 'afewgoodmenid', 'nm0000102']</msg>
<status status="PASS" starttime="20230813 12:27:42.012" endtime="20230813 12:27:42.016"/>
</kw>
<kw name="Create List" library="BuiltIn">
<var>${expected_path}</var>
<arg>actorb</arg>
<arg>movie1id</arg>
<arg>angelinajolie</arg>
<arg>afewgoodmenid</arg>
<arg>nm0000102</arg>
<doc>Returns a list containing given items.</doc>
<msg timestamp="20230813 12:27:42.017" level="INFO">${expected_path} = ['actorb', 'movie1id', 'angelinajolie', 'afewgoodmenid', 'nm0000102']</msg>
<status status="PASS" starttime="20230813 12:27:42.016" endtime="20230813 12:27:42.017"/>
</kw>
<kw name="List Should Contain Sub List" library="Collections">
<arg>${returnedPath}</arg>
<arg>${expected_path}</arg>
<doc>Fails if not all elements in ``list2`` are found in ``list1``.</doc>
<status status="PASS" starttime="20230813 12:27:42.017" endtime="20230813 12:27:42.017"/>
</kw>
<timeout value="30 seconds"/>
<status status="PASS" starttime="20230813 12:27:42.006" endtime="20230813 12:27:42.019"/>
</test>
<test id="s1-s1-s1-s1-s1-t19" name="computerBaconPathPass4" line="357">
<kw name="Create Dictionary" library="BuiltIn">
<var>${headers}</var>
<arg>Content-Type=application/json</arg>
<doc>Creates and returns a dictionary based on the given ``items``.</doc>
<msg timestamp="20230813 12:27:42.020" level="INFO">${headers} = {'Content-Type': 'application/json'}</msg>
<status status="PASS" starttime="20230813 12:27:42.020" endtime="20230813 12:27:42.020"/>
</kw>
<kw name="Create Dictionary" library="BuiltIn">
<var>${params}</var>
<arg>actorId=actorb</arg>
<doc>Creates and returns a dictionary based on the given ``items``.</doc>
<msg timestamp="20230813 12:27:42.020" level="INFO">${params} = {'actorId': 'actorb'}</msg>
<status status="PASS" starttime="20230813 12:27:42.020" endtime="20230813 12:27:42.020"/>
</kw>
<kw name="GET On Session" library="RequestsLibrary">
<var>${resp}</var>
<arg>localhost</arg>
<arg>/api/v1/computeBaconPath</arg>
<arg>params=${params}</arg>
<arg>headers=${headers}</arg>
<arg>expected_status=200</arg>
<doc>Sends a GET request on a previously created HTTP Session.</doc>
<msg timestamp="20230813 12:27:42.021" level="INFO">GET Request : url=http://localhost:8080/api/v1/computeBaconPath?actorId=actorb 
 path_url=/api/v1/computeBaconPath?actorId=actorb 
 headers={'User-Agent': 'python-requests/2.31.0', 'Accept-Encoding': 'gzip, deflate', 'Accept': '*/*', 'Connection': 'keep-alive', 'Content-Type': 'application/json'} 
 body=None 
 </msg>
<msg timestamp="20230813 12:27:42.021" level="INFO">GET Response : url=http://localhost:8080/api/v1/computeBaconPath?actorId=actorb 
 status=200, reason=OK 
 headers={'Date': 'Sun, 13 Aug 2023 16:27:42 GMT', 'Content-length': '79'} 
 body={"baconPath":["actorb","movie1id","angelinajolie","afewgoodmenid","nm0000102"]} 
 </msg>
<msg timestamp="20230813 12:27:42.021" level="INFO">${resp} = &lt;Response [200]&gt;</msg>
<status status="PASS" starttime="20230813 12:27:42.020" endtime="20230813 12:27:42.021"/>
</kw>
<kw name="Set Variable" library="BuiltIn">
<var>${returnedPath}</var>
<arg>${resp.json()["baconPath"]}</arg>
<doc>Returns the given values which can then be assigned to a variables.</doc>
<msg timestamp="20230813 12:27:42.031" level="INFO">${returnedPath} = ['actorb', 'movie1id', 'angelinajolie', 'afewgoodmenid', 'nm0000102']</msg>
<status status="PASS" starttime="20230813 12:27:42.021" endtime="20230813 12:27:42.031"/>
</kw>
<kw name="Create List" library="BuiltIn">
<var>${expected_path}</var>
<arg>johnnydepp</arg>
<arg>movie2id</arg>
<arg>actorb</arg>
<arg>movie1id</arg>
<arg>angelinajolie</arg>
<arg>afewgoodmenid</arg>
<arg>nm0000102</arg>
<doc>Returns a list containing given items.</doc>
<msg timestamp="20230813 12:27:42.031" level="INFO">${expected_path} = ['johnnydepp', 'movie2id', 'actorb', 'movie1id', 'angelinajolie', 'afewgoodmenid', 'nm0000102']</msg>
<status status="PASS" starttime="20230813 12:27:42.031" endtime="20230813 12:27:42.031"/>
</kw>
<kw name="List Should Contain Sub List" library="Collections">
<arg>${returnedPath}</arg>
<arg>${expected_path}</arg>
<doc>Fails if not all elements in ``list2`` are found in ``list1``.</doc>
<msg timestamp="20230813 12:27:42.033" level="FAIL">Following values were not found from first list: johnnydepp, movie2id</msg>
<status status="FAIL" starttime="20230813 12:27:42.033" endtime="20230813 12:27:42.034"/>
</kw>
<timeout value="30 seconds"/>
<status status="FAIL" starttime="20230813 12:27:42.019" endtime="20230813 12:27:42.034">Following values were not found from first list: johnnydepp, movie2id</status>
</test>
<test id="s1-s1-s1-s1-s1-t20" name="computeBaconPathFail1" line="366">
<kw name="Create Dictionary" library="BuiltIn">
<var>${headers}</var>
<arg>Content-Type=application/json</arg>
<doc>Creates and returns a dictionary based on the given ``items``.</doc>
<msg timestamp="20230813 12:27:42.035" level="INFO">${headers} = {'Content-Type': 'application/json'}</msg>
<status status="PASS" starttime="20230813 12:27:42.035" endtime="20230813 12:27:42.035"/>
</kw>
<kw name="Create Dictionary" library="BuiltIn">
<var>${params}</var>
<arg>wrongParameter=someid</arg>
<doc>Creates and returns a dictionary based on the given ``items``.</doc>
<msg timestamp="20230813 12:27:42.036" level="INFO">${params} = {'wrongParameter': 'someid'}</msg>
<status status="PASS" starttime="20230813 12:27:42.036" endtime="20230813 12:27:42.036"/>
</kw>
<kw name="GET On Session" library="RequestsLibrary">
<var>${resp}</var>
<arg>localhost</arg>
<arg>/api/v1/computeBaconPath</arg>
<arg>params=${params}</arg>
<arg>headers=${headers}</arg>
<arg>expected_status=400</arg>
<doc>Sends a GET request on a previously created HTTP Session.</doc>
<msg timestamp="20230813 12:27:42.040" level="INFO">GET Request : url=http://localhost:8080/api/v1/computeBaconPath?wrongParameter=someid 
 path_url=/api/v1/computeBaconPath?wrongParameter=someid 
 headers={'User-Agent': 'python-requests/2.31.0', 'Accept-Encoding': 'gzip, deflate', 'Accept': '*/*', 'Connection': 'keep-alive', 'Content-Type': 'application/json'} 
 body=None 
 </msg>
<msg timestamp="20230813 12:27:42.040" level="INFO">GET Response : url=http://localhost:8080/api/v1/computeBaconPath?wrongParameter=someid 
 status=400, reason=Bad Request 
 headers={'Date': 'Sun, 13 Aug 2023 16:27:42 GMT', 'Content-length': '11'} 
 body=BAD REQUEST 
 </msg>
<msg timestamp="20230813 12:27:42.040" level="INFO">${resp} = &lt;Response [400]&gt;</msg>
<status status="PASS" starttime="20230813 12:27:42.036" endtime="20230813 12:27:42.040"/>
</kw>
<timeout value="30 seconds"/>
<status status="PASS" starttime="20230813 12:27:42.035" endtime="20230813 12:27:42.040"/>
</test>
<test id="s1-s1-s1-s1-s1-t21" name="computeBaconPathFail2" line="373">
<kw name="Create Dictionary" library="BuiltIn">
<var>${headers}</var>
<arg>Content-Type=application/json</arg>
<doc>Creates and returns a dictionary based on the given ``items``.</doc>
<msg timestamp="20230813 12:27:42.043" level="INFO">${headers} = {'Content-Type': 'application/json'}</msg>
<status status="PASS" starttime="20230813 12:27:42.043" endtime="20230813 12:27:42.043"/>
</kw>
<kw name="Create Dictionary" library="BuiltIn">
<var>${params}</var>
<arg>actorId=${null}</arg>
<doc>Creates and returns a dictionary based on the given ``items``.</doc>
<msg timestamp="20230813 12:27:42.044" level="INFO">${params} = {'actorId': None}</msg>
<status status="PASS" starttime="20230813 12:27:42.044" endtime="20230813 12:27:42.044"/>
</kw>
<kw name="GET On Session" library="RequestsLibrary">
<var>${resp}</var>
<arg>localhost</arg>
<arg>/api/v1/computeBaconPath</arg>
<arg>params=${params}</arg>
<arg>headers=${headers}</arg>
<arg>expected_status=400</arg>
<doc>Sends a GET request on a previously created HTTP Session.</doc>
<msg timestamp="20230813 12:27:42.046" level="INFO">GET Request : url=http://localhost:8080/api/v1/computeBaconPath 
 path_url=/api/v1/computeBaconPath 
 headers={'User-Agent': 'python-requests/2.31.0', 'Accept-Encoding': 'gzip, deflate', 'Accept': '*/*', 'Connection': 'keep-alive', 'Content-Type': 'application/json'} 
 body=None 
 </msg>
<msg timestamp="20230813 12:27:42.046" level="INFO">GET Response : url=http://localhost:8080/api/v1/computeBaconPath 
 status=400, reason=Bad Request 
 headers={'Date': 'Sun, 13 Aug 2023 16:27:42 GMT', 'Content-length': '11'} 
 body=BAD REQUEST 
 </msg>
<msg timestamp="20230813 12:27:42.046" level="INFO">${resp} = &lt;Response [400]&gt;</msg>
<status status="PASS" starttime="20230813 12:27:42.044" endtime="20230813 12:27:42.046"/>
</kw>
<timeout value="30 seconds"/>
<status status="PASS" starttime="20230813 12:27:42.043" endtime="20230813 12:27:42.046"/>
</test>
<test id="s1-s1-s1-s1-s1-t22" name="computeBaconPathFail3" line="379">
<kw name="Create Dictionary" library="BuiltIn">
<var>${headers}</var>
<arg>Content-Type=application/json</arg>
<doc>Creates and returns a dictionary based on the given ``items``.</doc>
<msg timestamp="20230813 12:27:42.049" level="INFO">${headers} = {'Content-Type': 'application/json'}</msg>
<status status="PASS" starttime="20230813 12:27:42.049" endtime="20230813 12:27:42.049"/>
</kw>
<kw name="Create Dictionary" library="BuiltIn">
<var>${params}</var>
<arg>actorId=RandomIdDoesntExist</arg>
<doc>Creates and returns a dictionary based on the given ``items``.</doc>
<msg timestamp="20230813 12:27:42.049" level="INFO">${params} = {'actorId': 'RandomIdDoesntExist'}</msg>
<status status="PASS" starttime="20230813 12:27:42.049" endtime="20230813 12:27:42.049"/>
</kw>
<kw name="GET On Session" library="RequestsLibrary">
<var>${resp}</var>
<arg>localhost</arg>
<arg>/api/v1/computeBaconPath</arg>
<arg>params=${params}</arg>
<arg>headers=${headers}</arg>
<arg>expected_status=404</arg>
<doc>Sends a GET request on a previously created HTTP Session.</doc>
<msg timestamp="20230813 12:27:42.057" level="INFO">GET Request : url=http://localhost:8080/api/v1/computeBaconPath?actorId=RandomIdDoesntExist 
 path_url=/api/v1/computeBaconPath?actorId=RandomIdDoesntExist 
 headers={'User-Agent': 'python-requests/2.31.0', 'Accept-Encoding': 'gzip, deflate', 'Accept': '*/*', 'Connection': 'keep-alive', 'Content-Type': 'application/json'} 
 body=None 
 </msg>
<msg timestamp="20230813 12:27:42.057" level="INFO">GET Response : url=http://localhost:8080/api/v1/computeBaconPath?actorId=RandomIdDoesntExist 
 status=404, reason=Not Found 
 headers={'Date': 'Sun, 13 Aug 2023 16:27:42 GMT', 'Content-length': '9'} 
 body=NOT FOUND 
 </msg>
<msg timestamp="20230813 12:27:42.057" level="INFO">${resp} = &lt;Response [404]&gt;</msg>
<status status="PASS" starttime="20230813 12:27:42.049" endtime="20230813 12:27:42.057"/>
</kw>
<timeout value="30 seconds"/>
<status status="PASS" starttime="20230813 12:27:42.047" endtime="20230813 12:27:42.057"/>
</test>
<test id="s1-s1-s1-s1-s1-t23" name="computeBaconPathFail4" line="385">
<kw name="Create Dictionary" library="BuiltIn">
<var>${headers}</var>
<arg>Content-Type=application/json</arg>
<doc>Creates and returns a dictionary based on the given ``items``.</doc>
<msg timestamp="20230813 12:27:42.059" level="INFO">${headers} = {'Content-Type': 'application/json'}</msg>
<status status="PASS" starttime="20230813 12:27:42.059" endtime="20230813 12:27:42.059"/>
</kw>
<kw name="Create Dictionary" library="BuiltIn">
<var>${params}</var>
<arg>actorId=outOfReachID</arg>
<doc>Creates and returns a dictionary based on the given ``items``.</doc>
<msg timestamp="20230813 12:27:42.062" level="INFO">${params} = {'actorId': 'outOfReachID'}</msg>
<status status="PASS" starttime="20230813 12:27:42.059" endtime="20230813 12:27:42.062"/>
</kw>
<kw name="GET On Session" library="RequestsLibrary">
<var>${resp}</var>
<arg>localhost</arg>
<arg>/api/v1/computeBaconPath</arg>
<arg>params=${params}</arg>
<arg>headers=${headers}</arg>
<arg>expected_status=404</arg>
<doc>Sends a GET request on a previously created HTTP Session.</doc>
<msg timestamp="20230813 12:27:42.062" level="INFO">GET Request : url=http://localhost:8080/api/v1/computeBaconPath?actorId=outOfReachID 
 path_url=/api/v1/computeBaconPath?actorId=outOfReachID 
 headers={'User-Agent': 'python-requests/2.31.0', 'Accept-Encoding': 'gzip, deflate', 'Accept': '*/*', 'Connection': 'keep-alive', 'Content-Type': 'application/json'} 
 body=None 
 </msg>
<msg timestamp="20230813 12:27:42.062" level="INFO">GET Response : url=http://localhost:8080/api/v1/computeBaconPath?actorId=outOfReachID 
 status=404, reason=Not Found 
 headers={'Date': 'Sun, 13 Aug 2023 16:27:42 GMT', 'Content-length': '9'} 
 body=NOT FOUND 
 </msg>
<msg timestamp="20230813 12:27:42.062" level="INFO">${resp} = &lt;Response [404]&gt;</msg>
<status status="PASS" starttime="20230813 12:27:42.062" endtime="20230813 12:27:42.062"/>
</kw>
<timeout value="30 seconds"/>
<status status="PASS" starttime="20230813 12:27:42.059" endtime="20230813 12:27:42.062"/>
</test>
<test id="s1-s1-s1-s1-s1-t24" name="deleteActorPass" line="394">
<kw name="Create Dictionary" library="BuiltIn">
<var>${headers}</var>
<arg>Content-Type=application/json</arg>
<doc>Creates and returns a dictionary based on the given ``items``.</doc>
<msg timestamp="20230813 12:27:42.070" level="INFO">${headers} = {'Content-Type': 'application/json'}</msg>
<status status="PASS" starttime="20230813 12:27:42.070" endtime="20230813 12:27:42.070"/>
</kw>
<kw name="Create Dictionary" library="BuiltIn">
<var>${params}</var>
<arg>actorId=angelinajolie</arg>
<doc>Creates and returns a dictionary based on the given ``items``.</doc>
<msg timestamp="20230813 12:27:42.070" level="INFO">${params} = {'actorId': 'angelinajolie'}</msg>
<status status="PASS" starttime="20230813 12:27:42.070" endtime="20230813 12:27:42.070"/>
</kw>
<kw name="DELETE" library="RequestsLibrary">
<var>${resp}</var>
<arg>localhost</arg>
<arg>/api/v1/deleteActor</arg>
<arg>json=${params}</arg>
<arg>headers=${headers}</arg>
<arg>expected_status=200</arg>
<doc>Sends a DELETE request.</doc>
<msg timestamp="20230813 12:27:42.072" level="FAIL">TypeError: RequestsKeywords.session_less_delete() got multiple values for argument 'expected_status'</msg>
<status status="FAIL" starttime="20230813 12:27:42.070" endtime="20230813 12:27:42.072"/>
</kw>
<timeout value="30 seconds"/>
<status status="FAIL" starttime="20230813 12:27:42.070" endtime="20230813 12:27:42.072">TypeError: RequestsKeywords.session_less_delete() got multiple values for argument 'expected_status'</status>
</test>
<test id="s1-s1-s1-s1-s1-t25" name="deleteMoviePass" line="399">
<kw name="Create Dictionary" library="BuiltIn">
<var>${headers}</var>
<arg>Content-Type=application/json</arg>
<doc>Creates and returns a dictionary based on the given ``items``.</doc>
<msg timestamp="20230813 12:27:42.075" level="INFO">${headers} = {'Content-Type': 'application/json'}</msg>
<status status="PASS" starttime="20230813 12:27:42.075" endtime="20230813 12:27:42.075"/>
</kw>
<kw name="Create Dictionary" library="BuiltIn">
<var>${params}</var>
<arg>name=Movie to delete!</arg>
<arg>movieId=shouldDelete</arg>
<doc>Creates and returns a dictionary based on the given ``items``.</doc>
<msg timestamp="20230813 12:27:42.075" level="INFO">${params} = {'name': 'Movie to delete!', 'movieId': 'shouldDelete'}</msg>
<status status="PASS" starttime="20230813 12:27:42.075" endtime="20230813 12:27:42.075"/>
</kw>
<kw name="PUT On Session" library="RequestsLibrary">
<var>${resp}</var>
<arg>localhost</arg>
<arg>/api/v1/addMovie</arg>
<arg>json=${params}</arg>
<arg>headers=${headers}</arg>
<arg>expected_status=200</arg>
<doc>Sends a PUT request on a previously created HTTP Session.</doc>
<msg timestamp="20230813 12:27:42.078" level="INFO">PUT Request : url=http://localhost:8080/api/v1/addMovie 
 path_url=/api/v1/addMovie 
 headers={'User-Agent': 'python-requests/2.31.0', 'Accept-Encoding': 'gzip, deflate', 'Accept': '*/*', 'Connection': 'keep-alive', 'Content-Type': 'application/json', 'Content-Length': '55'} 
 body=b'{"name": "Movie to delete!", "movieId": "shouldDelete"}' 
 </msg>
<msg timestamp="20230813 12:27:42.078" level="INFO">PUT Response : url=http://localhost:8080/api/v1/addMovie 
 status=400, reason=Bad Request 
 headers={'Date': 'Sun, 13 Aug 2023 16:27:42 GMT', 'Content-length': '11'} 
 body=BAD REQUEST 
 </msg>
<msg timestamp="20230813 12:27:42.078" level="FAIL">Url: http://localhost:8080/api/v1/addMovie Expected status: 400 != 200</msg>
<status status="FAIL" starttime="20230813 12:27:42.075" endtime="20230813 12:27:42.078"/>
</kw>
<kw name="Create Dictionary" library="BuiltIn">
<var>${headers}</var>
<arg>Content-Type=application/json</arg>
<doc>Creates and returns a dictionary based on the given ``items``.</doc>
<status status="NOT RUN" starttime="20230813 12:27:42.078" endtime="20230813 12:27:42.078"/>
</kw>
<kw name="Create Dictionary" library="BuiltIn">
<var>${params}</var>
<arg>movieId=shouldDel</arg>
<doc>Creates and returns a dictionary based on the given ``items``.</doc>
<status status="NOT RUN" starttime="20230813 12:27:42.078" endtime="20230813 12:27:42.078"/>
</kw>
<kw name="DELETE On Session" library="RequestsLibrary">
<var>${resp}</var>
<arg>localhost</arg>
<arg>/api/v1/deleteMovie</arg>
<arg>json=${params}</arg>
<arg>headers=${headers}</arg>
<arg>expected_status=200</arg>
<doc>Sends a DELETE request on a previously created HTTP Session.</doc>
<status status="NOT RUN" starttime="20230813 12:27:42.078" endtime="20230813 12:27:42.084"/>
</kw>
<timeout value="30 seconds"/>
<status status="FAIL" starttime="20230813 12:27:42.073" endtime="20230813 12:27:42.084">Url: http://localhost:8080/api/v1/addMovie Expected status: 400 != 200</status>
</test>
<status status="FAIL" starttime="20230813 12:27:40.909" endtime="20230813 12:27:42.084"/>
</suite>
<status status="FAIL" starttime="20230813 12:27:40.905" endtime="20230813 12:27:42.087"/>
</suite>
<status status="FAIL" starttime="20230813 12:27:40.905" endtime="20230813 12:27:42.089"/>
</suite>
<status status="FAIL" starttime="20230813 12:27:40.901" endtime="20230813 12:27:42.090"/>
</suite>
<status status="FAIL" starttime="20230813 12:27:40.873" endtime="20230813 12:27:42.092"/>
</suite>
<statistics>
<total>
<stat pass="18" fail="7" skip="0">All Tests</stat>
</total>
<tag>
</tag>
<suite>
<stat pass="18" fail="7" skip="0" id="s1" name="EECS3311-Project">EECS3311-Project</stat>
<stat pass="18" fail="7" skip="0" id="s1-s1" name="Src">EECS3311-Project.Src</stat>
<stat pass="18" fail="7" skip="0" id="s1-s1-s1" name="Test">EECS3311-Project.Src.Test</stat>
<stat pass="18" fail="7" skip="0" id="s1-s1-s1-s1" name="Robot">EECS3311-Project.Src.Test.Robot</stat>
<stat pass="18" fail="7" skip="0" id="s1-s1-s1-s1-s1" name="Testingrobot">EECS3311-Project.Src.Test.Robot.Testingrobot</stat>
</suite>
</statistics>
<errors>
</errors>
</robot>
