<?xml version="1.0" encoding="UTF-8"?>
<robot generator="Robot 6.1.1 (Python 3.11.4 on win32)" generated="20230812 18:10:30.692" rpa="false" schemaversion="4">
<suite id="s1" name="EECS3311-Project" source="C:\Users\betul\Documents\GitHub\EECS3311-Project">
<suite id="s1-s1" name="Src" source="C:\Users\betul\Documents\GitHub\EECS3311-Project\src">
<suite id="s1-s1-s1" name="Test" source="C:\Users\betul\Documents\GitHub\EECS3311-Project\src\test">
<suite id="s1-s1-s1-s1" name="Robot" source="C:\Users\betul\Documents\GitHub\EECS3311-Project\src\test\robot">
<suite id="s1-s1-s1-s1-s1" name="Testingrobot" source="C:\Users\betul\Documents\GitHub\EECS3311-Project\src\test\robot\testingrobot.robot">
<kw name="Create Session" library="RequestsLibrary" type="SETUP">
<arg>localhost</arg>
<arg>http://localhost:8080</arg>
<doc>Create Session: create a HTTP session to a server</doc>
<msg timestamp="20230812 18:10:30.841" level="INFO">Creating Session using : alias=localhost, url=http://localhost:8080, headers={},                     cookies={}, auth=None, timeout=None, proxies=None, verify=False,                     debug=0 </msg>
<status status="PASS" starttime="20230812 18:10:30.841" endtime="20230812 18:10:30.841"/>
</kw>
<test id="s1-s1-s1-s1-s1-t1" name="addActorPass" line="11">
<kw name="Create Dictionary" library="BuiltIn">
<var>${headers}</var>
<arg>Content-Type=application/json</arg>
<doc>Creates and returns a dictionary based on the given ``items``.</doc>
<msg timestamp="20230812 18:10:30.841" level="INFO">${headers} = {'Content-Type': 'application/json'}</msg>
<status status="PASS" starttime="20230812 18:10:30.841" endtime="20230812 18:10:30.841"/>
</kw>
<kw name="Create Dictionary" library="BuiltIn">
<var>${params}</var>
<arg>name=Kavin Bacon</arg>
<arg>actorId=nm0000102</arg>
<doc>Creates and returns a dictionary based on the given ``items``.</doc>
<msg timestamp="20230812 18:10:30.842" level="INFO">${params} = {'name': 'Kavin Bacon', 'actorId': 'nm0000102'}</msg>
<status status="PASS" starttime="20230812 18:10:30.842" endtime="20230812 18:10:30.842"/>
</kw>
<kw name="PUT On Session" library="RequestsLibrary">
<var>${resp}</var>
<arg>localhost</arg>
<arg>/api/v1/addActor</arg>
<arg>json=${params}</arg>
<arg>headers=${headers}</arg>
<arg>expected_status=200</arg>
<doc>Sends a PUT request on a previously created HTTP Session.</doc>
<msg timestamp="20230812 18:10:30.913" level="INFO">PUT Request : url=http://localhost:8080/api/v1/addActor 
 path_url=/api/v1/addActor 
 headers={'User-Agent': 'python-requests/2.31.0', 'Accept-Encoding': 'gzip, deflate', 'Accept': '*/*', 'Connection': 'keep-alive', 'Content-Type': 'application/json', 'Content-Length': '47'} 
 body=b'{"name": "Kavin Bacon", "actorId": "nm0000102"}' 
 </msg>
<msg timestamp="20230812 18:10:30.916" level="INFO">PUT Response : url=http://localhost:8080/api/v1/addActor 
 status=400, reason=Bad Request 
 headers={'Date': 'Sat, 12 Aug 2023 22:10:30 GMT', 'Content-length': '11'} 
 body=BAD REQUEST 
 </msg>
<msg timestamp="20230812 18:10:30.917" level="FAIL">Url: http://localhost:8080/api/v1/addActor Expected status: 400 != 200</msg>
<status status="FAIL" starttime="20230812 18:10:30.842" endtime="20230812 18:10:30.920"/>
</kw>
<kw name="Create Dictionary" library="BuiltIn">
<var>${headers}</var>
<arg>Content-Type=application/json</arg>
<doc>Creates and returns a dictionary based on the given ``items``.</doc>
<status status="NOT RUN" starttime="20230812 18:10:30.921" endtime="20230812 18:10:30.921"/>
</kw>
<kw name="Create Dictionary" library="BuiltIn">
<var>${params}</var>
<arg>name=Kavin Bacon</arg>
<arg>actorId=nm0000102butuniqueid</arg>
<doc>Creates and returns a dictionary based on the given ``items``.</doc>
<status status="NOT RUN" starttime="20230812 18:10:30.922" endtime="20230812 18:10:30.922"/>
</kw>
<kw name="PUT On Session" library="RequestsLibrary">
<var>${resp}</var>
<arg>localhost</arg>
<arg>/api/v1/addActor</arg>
<arg>json=${params}</arg>
<arg>headers=${headers}</arg>
<arg>expected_status=200</arg>
<doc>Sends a PUT request on a previously created HTTP Session.</doc>
<status status="NOT RUN" starttime="20230812 18:10:30.922" endtime="20230812 18:10:30.923"/>
</kw>
<timeout value="30 seconds"/>
<status status="FAIL" starttime="20230812 18:10:30.841" endtime="20230812 18:10:30.923">Url: http://localhost:8080/api/v1/addActor Expected status: 400 != 200</status>
</test>
<test id="s1-s1-s1-s1-s1-t2" name="addActorFail" line="21">
<kw name="Create Dictionary" library="BuiltIn">
<var>${headers}</var>
<arg>Content-Type=application/json</arg>
<doc>Creates and returns a dictionary based on the given ``items``.</doc>
<msg timestamp="20230812 18:10:30.927" level="INFO">${headers} = {'Content-Type': 'application/json'}</msg>
<status status="PASS" starttime="20230812 18:10:30.926" endtime="20230812 18:10:30.927"/>
</kw>
<kw name="Create Dictionary" library="BuiltIn">
<var>${params}</var>
<arg>name=Kavin Bacon2</arg>
<arg>actorId=nm0000102</arg>
<doc>Creates and returns a dictionary based on the given ``items``.</doc>
<msg timestamp="20230812 18:10:30.928" level="INFO">${params} = {'name': 'Kavin Bacon2', 'actorId': 'nm0000102'}</msg>
<status status="PASS" starttime="20230812 18:10:30.928" endtime="20230812 18:10:30.928"/>
</kw>
<kw name="PUT On Session" library="RequestsLibrary">
<var>${resp}</var>
<arg>localhost</arg>
<arg>/api/v1/addActor</arg>
<arg>json=${params}</arg>
<arg>headers=${headers}</arg>
<arg>expected_status=400</arg>
<doc>Sends a PUT request on a previously created HTTP Session.</doc>
<msg timestamp="20230812 18:10:30.943" level="INFO">PUT Request : url=http://localhost:8080/api/v1/addActor 
 path_url=/api/v1/addActor 
 headers={'User-Agent': 'python-requests/2.31.0', 'Accept-Encoding': 'gzip, deflate', 'Accept': '*/*', 'Connection': 'keep-alive', 'Content-Type': 'application/json', 'Content-Length': '48'} 
 body=b'{"name": "Kavin Bacon2", "actorId": "nm0000102"}' 
 </msg>
<msg timestamp="20230812 18:10:30.943" level="INFO">PUT Response : url=http://localhost:8080/api/v1/addActor 
 status=400, reason=Bad Request 
 headers={'Date': 'Sat, 12 Aug 2023 22:10:30 GMT', 'Content-length': '11'} 
 body=BAD REQUEST 
 </msg>
<msg timestamp="20230812 18:10:30.944" level="INFO">${resp} = &lt;Response [400]&gt;</msg>
<status status="PASS" starttime="20230812 18:10:30.929" endtime="20230812 18:10:30.944"/>
</kw>
<kw name="Create Dictionary" library="BuiltIn">
<var>${headers}</var>
<arg>Content-Type=application/json</arg>
<doc>Creates and returns a dictionary based on the given ``items``.</doc>
<msg timestamp="20230812 18:10:30.945" level="INFO">${headers} = {'Content-Type': 'application/json'}</msg>
<status status="PASS" starttime="20230812 18:10:30.945" endtime="20230812 18:10:30.945"/>
</kw>
<kw name="Create Dictionary" library="BuiltIn">
<var>${params}</var>
<arg>Actorid=robertdowney</arg>
<arg>Name=Robert Downey Jr.</arg>
<doc>Creates and returns a dictionary based on the given ``items``.</doc>
<msg timestamp="20230812 18:10:30.946" level="INFO">${params} = {'Actorid': 'robertdowney', 'Name': 'Robert Downey Jr.'}</msg>
<status status="PASS" starttime="20230812 18:10:30.946" endtime="20230812 18:10:30.946"/>
</kw>
<kw name="PUT On Session" library="RequestsLibrary">
<var>${resp}</var>
<arg>localhost</arg>
<arg>/api/v1/addActor</arg>
<arg>json=${params}</arg>
<arg>headers=${headers}</arg>
<arg>expected_status=400</arg>
<doc>Sends a PUT request on a previously created HTTP Session.</doc>
<msg timestamp="20230812 18:10:30.953" level="INFO">PUT Request : url=http://localhost:8080/api/v1/addActor 
 path_url=/api/v1/addActor 
 headers={'User-Agent': 'python-requests/2.31.0', 'Accept-Encoding': 'gzip, deflate', 'Accept': '*/*', 'Connection': 'keep-alive', 'Content-Type': 'application/json', 'Content-Length': '56'} 
 body=b'{"Actorid": "robertdowney", "Name": "Robert Downey Jr."}' 
 </msg>
<msg timestamp="20230812 18:10:30.953" level="INFO">PUT Response : url=http://localhost:8080/api/v1/addActor 
 status=400, reason=Bad Request 
 headers={'Date': 'Sat, 12 Aug 2023 22:10:30 GMT', 'Content-length': '11'} 
 body=BAD REQUEST 
 </msg>
<msg timestamp="20230812 18:10:30.955" level="INFO">${resp} = &lt;Response [400]&gt;</msg>
<status status="PASS" starttime="20230812 18:10:30.947" endtime="20230812 18:10:30.955"/>
</kw>
<kw name="Create Dictionary" library="BuiltIn">
<var>${headers}</var>
<arg>Content-Type=application/json</arg>
<doc>Creates and returns a dictionary based on the given ``items``.</doc>
<msg timestamp="20230812 18:10:30.955" level="INFO">${headers} = {'Content-Type': 'application/json'}</msg>
<status status="PASS" starttime="20230812 18:10:30.955" endtime="20230812 18:10:30.955"/>
</kw>
<kw name="Create Dictionary" library="BuiltIn">
<var>${params}</var>
<arg>name=${null}</arg>
<arg>actorId=scarlettjohansson</arg>
<doc>Creates and returns a dictionary based on the given ``items``.</doc>
<msg timestamp="20230812 18:10:30.956" level="INFO">${params} = {'name': None, 'actorId': 'scarlettjohansson'}</msg>
<status status="PASS" starttime="20230812 18:10:30.956" endtime="20230812 18:10:30.956"/>
</kw>
<kw name="PUT On Session" library="RequestsLibrary">
<var>${resp}</var>
<arg>localhost</arg>
<arg>/api/v1/addActor</arg>
<arg>json=${params}</arg>
<arg>headers=${headers}</arg>
<arg>expected_status=400</arg>
<doc>Sends a PUT request on a previously created HTTP Session.</doc>
<msg timestamp="20230812 18:10:30.963" level="INFO">PUT Request : url=http://localhost:8080/api/v1/addActor 
 path_url=/api/v1/addActor 
 headers={'User-Agent': 'python-requests/2.31.0', 'Accept-Encoding': 'gzip, deflate', 'Accept': '*/*', 'Connection': 'keep-alive', 'Content-Type': 'application/json', 'Content-Length': '46'} 
 body=b'{"name": null, "actorId": "scarlettjohansson"}' 
 </msg>
<msg timestamp="20230812 18:10:30.963" level="INFO">PUT Response : url=http://localhost:8080/api/v1/addActor 
 status=400, reason=Bad Request 
 headers={'Date': 'Sat, 12 Aug 2023 22:10:30 GMT', 'Content-length': '11'} 
 body=BAD REQUEST 
 </msg>
<msg timestamp="20230812 18:10:30.963" level="INFO">${resp} = &lt;Response [400]&gt;</msg>
<status status="PASS" starttime="20230812 18:10:30.957" endtime="20230812 18:10:30.963"/>
</kw>
<kw name="Create Dictionary" library="BuiltIn">
<var>${headers}</var>
<arg>Content-Type=application/json</arg>
<doc>Creates and returns a dictionary based on the given ``items``.</doc>
<msg timestamp="20230812 18:10:30.965" level="INFO">${headers} = {'Content-Type': 'application/json'}</msg>
<status status="PASS" starttime="20230812 18:10:30.964" endtime="20230812 18:10:30.965"/>
</kw>
<kw name="Create Dictionary" library="BuiltIn">
<var>${params}</var>
<arg>name=Scarlett Johansson</arg>
<arg>actorId=${null}</arg>
<doc>Creates and returns a dictionary based on the given ``items``.</doc>
<msg timestamp="20230812 18:10:30.965" level="INFO">${params} = {'name': 'Scarlett Johansson', 'actorId': None}</msg>
<status status="PASS" starttime="20230812 18:10:30.965" endtime="20230812 18:10:30.965"/>
</kw>
<kw name="PUT On Session" library="RequestsLibrary">
<var>${resp}</var>
<arg>localhost</arg>
<arg>/api/v1/addActor</arg>
<arg>json=${params}</arg>
<arg>headers=${headers}</arg>
<arg>expected_status=400</arg>
<doc>Sends a PUT request on a previously created HTTP Session.</doc>
<msg timestamp="20230812 18:10:30.972" level="INFO">PUT Request : url=http://localhost:8080/api/v1/addActor 
 path_url=/api/v1/addActor 
 headers={'User-Agent': 'python-requests/2.31.0', 'Accept-Encoding': 'gzip, deflate', 'Accept': '*/*', 'Connection': 'keep-alive', 'Content-Type': 'application/json', 'Content-Length': '47'} 
 body=b'{"name": "Scarlett Johansson", "actorId": null}' 
 </msg>
<msg timestamp="20230812 18:10:30.972" level="INFO">PUT Response : url=http://localhost:8080/api/v1/addActor 
 status=400, reason=Bad Request 
 headers={'Date': 'Sat, 12 Aug 2023 22:10:30 GMT', 'Content-length': '11'} 
 body=BAD REQUEST 
 </msg>
<msg timestamp="20230812 18:10:30.972" level="INFO">${resp} = &lt;Response [400]&gt;</msg>
<status status="PASS" starttime="20230812 18:10:30.966" endtime="20230812 18:10:30.972"/>
</kw>
<timeout value="30 seconds"/>
<status status="PASS" starttime="20230812 18:10:30.925" endtime="20230812 18:10:30.973"/>
</test>
<test id="s1-s1-s1-s1-s1-t3" name="addMoviePass" line="42">
<kw name="Create Dictionary" library="BuiltIn">
<var>${headers}</var>
<arg>Content-Type=application/json</arg>
<doc>Creates and returns a dictionary based on the given ``items``.</doc>
<msg timestamp="20230812 18:10:30.975" level="INFO">${headers} = {'Content-Type': 'application/json'}</msg>
<status status="PASS" starttime="20230812 18:10:30.975" endtime="20230812 18:10:30.975"/>
</kw>
<kw name="Create Dictionary" library="BuiltIn">
<var>${params}</var>
<arg>name=A Few Good Men</arg>
<arg>movieId=afewgoodmenid</arg>
<doc>Creates and returns a dictionary based on the given ``items``.</doc>
<msg timestamp="20230812 18:10:30.976" level="INFO">${params} = {'name': 'A Few Good Men', 'movieId': 'afewgoodmenid'}</msg>
<status status="PASS" starttime="20230812 18:10:30.976" endtime="20230812 18:10:30.976"/>
</kw>
<kw name="PUT On Session" library="RequestsLibrary">
<var>${resp}</var>
<arg>localhost</arg>
<arg>/api/v1/addMovie</arg>
<arg>json=${params}</arg>
<arg>headers=${headers}</arg>
<arg>expected_status=200</arg>
<doc>Sends a PUT request on a previously created HTTP Session.</doc>
<msg timestamp="20230812 18:10:31.021" level="INFO">PUT Request : url=http://localhost:8080/api/v1/addMovie 
 path_url=/api/v1/addMovie 
 headers={'User-Agent': 'python-requests/2.31.0', 'Accept-Encoding': 'gzip, deflate', 'Accept': '*/*', 'Connection': 'keep-alive', 'Content-Type': 'application/json', 'Content-Length': '54'} 
 body=b'{"name": "A Few Good Men", "movieId": "afewgoodmenid"}' 
 </msg>
<msg timestamp="20230812 18:10:31.021" level="INFO">PUT Response : url=http://localhost:8080/api/v1/addMovie 
 status=400, reason=Bad Request 
 headers={'Date': 'Sat, 12 Aug 2023 22:10:31 GMT', 'Content-length': '11'} 
 body=BAD REQUEST 
 </msg>
<msg timestamp="20230812 18:10:31.021" level="FAIL">Url: http://localhost:8080/api/v1/addMovie Expected status: 400 != 200</msg>
<status status="FAIL" starttime="20230812 18:10:30.977" endtime="20230812 18:10:31.022"/>
</kw>
<kw name="Create Dictionary" library="BuiltIn">
<var>${headers}</var>
<arg>Content-Type=application/json</arg>
<doc>Creates and returns a dictionary based on the given ``items``.</doc>
<status status="NOT RUN" starttime="20230812 18:10:31.023" endtime="20230812 18:10:31.023"/>
</kw>
<kw name="Create Dictionary" library="BuiltIn">
<var>${params}</var>
<arg>name=A Few Good Men</arg>
<arg>movieId=afewgoodmenuniqueanddifferentid</arg>
<doc>Creates and returns a dictionary based on the given ``items``.</doc>
<status status="NOT RUN" starttime="20230812 18:10:31.024" endtime="20230812 18:10:31.024"/>
</kw>
<kw name="PUT On Session" library="RequestsLibrary">
<var>${resp}</var>
<arg>localhost</arg>
<arg>/api/v1/addMovie</arg>
<arg>json=${params}</arg>
<arg>headers=${headers}</arg>
<arg>expected_status=200</arg>
<doc>Sends a PUT request on a previously created HTTP Session.</doc>
<status status="NOT RUN" starttime="20230812 18:10:31.024" endtime="20230812 18:10:31.024"/>
</kw>
<timeout value="30 seconds"/>
<status status="FAIL" starttime="20230812 18:10:30.974" endtime="20230812 18:10:31.025">Url: http://localhost:8080/api/v1/addMovie Expected status: 400 != 200</status>
</test>
<test id="s1-s1-s1-s1-s1-t4" name="addMovieFail" line="54">
<kw name="Create Dictionary" library="BuiltIn">
<var>${headers}</var>
<arg>Content-Type=application/json</arg>
<doc>Creates and returns a dictionary based on the given ``items``.</doc>
<msg timestamp="20230812 18:10:31.027" level="INFO">${headers} = {'Content-Type': 'application/json'}</msg>
<status status="PASS" starttime="20230812 18:10:31.027" endtime="20230812 18:10:31.027"/>
</kw>
<kw name="Create Dictionary" library="BuiltIn">
<var>${params}</var>
<arg>name=A_Few_Good_Men_butDifferentName</arg>
<arg>movieId=afewgoodmenid</arg>
<doc>Creates and returns a dictionary based on the given ``items``.</doc>
<msg timestamp="20230812 18:10:31.028" level="INFO">${params} = {'name': 'A_Few_Good_Men_butDifferentName', 'movieId': 'afewgoodmenid'}</msg>
<status status="PASS" starttime="20230812 18:10:31.028" endtime="20230812 18:10:31.028"/>
</kw>
<kw name="PUT On Session" library="RequestsLibrary">
<var>${resp}</var>
<arg>localhost</arg>
<arg>/api/v1/addMovie</arg>
<arg>json=${params}</arg>
<arg>headers=${headers}</arg>
<arg>expected_status=400</arg>
<doc>Sends a PUT request on a previously created HTTP Session.</doc>
<msg timestamp="20230812 18:10:31.039" level="INFO">PUT Request : url=http://localhost:8080/api/v1/addMovie 
 path_url=/api/v1/addMovie 
 headers={'User-Agent': 'python-requests/2.31.0', 'Accept-Encoding': 'gzip, deflate', 'Accept': '*/*', 'Connection': 'keep-alive', 'Content-Type': 'application/json', 'Content-Length': '71'} 
 body=b'{"name": "A_Few_Good_Men_butDifferentName", "movieId": "afewgoodmenid"}' 
 </msg>
<msg timestamp="20230812 18:10:31.039" level="INFO">PUT Response : url=http://localhost:8080/api/v1/addMovie 
 status=400, reason=Bad Request 
 headers={'Date': 'Sat, 12 Aug 2023 22:10:31 GMT', 'Content-length': '11'} 
 body=BAD REQUEST 
 </msg>
<msg timestamp="20230812 18:10:31.039" level="INFO">${resp} = &lt;Response [400]&gt;</msg>
<status status="PASS" starttime="20230812 18:10:31.028" endtime="20230812 18:10:31.039"/>
</kw>
<kw name="Create Dictionary" library="BuiltIn">
<var>${headers}</var>
<arg>Content-Type=application/json</arg>
<doc>Creates and returns a dictionary based on the given ``items``.</doc>
<msg timestamp="20230812 18:10:31.040" level="INFO">${headers} = {'Content-Type': 'application/json'}</msg>
<status status="PASS" starttime="20230812 18:10:31.040" endtime="20230812 18:10:31.040"/>
</kw>
<kw name="Create Dictionary" library="BuiltIn">
<var>${params}</var>
<arg>movieId=afewgoodmenid</arg>
<arg>name=A_Few_Good_Men_butDifferentName</arg>
<doc>Creates and returns a dictionary based on the given ``items``.</doc>
<msg timestamp="20230812 18:10:31.041" level="INFO">${params} = {'movieId': 'afewgoodmenid', 'name': 'A_Few_Good_Men_butDifferentName'}</msg>
<status status="PASS" starttime="20230812 18:10:31.040" endtime="20230812 18:10:31.041"/>
</kw>
<kw name="PUT On Session" library="RequestsLibrary">
<var>${resp}</var>
<arg>localhost</arg>
<arg>/api/v1/addMovie</arg>
<arg>json=${params}</arg>
<arg>headers=${headers}</arg>
<arg>expected_status=400</arg>
<doc>Sends a PUT request on a previously created HTTP Session.</doc>
<msg timestamp="20230812 18:10:31.051" level="INFO">PUT Request : url=http://localhost:8080/api/v1/addMovie 
 path_url=/api/v1/addMovie 
 headers={'User-Agent': 'python-requests/2.31.0', 'Accept-Encoding': 'gzip, deflate', 'Accept': '*/*', 'Connection': 'keep-alive', 'Content-Type': 'application/json', 'Content-Length': '71'} 
 body=b'{"movieId": "afewgoodmenid", "name": "A_Few_Good_Men_butDifferentName"}' 
 </msg>
<msg timestamp="20230812 18:10:31.051" level="INFO">PUT Response : url=http://localhost:8080/api/v1/addMovie 
 status=400, reason=Bad Request 
 headers={'Date': 'Sat, 12 Aug 2023 22:10:31 GMT', 'Content-length': '11'} 
 body=BAD REQUEST 
 </msg>
<msg timestamp="20230812 18:10:31.051" level="INFO">${resp} = &lt;Response [400]&gt;</msg>
<status status="PASS" starttime="20230812 18:10:31.041" endtime="20230812 18:10:31.051"/>
</kw>
<kw name="Create Dictionary" library="BuiltIn">
<var>${headers}</var>
<arg>Content-Type=application/json</arg>
<doc>Creates and returns a dictionary based on the given ``items``.</doc>
<msg timestamp="20230812 18:10:31.053" level="INFO">${headers} = {'Content-Type': 'application/json'}</msg>
<status status="PASS" starttime="20230812 18:10:31.052" endtime="20230812 18:10:31.053"/>
</kw>
<kw name="Create Dictionary" library="BuiltIn">
<var>${params}</var>
<arg>name=A_Few_Good_Men_butDifferentName</arg>
<arg>movieId=afewgoodmenid</arg>
<doc>Creates and returns a dictionary based on the given ``items``.</doc>
<msg timestamp="20230812 18:10:31.054" level="INFO">${params} = {'name': 'A_Few_Good_Men_butDifferentName', 'movieId': 'afewgoodmenid'}</msg>
<status status="PASS" starttime="20230812 18:10:31.054" endtime="20230812 18:10:31.054"/>
</kw>
<kw name="PUT On Session" library="RequestsLibrary">
<var>${resp}</var>
<arg>localhost</arg>
<arg>/api/v1/addMovie</arg>
<arg>json=${params}</arg>
<arg>headers=${headers}</arg>
<arg>expected_status=400</arg>
<doc>Sends a PUT request on a previously created HTTP Session.</doc>
<msg timestamp="20230812 18:10:31.064" level="INFO">PUT Request : url=http://localhost:8080/api/v1/addMovie 
 path_url=/api/v1/addMovie 
 headers={'User-Agent': 'python-requests/2.31.0', 'Accept-Encoding': 'gzip, deflate', 'Accept': '*/*', 'Connection': 'keep-alive', 'Content-Type': 'application/json', 'Content-Length': '71'} 
 body=b'{"name": "A_Few_Good_Men_butDifferentName", "movieId": "afewgoodmenid"}' 
 </msg>
<msg timestamp="20230812 18:10:31.064" level="INFO">PUT Response : url=http://localhost:8080/api/v1/addMovie 
 status=400, reason=Bad Request 
 headers={'Date': 'Sat, 12 Aug 2023 22:10:31 GMT', 'Content-length': '11'} 
 body=BAD REQUEST 
 </msg>
<msg timestamp="20230812 18:10:31.064" level="INFO">${resp} = &lt;Response [400]&gt;</msg>
<status status="PASS" starttime="20230812 18:10:31.054" endtime="20230812 18:10:31.064"/>
</kw>
<kw name="Create Dictionary" library="BuiltIn">
<var>${headers}</var>
<arg>Content-Type=application/json</arg>
<doc>Creates and returns a dictionary based on the given ``items``.</doc>
<msg timestamp="20230812 18:10:31.065" level="INFO">${headers} = {'Content-Type': 'application/json'}</msg>
<status status="PASS" starttime="20230812 18:10:31.065" endtime="20230812 18:10:31.065"/>
</kw>
<kw name="Create Dictionary" library="BuiltIn">
<var>${params}</var>
<arg>name=A_Few_Good_Men_butDifferentName</arg>
<arg>movieId=afewgoodmenid</arg>
<doc>Creates and returns a dictionary based on the given ``items``.</doc>
<msg timestamp="20230812 18:10:31.066" level="INFO">${params} = {'name': 'A_Few_Good_Men_butDifferentName', 'movieId': 'afewgoodmenid'}</msg>
<status status="PASS" starttime="20230812 18:10:31.066" endtime="20230812 18:10:31.066"/>
</kw>
<kw name="PUT On Session" library="RequestsLibrary">
<var>${resp}</var>
<arg>localhost</arg>
<arg>/api/v1/addMovie</arg>
<arg>json=${params}</arg>
<arg>headers=${headers}</arg>
<arg>expected_status=400</arg>
<doc>Sends a PUT request on a previously created HTTP Session.</doc>
<msg timestamp="20230812 18:10:31.078" level="INFO">PUT Request : url=http://localhost:8080/api/v1/addMovie 
 path_url=/api/v1/addMovie 
 headers={'User-Agent': 'python-requests/2.31.0', 'Accept-Encoding': 'gzip, deflate', 'Accept': '*/*', 'Connection': 'keep-alive', 'Content-Type': 'application/json', 'Content-Length': '71'} 
 body=b'{"name": "A_Few_Good_Men_butDifferentName", "movieId": "afewgoodmenid"}' 
 </msg>
<msg timestamp="20230812 18:10:31.078" level="INFO">PUT Response : url=http://localhost:8080/api/v1/addMovie 
 status=400, reason=Bad Request 
 headers={'Date': 'Sat, 12 Aug 2023 22:10:31 GMT', 'Content-length': '11'} 
 body=BAD REQUEST 
 </msg>
<msg timestamp="20230812 18:10:31.078" level="INFO">${resp} = &lt;Response [400]&gt;</msg>
<status status="PASS" starttime="20230812 18:10:31.067" endtime="20230812 18:10:31.078"/>
</kw>
<kw name="Create Dictionary" library="BuiltIn">
<var>${headers}</var>
<arg>Content-Type=application/json</arg>
<doc>Creates and returns a dictionary based on the given ``items``.</doc>
<msg timestamp="20230812 18:10:31.079" level="INFO">${headers} = {'Content-Type': 'application/json'}</msg>
<status status="PASS" starttime="20230812 18:10:31.079" endtime="20230812 18:10:31.080"/>
</kw>
<kw name="Create Dictionary" library="BuiltIn">
<var>${params}</var>
<arg>name=A_Few_Good_Men_butDifferentName</arg>
<arg>movieId=${null}</arg>
<doc>Creates and returns a dictionary based on the given ``items``.</doc>
<msg timestamp="20230812 18:10:31.081" level="INFO">${params} = {'name': 'A_Few_Good_Men_butDifferentName', 'movieId': None}</msg>
<status status="PASS" starttime="20230812 18:10:31.080" endtime="20230812 18:10:31.081"/>
</kw>
<kw name="PUT On Session" library="RequestsLibrary">
<var>${resp}</var>
<arg>localhost</arg>
<arg>/api/v1/addMovie</arg>
<arg>json=${params}</arg>
<arg>headers=${headers}</arg>
<arg>expected_status=400</arg>
<doc>Sends a PUT request on a previously created HTTP Session.</doc>
<msg timestamp="20230812 18:10:31.088" level="INFO">PUT Request : url=http://localhost:8080/api/v1/addMovie 
 path_url=/api/v1/addMovie 
 headers={'User-Agent': 'python-requests/2.31.0', 'Accept-Encoding': 'gzip, deflate', 'Accept': '*/*', 'Connection': 'keep-alive', 'Content-Type': 'application/json', 'Content-Length': '60'} 
 body=b'{"name": "A_Few_Good_Men_butDifferentName", "movieId": null}' 
 </msg>
<msg timestamp="20230812 18:10:31.089" level="INFO">PUT Response : url=http://localhost:8080/api/v1/addMovie 
 status=400, reason=Bad Request 
 headers={'Date': 'Sat, 12 Aug 2023 22:10:31 GMT', 'Content-length': '11'} 
 body=BAD REQUEST 
 </msg>
<msg timestamp="20230812 18:10:31.089" level="INFO">${resp} = &lt;Response [400]&gt;</msg>
<status status="PASS" starttime="20230812 18:10:31.082" endtime="20230812 18:10:31.089"/>
</kw>
<kw name="Create Dictionary" library="BuiltIn">
<var>${headers}</var>
<arg>Content-Type=application/json</arg>
<doc>Creates and returns a dictionary based on the given ``items``.</doc>
<msg timestamp="20230812 18:10:31.090" level="INFO">${headers} = {'Content-Type': 'application/json'}</msg>
<status status="PASS" starttime="20230812 18:10:31.090" endtime="20230812 18:10:31.090"/>
</kw>
<kw name="Create Dictionary" library="BuiltIn">
<var>${params}</var>
<arg>name=${null}</arg>
<arg>movieId=afewgoodmenid</arg>
<doc>Creates and returns a dictionary based on the given ``items``.</doc>
<msg timestamp="20230812 18:10:31.092" level="INFO">${params} = {'name': None, 'movieId': 'afewgoodmenid'}</msg>
<status status="PASS" starttime="20230812 18:10:31.091" endtime="20230812 18:10:31.092"/>
</kw>
<kw name="PUT On Session" library="RequestsLibrary">
<var>${resp}</var>
<arg>localhost</arg>
<arg>/api/v1/addMovie</arg>
<arg>json=${params}</arg>
<arg>headers=${headers}</arg>
<arg>expected_status=400</arg>
<doc>Sends a PUT request on a previously created HTTP Session.</doc>
<msg timestamp="20230812 18:10:31.097" level="INFO">PUT Request : url=http://localhost:8080/api/v1/addMovie 
 path_url=/api/v1/addMovie 
 headers={'User-Agent': 'python-requests/2.31.0', 'Accept-Encoding': 'gzip, deflate', 'Accept': '*/*', 'Connection': 'keep-alive', 'Content-Type': 'application/json', 'Content-Length': '42'} 
 body=b'{"name": null, "movieId": "afewgoodmenid"}' 
 </msg>
<msg timestamp="20230812 18:10:31.097" level="INFO">PUT Response : url=http://localhost:8080/api/v1/addMovie 
 status=400, reason=Bad Request 
 headers={'Date': 'Sat, 12 Aug 2023 22:10:31 GMT', 'Content-length': '11'} 
 body=BAD REQUEST 
 </msg>
<msg timestamp="20230812 18:10:31.098" level="INFO">${resp} = &lt;Response [400]&gt;</msg>
<status status="PASS" starttime="20230812 18:10:31.093" endtime="20230812 18:10:31.098"/>
</kw>
<timeout value="30 seconds"/>
<status status="PASS" starttime="20230812 18:10:31.026" endtime="20230812 18:10:31.098"/>
</test>
<test id="s1-s1-s1-s1-s1-t5" name="addRelationshipPass" line="88">
<kw name="Create Dictionary" library="BuiltIn">
<var>${headers}</var>
<arg>Content-Type=application/json</arg>
<doc>Creates and returns a dictionary based on the given ``items``.</doc>
<msg timestamp="20230812 18:10:31.100" level="INFO">${headers} = {'Content-Type': 'application/json'}</msg>
<status status="PASS" starttime="20230812 18:10:31.100" endtime="20230812 18:10:31.100"/>
</kw>
<kw name="Create Dictionary" library="BuiltIn">
<var>${params}</var>
<arg>actorId=nm0000102</arg>
<arg>movieId=afewgoodmenid</arg>
<doc>Creates and returns a dictionary based on the given ``items``.</doc>
<msg timestamp="20230812 18:10:31.101" level="INFO">${params} = {'actorId': 'nm0000102', 'movieId': 'afewgoodmenid'}</msg>
<status status="PASS" starttime="20230812 18:10:31.101" endtime="20230812 18:10:31.101"/>
</kw>
<kw name="PUT On Session" library="RequestsLibrary">
<var>${resp}</var>
<arg>localhost</arg>
<arg>/api/v1/addRelationship</arg>
<arg>json=${params}</arg>
<arg>headers=${headers}</arg>
<arg>expected_status=200</arg>
<doc>Sends a PUT request on a previously created HTTP Session.</doc>
<msg timestamp="20230812 18:10:31.205" level="INFO">PUT Request : url=http://localhost:8080/api/v1/addRelationship 
 path_url=/api/v1/addRelationship 
 headers={'User-Agent': 'python-requests/2.31.0', 'Accept-Encoding': 'gzip, deflate', 'Accept': '*/*', 'Connection': 'keep-alive', 'Content-Type': 'application/json', 'Content-Length': '52'} 
 body=b'{"actorId": "nm0000102", "movieId": "afewgoodmenid"}' 
 </msg>
<msg timestamp="20230812 18:10:31.205" level="INFO">PUT Response : url=http://localhost:8080/api/v1/addRelationship 
 status=400, reason=Bad Request 
 headers={'Date': 'Sat, 12 Aug 2023 22:10:31 GMT', 'Content-length': '11'} 
 body=BAD REQUEST 
 </msg>
<msg timestamp="20230812 18:10:31.205" level="FAIL">Url: http://localhost:8080/api/v1/addRelationship Expected status: 400 != 200</msg>
<status status="FAIL" starttime="20230812 18:10:31.102" endtime="20230812 18:10:31.206"/>
</kw>
<timeout value="30 seconds"/>
<status status="FAIL" starttime="20230812 18:10:31.099" endtime="20230812 18:10:31.207">Url: http://localhost:8080/api/v1/addRelationship Expected status: 400 != 200</status>
</test>
<test id="s1-s1-s1-s1-s1-t6" name="addRelationshipFail" line="95">
<kw name="Create Dictionary" library="BuiltIn">
<var>${headers}</var>
<arg>Content-Type=application/json</arg>
<doc>Creates and returns a dictionary based on the given ``items``.</doc>
<msg timestamp="20230812 18:10:31.210" level="INFO">${headers} = {'Content-Type': 'application/json'}</msg>
<status status="PASS" starttime="20230812 18:10:31.210" endtime="20230812 18:10:31.210"/>
</kw>
<kw name="Create Dictionary" library="BuiltIn">
<var>${params}</var>
<arg>actorId=nm0000102</arg>
<arg>movieId=afewgoodmenid</arg>
<doc>Creates and returns a dictionary based on the given ``items``.</doc>
<msg timestamp="20230812 18:10:31.212" level="INFO">${params} = {'actorId': 'nm0000102', 'movieId': 'afewgoodmenid'}</msg>
<status status="PASS" starttime="20230812 18:10:31.212" endtime="20230812 18:10:31.212"/>
</kw>
<kw name="PUT On Session" library="RequestsLibrary">
<var>${resp}</var>
<arg>localhost</arg>
<arg>/api/v1/addRelationship</arg>
<arg>json=${params}</arg>
<arg>headers=${headers}</arg>
<arg>expected_status=400</arg>
<doc>Sends a PUT request on a previously created HTTP Session.</doc>
<msg timestamp="20230812 18:10:31.231" level="INFO">PUT Request : url=http://localhost:8080/api/v1/addRelationship 
 path_url=/api/v1/addRelationship 
 headers={'User-Agent': 'python-requests/2.31.0', 'Accept-Encoding': 'gzip, deflate', 'Accept': '*/*', 'Connection': 'keep-alive', 'Content-Type': 'application/json', 'Content-Length': '52'} 
 body=b'{"actorId": "nm0000102", "movieId": "afewgoodmenid"}' 
 </msg>
<msg timestamp="20230812 18:10:31.231" level="INFO">PUT Response : url=http://localhost:8080/api/v1/addRelationship 
 status=400, reason=Bad Request 
 headers={'Date': 'Sat, 12 Aug 2023 22:10:31 GMT', 'Content-length': '11'} 
 body=BAD REQUEST 
 </msg>
<msg timestamp="20230812 18:10:31.232" level="INFO">${resp} = &lt;Response [400]&gt;</msg>
<status status="PASS" starttime="20230812 18:10:31.212" endtime="20230812 18:10:31.232"/>
</kw>
<kw name="Create Dictionary" library="BuiltIn">
<var>${headers}</var>
<arg>Content-Type=application/json</arg>
<doc>Creates and returns a dictionary based on the given ``items``.</doc>
<msg timestamp="20230812 18:10:31.233" level="INFO">${headers} = {'Content-Type': 'application/json'}</msg>
<status status="PASS" starttime="20230812 18:10:31.232" endtime="20230812 18:10:31.233"/>
</kw>
<kw name="Create Dictionary" library="BuiltIn">
<var>${params}</var>
<arg>actorId=nm0000102</arg>
<arg>movieId=${null}</arg>
<doc>Creates and returns a dictionary based on the given ``items``.</doc>
<msg timestamp="20230812 18:10:31.235" level="INFO">${params} = {'actorId': 'nm0000102', 'movieId': None}</msg>
<status status="PASS" starttime="20230812 18:10:31.234" endtime="20230812 18:10:31.235"/>
</kw>
<kw name="PUT On Session" library="RequestsLibrary">
<var>${resp}</var>
<arg>localhost</arg>
<arg>/api/v1/addRelationship</arg>
<arg>json=${params}</arg>
<arg>headers=${headers}</arg>
<arg>expected_status=400</arg>
<doc>Sends a PUT request on a previously created HTTP Session.</doc>
<msg timestamp="20230812 18:10:31.241" level="INFO">PUT Request : url=http://localhost:8080/api/v1/addRelationship 
 path_url=/api/v1/addRelationship 
 headers={'User-Agent': 'python-requests/2.31.0', 'Accept-Encoding': 'gzip, deflate', 'Accept': '*/*', 'Connection': 'keep-alive', 'Content-Type': 'application/json', 'Content-Length': '41'} 
 body=b'{"actorId": "nm0000102", "movieId": null}' 
 </msg>
<msg timestamp="20230812 18:10:31.241" level="INFO">PUT Response : url=http://localhost:8080/api/v1/addRelationship 
 status=400, reason=Bad Request 
 headers={'Date': 'Sat, 12 Aug 2023 22:10:31 GMT', 'Content-length': '11'} 
 body=BAD REQUEST 
 </msg>
<msg timestamp="20230812 18:10:31.242" level="INFO">${resp} = &lt;Response [400]&gt;</msg>
<status status="PASS" starttime="20230812 18:10:31.235" endtime="20230812 18:10:31.242"/>
</kw>
<kw name="Create Dictionary" library="BuiltIn">
<var>${headers}</var>
<arg>Content-Type=application/json</arg>
<doc>Creates and returns a dictionary based on the given ``items``.</doc>
<msg timestamp="20230812 18:10:31.242" level="INFO">${headers} = {'Content-Type': 'application/json'}</msg>
<status status="PASS" starttime="20230812 18:10:31.242" endtime="20230812 18:10:31.242"/>
</kw>
<kw name="Create Dictionary" library="BuiltIn">
<var>${params}</var>
<arg>actorId=${null}</arg>
<arg>movieId=afewgoodmenid</arg>
<doc>Creates and returns a dictionary based on the given ``items``.</doc>
<msg timestamp="20230812 18:10:31.244" level="INFO">${params} = {'actorId': None, 'movieId': 'afewgoodmenid'}</msg>
<status status="PASS" starttime="20230812 18:10:31.244" endtime="20230812 18:10:31.244"/>
</kw>
<kw name="PUT On Session" library="RequestsLibrary">
<var>${resp}</var>
<arg>localhost</arg>
<arg>/api/v1/addRelationship</arg>
<arg>json=${params}</arg>
<arg>headers=${headers}</arg>
<arg>expected_status=400</arg>
<doc>Sends a PUT request on a previously created HTTP Session.</doc>
<msg timestamp="20230812 18:10:31.250" level="INFO">PUT Request : url=http://localhost:8080/api/v1/addRelationship 
 path_url=/api/v1/addRelationship 
 headers={'User-Agent': 'python-requests/2.31.0', 'Accept-Encoding': 'gzip, deflate', 'Accept': '*/*', 'Connection': 'keep-alive', 'Content-Type': 'application/json', 'Content-Length': '45'} 
 body=b'{"actorId": null, "movieId": "afewgoodmenid"}' 
 </msg>
<msg timestamp="20230812 18:10:31.251" level="INFO">PUT Response : url=http://localhost:8080/api/v1/addRelationship 
 status=400, reason=Bad Request 
 headers={'Date': 'Sat, 12 Aug 2023 22:10:31 GMT', 'Content-length': '11'} 
 body=BAD REQUEST 
 </msg>
<msg timestamp="20230812 18:10:31.251" level="INFO">${resp} = &lt;Response [400]&gt;</msg>
<status status="PASS" starttime="20230812 18:10:31.245" endtime="20230812 18:10:31.251"/>
</kw>
<kw name="Create Dictionary" library="BuiltIn">
<var>${headers}</var>
<arg>Content-Type=application/json</arg>
<doc>Creates and returns a dictionary based on the given ``items``.</doc>
<msg timestamp="20230812 18:10:31.252" level="INFO">${headers} = {'Content-Type': 'application/json'}</msg>
<status status="PASS" starttime="20230812 18:10:31.252" endtime="20230812 18:10:31.252"/>
</kw>
<kw name="Create Dictionary" library="BuiltIn">
<var>${params}</var>
<arg>actorId=nm0000102</arg>
<arg>movieId=nonexistentID</arg>
<doc>Creates and returns a dictionary based on the given ``items``.</doc>
<msg timestamp="20230812 18:10:31.253" level="INFO">${params} = {'actorId': 'nm0000102', 'movieId': 'nonexistentID'}</msg>
<status status="PASS" starttime="20230812 18:10:31.253" endtime="20230812 18:10:31.253"/>
</kw>
<kw name="PUT On Session" library="RequestsLibrary">
<var>${resp}</var>
<arg>localhost</arg>
<arg>/api/v1/addRelationship</arg>
<arg>json=${params}</arg>
<arg>headers=${headers}</arg>
<arg>expected_status=404</arg>
<doc>Sends a PUT request on a previously created HTTP Session.</doc>
<msg timestamp="20230812 18:10:31.264" level="INFO">PUT Request : url=http://localhost:8080/api/v1/addRelationship 
 path_url=/api/v1/addRelationship 
 headers={'User-Agent': 'python-requests/2.31.0', 'Accept-Encoding': 'gzip, deflate', 'Accept': '*/*', 'Connection': 'keep-alive', 'Content-Type': 'application/json', 'Content-Length': '52'} 
 body=b'{"actorId": "nm0000102", "movieId": "nonexistentID"}' 
 </msg>
<msg timestamp="20230812 18:10:31.264" level="INFO">PUT Response : url=http://localhost:8080/api/v1/addRelationship 
 status=404, reason=Not Found 
 headers={'Date': 'Sat, 12 Aug 2023 22:10:31 GMT', 'Content-length': '9'} 
 body=NOT FOUND 
 </msg>
<msg timestamp="20230812 18:10:31.265" level="INFO">${resp} = &lt;Response [404]&gt;</msg>
<status status="PASS" starttime="20230812 18:10:31.254" endtime="20230812 18:10:31.265"/>
</kw>
<kw name="Create Dictionary" library="BuiltIn">
<var>${headers}</var>
<arg>Content-Type=application/json</arg>
<doc>Creates and returns a dictionary based on the given ``items``.</doc>
<msg timestamp="20230812 18:10:31.266" level="INFO">${headers} = {'Content-Type': 'application/json'}</msg>
<status status="PASS" starttime="20230812 18:10:31.265" endtime="20230812 18:10:31.266"/>
</kw>
<kw name="Create Dictionary" library="BuiltIn">
<var>${params}</var>
<arg>actorId=nonexistingActorID</arg>
<arg>movieId=afewgoodmenid</arg>
<doc>Creates and returns a dictionary based on the given ``items``.</doc>
<msg timestamp="20230812 18:10:31.269" level="INFO">${params} = {'actorId': 'nonexistingActorID', 'movieId': 'afewgoodmenid'}</msg>
<status status="PASS" starttime="20230812 18:10:31.268" endtime="20230812 18:10:31.269"/>
</kw>
<kw name="PUT On Session" library="RequestsLibrary">
<var>${resp}</var>
<arg>localhost</arg>
<arg>/api/v1/addRelationship</arg>
<arg>json=${params}</arg>
<arg>headers=${headers}</arg>
<arg>expected_status=404</arg>
<doc>Sends a PUT request on a previously created HTTP Session.</doc>
<msg timestamp="20230812 18:10:31.286" level="INFO">PUT Request : url=http://localhost:8080/api/v1/addRelationship 
 path_url=/api/v1/addRelationship 
 headers={'User-Agent': 'python-requests/2.31.0', 'Accept-Encoding': 'gzip, deflate', 'Accept': '*/*', 'Connection': 'keep-alive', 'Content-Type': 'application/json', 'Content-Length': '61'} 
 body=b'{"actorId": "nonexistingActorID", "movieId": "afewgoodmenid"}' 
 </msg>
<msg timestamp="20230812 18:10:31.286" level="INFO">PUT Response : url=http://localhost:8080/api/v1/addRelationship 
 status=404, reason=Not Found 
 headers={'Date': 'Sat, 12 Aug 2023 22:10:31 GMT', 'Content-length': '9'} 
 body=NOT FOUND 
 </msg>
<msg timestamp="20230812 18:10:31.286" level="INFO">${resp} = &lt;Response [404]&gt;</msg>
<status status="PASS" starttime="20230812 18:10:31.269" endtime="20230812 18:10:31.286"/>
</kw>
<kw name="Create Dictionary" library="BuiltIn">
<var>${headers}</var>
<arg>Content-Type=application/json</arg>
<doc>Creates and returns a dictionary based on the given ``items``.</doc>
<msg timestamp="20230812 18:10:31.287" level="INFO">${headers} = {'Content-Type': 'application/json'}</msg>
<status status="PASS" starttime="20230812 18:10:31.287" endtime="20230812 18:10:31.287"/>
</kw>
<kw name="Create Dictionary" library="BuiltIn">
<var>${params}</var>
<arg>actorId=nm0000102</arg>
<arg>movieId=afewgoodmenid</arg>
<doc>Creates and returns a dictionary based on the given ``items``.</doc>
<msg timestamp="20230812 18:10:31.288" level="INFO">${params} = {'actorId': 'nm0000102', 'movieId': 'afewgoodmenid'}</msg>
<status status="PASS" starttime="20230812 18:10:31.288" endtime="20230812 18:10:31.288"/>
</kw>
<kw name="PUT On Session" library="RequestsLibrary">
<var>${resp}</var>
<arg>localhost</arg>
<arg>/api/v1/addRelationship</arg>
<arg>json=${params}</arg>
<arg>headers=${headers}</arg>
<arg>expected_status=400</arg>
<doc>Sends a PUT request on a previously created HTTP Session.</doc>
<msg timestamp="20230812 18:10:31.313" level="INFO">PUT Request : url=http://localhost:8080/api/v1/addRelationship 
 path_url=/api/v1/addRelationship 
 headers={'User-Agent': 'python-requests/2.31.0', 'Accept-Encoding': 'gzip, deflate', 'Accept': '*/*', 'Connection': 'keep-alive', 'Content-Type': 'application/json', 'Content-Length': '52'} 
 body=b'{"actorId": "nm0000102", "movieId": "afewgoodmenid"}' 
 </msg>
<msg timestamp="20230812 18:10:31.313" level="INFO">PUT Response : url=http://localhost:8080/api/v1/addRelationship 
 status=400, reason=Bad Request 
 headers={'Date': 'Sat, 12 Aug 2023 22:10:31 GMT', 'Content-length': '11'} 
 body=BAD REQUEST 
 </msg>
<msg timestamp="20230812 18:10:31.313" level="INFO">${resp} = &lt;Response [400]&gt;</msg>
<status status="PASS" starttime="20230812 18:10:31.289" endtime="20230812 18:10:31.313"/>
</kw>
<timeout value="30 seconds"/>
<status status="PASS" starttime="20230812 18:10:31.209" endtime="20230812 18:10:31.314"/>
</test>
<test id="s1-s1-s1-s1-s1-t7" name="getActorPass" line="126">
<kw name="Create Dictionary" library="BuiltIn">
<var>${headers}</var>
<arg>Content-Type=application/json</arg>
<doc>Creates and returns a dictionary based on the given ``items``.</doc>
<msg timestamp="20230812 18:10:31.319" level="INFO">${headers} = {'Content-Type': 'application/json'}</msg>
<status status="PASS" starttime="20230812 18:10:31.318" endtime="20230812 18:10:31.319"/>
</kw>
<kw name="Create Dictionary" library="BuiltIn">
<var>${params}</var>
<arg>actorId=nm0000102</arg>
<doc>Creates and returns a dictionary based on the given ``items``.</doc>
<msg timestamp="20230812 18:10:31.320" level="INFO">${params} = {'actorId': 'nm0000102'}</msg>
<status status="PASS" starttime="20230812 18:10:31.320" endtime="20230812 18:10:31.320"/>
</kw>
<kw name="GET On Session" library="RequestsLibrary">
<var>${resp}</var>
<arg>localhost</arg>
<arg>/api/v1/getActor</arg>
<arg>params=${params}</arg>
<arg>headers=${headers}</arg>
<arg>expected_status=200</arg>
<doc>Sends a GET request on a previously created HTTP Session.</doc>
<msg timestamp="20230812 18:10:31.420" level="INFO">GET Request : url=http://localhost:8080/api/v1/getActor?actorId=nm0000102 
 path_url=/api/v1/getActor?actorId=nm0000102 
 headers={'User-Agent': 'python-requests/2.31.0', 'Accept-Encoding': 'gzip, deflate', 'Accept': '*/*', 'Connection': 'keep-alive', 'Content-Type': 'application/json'} 
 body=None 
 </msg>
<msg timestamp="20230812 18:10:31.421" level="INFO">GET Response : url=http://localhost:8080/api/v1/getActor?actorId=nm0000102 
 status=200, reason=OK 
 headers={'Date': 'Sat, 12 Aug 2023 22:10:31 GMT', 'Content-length': '71'} 
 body={"actorId":"nm0000102","name":"Kevin Bacon","movies":["afewgoodmenid"]} 
 </msg>
<msg timestamp="20230812 18:10:31.421" level="INFO">${resp} = &lt;Response [200]&gt;</msg>
<status status="PASS" starttime="20230812 18:10:31.320" endtime="20230812 18:10:31.421"/>
</kw>
<kw name="Should Be Equal As Strings" library="BuiltIn">
<arg>${resp.json()['actorId']}</arg>
<arg>nm0000102</arg>
<doc>Fails if objects are unequal after converting them to strings.</doc>
<status status="PASS" starttime="20230812 18:10:31.423" endtime="20230812 18:10:31.425"/>
</kw>
<kw name="Should Be Equal As Strings" library="BuiltIn">
<arg>${resp.json()['name']}</arg>
<arg>Kavin Bacon</arg>
<doc>Fails if objects are unequal after converting them to strings.</doc>
<msg timestamp="20230812 18:10:31.427" level="FAIL">Kevin Bacon != Kavin Bacon</msg>
<status status="FAIL" starttime="20230812 18:10:31.426" endtime="20230812 18:10:31.427"/>
</kw>
<kw name="List Should Contain Value" library="Collections">
<arg>${resp.json()['movies']}</arg>
<arg>afewgoodmenid</arg>
<doc>Fails if the ``value`` is not found from ``list``.</doc>
<status status="NOT RUN" starttime="20230812 18:10:31.428" endtime="20230812 18:10:31.429"/>
</kw>
<timeout value="30 seconds"/>
<status status="FAIL" starttime="20230812 18:10:31.316" endtime="20230812 18:10:31.429">Kevin Bacon != Kavin Bacon</status>
</test>
<test id="s1-s1-s1-s1-s1-t8" name="getActorFail" line="135">
<kw name="Create Dictionary" library="BuiltIn">
<var>${headers}</var>
<arg>Content-Type=application/json</arg>
<doc>Creates and returns a dictionary based on the given ``items``.</doc>
<msg timestamp="20230812 18:10:31.433" level="INFO">${headers} = {'Content-Type': 'application/json'}</msg>
<status status="PASS" starttime="20230812 18:10:31.433" endtime="20230812 18:10:31.433"/>
</kw>
<kw name="Create Dictionary" library="BuiltIn">
<var>${params}</var>
<arg>Nonexistentparameter=nm0000102</arg>
<doc>Creates and returns a dictionary based on the given ``items``.</doc>
<msg timestamp="20230812 18:10:31.434" level="INFO">${params} = {'Nonexistentparameter': 'nm0000102'}</msg>
<status status="PASS" starttime="20230812 18:10:31.433" endtime="20230812 18:10:31.434"/>
</kw>
<kw name="GET On Session" library="RequestsLibrary">
<var>${resp}</var>
<arg>localhost</arg>
<arg>/api/v1/getActor</arg>
<arg>params=${params}</arg>
<arg>headers=${headers}</arg>
<arg>expected_status=400</arg>
<doc>Sends a GET request on a previously created HTTP Session.</doc>
<msg timestamp="20230812 18:10:31.440" level="INFO">GET Request : url=http://localhost:8080/api/v1/getActor?Nonexistentparameter=nm0000102 
 path_url=/api/v1/getActor?Nonexistentparameter=nm0000102 
 headers={'User-Agent': 'python-requests/2.31.0', 'Accept-Encoding': 'gzip, deflate', 'Accept': '*/*', 'Connection': 'keep-alive', 'Content-Type': 'application/json'} 
 body=None 
 </msg>
<msg timestamp="20230812 18:10:31.440" level="INFO">GET Response : url=http://localhost:8080/api/v1/getActor?Nonexistentparameter=nm0000102 
 status=400, reason=Bad Request 
 headers={'Date': 'Sat, 12 Aug 2023 22:10:31 GMT', 'Content-length': '11'} 
 body=BAD REQUEST 
 </msg>
<msg timestamp="20230812 18:10:31.441" level="INFO">${resp} = &lt;Response [400]&gt;</msg>
<status status="PASS" starttime="20230812 18:10:31.435" endtime="20230812 18:10:31.441"/>
</kw>
<kw name="Create Dictionary" library="BuiltIn">
<var>${headers}</var>
<arg>Content-Type=application/json</arg>
<doc>Creates and returns a dictionary based on the given ``items``.</doc>
<msg timestamp="20230812 18:10:31.442" level="INFO">${headers} = {'Content-Type': 'application/json'}</msg>
<status status="PASS" starttime="20230812 18:10:31.442" endtime="20230812 18:10:31.442"/>
</kw>
<kw name="Create Dictionary" library="BuiltIn">
<var>${params}</var>
<arg>actorId=${null}</arg>
<doc>Creates and returns a dictionary based on the given ``items``.</doc>
<msg timestamp="20230812 18:10:31.444" level="INFO">${params} = {'actorId': None}</msg>
<status status="PASS" starttime="20230812 18:10:31.443" endtime="20230812 18:10:31.444"/>
</kw>
<kw name="GET On Session" library="RequestsLibrary">
<var>${resp}</var>
<arg>localhost</arg>
<arg>/api/v1/getActor</arg>
<arg>params=${params}</arg>
<arg>headers=${headers}</arg>
<arg>expected_status=400</arg>
<doc>Sends a GET request on a previously created HTTP Session.</doc>
<msg timestamp="20230812 18:10:31.450" level="INFO">GET Request : url=http://localhost:8080/api/v1/getActor 
 path_url=/api/v1/getActor 
 headers={'User-Agent': 'python-requests/2.31.0', 'Accept-Encoding': 'gzip, deflate', 'Accept': '*/*', 'Connection': 'keep-alive', 'Content-Type': 'application/json'} 
 body=None 
 </msg>
<msg timestamp="20230812 18:10:31.450" level="INFO">GET Response : url=http://localhost:8080/api/v1/getActor 
 status=400, reason=Bad Request 
 headers={'Date': 'Sat, 12 Aug 2023 22:10:31 GMT', 'Content-length': '11'} 
 body=BAD REQUEST 
 </msg>
<msg timestamp="20230812 18:10:31.450" level="INFO">${resp} = &lt;Response [400]&gt;</msg>
<status status="PASS" starttime="20230812 18:10:31.444" endtime="20230812 18:10:31.450"/>
</kw>
<kw name="Create Dictionary" library="BuiltIn">
<var>${headers}</var>
<arg>Content-Type=application/json</arg>
<doc>Creates and returns a dictionary based on the given ``items``.</doc>
<msg timestamp="20230812 18:10:31.452" level="INFO">${headers} = {'Content-Type': 'application/json'}</msg>
<status status="PASS" starttime="20230812 18:10:31.451" endtime="20230812 18:10:31.452"/>
</kw>
<kw name="Create Dictionary" library="BuiltIn">
<var>${params}</var>
<arg>actorId=nonexistentId</arg>
<doc>Creates and returns a dictionary based on the given ``items``.</doc>
<msg timestamp="20230812 18:10:31.453" level="INFO">${params} = {'actorId': 'nonexistentId'}</msg>
<status status="PASS" starttime="20230812 18:10:31.452" endtime="20230812 18:10:31.453"/>
</kw>
<kw name="GET On Session" library="RequestsLibrary">
<var>${resp}</var>
<arg>localhost</arg>
<arg>/api/v1/getActor</arg>
<arg>params=${params}</arg>
<arg>headers=${headers}</arg>
<arg>expected_status=404</arg>
<doc>Sends a GET request on a previously created HTTP Session.</doc>
<msg timestamp="20230812 18:10:31.463" level="INFO">GET Request : url=http://localhost:8080/api/v1/getActor?actorId=nonexistentId 
 path_url=/api/v1/getActor?actorId=nonexistentId 
 headers={'User-Agent': 'python-requests/2.31.0', 'Accept-Encoding': 'gzip, deflate', 'Accept': '*/*', 'Connection': 'keep-alive', 'Content-Type': 'application/json'} 
 body=None 
 </msg>
<msg timestamp="20230812 18:10:31.463" level="INFO">GET Response : url=http://localhost:8080/api/v1/getActor?actorId=nonexistentId 
 status=404, reason=Not Found 
 headers={'Date': 'Sat, 12 Aug 2023 22:10:31 GMT', 'Content-length': '9'} 
 body=NOT FOUND 
 </msg>
<msg timestamp="20230812 18:10:31.464" level="INFO">${resp} = &lt;Response [404]&gt;</msg>
<status status="PASS" starttime="20230812 18:10:31.454" endtime="20230812 18:10:31.464"/>
</kw>
<timeout value="30 seconds"/>
<status status="PASS" starttime="20230812 18:10:31.432" endtime="20230812 18:10:31.465"/>
</test>
<test id="s1-s1-s1-s1-s1-t9" name="getMoviePass" line="152">
<kw name="Create Dictionary" library="BuiltIn">
<var>${headers}</var>
<arg>Content-Type=application/json</arg>
<doc>Creates and returns a dictionary based on the given ``items``.</doc>
<msg timestamp="20230812 18:10:31.468" level="INFO">${headers} = {'Content-Type': 'application/json'}</msg>
<status status="PASS" starttime="20230812 18:10:31.468" endtime="20230812 18:10:31.468"/>
</kw>
<kw name="Create Dictionary" library="BuiltIn">
<var>${params}</var>
<arg>movieId=afewgoodmenid</arg>
<doc>Creates and returns a dictionary based on the given ``items``.</doc>
<msg timestamp="20230812 18:10:31.470" level="INFO">${params} = {'movieId': 'afewgoodmenid'}</msg>
<status status="PASS" starttime="20230812 18:10:31.469" endtime="20230812 18:10:31.470"/>
</kw>
<kw name="GET On Session" library="RequestsLibrary">
<var>${resp}</var>
<arg>localhost</arg>
<arg>/api/v1/getMovie</arg>
<arg>params=${params}</arg>
<arg>headers=${headers}</arg>
<arg>expected_status=200</arg>
<doc>Sends a GET request on a previously created HTTP Session.</doc>
<msg timestamp="20230812 18:10:31.573" level="INFO">GET Request : url=http://localhost:8080/api/v1/getMovie?movieId=afewgoodmenid 
 path_url=/api/v1/getMovie?movieId=afewgoodmenid 
 headers={'User-Agent': 'python-requests/2.31.0', 'Accept-Encoding': 'gzip, deflate', 'Accept': '*/*', 'Connection': 'keep-alive', 'Content-Type': 'application/json'} 
 body=None 
 </msg>
<msg timestamp="20230812 18:10:31.574" level="INFO">GET Response : url=http://localhost:8080/api/v1/getMovie?movieId=afewgoodmenid 
 status=200, reason=OK 
 headers={'Date': 'Sat, 12 Aug 2023 22:10:31 GMT', 'Content-length': '90'} 
 body={"movieId":"afewgoodmenid","name":"A Few Good Men","actors":["angelinajolie","nm0000102"]} 
 </msg>
<msg timestamp="20230812 18:10:31.574" level="INFO">${resp} = &lt;Response [200]&gt;</msg>
<status status="PASS" starttime="20230812 18:10:31.471" endtime="20230812 18:10:31.574"/>
</kw>
<kw name="Should Be Equal As Strings" library="BuiltIn">
<arg>${resp.json()['movieId']}</arg>
<arg>afewgoodmenid</arg>
<doc>Fails if objects are unequal after converting them to strings.</doc>
<status status="PASS" starttime="20230812 18:10:31.575" endtime="20230812 18:10:31.580"/>
</kw>
<kw name="Should Be Equal As Strings" library="BuiltIn">
<arg>${resp.json()['name']}</arg>
<arg>A Few Good Men</arg>
<doc>Fails if objects are unequal after converting them to strings.</doc>
<status status="PASS" starttime="20230812 18:10:31.581" endtime="20230812 18:10:31.583"/>
</kw>
<kw name="List Should Contain Value" library="Collections">
<arg>${resp.json()['actors']}</arg>
<arg>nm0000102</arg>
<doc>Fails if the ``value`` is not found from ``list``.</doc>
<status status="PASS" starttime="20230812 18:10:31.584" endtime="20230812 18:10:31.586"/>
</kw>
<timeout value="30 seconds"/>
<status status="PASS" starttime="20230812 18:10:31.467" endtime="20230812 18:10:31.586"/>
</test>
<test id="s1-s1-s1-s1-s1-t10" name="getMovieFail" line="161">
<kw name="Create Dictionary" library="BuiltIn">
<var>${headers}</var>
<arg>Content-Type=application/json</arg>
<doc>Creates and returns a dictionary based on the given ``items``.</doc>
<msg timestamp="20230812 18:10:31.590" level="INFO">${headers} = {'Content-Type': 'application/json'}</msg>
<status status="PASS" starttime="20230812 18:10:31.590" endtime="20230812 18:10:31.590"/>
</kw>
<kw name="Create Dictionary" library="BuiltIn">
<var>${params}</var>
<arg>NotARealParameter=afewgoodmenid</arg>
<doc>Creates and returns a dictionary based on the given ``items``.</doc>
<msg timestamp="20230812 18:10:31.591" level="INFO">${params} = {'NotARealParameter': 'afewgoodmenid'}</msg>
<status status="PASS" starttime="20230812 18:10:31.591" endtime="20230812 18:10:31.591"/>
</kw>
<kw name="GET On Session" library="RequestsLibrary">
<var>${resp}</var>
<arg>localhost</arg>
<arg>/api/v1/getMovie</arg>
<arg>params=${params}</arg>
<arg>headers=${headers}</arg>
<arg>expected_status=400</arg>
<doc>Sends a GET request on a previously created HTTP Session.</doc>
<msg timestamp="20230812 18:10:31.597" level="INFO">GET Request : url=http://localhost:8080/api/v1/getMovie?NotARealParameter=afewgoodmenid 
 path_url=/api/v1/getMovie?NotARealParameter=afewgoodmenid 
 headers={'User-Agent': 'python-requests/2.31.0', 'Accept-Encoding': 'gzip, deflate', 'Accept': '*/*', 'Connection': 'keep-alive', 'Content-Type': 'application/json'} 
 body=None 
 </msg>
<msg timestamp="20230812 18:10:31.598" level="INFO">GET Response : url=http://localhost:8080/api/v1/getMovie?NotARealParameter=afewgoodmenid 
 status=400, reason=Bad Request 
 headers={'Date': 'Sat, 12 Aug 2023 22:10:31 GMT', 'Content-length': '11'} 
 body=BAD REQUEST 
 </msg>
<msg timestamp="20230812 18:10:31.598" level="INFO">${resp} = &lt;Response [400]&gt;</msg>
<status status="PASS" starttime="20230812 18:10:31.592" endtime="20230812 18:10:31.598"/>
</kw>
<kw name="Create Dictionary" library="BuiltIn">
<var>${headers}</var>
<arg>Content-Type=application/json</arg>
<doc>Creates and returns a dictionary based on the given ``items``.</doc>
<msg timestamp="20230812 18:10:31.599" level="INFO">${headers} = {'Content-Type': 'application/json'}</msg>
<status status="PASS" starttime="20230812 18:10:31.599" endtime="20230812 18:10:31.599"/>
</kw>
<kw name="Create Dictionary" library="BuiltIn">
<var>${params}</var>
<arg>movieId=${null}</arg>
<doc>Creates and returns a dictionary based on the given ``items``.</doc>
<msg timestamp="20230812 18:10:31.601" level="INFO">${params} = {'movieId': None}</msg>
<status status="PASS" starttime="20230812 18:10:31.600" endtime="20230812 18:10:31.601"/>
</kw>
<kw name="GET On Session" library="RequestsLibrary">
<var>${resp}</var>
<arg>localhost</arg>
<arg>/api/v1/getMovie</arg>
<arg>params=${params}</arg>
<arg>headers=${headers}</arg>
<arg>expected_status=400</arg>
<doc>Sends a GET request on a previously created HTTP Session.</doc>
<msg timestamp="20230812 18:10:31.606" level="INFO">GET Request : url=http://localhost:8080/api/v1/getMovie 
 path_url=/api/v1/getMovie 
 headers={'User-Agent': 'python-requests/2.31.0', 'Accept-Encoding': 'gzip, deflate', 'Accept': '*/*', 'Connection': 'keep-alive', 'Content-Type': 'application/json'} 
 body=None 
 </msg>
<msg timestamp="20230812 18:10:31.607" level="INFO">GET Response : url=http://localhost:8080/api/v1/getMovie 
 status=400, reason=Bad Request 
 headers={'Date': 'Sat, 12 Aug 2023 22:10:31 GMT', 'Content-length': '11'} 
 body=BAD REQUEST 
 </msg>
<msg timestamp="20230812 18:10:31.607" level="INFO">${resp} = &lt;Response [400]&gt;</msg>
<status status="PASS" starttime="20230812 18:10:31.601" endtime="20230812 18:10:31.607"/>
</kw>
<kw name="Create Dictionary" library="BuiltIn">
<var>${headers}</var>
<arg>Content-Type=application/json</arg>
<doc>Creates and returns a dictionary based on the given ``items``.</doc>
<msg timestamp="20230812 18:10:31.608" level="INFO">${headers} = {'Content-Type': 'application/json'}</msg>
<status status="PASS" starttime="20230812 18:10:31.608" endtime="20230812 18:10:31.609"/>
</kw>
<kw name="Create Dictionary" library="BuiltIn">
<var>${params}</var>
<arg>movieId=NotARealMovieID</arg>
<doc>Creates and returns a dictionary based on the given ``items``.</doc>
<msg timestamp="20230812 18:10:31.610" level="INFO">${params} = {'movieId': 'NotARealMovieID'}</msg>
<status status="PASS" starttime="20230812 18:10:31.609" endtime="20230812 18:10:31.610"/>
</kw>
<kw name="GET On Session" library="RequestsLibrary">
<var>${resp}</var>
<arg>localhost</arg>
<arg>/api/v1/getMovie</arg>
<arg>params=${params}</arg>
<arg>headers=${headers}</arg>
<arg>expected_status=404</arg>
<doc>Sends a GET request on a previously created HTTP Session.</doc>
<msg timestamp="20230812 18:10:31.623" level="INFO">GET Request : url=http://localhost:8080/api/v1/getMovie?movieId=NotARealMovieID 
 path_url=/api/v1/getMovie?movieId=NotARealMovieID 
 headers={'User-Agent': 'python-requests/2.31.0', 'Accept-Encoding': 'gzip, deflate', 'Accept': '*/*', 'Connection': 'keep-alive', 'Content-Type': 'application/json'} 
 body=None 
 </msg>
<msg timestamp="20230812 18:10:31.623" level="INFO">GET Response : url=http://localhost:8080/api/v1/getMovie?movieId=NotARealMovieID 
 status=404, reason=Not Found 
 headers={'Date': 'Sat, 12 Aug 2023 22:10:31 GMT', 'Content-length': '9'} 
 body=NOT FOUND 
 </msg>
<msg timestamp="20230812 18:10:31.623" level="INFO">${resp} = &lt;Response [404]&gt;</msg>
<status status="PASS" starttime="20230812 18:10:31.611" endtime="20230812 18:10:31.623"/>
</kw>
<timeout value="30 seconds"/>
<status status="PASS" starttime="20230812 18:10:31.589" endtime="20230812 18:10:31.624"/>
</test>
<test id="s1-s1-s1-s1-s1-t11" name="getRelationshipPass" line="179">
<kw name="Create Dictionary" library="BuiltIn">
<var>${headers}</var>
<arg>Content-Type=application/json</arg>
<doc>Creates and returns a dictionary based on the given ``items``.</doc>
<msg timestamp="20230812 18:10:31.627" level="INFO">${headers} = {'Content-Type': 'application/json'}</msg>
<status status="PASS" starttime="20230812 18:10:31.627" endtime="20230812 18:10:31.627"/>
</kw>
<kw name="Create Dictionary" library="BuiltIn">
<var>${params}</var>
<arg>movieId=afewgoodmenid</arg>
<arg>actorId=nm0000102</arg>
<doc>Creates and returns a dictionary based on the given ``items``.</doc>
<msg timestamp="20230812 18:10:31.628" level="INFO">${params} = {'movieId': 'afewgoodmenid', 'actorId': 'nm0000102'}</msg>
<status status="PASS" starttime="20230812 18:10:31.628" endtime="20230812 18:10:31.628"/>
</kw>
<kw name="GET On Session" library="RequestsLibrary">
<var>${resp}</var>
<arg>localhost</arg>
<arg>/api/v1/hasRelationship</arg>
<arg>params=${params}</arg>
<arg>headers=${headers}</arg>
<arg>expected_status=200</arg>
<doc>Sends a GET request on a previously created HTTP Session.</doc>
<msg timestamp="20230812 18:10:31.775" level="INFO">GET Request : url=http://localhost:8080/api/v1/hasRelationship?movieId=afewgoodmenid&amp;actorId=nm0000102 
 path_url=/api/v1/hasRelationship?movieId=afewgoodmenid&amp;actorId=nm0000102 
 headers={'User-Agent': 'python-requests/2.31.0', 'Accept-Encoding': 'gzip, deflate', 'Accept': '*/*', 'Connection': 'keep-alive', 'Content-Type': 'application/json'} 
 body=None 
 </msg>
<msg timestamp="20230812 18:10:31.776" level="INFO">GET Response : url=http://localhost:8080/api/v1/hasRelationship?movieId=afewgoodmenid&amp;actorId=nm0000102 
 status=200, reason=OK 
 headers={'Date': 'Sat, 12 Aug 2023 22:10:31 GMT', 'Content-length': '72'} 
 body={"actorId":"nm0000102","movieId":"afewgoodmenid","hasRelationship":true} 
 </msg>
<msg timestamp="20230812 18:10:31.776" level="INFO">${resp} = &lt;Response [200]&gt;</msg>
<status status="PASS" starttime="20230812 18:10:31.629" endtime="20230812 18:10:31.776"/>
</kw>
<kw name="Should Be Equal As Strings" library="BuiltIn">
<arg>${resp.json()['movieId']}</arg>
<arg>afewgoodmenid</arg>
<doc>Fails if objects are unequal after converting them to strings.</doc>
<status status="PASS" starttime="20230812 18:10:31.777" endtime="20230812 18:10:31.778"/>
</kw>
<kw name="Should Be Equal As Strings" library="BuiltIn">
<arg>${resp.json()['actorId']}</arg>
<arg>nm0000102</arg>
<doc>Fails if objects are unequal after converting them to strings.</doc>
<status status="PASS" starttime="20230812 18:10:31.779" endtime="20230812 18:10:31.780"/>
</kw>
<kw name="Should Be True" library="BuiltIn">
<arg>${resp.json()['hasRelationship']}</arg>
<doc>Fails if the given condition is not true.</doc>
<status status="PASS" starttime="20230812 18:10:31.781" endtime="20230812 18:10:31.783"/>
</kw>
<timeout value="30 seconds"/>
<status status="PASS" starttime="20230812 18:10:31.626" endtime="20230812 18:10:31.784"/>
</test>
<test id="s1-s1-s1-s1-s1-t12" name="getRelationshipFail1" line="188">
<kw name="Create Dictionary" library="BuiltIn">
<var>${headers}</var>
<arg>Content-Type=application/json</arg>
<doc>Creates and returns a dictionary based on the given ``items``.</doc>
<msg timestamp="20230812 18:10:31.787" level="INFO">${headers} = {'Content-Type': 'application/json'}</msg>
<status status="PASS" starttime="20230812 18:10:31.787" endtime="20230812 18:10:31.787"/>
</kw>
<kw name="Create Dictionary" library="BuiltIn">
<var>${params}</var>
<arg>Nonexistentparameter=afewgoodmenid</arg>
<arg>actorId=nm0000102</arg>
<doc>Creates and returns a dictionary based on the given ``items``.</doc>
<msg timestamp="20230812 18:10:31.788" level="INFO">${params} = {'Nonexistentparameter': 'afewgoodmenid', 'actorId': 'nm0000102'}</msg>
<status status="PASS" starttime="20230812 18:10:31.788" endtime="20230812 18:10:31.788"/>
</kw>
<kw name="GET On Session" library="RequestsLibrary">
<var>${resp}</var>
<arg>localhost</arg>
<arg>/api/v1/hasRelationship</arg>
<arg>params=${params}</arg>
<arg>headers=${headers}</arg>
<arg>expected_status=400</arg>
<doc>Sends a GET request on a previously created HTTP Session.</doc>
<msg timestamp="20230812 18:10:31.794" level="INFO">GET Request : url=http://localhost:8080/api/v1/hasRelationship?Nonexistentparameter=afewgoodmenid&amp;actorId=nm0000102 
 path_url=/api/v1/hasRelationship?Nonexistentparameter=afewgoodmenid&amp;actorId=nm0000102 
 headers={'User-Agent': 'python-requests/2.31.0', 'Accept-Encoding': 'gzip, deflate', 'Accept': '*/*', 'Connection': 'keep-alive', 'Content-Type': 'application/json'} 
 body=None 
 </msg>
<msg timestamp="20230812 18:10:31.794" level="INFO">GET Response : url=http://localhost:8080/api/v1/hasRelationship?Nonexistentparameter=afewgoodmenid&amp;actorId=nm0000102 
 status=400, reason=Bad Request 
 headers={'Date': 'Sat, 12 Aug 2023 22:10:31 GMT', 'Content-length': '11'} 
 body=BAD REQUEST 
 </msg>
<msg timestamp="20230812 18:10:31.794" level="INFO">${resp} = &lt;Response [400]&gt;</msg>
<status status="PASS" starttime="20230812 18:10:31.790" endtime="20230812 18:10:31.796"/>
</kw>
<timeout value="30 seconds"/>
<status status="PASS" starttime="20230812 18:10:31.786" endtime="20230812 18:10:31.796"/>
</test>
<test id="s1-s1-s1-s1-s1-t13" name="getRelationshipFail2" line="194">
<kw name="Create Dictionary" library="BuiltIn">
<var>${headers}</var>
<arg>Content-Type=application/json</arg>
<doc>Creates and returns a dictionary based on the given ``items``.</doc>
<msg timestamp="20230812 18:10:31.799" level="INFO">${headers} = {'Content-Type': 'application/json'}</msg>
<status status="PASS" starttime="20230812 18:10:31.799" endtime="20230812 18:10:31.799"/>
</kw>
<kw name="Create Dictionary" library="BuiltIn">
<var>${params}</var>
<arg>movieId=afewgoodmenid</arg>
<arg>Nonexistentparameter=nm0000102</arg>
<doc>Creates and returns a dictionary based on the given ``items``.</doc>
<msg timestamp="20230812 18:10:31.801" level="INFO">${params} = {'movieId': 'afewgoodmenid', 'Nonexistentparameter': 'nm0000102'}</msg>
<status status="PASS" starttime="20230812 18:10:31.800" endtime="20230812 18:10:31.801"/>
</kw>
<kw name="GET On Session" library="RequestsLibrary">
<var>${resp}</var>
<arg>localhost</arg>
<arg>/api/v1/hasRelationship</arg>
<arg>params=${params}</arg>
<arg>headers=${headers}</arg>
<arg>expected_status=400</arg>
<doc>Sends a GET request on a previously created HTTP Session.</doc>
<msg timestamp="20230812 18:10:31.808" level="INFO">GET Request : url=http://localhost:8080/api/v1/hasRelationship?movieId=afewgoodmenid&amp;Nonexistentparameter=nm0000102 
 path_url=/api/v1/hasRelationship?movieId=afewgoodmenid&amp;Nonexistentparameter=nm0000102 
 headers={'User-Agent': 'python-requests/2.31.0', 'Accept-Encoding': 'gzip, deflate', 'Accept': '*/*', 'Connection': 'keep-alive', 'Content-Type': 'application/json'} 
 body=None 
 </msg>
<msg timestamp="20230812 18:10:31.808" level="INFO">GET Response : url=http://localhost:8080/api/v1/hasRelationship?movieId=afewgoodmenid&amp;Nonexistentparameter=nm0000102 
 status=400, reason=Bad Request 
 headers={'Date': 'Sat, 12 Aug 2023 22:10:31 GMT', 'Content-length': '11'} 
 body=BAD REQUEST 
 </msg>
<msg timestamp="20230812 18:10:31.808" level="INFO">${resp} = &lt;Response [400]&gt;</msg>
<status status="PASS" starttime="20230812 18:10:31.801" endtime="20230812 18:10:31.808"/>
</kw>
<timeout value="30 seconds"/>
<status status="PASS" starttime="20230812 18:10:31.798" endtime="20230812 18:10:31.809"/>
</test>
<test id="s1-s1-s1-s1-s1-t14" name="getRelationshipFail3" line="200">
<kw name="Create Dictionary" library="BuiltIn">
<var>${headers}</var>
<arg>Content-Type=application/json</arg>
<doc>Creates and returns a dictionary based on the given ``items``.</doc>
<msg timestamp="20230812 18:10:31.813" level="INFO">${headers} = {'Content-Type': 'application/json'}</msg>
<status status="PASS" starttime="20230812 18:10:31.812" endtime="20230812 18:10:31.813"/>
</kw>
<kw name="Create Dictionary" library="BuiltIn">
<var>${params}</var>
<arg>movieId=${null}</arg>
<arg>actorId=nm0000102</arg>
<doc>Creates and returns a dictionary based on the given ``items``.</doc>
<msg timestamp="20230812 18:10:31.814" level="INFO">${params} = {'movieId': None, 'actorId': 'nm0000102'}</msg>
<status status="PASS" starttime="20230812 18:10:31.813" endtime="20230812 18:10:31.814"/>
</kw>
<kw name="GET On Session" library="RequestsLibrary">
<var>${resp}</var>
<arg>localhost</arg>
<arg>/api/v1/hasRelationship</arg>
<arg>params=${params}</arg>
<arg>headers=${headers}</arg>
<arg>expected_status=400</arg>
<doc>Sends a GET request on a previously created HTTP Session.</doc>
<msg timestamp="20230812 18:10:31.821" level="INFO">GET Request : url=http://localhost:8080/api/v1/hasRelationship?actorId=nm0000102 
 path_url=/api/v1/hasRelationship?actorId=nm0000102 
 headers={'User-Agent': 'python-requests/2.31.0', 'Accept-Encoding': 'gzip, deflate', 'Accept': '*/*', 'Connection': 'keep-alive', 'Content-Type': 'application/json'} 
 body=None 
 </msg>
<msg timestamp="20230812 18:10:31.821" level="INFO">GET Response : url=http://localhost:8080/api/v1/hasRelationship?actorId=nm0000102 
 status=400, reason=Bad Request 
 headers={'Date': 'Sat, 12 Aug 2023 22:10:31 GMT', 'Content-length': '11'} 
 body=BAD REQUEST 
 </msg>
<msg timestamp="20230812 18:10:31.821" level="INFO">${resp} = &lt;Response [400]&gt;</msg>
<status status="PASS" starttime="20230812 18:10:31.815" endtime="20230812 18:10:31.821"/>
</kw>
<timeout value="30 seconds"/>
<status status="PASS" starttime="20230812 18:10:31.812" endtime="20230812 18:10:31.822"/>
</test>
<test id="s1-s1-s1-s1-s1-t15" name="getRelationshipFail4" line="206">
<kw name="Create Dictionary" library="BuiltIn">
<var>${headers}</var>
<arg>Content-Type=application/json</arg>
<doc>Creates and returns a dictionary based on the given ``items``.</doc>
<msg timestamp="20230812 18:10:31.825" level="INFO">${headers} = {'Content-Type': 'application/json'}</msg>
<status status="PASS" starttime="20230812 18:10:31.824" endtime="20230812 18:10:31.825"/>
</kw>
<kw name="Create Dictionary" library="BuiltIn">
<var>${params}</var>
<arg>movieId=afewgoodmenid</arg>
<arg>actorId=${null}</arg>
<doc>Creates and returns a dictionary based on the given ``items``.</doc>
<msg timestamp="20230812 18:10:31.826" level="INFO">${params} = {'movieId': 'afewgoodmenid', 'actorId': None}</msg>
<status status="PASS" starttime="20230812 18:10:31.826" endtime="20230812 18:10:31.826"/>
</kw>
<kw name="GET On Session" library="RequestsLibrary">
<var>${resp}</var>
<arg>localhost</arg>
<arg>/api/v1/hasRelationship</arg>
<arg>params=${params}</arg>
<arg>headers=${headers}</arg>
<arg>expected_status=400</arg>
<doc>Sends a GET request on a previously created HTTP Session.</doc>
<msg timestamp="20230812 18:10:31.835" level="INFO">GET Request : url=http://localhost:8080/api/v1/hasRelationship?movieId=afewgoodmenid 
 path_url=/api/v1/hasRelationship?movieId=afewgoodmenid 
 headers={'User-Agent': 'python-requests/2.31.0', 'Accept-Encoding': 'gzip, deflate', 'Accept': '*/*', 'Connection': 'keep-alive', 'Content-Type': 'application/json'} 
 body=None 
 </msg>
<msg timestamp="20230812 18:10:31.835" level="INFO">GET Response : url=http://localhost:8080/api/v1/hasRelationship?movieId=afewgoodmenid 
 status=400, reason=Bad Request 
 headers={'Date': 'Sat, 12 Aug 2023 22:10:31 GMT', 'Content-length': '11'} 
 body=BAD REQUEST 
 </msg>
<msg timestamp="20230812 18:10:31.835" level="INFO">${resp} = &lt;Response [400]&gt;</msg>
<status status="PASS" starttime="20230812 18:10:31.826" endtime="20230812 18:10:31.835"/>
</kw>
<timeout value="30 seconds"/>
<status status="PASS" starttime="20230812 18:10:31.824" endtime="20230812 18:10:31.836"/>
</test>
<test id="s1-s1-s1-s1-s1-t16" name="getRelationshipFail5" line="212">
<kw name="Create Dictionary" library="BuiltIn">
<var>${headers}</var>
<arg>Content-Type=application/json</arg>
<doc>Creates and returns a dictionary based on the given ``items``.</doc>
<msg timestamp="20230812 18:10:31.840" level="INFO">${headers} = {'Content-Type': 'application/json'}</msg>
<status status="PASS" starttime="20230812 18:10:31.839" endtime="20230812 18:10:31.840"/>
</kw>
<kw name="Create Dictionary" library="BuiltIn">
<var>${params}</var>
<arg>movieId=nonexistentId</arg>
<arg>actorId=nm0000102</arg>
<doc>Creates and returns a dictionary based on the given ``items``.</doc>
<msg timestamp="20230812 18:10:31.841" level="INFO">${params} = {'movieId': 'nonexistentId', 'actorId': 'nm0000102'}</msg>
<status status="PASS" starttime="20230812 18:10:31.841" endtime="20230812 18:10:31.841"/>
</kw>
<kw name="GET On Session" library="RequestsLibrary">
<var>${resp}</var>
<arg>localhost</arg>
<arg>/api/v1/hasRelationship</arg>
<arg>params=${params}</arg>
<arg>headers=${headers}</arg>
<arg>expected_status=404</arg>
<doc>Sends a GET request on a previously created HTTP Session.</doc>
<msg timestamp="20230812 18:10:31.854" level="INFO">GET Request : url=http://localhost:8080/api/v1/hasRelationship?movieId=nonexistentId&amp;actorId=nm0000102 
 path_url=/api/v1/hasRelationship?movieId=nonexistentId&amp;actorId=nm0000102 
 headers={'User-Agent': 'python-requests/2.31.0', 'Accept-Encoding': 'gzip, deflate', 'Accept': '*/*', 'Connection': 'keep-alive', 'Content-Type': 'application/json'} 
 body=None 
 </msg>
<msg timestamp="20230812 18:10:31.855" level="INFO">GET Response : url=http://localhost:8080/api/v1/hasRelationship?movieId=nonexistentId&amp;actorId=nm0000102 
 status=404, reason=Not Found 
 headers={'Date': 'Sat, 12 Aug 2023 22:10:31 GMT', 'Content-length': '9'} 
 body=NOT FOUND 
 </msg>
<msg timestamp="20230812 18:10:31.855" level="INFO">${resp} = &lt;Response [404]&gt;</msg>
<status status="PASS" starttime="20230812 18:10:31.842" endtime="20230812 18:10:31.855"/>
</kw>
<timeout value="30 seconds"/>
<status status="PASS" starttime="20230812 18:10:31.837" endtime="20230812 18:10:31.856"/>
</test>
<test id="s1-s1-s1-s1-s1-t17" name="getRelationshipFail6" line="217">
<kw name="Create Dictionary" library="BuiltIn">
<var>${headers}</var>
<arg>Content-Type=application/json</arg>
<doc>Creates and returns a dictionary based on the given ``items``.</doc>
<msg timestamp="20230812 18:10:31.859" level="INFO">${headers} = {'Content-Type': 'application/json'}</msg>
<status status="PASS" starttime="20230812 18:10:31.859" endtime="20230812 18:10:31.859"/>
</kw>
<kw name="Create Dictionary" library="BuiltIn">
<var>${params}</var>
<arg>movieId=afewgoodmenid</arg>
<arg>actorId=nonexistentId</arg>
<doc>Creates and returns a dictionary based on the given ``items``.</doc>
<msg timestamp="20230812 18:10:31.860" level="INFO">${params} = {'movieId': 'afewgoodmenid', 'actorId': 'nonexistentId'}</msg>
<status status="PASS" starttime="20230812 18:10:31.860" endtime="20230812 18:10:31.860"/>
</kw>
<kw name="GET On Session" library="RequestsLibrary">
<var>${resp}</var>
<arg>localhost</arg>
<arg>/api/v1/hasRelationship</arg>
<arg>params=${params}</arg>
<arg>headers=${headers}</arg>
<arg>expected_status=404</arg>
<doc>Sends a GET request on a previously created HTTP Session.</doc>
<msg timestamp="20230812 18:10:31.875" level="INFO">GET Request : url=http://localhost:8080/api/v1/hasRelationship?movieId=afewgoodmenid&amp;actorId=nonexistentId 
 path_url=/api/v1/hasRelationship?movieId=afewgoodmenid&amp;actorId=nonexistentId 
 headers={'User-Agent': 'python-requests/2.31.0', 'Accept-Encoding': 'gzip, deflate', 'Accept': '*/*', 'Connection': 'keep-alive', 'Content-Type': 'application/json'} 
 body=None 
 </msg>
<msg timestamp="20230812 18:10:31.875" level="INFO">GET Response : url=http://localhost:8080/api/v1/hasRelationship?movieId=afewgoodmenid&amp;actorId=nonexistentId 
 status=404, reason=Not Found 
 headers={'Date': 'Sat, 12 Aug 2023 22:10:31 GMT', 'Content-length': '9'} 
 body=NOT FOUND 
 </msg>
<msg timestamp="20230812 18:10:31.875" level="INFO">${resp} = &lt;Response [404]&gt;</msg>
<status status="PASS" starttime="20230812 18:10:31.861" endtime="20230812 18:10:31.876"/>
</kw>
<timeout value="30 seconds"/>
<status status="PASS" starttime="20230812 18:10:31.858" endtime="20230812 18:10:31.876"/>
</test>
<test id="s1-s1-s1-s1-s1-t18" name="BaconNumberPreWork" line="224">
<kw name="Create Dictionary" library="BuiltIn">
<var>${headers}</var>
<arg>Content-Type=application/json</arg>
<doc>Creates and returns a dictionary based on the given ``items``.</doc>
<msg timestamp="20230812 18:10:31.880" level="INFO">${headers} = {'Content-Type': 'application/json'}</msg>
<status status="PASS" starttime="20230812 18:10:31.879" endtime="20230812 18:10:31.880"/>
</kw>
<kw name="Create Dictionary" library="BuiltIn">
<var>${params}</var>
<arg>name=Johnny Depp</arg>
<arg>actorId=johnnydepp</arg>
<doc>Creates and returns a dictionary based on the given ``items``.</doc>
<msg timestamp="20230812 18:10:31.881" level="INFO">${params} = {'name': 'Johnny Depp', 'actorId': 'johnnydepp'}</msg>
<status status="PASS" starttime="20230812 18:10:31.880" endtime="20230812 18:10:31.881"/>
</kw>
<kw name="PUT On Session" library="RequestsLibrary">
<var>${resp}</var>
<arg>localhost</arg>
<arg>/api/v1/addActor</arg>
<arg>json=${params}</arg>
<arg>headers=${headers}</arg>
<arg>expected_status=200</arg>
<doc>Sends a PUT request on a previously created HTTP Session.</doc>
<msg timestamp="20230812 18:10:31.894" level="INFO">PUT Request : url=http://localhost:8080/api/v1/addActor 
 path_url=/api/v1/addActor 
 headers={'User-Agent': 'python-requests/2.31.0', 'Accept-Encoding': 'gzip, deflate', 'Accept': '*/*', 'Connection': 'keep-alive', 'Content-Type': 'application/json', 'Content-Length': '48'} 
 body=b'{"name": "Johnny Depp", "actorId": "johnnydepp"}' 
 </msg>
<msg timestamp="20230812 18:10:31.894" level="INFO">PUT Response : url=http://localhost:8080/api/v1/addActor 
 status=400, reason=Bad Request 
 headers={'Date': 'Sat, 12 Aug 2023 22:10:31 GMT', 'Content-length': '11'} 
 body=BAD REQUEST 
 </msg>
<msg timestamp="20230812 18:10:31.895" level="FAIL">Url: http://localhost:8080/api/v1/addActor Expected status: 400 != 200</msg>
<status status="FAIL" starttime="20230812 18:10:31.881" endtime="20230812 18:10:31.897"/>
</kw>
<kw name="Create Dictionary" library="BuiltIn">
<var>${headers}</var>
<arg>Content-Type=application/json</arg>
<doc>Creates and returns a dictionary based on the given ``items``.</doc>
<status status="NOT RUN" starttime="20230812 18:10:31.898" endtime="20230812 18:10:31.898"/>
</kw>
<kw name="Create Dictionary" library="BuiltIn">
<var>${params}</var>
<arg>name=Angelina Jolie</arg>
<arg>actorId=angelinajolie</arg>
<doc>Creates and returns a dictionary based on the given ``items``.</doc>
<status status="NOT RUN" starttime="20230812 18:10:31.899" endtime="20230812 18:10:31.899"/>
</kw>
<kw name="PUT On Session" library="RequestsLibrary">
<var>${resp}</var>
<arg>localhost</arg>
<arg>/api/v1/addActor</arg>
<arg>json=${params}</arg>
<arg>headers=${headers}</arg>
<arg>expected_status=200</arg>
<doc>Sends a PUT request on a previously created HTTP Session.</doc>
<status status="NOT RUN" starttime="20230812 18:10:31.900" endtime="20230812 18:10:31.900"/>
</kw>
<kw name="Create Dictionary" library="BuiltIn">
<var>${headers}</var>
<arg>Content-Type=application/json</arg>
<doc>Creates and returns a dictionary based on the given ``items``.</doc>
<status status="NOT RUN" starttime="20230812 18:10:31.900" endtime="20230812 18:10:31.900"/>
</kw>
<kw name="Create Dictionary" library="BuiltIn">
<var>${params}</var>
<arg>name=Actor B</arg>
<arg>actorId=actorb</arg>
<doc>Creates and returns a dictionary based on the given ``items``.</doc>
<status status="NOT RUN" starttime="20230812 18:10:31.901" endtime="20230812 18:10:31.901"/>
</kw>
<kw name="PUT On Session" library="RequestsLibrary">
<var>${resp}</var>
<arg>localhost</arg>
<arg>/api/v1/addActor</arg>
<arg>json=${params}</arg>
<arg>headers=${headers}</arg>
<arg>expected_status=200</arg>
<doc>Sends a PUT request on a previously created HTTP Session.</doc>
<status status="NOT RUN" starttime="20230812 18:10:31.902" endtime="20230812 18:10:31.902"/>
</kw>
<kw name="Create Dictionary" library="BuiltIn">
<var>${headers}</var>
<arg>Content-Type=application/json</arg>
<doc>Creates and returns a dictionary based on the given ``items``.</doc>
<status status="NOT RUN" starttime="20230812 18:10:31.902" endtime="20230812 18:10:31.903"/>
</kw>
<kw name="Create Dictionary" library="BuiltIn">
<var>${params}</var>
<arg>name=Actor OUT OF REACH</arg>
<arg>actorId=outOfReachID</arg>
<doc>Creates and returns a dictionary based on the given ``items``.</doc>
<status status="NOT RUN" starttime="20230812 18:10:31.904" endtime="20230812 18:10:31.905"/>
</kw>
<kw name="PUT On Session" library="RequestsLibrary">
<var>${resp}</var>
[...]
<var>${headers}</var>
<arg>Content-Type=application/json</arg>
<doc>Creates and returns a dictionary based on the given ``items``.</doc>
<msg timestamp="20230812 18:10:31.983" level="INFO">${headers} = {'Content-Type': 'application/json'}</msg>
<status status="PASS" starttime="20230812 18:10:31.983" endtime="20230812 18:10:31.983"/>
</kw>
<kw name="Create Dictionary" library="BuiltIn">
<var>${params}</var>
<arg>actorId=actorb</arg>
<arg>movieId=movie2id</arg>
<doc>Creates and returns a dictionary based on the given ``items``.</doc>
<msg timestamp="20230812 18:10:31.984" level="INFO">${params} = {'actorId': 'actorb', 'movieId': 'movie2id'}</msg>
<status status="PASS" starttime="20230812 18:10:31.984" endtime="20230812 18:10:31.984"/>
</kw>
<kw name="PUT On Session" library="RequestsLibrary">
<var>${resp}</var>
<arg>localhost</arg>
<arg>/api/v1/addRelationship</arg>
<arg>json=${params}</arg>
<arg>headers=${headers}</arg>
<arg>expected_status=200</arg>
<doc>Sends a PUT request on a previously created HTTP Session.</doc>
<msg timestamp="20230812 18:10:32.006" level="INFO">PUT Request : url=http://localhost:8080/api/v1/addRelationship 
 path_url=/api/v1/addRelationship 
 headers={'User-Agent': 'python-requests/2.31.0', 'Accept-Encoding': 'gzip, deflate', 'Accept': '*/*', 'Connection': 'keep-alive', 'Content-Type': 'application/json', 'Content-Length': '44'} 
 body=b'{"actorId": "actorb", "movieId": "movie2id"}' 
 </msg>
<msg timestamp="20230812 18:10:32.007" level="INFO">PUT Response : url=http://localhost:8080/api/v1/addRelationship 
 status=400, reason=Bad Request 
 headers={'Date': 'Sat, 12 Aug 2023 22:10:32 GMT', 'Content-length': '11'} 
 body=BAD REQUEST 
 </msg>
<msg timestamp="20230812 18:10:32.007" level="FAIL">Url: http://localhost:8080/api/v1/addRelationship Expected status: 400 != 200</msg>
<status status="FAIL" starttime="20230812 18:10:31.985" endtime="20230812 18:10:32.008"/>
</kw>
<timeout value="30 seconds"/>
<status status="FAIL" starttime="20230812 18:10:31.982" endtime="20230812 18:10:32.010">Url: http://localhost:8080/api/v1/addRelationship Expected status: 400 != 200</status>
</test>
<test id="s1-s1-s1-s1-s1-t22" name="rel4" line="272">
<kw name="Create Dictionary" library="BuiltIn">
<var>${headers}</var>
<arg>Content-Type=application/json</arg>
<doc>Creates and returns a dictionary based on the given ``items``.</doc>
<msg timestamp="20230812 18:10:32.013" level="INFO">${headers} = {'Content-Type': 'application/json'}</msg>
<status status="PASS" starttime="20230812 18:10:32.012" endtime="20230812 18:10:32.013"/>
</kw>
<kw name="Create Dictionary" library="BuiltIn">
<var>${params}</var>
<arg>actorId=actorb</arg>
<arg>movieId=movie1id</arg>
<doc>Creates and returns a dictionary based on the given ``items``.</doc>
<msg timestamp="20230812 18:10:32.014" level="INFO">${params} = {'actorId': 'actorb', 'movieId': 'movie1id'}</msg>
<status status="PASS" starttime="20230812 18:10:32.013" endtime="20230812 18:10:32.014"/>
</kw>
<kw name="PUT On Session" library="RequestsLibrary">
<var>${resp}</var>
<arg>localhost</arg>
<arg>/api/v1/addRelationship</arg>
<arg>json=${params}</arg>
<arg>headers=${headers}</arg>
<arg>expected_status=200</arg>
<doc>Sends a PUT request on a previously created HTTP Session.</doc>
<msg timestamp="20230812 18:10:32.036" level="INFO">PUT Request : url=http://localhost:8080/api/v1/addRelationship 
 path_url=/api/v1/addRelationship 
 headers={'User-Agent': 'python-requests/2.31.0', 'Accept-Encoding': 'gzip, deflate', 'Accept': '*/*', 'Connection': 'keep-alive', 'Content-Type': 'application/json', 'Content-Length': '44'} 
 body=b'{"actorId": "actorb", "movieId": "movie1id"}' 
 </msg>
<msg timestamp="20230812 18:10:32.037" level="INFO">PUT Response : url=http://localhost:8080/api/v1/addRelationship 
 status=400, reason=Bad Request 
 headers={'Date': 'Sat, 12 Aug 2023 22:10:32 GMT', 'Content-length': '11'} 
 body=BAD REQUEST 
 </msg>
<msg timestamp="20230812 18:10:32.037" level="FAIL">Url: http://localhost:8080/api/v1/addRelationship Expected status: 400 != 200</msg>
<status status="FAIL" starttime="20230812 18:10:32.014" endtime="20230812 18:10:32.038"/>
</kw>
<timeout value="30 seconds"/>
<status status="FAIL" starttime="20230812 18:10:32.012" endtime="20230812 18:10:32.039">Url: http://localhost:8080/api/v1/addRelationship Expected status: 400 != 200</status>
</test>
<test id="s1-s1-s1-s1-s1-t23" name="rel5" line="276">
<kw name="Create Dictionary" library="BuiltIn">
<var>${headers}</var>
<arg>Content-Type=application/json</arg>
<doc>Creates and returns a dictionary based on the given ``items``.</doc>
<msg timestamp="20230812 18:10:32.043" level="INFO">${headers} = {'Content-Type': 'application/json'}</msg>
<status status="PASS" starttime="20230812 18:10:32.043" endtime="20230812 18:10:32.043"/>
</kw>
<kw name="Create Dictionary" library="BuiltIn">
<var>${params}</var>
<arg>actorId=johnnydepp</arg>
<arg>movieId=movie2id</arg>
<doc>Creates and returns a dictionary based on the given ``items``.</doc>
<msg timestamp="20230812 18:10:32.044" level="INFO">${params} = {'actorId': 'johnnydepp', 'movieId': 'movie2id'}</msg>
<status status="PASS" starttime="20230812 18:10:32.044" endtime="20230812 18:10:32.044"/>
</kw>
<kw name="PUT On Session" library="RequestsLibrary">
<var>${resp}</var>
<arg>localhost</arg>
<arg>/api/v1/addRelationship</arg>
<arg>json=${params}</arg>
<arg>headers=${headers}</arg>
<arg>expected_status=200</arg>
<doc>Sends a PUT request on a previously created HTTP Session.</doc>
<msg timestamp="20230812 18:10:32.068" level="INFO">PUT Request : url=http://localhost:8080/api/v1/addRelationship 
 path_url=/api/v1/addRelationship 
 headers={'User-Agent': 'python-requests/2.31.0', 'Accept-Encoding': 'gzip, deflate', 'Accept': '*/*', 'Connection': 'keep-alive', 'Content-Type': 'application/json', 'Content-Length': '48'} 
 body=b'{"actorId": "johnnydepp", "movieId": "movie2id"}' 
 </msg>
<msg timestamp="20230812 18:10:32.069" level="INFO">PUT Response : url=http://localhost:8080/api/v1/addRelationship 
 status=400, reason=Bad Request 
 headers={'Date': 'Sat, 12 Aug 2023 22:10:32 GMT', 'Content-length': '11'} 
 body=BAD REQUEST 
 </msg>
<msg timestamp="20230812 18:10:32.069" level="FAIL">Url: http://localhost:8080/api/v1/addRelationship Expected status: 400 != 200</msg>
<status status="FAIL" starttime="20230812 18:10:32.046" endtime="20230812 18:10:32.070"/>
</kw>
<timeout value="30 seconds"/>
<status status="FAIL" starttime="20230812 18:10:32.042" endtime="20230812 18:10:32.071">Url: http://localhost:8080/api/v1/addRelationship Expected status: 400 != 200</status>
</test>
<test id="s1-s1-s1-s1-s1-t24" name="rel6" line="280">
<kw name="Create Dictionary" library="BuiltIn">
<var>${headers}</var>
<arg>Content-Type=application/json</arg>
<doc>Creates and returns a dictionary based on the given ``items``.</doc>
<msg timestamp="20230812 18:10:32.075" level="INFO">${headers} = {'Content-Type': 'application/json'}</msg>
<status status="PASS" starttime="20230812 18:10:32.075" endtime="20230812 18:10:32.075"/>
</kw>
<kw name="Create Dictionary" library="BuiltIn">
<var>${params}</var>
<arg>actorId=outOfReachID</arg>
<arg>movieId=unboundMovieID</arg>
<doc>Creates and returns a dictionary based on the given ``items``.</doc>
<msg timestamp="20230812 18:10:32.076" level="INFO">${params} = {'actorId': 'outOfReachID', 'movieId': 'unboundMovieID'}</msg>
<status status="PASS" starttime="20230812 18:10:32.076" endtime="20230812 18:10:32.077"/>
</kw>
<kw name="PUT On Session" library="RequestsLibrary">
<var>${resp}</var>
<arg>localhost</arg>
<arg>/api/v1/addRelationship</arg>
<arg>json=${params}</arg>
<arg>headers=${headers}</arg>
<arg>expected_status=200</arg>
<doc>Sends a PUT request on a previously created HTTP Session.</doc>
<msg timestamp="20230812 18:10:32.097" level="INFO">PUT Request : url=http://localhost:8080/api/v1/addRelationship 
 path_url=/api/v1/addRelationship 
 headers={'User-Agent': 'python-requests/2.31.0', 'Accept-Encoding': 'gzip, deflate', 'Accept': '*/*', 'Connection': 'keep-alive', 'Content-Type': 'application/json', 'Content-Length': '56'} 
 body=b'{"actorId": "outOfReachID", "movieId": "unboundMovieID"}' 
 </msg>
<msg timestamp="20230812 18:10:32.098" level="INFO">PUT Response : url=http://localhost:8080/api/v1/addRelationship 
 status=400, reason=Bad Request 
 headers={'Date': 'Sat, 12 Aug 2023 22:10:32 GMT', 'Content-length': '11'} 
 body=BAD REQUEST 
 </msg>
<msg timestamp="20230812 18:10:32.098" level="FAIL">Url: http://localhost:8080/api/v1/addRelationship Expected status: 400 != 200</msg>
<status status="FAIL" starttime="20230812 18:10:32.077" endtime="20230812 18:10:32.099"/>
</kw>
<timeout value="30 seconds"/>
<status status="FAIL" starttime="20230812 18:10:32.074" endtime="20230812 18:10:32.100">Url: http://localhost:8080/api/v1/addRelationship Expected status: 400 != 200</status>
</test>
<test id="s1-s1-s1-s1-s1-t25" name="computeBaconNumberPass" line="286">
<kw name="Create Dictionary" library="BuiltIn">
<var>${headers}</var>
<arg>Content-Type=application/json</arg>
<doc>Creates and returns a dictionary based on the given ``items``.</doc>
<msg timestamp="20230812 18:10:32.104" level="INFO">${headers} = {'Content-Type': 'application/json'}</msg>
<status status="PASS" starttime="20230812 18:10:32.104" endtime="20230812 18:10:32.104"/>
</kw>
<kw name="Create Dictionary" library="BuiltIn">
<var>${params}</var>
<arg>actorId=nm0000102</arg>
<doc>Creates and returns a dictionary based on the given ``items``.</doc>
<msg timestamp="20230812 18:10:32.106" level="INFO">${params} = {'actorId': 'nm0000102'}</msg>
<status status="PASS" starttime="20230812 18:10:32.106" endtime="20230812 18:10:32.106"/>
</kw>
<kw name="GET On Session" library="RequestsLibrary">
<var>${resp}</var>
<arg>localhost</arg>
<arg>/api/v1/computeBaconNumber</arg>
<arg>params=${params}</arg>
<arg>headers=${headers}</arg>
<arg>expected_status=200</arg>
<doc>Sends a GET request on a previously created HTTP Session.</doc>
<msg timestamp="20230812 18:10:32.112" level="INFO">GET Request : url=http://localhost:8080/api/v1/computeBaconNumber?actorId=nm0000102 
 path_url=/api/v1/computeBaconNumber?actorId=nm0000102 
 headers={'User-Agent': 'python-requests/2.31.0', 'Accept-Encoding': 'gzip, deflate', 'Accept': '*/*', 'Connection': 'keep-alive', 'Content-Type': 'application/json'} 
 body=None 
 </msg>
<msg timestamp="20230812 18:10:32.112" level="INFO">GET Response : url=http://localhost:8080/api/v1/computeBaconNumber?actorId=nm0000102 
 status=200, reason=OK 
 headers={'Date': 'Sat, 12 Aug 2023 22:10:32 GMT', 'Content-length': '17'} 
 body={"baconNumber":0} 
 </msg>
<msg timestamp="20230812 18:10:32.112" level="INFO">${resp} = &lt;Response [200]&gt;</msg>
<status status="PASS" starttime="20230812 18:10:32.107" endtime="20230812 18:10:32.113"/>
</kw>
<kw name="Should Be Equal As Integers" library="BuiltIn">
<arg>${resp.json()['baconNumber']}</arg>
<arg>0</arg>
<doc>Fails if objects are unequal after converting them to integers.</doc>
<msg timestamp="20230812 18:10:32.116" level="INFO">Argument types are:
&lt;class 'int'&gt;
&lt;class 'str'&gt;</msg>
<status status="PASS" starttime="20230812 18:10:32.113" endtime="20230812 18:10:32.116"/>
</kw>
<timeout value="30 seconds"/>
<status status="PASS" starttime="20230812 18:10:32.103" endtime="20230812 18:10:32.117"/>
</test>
<test id="s1-s1-s1-s1-s1-t26" name="computeBaconNumberPass2" line="293">
<kw name="Create Dictionary" library="BuiltIn">
<var>${headers}</var>
<arg>Content-Type=application/json</arg>
<doc>Creates and returns a dictionary based on the given ``items``.</doc>
<msg timestamp="20230812 18:10:32.120" level="INFO">${headers} = {'Content-Type': 'application/json'}</msg>
<status status="PASS" starttime="20230812 18:10:32.120" endtime="20230812 18:10:32.120"/>
</kw>
<kw name="Create Dictionary" library="BuiltIn">
<var>${params}</var>
<arg>actorId=angelinajolie</arg>
<doc>Creates and returns a dictionary based on the given ``items``.</doc>
<msg timestamp="20230812 18:10:32.121" level="INFO">${params} = {'actorId': 'angelinajolie'}</msg>
<status status="PASS" starttime="20230812 18:10:32.121" endtime="20230812 18:10:32.121"/>
</kw>
<kw name="GET On Session" library="RequestsLibrary">
<var>${resp}</var>
<arg>localhost</arg>
<arg>/api/v1/computeBaconNumber</arg>
<arg>params=${params}</arg>
<arg>headers=${headers}</arg>
<arg>expected_status=200</arg>
<doc>Sends a GET request on a previously created HTTP Session.</doc>
<msg timestamp="20230812 18:10:32.134" level="INFO">GET Request : url=http://localhost:8080/api/v1/computeBaconNumber?actorId=angelinajolie 
 path_url=/api/v1/computeBaconNumber?actorId=angelinajolie 
 headers={'User-Agent': 'python-requests/2.31.0', 'Accept-Encoding': 'gzip, deflate', 'Accept': '*/*', 'Connection': 'keep-alive', 'Content-Type': 'application/json'} 
 body=None 
 </msg>
<msg timestamp="20230812 18:10:32.134" level="INFO">GET Response : url=http://localhost:8080/api/v1/computeBaconNumber?actorId=angelinajolie 
 status=200, reason=OK 
 headers={'Date': 'Sat, 12 Aug 2023 22:10:32 GMT', 'Content-length': '17'} 
 body={"baconNumber":1} 
 </msg>
<msg timestamp="20230812 18:10:32.135" level="INFO">${resp} = &lt;Response [200]&gt;</msg>
<status status="PASS" starttime="20230812 18:10:32.122" endtime="20230812 18:10:32.135"/>
</kw>
<kw name="Should Be Equal As Integers" library="BuiltIn">
<arg>${resp.json()['baconNumber']}</arg>
<arg>1</arg>
<doc>Fails if objects are unequal after converting them to integers.</doc>
<msg timestamp="20230812 18:10:32.137" level="INFO">Argument types are:
&lt;class 'int'&gt;
&lt;class 'str'&gt;</msg>
<status status="PASS" starttime="20230812 18:10:32.135" endtime="20230812 18:10:32.137"/>
</kw>
<timeout value="30 seconds"/>
<status status="PASS" starttime="20230812 18:10:32.119" endtime="20230812 18:10:32.138"/>
</test>
<test id="s1-s1-s1-s1-s1-t27" name="computeBaconNumberPass3" line="299">
<kw name="Create Dictionary" library="BuiltIn">
<var>${headers}</var>
<arg>Content-Type=application/json</arg>
<doc>Creates and returns a dictionary based on the given ``items``.</doc>
<msg timestamp="20230812 18:10:32.142" level="INFO">${headers} = {'Content-Type': 'application/json'}</msg>
<status status="PASS" starttime="20230812 18:10:32.142" endtime="20230812 18:10:32.143"/>
</kw>
<kw name="Create Dictionary" library="BuiltIn">
<var>${params}</var>
<arg>actorId=actorb</arg>
<doc>Creates and returns a dictionary based on the given ``items``.</doc>
<msg timestamp="20230812 18:10:32.144" level="INFO">${params} = {'actorId': 'actorb'}</msg>
<status status="PASS" starttime="20230812 18:10:32.144" endtime="20230812 18:10:32.144"/>
</kw>
<kw name="GET On Session" library="RequestsLibrary">
<var>${resp}</var>
<arg>localhost</arg>
<arg>/api/v1/computeBaconNumber</arg>
<arg>params=${params}</arg>
<arg>headers=${headers}</arg>
<arg>expected_status=200</arg>
<doc>Sends a GET request on a previously created HTTP Session.</doc>
<msg timestamp="20230812 18:10:32.159" level="INFO">GET Request : url=http://localhost:8080/api/v1/computeBaconNumber?actorId=actorb 
 path_url=/api/v1/computeBaconNumber?actorId=actorb 
 headers={'User-Agent': 'python-requests/2.31.0', 'Accept-Encoding': 'gzip, deflate', 'Accept': '*/*', 'Connection': 'keep-alive', 'Content-Type': 'application/json'} 
 body=None 
 </msg>
<msg timestamp="20230812 18:10:32.159" level="INFO">GET Response : url=http://localhost:8080/api/v1/computeBaconNumber?actorId=actorb 
 status=200, reason=OK 
 headers={'Date': 'Sat, 12 Aug 2023 22:10:32 GMT', 'Content-length': '17'} 
 body={"baconNumber":2} 
 </msg>
<msg timestamp="20230812 18:10:32.159" level="INFO">${resp} = &lt;Response [200]&gt;</msg>
<status status="PASS" starttime="20230812 18:10:32.145" endtime="20230812 18:10:32.159"/>
</kw>
<kw name="Should Be Equal As Integers" library="BuiltIn">
<arg>${resp.json()['baconNumber']}</arg>
<arg>2</arg>
<doc>Fails if objects are unequal after converting them to integers.</doc>
<msg timestamp="20230812 18:10:32.162" level="INFO">Argument types are:
&lt;class 'int'&gt;
&lt;class 'str'&gt;</msg>
<status status="PASS" starttime="20230812 18:10:32.160" endtime="20230812 18:10:32.162"/>
</kw>
<timeout value="30 seconds"/>
<status status="PASS" starttime="20230812 18:10:32.141" endtime="20230812 18:10:32.163"/>
</test>
<test id="s1-s1-s1-s1-s1-t28" name="computeBaconNumberPass4" line="305">
<kw name="Create Dictionary" library="BuiltIn">
<var>${headers}</var>
<arg>Content-Type=application/json</arg>
<doc>Creates and returns a dictionary based on the given ``items``.</doc>
<msg timestamp="20230812 18:10:32.166" level="INFO">${headers} = {'Content-Type': 'application/json'}</msg>
<status status="PASS" starttime="20230812 18:10:32.166" endtime="20230812 18:10:32.167"/>
</kw>
<kw name="Create Dictionary" library="BuiltIn">
<var>${params}</var>
<arg>actorId=johnnydepp</arg>
<doc>Creates and returns a dictionary based on the given ``items``.</doc>
<msg timestamp="20230812 18:10:32.167" level="INFO">${params} = {'actorId': 'johnnydepp'}</msg>
<status status="PASS" starttime="20230812 18:10:32.167" endtime="20230812 18:10:32.167"/>
</kw>
<kw name="GET On Session" library="RequestsLibrary">
<var>${resp}</var>
<arg>localhost</arg>
<arg>/api/v1/computeBaconNumber</arg>
<arg>params=${params}</arg>
<arg>headers=${headers}</arg>
<arg>expected_status=200</arg>
<doc>Sends a GET request on a previously created HTTP Session.</doc>
<msg timestamp="20230812 18:10:32.183" level="INFO">GET Request : url=http://localhost:8080/api/v1/computeBaconNumber?actorId=johnnydepp 
 path_url=/api/v1/computeBaconNumber?actorId=johnnydepp 
 headers={'User-Agent': 'python-requests/2.31.0', 'Accept-Encoding': 'gzip, deflate', 'Accept': '*/*', 'Connection': 'keep-alive', 'Content-Type': 'application/json'} 
 body=None 
 </msg>
<msg timestamp="20230812 18:10:32.183" level="INFO">GET Response : url=http://localhost:8080/api/v1/computeBaconNumber?actorId=johnnydepp 
 status=200, reason=OK 
 headers={'Date': 'Sat, 12 Aug 2023 22:10:32 GMT', 'Content-length': '17'} 
 body={"baconNumber":3} 
 </msg>
<msg timestamp="20230812 18:10:32.184" level="INFO">${resp} = &lt;Response [200]&gt;</msg>
<status status="PASS" starttime="20230812 18:10:32.168" endtime="20230812 18:10:32.184"/>
</kw>
<kw name="Should Be Equal As Integers" library="BuiltIn">
<arg>${resp.json()['baconNumber']}</arg>
<arg>3</arg>
<doc>Fails if objects are unequal after converting them to integers.</doc>
<msg timestamp="20230812 18:10:32.186" level="INFO">Argument types are:
&lt;class 'int'&gt;
&lt;class 'str'&gt;</msg>
<status status="PASS" starttime="20230812 18:10:32.184" endtime="20230812 18:10:32.186"/>
</kw>
<timeout value="30 seconds"/>
<status status="PASS" starttime="20230812 18:10:32.165" endtime="20230812 18:10:32.187"/>
</test>
<status status="FAIL" starttime="20230812 18:10:30.722" endtime="20230812 18:10:32.190"/>
</suite>
<status status="FAIL" starttime="20230812 18:10:30.720" endtime="20230812 18:10:32.193"/>
</suite>
<status status="FAIL" starttime="20230812 18:10:30.718" endtime="20230812 18:10:32.197"/>
</suite>
<status status="FAIL" starttime="20230812 18:10:30.716" endtime="20230812 18:10:32.201"/>
</suite>
<status status="FAIL" starttime="20230812 18:10:30.693" endtime="20230812 18:10:32.205"/>
</suite>
<statistics>
<total>
<stat pass="17" fail="11" skip="0">All Tests</stat>
</total>
<tag>
</tag>
<suite>
<stat pass="17" fail="11" skip="0" id="s1" name="EECS3311-Project">EECS3311-Project</stat>
<stat pass="17" fail="11" skip="0" id="s1-s1" name="Src">EECS3311-Project.Src</stat>
<stat pass="17" fail="11" skip="0" id="s1-s1-s1" name="Test">EECS3311-Project.Src.Test</stat>
<stat pass="17" fail="11" skip="0" id="s1-s1-s1-s1" name="Robot">EECS3311-Project.Src.Test.Robot</stat>
<stat pass="17" fail="11" skip="0" id="s1-s1-s1-s1-s1" name="Testingrobot">EECS3311-Project.Src.Test.Robot.Testingrobot</stat>
</suite>
</statistics>
<errors>
</errors>
</robot>
