<?xml version="1.0" encoding="UTF-8"?>
<robot generator="Robot 6.1.1 (Python 3.11.4 on win32)" generated="20230809 21:05:34.536" rpa="false" schemaversion="4">
<suite id="s1" name="EECS3311-Project" source="C:\Users\betul\Documents\GitHub\EECS3311-Project">
<suite id="s1-s1" name="Src" source="C:\Users\betul\Documents\GitHub\EECS3311-Project\src">
<suite id="s1-s1-s1" name="Test" source="C:\Users\betul\Documents\GitHub\EECS3311-Project\src\test">
<suite id="s1-s1-s1-s1" name="Robot" source="C:\Users\betul\Documents\GitHub\EECS3311-Project\src\test\robot">
<suite id="s1-s1-s1-s1-s1" name="Testingrobot" source="C:\Users\betul\Documents\GitHub\EECS3311-Project\src\test\robot\testingrobot.robot">
<kw name="Create Session" library="RequestsLibrary" type="SETUP">
<arg>localhost</arg>
<arg>http://localhost:8080</arg>
<doc>Create Session: create a HTTP session to a server</doc>
<msg timestamp="20230809 21:05:34.707" level="INFO">Creating Session using : alias=localhost, url=http://localhost:8080, headers={},                     cookies={}, auth=None, timeout=None, proxies=None, verify=False,                     debug=0 </msg>
<status status="PASS" starttime="20230809 21:05:34.707" endtime="20230809 21:05:34.707"/>
</kw>
<test id="s1-s1-s1-s1-s1-t1" name="addActorPass" line="9">
<kw name="Create Dictionary" library="BuiltIn">
<var>${headers}</var>
<arg>Content-Type=application/json</arg>
<doc>Creates and returns a dictionary based on the given ``items``.</doc>
<msg timestamp="20230809 21:05:34.709" level="INFO">${headers} = {'Content-Type': 'application/json'}</msg>
<status status="PASS" starttime="20230809 21:05:34.709" endtime="20230809 21:05:34.709"/>
</kw>
<kw name="Create Dictionary" library="BuiltIn">
<var>${params}</var>
<arg>name=Danzel Washington</arg>
<arg>actorId=nm1001213</arg>
<doc>Creates and returns a dictionary based on the given ``items``.</doc>
<msg timestamp="20230809 21:05:34.710" level="INFO">${params} = {'name': 'Danzel Washington', 'actorId': 'nm1001213'}</msg>
<status status="PASS" starttime="20230809 21:05:34.710" endtime="20230809 21:05:34.710"/>
</kw>
<kw name="PUT On Session" library="RequestsLibrary">
<var>${resp}</var>
<arg>localhost</arg>
<arg>/api/v1/addActor</arg>
<arg>json=${params}</arg>
<arg>headers=${headers}</arg>
<arg>expected_status=200</arg>
<doc>Sends a PUT request on a previously created HTTP Session.</doc>
<msg timestamp="20230809 21:05:34.775" level="INFO">PUT Request : url=http://localhost:8080/api/v1/addActor 
 path_url=/api/v1/addActor 
 headers={'User-Agent': 'python-requests/2.31.0', 'Accept-Encoding': 'gzip, deflate', 'Accept': '*/*', 'Connection': 'keep-alive', 'Content-Type': 'application/json', 'Content-Length': '53'} 
 body=b'{"name": "Danzel Washington", "actorId": "nm1001213"}' 
 </msg>
<msg timestamp="20230809 21:05:34.783" level="INFO">PUT Response : url=http://localhost:8080/api/v1/addActor 
 status=400, reason=Bad Request 
 headers={'Date': 'Thu, 10 Aug 2023 01:05:34 GMT', 'Content-length': '11'} 
 body=BAD REQUEST 
 </msg>
<msg timestamp="20230809 21:05:34.783" level="FAIL">Url: http://localhost:8080/api/v1/addActor Expected status: 400 != 200</msg>
<status status="FAIL" starttime="20230809 21:05:34.710" endtime="20230809 21:05:34.787"/>
</kw>
<timeout value="30 seconds"/>
<status status="FAIL" starttime="20230809 21:05:34.709" endtime="20230809 21:05:34.787">Url: http://localhost:8080/api/v1/addActor Expected status: 400 != 200</status>
</test>
<status status="FAIL" starttime="20230809 21:05:34.577" endtime="20230809 21:05:34.788"/>
</suite>
<status status="FAIL" starttime="20230809 21:05:34.575" endtime="20230809 21:05:34.790"/>
</suite>
<status status="FAIL" starttime="20230809 21:05:34.574" endtime="20230809 21:05:34.791"/>
</suite>
<status status="FAIL" starttime="20230809 21:05:34.570" endtime="20230809 21:05:34.792"/>
</suite>
<status status="FAIL" starttime="20230809 21:05:34.540" endtime="20230809 21:05:34.792"/>
</suite>
<statistics>
<total>
<stat pass="0" fail="1" skip="0">All Tests</stat>
</total>
<tag>
</tag>
<suite>
<stat pass="0" fail="1" skip="0" id="s1" name="EECS3311-Project">EECS3311-Project</stat>
<stat pass="0" fail="1" skip="0" id="s1-s1" name="Src">EECS3311-Project.Src</stat>
<stat pass="0" fail="1" skip="0" id="s1-s1-s1" name="Test">EECS3311-Project.Src.Test</stat>
<stat pass="0" fail="1" skip="0" id="s1-s1-s1-s1" name="Robot">EECS3311-Project.Src.Test.Robot</stat>
<stat pass="0" fail="1" skip="0" id="s1-s1-s1-s1-s1" name="Testingrobot">EECS3311-Project.Src.Test.Robot.Testingrobot</stat>
</suite>
</statistics>
<errors>
</errors>
</robot>
