<?xml version="1.0" encoding="UTF-8"?>
<robot generator="Robot 6.1.1 (Python 3.11.4 on win32)" generated="20230811 23:34:39.333" rpa="false" schemaversion="4">
<suite id="s1" name="EECS3311-Project" source="C:\Users\betul\Documents\GitHub\EECS3311-Project">
<suite id="s1-s1" name="Src" source="C:\Users\betul\Documents\GitHub\EECS3311-Project\src">
<suite id="s1-s1-s1" name="Test" source="C:\Users\betul\Documents\GitHub\EECS3311-Project\src\test">
<suite id="s1-s1-s1-s1" name="Robot" source="C:\Users\betul\Documents\GitHub\EECS3311-Project\src\test\robot">
<suite id="s1-s1-s1-s1-s1" name="Testingrobot" source="C:\Users\betul\Documents\GitHub\EECS3311-Project\src\test\robot\testingrobot.robot">
<kw name="Create Session" library="RequestsLibrary" type="SETUP">
<arg>localhost</arg>
<arg>http://localhost:8080</arg>
<doc>Create Session: create a HTTP session to a server</doc>
<msg timestamp="20230811 23:34:39.508" level="INFO">Creating Session using : alias=localhost, url=http://localhost:8080, headers={},                     cookies={}, auth=None, timeout=None, proxies=None, verify=False,                     debug=0 </msg>
<status status="PASS" starttime="20230811 23:34:39.508" endtime="20230811 23:34:39.508"/>
</kw>
<test id="s1-s1-s1-s1-s1-t1" name="addActorPass" line="11">
<kw name="Create Dictionary" library="BuiltIn">
<var>${headers}</var>
<arg>Content-Type=application/json</arg>
<doc>Creates and returns a dictionary based on the given ``items``.</doc>
<msg timestamp="20230811 23:34:39.508" level="INFO">${headers} = {'Content-Type': 'application/json'}</msg>
<status status="PASS" starttime="20230811 23:34:39.508" endtime="20230811 23:34:39.508"/>
</kw>
<kw name="Create Dictionary" library="BuiltIn">
<var>${params}</var>
<arg>name=Kavin Bacon</arg>
<arg>actorId=nm0000102</arg>
<doc>Creates and returns a dictionary based on the given ``items``.</doc>
<msg timestamp="20230811 23:34:39.508" level="INFO">${params} = {'name': 'Kavin Bacon', 'actorId': 'nm0000102'}</msg>
<status status="PASS" starttime="20230811 23:34:39.508" endtime="20230811 23:34:39.508"/>
</kw>
<kw name="PUT On Session" library="RequestsLibrary">
<var>${resp}</var>
<arg>localhost</arg>
<arg>/api/v1/addActor</arg>
<arg>json=${params}</arg>
<arg>headers=${headers}</arg>
<arg>expected_status=200</arg>
<doc>Sends a PUT request on a previously created HTTP Session.</doc>
<msg timestamp="20230811 23:34:39.524" level="INFO">PUT Request : url=http://localhost:8080/api/v1/addActor 
 path_url=/api/v1/addActor 
 headers={'User-Agent': 'python-requests/2.31.0', 'Accept-Encoding': 'gzip, deflate', 'Accept': '*/*', 'Connection': 'keep-alive', 'Content-Type': 'application/json', 'Content-Length': '47'} 
 body=b'{"name": "Kavin Bacon", "actorId": "nm0000102"}' 
 </msg>
<msg timestamp="20230811 23:34:39.524" level="INFO">PUT Response : url=http://localhost:8080/api/v1/addActor 
 status=200, reason=OK 
 headers={'Date': 'Sat, 12 Aug 2023 03:34:39 GMT', 'Content-length': '2'} 
 body=OK 
 </msg>
<msg timestamp="20230811 23:34:39.524" level="INFO">${resp} = &lt;Response [200]&gt;</msg>
<status status="PASS" starttime="20230811 23:34:39.508" endtime="20230811 23:34:39.524"/>
</kw>
<kw name="Create Dictionary" library="BuiltIn">
<var>${headers}</var>
<arg>Content-Type=application/json</arg>
<doc>Creates and returns a dictionary based on the given ``items``.</doc>
<msg timestamp="20230811 23:34:39.533" level="INFO">${headers} = {'Content-Type': 'application/json'}</msg>
<status status="PASS" starttime="20230811 23:34:39.524" endtime="20230811 23:34:39.533"/>
</kw>
<kw name="Create Dictionary" library="BuiltIn">
<var>${params}</var>
<arg>name=Kavin Bacon</arg>
<arg>actorId=nm0000102butuniqueid</arg>
<doc>Creates and returns a dictionary based on the given ``items``.</doc>
<msg timestamp="20230811 23:34:39.535" level="INFO">${params} = {'name': 'Kavin Bacon', 'actorId': 'nm0000102butuniqueid'}</msg>
<status status="PASS" starttime="20230811 23:34:39.533" endtime="20230811 23:34:39.535"/>
</kw>
<kw name="PUT On Session" library="RequestsLibrary">
<var>${resp}</var>
<arg>localhost</arg>
<arg>/api/v1/addActor</arg>
<arg>json=${params}</arg>
<arg>headers=${headers}</arg>
<arg>expected_status=200</arg>
<doc>Sends a PUT request on a previously created HTTP Session.</doc>
<msg timestamp="20230811 23:34:39.547" level="INFO">PUT Request : url=http://localhost:8080/api/v1/addActor 
 path_url=/api/v1/addActor 
 headers={'User-Agent': 'python-requests/2.31.0', 'Accept-Encoding': 'gzip, deflate', 'Accept': '*/*', 'Connection': 'keep-alive', 'Content-Type': 'application/json', 'Content-Length': '58'} 
 body=b'{"name": "Kavin Bacon", "actorId": "nm0000102butuniqueid"}' 
 </msg>
<msg timestamp="20230811 23:34:39.547" level="INFO">PUT Response : url=http://localhost:8080/api/v1/addActor 
 status=200, reason=OK 
 headers={'Date': 'Sat, 12 Aug 2023 03:34:39 GMT', 'Content-length': '2'} 
 body=OK 
 </msg>
<msg timestamp="20230811 23:34:39.547" level="INFO">${resp} = &lt;Response [200]&gt;</msg>
<status status="PASS" starttime="20230811 23:34:39.535" endtime="20230811 23:34:39.547"/>
</kw>
<kw name="Create Dictionary" library="BuiltIn">
<var>${headers}</var>
<arg>Content-Type=application/json</arg>
<doc>Creates and returns a dictionary based on the given ``items``.</doc>
<msg timestamp="20230811 23:34:39.549" level="INFO">${headers} = {'Content-Type': 'application/json'}</msg>
<status status="PASS" starttime="20230811 23:34:39.549" endtime="20230811 23:34:39.549"/>
</kw>
<kw name="Create Dictionary" library="BuiltIn">
<var>${params}</var>
<arg>name=Johnny Depp</arg>
<arg>actorId=johnnydepp</arg>
<doc>Creates and returns a dictionary based on the given ``items``.</doc>
<msg timestamp="20230811 23:34:39.549" level="INFO">${params} = {'name': 'Johnny Depp', 'actorId': 'johnnydepp'}</msg>
<status status="PASS" starttime="20230811 23:34:39.549" endtime="20230811 23:34:39.549"/>
</kw>
<kw name="PUT On Session" library="RequestsLibrary">
<var>${resp}</var>
<arg>localhost</arg>
<arg>/api/v1/addActor</arg>
<arg>json=${params}</arg>
<arg>headers=${headers}</arg>
<arg>expected_status=200</arg>
<doc>Sends a PUT request on a previously created HTTP Session.</doc>
<msg timestamp="20230811 23:34:39.557" level="INFO">PUT Request : url=http://localhost:8080/api/v1/addActor 
 path_url=/api/v1/addActor 
 headers={'User-Agent': 'python-requests/2.31.0', 'Accept-Encoding': 'gzip, deflate', 'Accept': '*/*', 'Connection': 'keep-alive', 'Content-Type': 'application/json', 'Content-Length': '48'} 
 body=b'{"name": "Johnny Depp", "actorId": "johnnydepp"}' 
 </msg>
<msg timestamp="20230811 23:34:39.557" level="INFO">PUT Response : url=http://localhost:8080/api/v1/addActor 
 status=200, reason=OK 
 headers={'Date': 'Sat, 12 Aug 2023 03:34:39 GMT', 'Content-length': '2'} 
 body=OK 
 </msg>
<msg timestamp="20230811 23:34:39.557" level="INFO">${resp} = &lt;Response [200]&gt;</msg>
<status status="PASS" starttime="20230811 23:34:39.549" endtime="20230811 23:34:39.557"/>
</kw>
<kw name="Create Dictionary" library="BuiltIn">
<var>${headers}</var>
<arg>Content-Type=application/json</arg>
<doc>Creates and returns a dictionary based on the given ``items``.</doc>
<msg timestamp="20230811 23:34:39.557" level="INFO">${headers} = {'Content-Type': 'application/json'}</msg>
<status status="PASS" starttime="20230811 23:34:39.557" endtime="20230811 23:34:39.557"/>
</kw>
<kw name="Create Dictionary" library="BuiltIn">
<var>${params}</var>
<arg>name=Actor A</arg>
<arg>actorId=actora</arg>
<doc>Creates and returns a dictionary based on the given ``items``.</doc>
<msg timestamp="20230811 23:34:39.557" level="INFO">${params} = {'name': 'Actor A', 'actorId': 'actora'}</msg>
<status status="PASS" starttime="20230811 23:34:39.557" endtime="20230811 23:34:39.557"/>
</kw>
<kw name="PUT On Session" library="RequestsLibrary">
<var>${resp}</var>
<arg>localhost</arg>
<arg>/api/v1/addActor</arg>
<arg>json=${params}</arg>
<arg>headers=${headers}</arg>
<arg>expected_status=200</arg>
<doc>Sends a PUT request on a previously created HTTP Session.</doc>
<msg timestamp="20230811 23:34:39.572" level="INFO">PUT Request : url=http://localhost:8080/api/v1/addActor 
 path_url=/api/v1/addActor 
 headers={'User-Agent': 'python-requests/2.31.0', 'Accept-Encoding': 'gzip, deflate', 'Accept': '*/*', 'Connection': 'keep-alive', 'Content-Type': 'application/json', 'Content-Length': '40'} 
 body=b'{"name": "Actor A", "actorId": "actora"}' 
 </msg>
<msg timestamp="20230811 23:34:39.572" level="INFO">PUT Response : url=http://localhost:8080/api/v1/addActor 
 status=200, reason=OK 
 headers={'Date': 'Sat, 12 Aug 2023 03:34:39 GMT', 'Content-length': '2'} 
 body=OK 
 </msg>
<msg timestamp="20230811 23:34:39.572" level="INFO">${resp} = &lt;Response [200]&gt;</msg>
<status status="PASS" starttime="20230811 23:34:39.557" endtime="20230811 23:34:39.572"/>
</kw>
<kw name="Create Dictionary" library="BuiltIn">
<var>${headers}</var>
<arg>Content-Type=application/json</arg>
<doc>Creates and returns a dictionary based on the given ``items``.</doc>
<msg timestamp="20230811 23:34:39.572" level="INFO">${headers} = {'Content-Type': 'application/json'}</msg>
<status status="PASS" starttime="20230811 23:34:39.572" endtime="20230811 23:34:39.572"/>
</kw>
<kw name="Create Dictionary" library="BuiltIn">
<var>${params}</var>
<arg>name=Actor B</arg>
<arg>actorId=actorb</arg>
<doc>Creates and returns a dictionary based on the given ``items``.</doc>
<msg timestamp="20230811 23:34:39.578" level="INFO">${params} = {'name': 'Actor B', 'actorId': 'actorb'}</msg>
<status status="PASS" starttime="20230811 23:34:39.578" endtime="20230811 23:34:39.578"/>
</kw>
<kw name="PUT On Session" library="RequestsLibrary">
<var>${resp}</var>
<arg>localhost</arg>
<arg>/api/v1/addActor</arg>
<arg>json=${params}</arg>
<arg>headers=${headers}</arg>
<arg>expected_status=200</arg>
<doc>Sends a PUT request on a previously created HTTP Session.</doc>
<msg timestamp="20230811 23:34:39.589" level="INFO">PUT Request : url=http://localhost:8080/api/v1/addActor 
 path_url=/api/v1/addActor 
 headers={'User-Agent': 'python-requests/2.31.0', 'Accept-Encoding': 'gzip, deflate', 'Accept': '*/*', 'Connection': 'keep-alive', 'Content-Type': 'application/json', 'Content-Length': '40'} 
 body=b'{"name": "Actor B", "actorId": "actorb"}' 
 </msg>
<msg timestamp="20230811 23:34:39.589" level="INFO">PUT Response : url=http://localhost:8080/api/v1/addActor 
 status=200, reason=OK 
 headers={'Date': 'Sat, 12 Aug 2023 03:34:39 GMT', 'Content-length': '2'} 
 body=OK 
 </msg>
<msg timestamp="20230811 23:34:39.589" level="INFO">${resp} = &lt;Response [200]&gt;</msg>
<status status="PASS" starttime="20230811 23:34:39.578" endtime="20230811 23:34:39.589"/>
</kw>
<kw name="Create Dictionary" library="BuiltIn">
<var>${headers}</var>
<arg>Content-Type=application/json</arg>
<doc>Creates and returns a dictionary based on the given ``items``.</doc>
<msg timestamp="20230811 23:34:39.589" level="INFO">${headers} = {'Content-Type': 'application/json'}</msg>
<status status="PASS" starttime="20230811 23:34:39.589" endtime="20230811 23:34:39.589"/>
</kw>
<kw name="Create Dictionary" library="BuiltIn">
<var>${params}</var>
<arg>name=Actor OUT OF REACH</arg>
<arg>actorId=outOfReachID</arg>
<doc>Creates and returns a dictionary based on the given ``items``.</doc>
<msg timestamp="20230811 23:34:39.591" level="INFO">${params} = {'name': 'Actor OUT OF REACH', 'actorId': 'outOfReachID'}</msg>
<status status="PASS" starttime="20230811 23:34:39.591" endtime="20230811 23:34:39.591"/>
</kw>
<kw name="PUT On Session" library="RequestsLibrary">
<var>${resp}</var>
<arg>localhost</arg>
<arg>/api/v1/addActor</arg>
<arg>json=${params}</arg>
<arg>headers=${headers}</arg>
<arg>expected_status=200</arg>
<doc>Sends a PUT request on a previously created HTTP Session.</doc>
<msg timestamp="20230811 23:34:39.602" level="INFO">PUT Request : url=http://localhost:8080/api/v1/addActor 
 path_url=/api/v1/addActor 
 headers={'User-Agent': 'python-requests/2.31.0', 'Accept-Encoding': 'gzip, deflate', 'Accept': '*/*', 'Connection': 'keep-alive', 'Content-Type': 'application/json', 'Content-Length': '57'} 
 body=b'{"name": "Actor OUT OF REACH", "actorId": "outOfReachID"}' 
 </msg>
<msg timestamp="20230811 23:34:39.602" level="INFO">PUT Response : url=http://localhost:8080/api/v1/addActor 
 status=200, reason=OK 
 headers={'Date': 'Sat, 12 Aug 2023 03:34:39 GMT', 'Content-length': '2'} 
 body=OK 
 </msg>
<msg timestamp="20230811 23:34:39.602" level="INFO">${resp} = &lt;Response [200]&gt;</msg>
<status status="PASS" starttime="20230811 23:34:39.592" endtime="20230811 23:34:39.602"/>
</kw>
<timeout value="30 seconds"/>
<status status="PASS" starttime="20230811 23:34:39.508" endtime="20230811 23:34:39.602"/>
</test>
<test id="s1-s1-s1-s1-s1-t2" name="addActorFail" line="37">
<kw name="Create Dictionary" library="BuiltIn">
<var>${headers}</var>
<arg>Content-Type=application/json</arg>
<doc>Creates and returns a dictionary based on the given ``items``.</doc>
<msg timestamp="20230811 23:34:39.602" level="INFO">${headers} = {'Content-Type': 'application/json'}</msg>
<status status="PASS" starttime="20230811 23:34:39.602" endtime="20230811 23:34:39.602"/>
</kw>
<kw name="Create Dictionary" library="BuiltIn">
<var>${params}</var>
<arg>name=Kavin Bacon2</arg>
<arg>actorId=nm0000102</arg>
<doc>Creates and returns a dictionary based on the given ``items``.</doc>
<msg timestamp="20230811 23:34:39.602" level="INFO">${params} = {'name': 'Kavin Bacon2', 'actorId': 'nm0000102'}</msg>
<status status="PASS" starttime="20230811 23:34:39.602" endtime="20230811 23:34:39.602"/>
</kw>
<kw name="PUT On Session" library="RequestsLibrary">
<var>${resp}</var>
<arg>localhost</arg>
<arg>/api/v1/addActor</arg>
<arg>json=${params}</arg>
<arg>headers=${headers}</arg>
<arg>expected_status=400</arg>
<doc>Sends a PUT request on a previously created HTTP Session.</doc>
<msg timestamp="20230811 23:34:39.616" level="INFO">PUT Request : url=http://localhost:8080/api/v1/addActor 
 path_url=/api/v1/addActor 
 headers={'User-Agent': 'python-requests/2.31.0', 'Accept-Encoding': 'gzip, deflate', 'Accept': '*/*', 'Connection': 'keep-alive', 'Content-Type': 'application/json', 'Content-Length': '48'} 
 body=b'{"name": "Kavin Bacon2", "actorId": "nm0000102"}' 
 </msg>
<msg timestamp="20230811 23:34:39.616" level="INFO">PUT Response : url=http://localhost:8080/api/v1/addActor 
 status=400, reason=Bad Request 
 headers={'Date': 'Sat, 12 Aug 2023 03:34:39 GMT', 'Content-length': '11'} 
 body=BAD REQUEST 
 </msg>
<msg timestamp="20230811 23:34:39.616" level="INFO">${resp} = &lt;Response [400]&gt;</msg>
<status status="PASS" starttime="20230811 23:34:39.608" endtime="20230811 23:34:39.616"/>
</kw>
<kw name="Create Dictionary" library="BuiltIn">
<var>${headers}</var>
<arg>Content-Type=application/json</arg>
<doc>Creates and returns a dictionary based on the given ``items``.</doc>
<msg timestamp="20230811 23:34:39.618" level="INFO">${headers} = {'Content-Type': 'application/json'}</msg>
<status status="PASS" starttime="20230811 23:34:39.618" endtime="20230811 23:34:39.618"/>
</kw>
<kw name="Create Dictionary" library="BuiltIn">
<var>${params}</var>
<arg>Actorid=robertdowney</arg>
<arg>Name=Robert Downey Jr.</arg>
<doc>Creates and returns a dictionary based on the given ``items``.</doc>
<msg timestamp="20230811 23:34:39.619" level="INFO">${params} = {'Actorid': 'robertdowney', 'Name': 'Robert Downey Jr.'}</msg>
<status status="PASS" starttime="20230811 23:34:39.619" endtime="20230811 23:34:39.619"/>
</kw>
<kw name="PUT On Session" library="RequestsLibrary">
<var>${resp}</var>
<arg>localhost</arg>
<arg>/api/v1/addActor</arg>
<arg>json=${params}</arg>
<arg>headers=${headers}</arg>
<arg>expected_status=400</arg>
<doc>Sends a PUT request on a previously created HTTP Session.</doc>
<msg timestamp="20230811 23:34:39.622" level="INFO">PUT Request : url=http://localhost:8080/api/v1/addActor 
 path_url=/api/v1/addActor 
 headers={'User-Agent': 'python-requests/2.31.0', 'Accept-Encoding': 'gzip, deflate', 'Accept': '*/*', 'Connection': 'keep-alive', 'Content-Type': 'application/json', 'Content-Length': '56'} 
 body=b'{"Actorid": "robertdowney", "Name": "Robert Downey Jr."}' 
 </msg>
<msg timestamp="20230811 23:34:39.622" level="INFO">PUT Response : url=http://localhost:8080/api/v1/addActor 
 status=400, reason=Bad Request 
 headers={'Date': 'Sat, 12 Aug 2023 03:34:39 GMT', 'Content-length': '11'} 
 body=BAD REQUEST 
 </msg>
<msg timestamp="20230811 23:34:39.622" level="INFO">${resp} = &lt;Response [400]&gt;</msg>
<status status="PASS" starttime="20230811 23:34:39.619" endtime="20230811 23:34:39.622"/>
</kw>
<kw name="Create Dictionary" library="BuiltIn">
<var>${headers}</var>
<arg>Content-Type=application/json</arg>
<doc>Creates and returns a dictionary based on the given ``items``.</doc>
<msg timestamp="20230811 23:34:39.626" level="INFO">${headers} = {'Content-Type': 'application/json'}</msg>
<status status="PASS" starttime="20230811 23:34:39.626" endtime="20230811 23:34:39.626"/>
</kw>
<kw name="Create Dictionary" library="BuiltIn">
<var>${params}</var>
<arg>name=${null}</arg>
<arg>actorId=scarlettjohansson</arg>
<doc>Creates and returns a dictionary based on the given ``items``.</doc>
<msg timestamp="20230811 23:34:39.626" level="INFO">${params} = {'name': None, 'actorId': 'scarlettjohansson'}</msg>
<status status="PASS" starttime="20230811 23:34:39.626" endtime="20230811 23:34:39.626"/>
</kw>
<kw name="PUT On Session" library="RequestsLibrary">
<var>${resp}</var>
<arg>localhost</arg>
<arg>/api/v1/addActor</arg>
<arg>json=${params}</arg>
<arg>headers=${headers}</arg>
<arg>expected_status=400</arg>
<doc>Sends a PUT request on a previously created HTTP Session.</doc>
<msg timestamp="20230811 23:34:39.626" level="INFO">PUT Request : url=http://localhost:8080/api/v1/addActor 
 path_url=/api/v1/addActor 
 headers={'User-Agent': 'python-requests/2.31.0', 'Accept-Encoding': 'gzip, deflate', 'Accept': '*/*', 'Connection': 'keep-alive', 'Content-Type': 'application/json', 'Content-Length': '46'} 
 body=b'{"name": null, "actorId": "scarlettjohansson"}' 
 </msg>
<msg timestamp="20230811 23:34:39.626" level="INFO">PUT Response : url=http://localhost:8080/api/v1/addActor 
 status=400, reason=Bad Request 
 headers={'Date': 'Sat, 12 Aug 2023 03:34:39 GMT', 'Content-length': '11'} 
 body=BAD REQUEST 
 </msg>
<msg timestamp="20230811 23:34:39.626" level="INFO">${resp} = &lt;Response [400]&gt;</msg>
<status status="PASS" starttime="20230811 23:34:39.626" endtime="20230811 23:34:39.626"/>
</kw>
<kw name="Create Dictionary" library="BuiltIn">
<var>${headers}</var>
<arg>Content-Type=application/json</arg>
<doc>Creates and returns a dictionary based on the given ``items``.</doc>
<msg timestamp="20230811 23:34:39.626" level="INFO">${headers} = {'Content-Type': 'application/json'}</msg>
<status status="PASS" starttime="20230811 23:34:39.626" endtime="20230811 23:34:39.626"/>
</kw>
<kw name="Create Dictionary" library="BuiltIn">
<var>${params}</var>
<arg>name=Scarlett Johansson</arg>
<arg>actorId=${null}</arg>
<doc>Creates and returns a dictionary based on the given ``items``.</doc>
<msg timestamp="20230811 23:34:39.634" level="INFO">${params} = {'name': 'Scarlett Johansson', 'actorId': None}</msg>
<status status="PASS" starttime="20230811 23:34:39.626" endtime="20230811 23:34:39.634"/>
</kw>
<kw name="PUT On Session" library="RequestsLibrary">
<var>${resp}</var>
<arg>localhost</arg>
<arg>/api/v1/addActor</arg>
<arg>json=${params}</arg>
<arg>headers=${headers}</arg>
<arg>expected_status=400</arg>
<doc>Sends a PUT request on a previously created HTTP Session.</doc>
<msg timestamp="20230811 23:34:39.634" level="INFO">PUT Request : url=http://localhost:8080/api/v1/addActor 
 path_url=/api/v1/addActor 
 headers={'User-Agent': 'python-requests/2.31.0', 'Accept-Encoding': 'gzip, deflate', 'Accept': '*/*', 'Connection': 'keep-alive', 'Content-Type': 'application/json', 'Content-Length': '47'} 
 body=b'{"name": "Scarlett Johansson", "actorId": null}' 
 </msg>
<msg timestamp="20230811 23:34:39.634" level="INFO">PUT Response : url=http://localhost:8080/api/v1/addActor 
 status=400, reason=Bad Request 
 headers={'Date': 'Sat, 12 Aug 2023 03:34:39 GMT', 'Content-length': '11'} 
 body=BAD REQUEST 
 </msg>
<msg timestamp="20230811 23:34:39.634" level="INFO">${resp} = &lt;Response [400]&gt;</msg>
<status status="PASS" starttime="20230811 23:34:39.634" endtime="20230811 23:34:39.634"/>
</kw>
<timeout value="30 seconds"/>
<status status="PASS" starttime="20230811 23:34:39.602" endtime="20230811 23:34:39.634"/>
</test>
<test id="s1-s1-s1-s1-s1-t3" name="addMoviePass" line="58">
<kw name="Create Dictionary" library="BuiltIn">
<var>${headers}</var>
<arg>Content-Type=application/json</arg>
<doc>Creates and returns a dictionary based on the given ``items``.</doc>
<msg timestamp="20230811 23:34:39.634" level="INFO">${headers} = {'Content-Type': 'application/json'}</msg>
<status status="PASS" starttime="20230811 23:34:39.634" endtime="20230811 23:34:39.634"/>
</kw>
<kw name="Create Dictionary" library="BuiltIn">
<var>${params}</var>
<arg>name=A Few Good Men</arg>
<arg>movieId=afewgoodmenid</arg>
<doc>Creates and returns a dictionary based on the given ``items``.</doc>
<msg timestamp="20230811 23:34:39.634" level="INFO">${params} = {'name': 'A Few Good Men', 'movieId': 'afewgoodmenid'}</msg>
<status status="PASS" starttime="20230811 23:34:39.634" endtime="20230811 23:34:39.634"/>
</kw>
<kw name="PUT On Session" library="RequestsLibrary">
<var>${resp}</var>
<arg>localhost</arg>
<arg>/api/v1/addMovie</arg>
<arg>json=${params}</arg>
<arg>headers=${headers}</arg>
<arg>expected_status=200</arg>
<doc>Sends a PUT request on a previously created HTTP Session.</doc>
<msg timestamp="20230811 23:34:39.654" level="INFO">PUT Request : url=http://localhost:8080/api/v1/addMovie 
 path_url=/api/v1/addMovie 
 headers={'User-Agent': 'python-requests/2.31.0', 'Accept-Encoding': 'gzip, deflate', 'Accept': '*/*', 'Connection': 'keep-alive', 'Content-Type': 'application/json', 'Content-Length': '54'} 
 body=b'{"name": "A Few Good Men", "movieId": "afewgoodmenid"}' 
 </msg>
<msg timestamp="20230811 23:34:39.654" level="INFO">PUT Response : url=http://localhost:8080/api/v1/addMovie 
 status=200, reason=OK 
 headers={'Date': 'Sat, 12 Aug 2023 03:34:39 GMT', 'Content-length': '2'} 
 body=OK 
 </msg>
<msg timestamp="20230811 23:34:39.654" level="INFO">${resp} = &lt;Response [200]&gt;</msg>
<status status="PASS" starttime="20230811 23:34:39.634" endtime="20230811 23:34:39.654"/>
</kw>
<kw name="Create Dictionary" library="BuiltIn">
<var>${headers}</var>
<arg>Content-Type=application/json</arg>
<doc>Creates and returns a dictionary based on the given ``items``.</doc>
<msg timestamp="20230811 23:34:39.654" level="INFO">${headers} = {'Content-Type': 'application/json'}</msg>
<status status="PASS" starttime="20230811 23:34:39.654" endtime="20230811 23:34:39.654"/>
</kw>
<kw name="Create Dictionary" library="BuiltIn">
<var>${params}</var>
<arg>name=A Few Good Men</arg>
<arg>movieId=afewgoodmenuniqueanddifferentid</arg>
<doc>Creates and returns a dictionary based on the given ``items``.</doc>
<msg timestamp="20230811 23:34:39.654" level="INFO">${params} = {'name': 'A Few Good Men', 'movieId': 'afewgoodmenuniqueanddifferentid'}</msg>
<status status="PASS" starttime="20230811 23:34:39.654" endtime="20230811 23:34:39.654"/>
</kw>
<kw name="PUT On Session" library="RequestsLibrary">
<var>${resp}</var>
<arg>localhost</arg>
<arg>/api/v1/addMovie</arg>
<arg>json=${params}</arg>
<arg>headers=${headers}</arg>
<arg>expected_status=200</arg>
<doc>Sends a PUT request on a previously created HTTP Session.</doc>
<msg timestamp="20230811 23:34:39.665" level="INFO">PUT Request : url=http://localhost:8080/api/v1/addMovie 
 path_url=/api/v1/addMovie 
 headers={'User-Agent': 'python-requests/2.31.0', 'Accept-Encoding': 'gzip, deflate', 'Accept': '*/*', 'Connection': 'keep-alive', 'Content-Type': 'application/json', 'Content-Length': '72'} 
 body=b'{"name": "A Few Good Men", "movieId": "afewgoodmenuniqueanddifferentid"}' 
 </msg>
<msg timestamp="20230811 23:34:39.665" level="INFO">PUT Response : url=http://localhost:8080/api/v1/addMovie 
 status=200, reason=OK 
 headers={'Date': 'Sat, 12 Aug 2023 03:34:39 GMT', 'Content-length': '2'} 
 body=OK 
 </msg>
<msg timestamp="20230811 23:34:39.665" level="INFO">${resp} = &lt;Response [200]&gt;</msg>
<status status="PASS" starttime="20230811 23:34:39.654" endtime="20230811 23:34:39.665"/>
</kw>
<kw name="Create Dictionary" library="BuiltIn">
<var>${headers}</var>
<arg>Content-Type=application/json</arg>
<doc>Creates and returns a dictionary based on the given ``items``.</doc>
<msg timestamp="20230811 23:34:39.665" level="INFO">${headers} = {'Content-Type': 'application/json'}</msg>
<status status="PASS" starttime="20230811 23:34:39.665" endtime="20230811 23:34:39.665"/>
</kw>
<kw name="Create Dictionary" library="BuiltIn">
<var>${params}</var>
<arg>name=Movie 1</arg>
<arg>movieId=movie1id</arg>
<doc>Creates and returns a dictionary based on the given ``items``.</doc>
<msg timestamp="20230811 23:34:39.665" level="INFO">${params} = {'name': 'Movie 1', 'movieId': 'movie1id'}</msg>
<status status="PASS" starttime="20230811 23:34:39.665" endtime="20230811 23:34:39.665"/>
</kw>
<kw name="PUT On Session" library="RequestsLibrary">
<var>${resp}</var>
<arg>localhost</arg>
<arg>/api/v1/addMovie</arg>
<arg>json=${params}</arg>
<arg>headers=${headers}</arg>
<arg>expected_status=200</arg>
<doc>Sends a PUT request on a previously created HTTP Session.</doc>
<msg timestamp="20230811 23:34:39.665" level="INFO">PUT Request : url=http://localhost:8080/api/v1/addMovie 
 path_url=/api/v1/addMovie 
 headers={'User-Agent': 'python-requests/2.31.0', 'Accept-Encoding': 'gzip, deflate', 'Accept': '*/*', 'Connection': 'keep-alive', 'Content-Type': 'application/json', 'Content-Length': '42'} 
 body=b'{"name": "Movie 1", "movieId": "movie1id"}' 
 </msg>
<msg timestamp="20230811 23:34:39.665" level="INFO">PUT Response : url=http://localhost:8080/api/v1/addMovie 
 status=200, reason=OK 
 headers={'Date': 'Sat, 12 Aug 2023 03:34:39 GMT', 'Content-length': '2'} 
 body=OK 
 </msg>
<msg timestamp="20230811 23:34:39.665" level="INFO">${resp} = &lt;Response [200]&gt;</msg>
<status status="PASS" starttime="20230811 23:34:39.665" endtime="20230811 23:34:39.665"/>
</kw>
<kw name="Create Dictionary" library="BuiltIn">
<var>${headers}</var>
<arg>Content-Type=application/json</arg>
<doc>Creates and returns a dictionary based on the given ``items``.</doc>
<msg timestamp="20230811 23:34:39.665" level="INFO">${headers} = {'Content-Type': 'application/json'}</msg>
<status status="PASS" starttime="20230811 23:34:39.665" endtime="20230811 23:34:39.665"/>
</kw>
<kw name="Create Dictionary" library="BuiltIn">
<var>${params}</var>
<arg>name=Movie 2</arg>
<arg>movieId=movie2id</arg>
<doc>Creates and returns a dictionary based on the given ``items``.</doc>
<msg timestamp="20230811 23:34:39.665" level="INFO">${params} = {'name': 'Movie 2', 'movieId': 'movie2id'}</msg>
<status status="PASS" starttime="20230811 23:34:39.665" endtime="20230811 23:34:39.665"/>
</kw>
<kw name="PUT On Session" library="RequestsLibrary">
<var>${resp}</var>
<arg>localhost</arg>
<arg>/api/v1/addMovie</arg>
<arg>json=${params}</arg>
<arg>headers=${headers}</arg>
<arg>expected_status=200</arg>
<doc>Sends a PUT request on a previously created HTTP Session.</doc>
<msg timestamp="20230811 23:34:39.690" level="INFO">PUT Request : url=http://localhost:8080/api/v1/addMovie 
 path_url=/api/v1/addMovie 
 headers={'User-Agent': 'python-requests/2.31.0', 'Accept-Encoding': 'gzip, deflate', 'Accept': '*/*', 'Connection': 'keep-alive', 'Content-Type': 'application/json', 'Content-Length': '42'} 
 body=b'{"name": "Movie 2", "movieId": "movie2id"}' 
 </msg>
<msg timestamp="20230811 23:34:39.690" level="INFO">PUT Response : url=http://localhost:8080/api/v1/addMovie 
 status=200, reason=OK 
 headers={'Date': 'Sat, 12 Aug 2023 03:34:39 GMT', 'Content-length': '2'} 
 body=OK 
 </msg>
<msg timestamp="20230811 23:34:39.690" level="INFO">${resp} = &lt;Response [200]&gt;</msg>
<status status="PASS" starttime="20230811 23:34:39.681" endtime="20230811 23:34:39.690"/>
</kw>
<kw name="Create Dictionary" library="BuiltIn">
<var>${headers}</var>
<arg>Content-Type=application/json</arg>
<doc>Creates and returns a dictionary based on the given ``items``.</doc>
<msg timestamp="20230811 23:34:39.690" level="INFO">${headers} = {'Content-Type': 'application/json'}</msg>
<status status="PASS" starttime="20230811 23:34:39.690" endtime="20230811 23:34:39.695"/>
</kw>
<kw name="Create Dictionary" library="BuiltIn">
<var>${params}</var>
<arg>name=Movie 3</arg>
<arg>movieId=movie3id</arg>
<doc>Creates and returns a dictionary based on the given ``items``.</doc>
<msg timestamp="20230811 23:34:39.695" level="INFO">${params} = {'name': 'Movie 3', 'movieId': 'movie3id'}</msg>
<status status="PASS" starttime="20230811 23:34:39.695" endtime="20230811 23:34:39.695"/>
</kw>
<kw name="PUT On Session" library="RequestsLibrary">
<var>${resp}</var>
<arg>localhost</arg>
<arg>/api/v1/addMovie</arg>
<arg>json=${params}</arg>
<arg>headers=${headers}</arg>
<arg>expected_status=200</arg>
<doc>Sends a PUT request on a previously created HTTP Session.</doc>
<msg timestamp="20230811 23:34:39.706" level="INFO">PUT Request : url=http://localhost:8080/api/v1/addMovie 
 path_url=/api/v1/addMovie 
 headers={'User-Agent': 'python-requests/2.31.0', 'Accept-Encoding': 'gzip, deflate', 'Accept': '*/*', 'Connection': 'keep-alive', 'Content-Type': 'application/json', 'Content-Length': '42'} 
 body=b'{"name": "Movie 3", "movieId": "movie3id"}' 
 </msg>
<msg timestamp="20230811 23:34:39.706" level="INFO">PUT Response : url=http://localhost:8080/api/v1/addMovie 
 status=200, reason=OK 
 headers={'Date': 'Sat, 12 Aug 2023 03:34:39 GMT', 'Content-length': '2'} 
 body=OK 
 </msg>
<msg timestamp="20230811 23:34:39.706" level="INFO">${resp} = &lt;Response [200]&gt;</msg>
<status status="PASS" starttime="20230811 23:34:39.695" endtime="20230811 23:34:39.706"/>
</kw>
<kw name="Create Dictionary" library="BuiltIn">
<var>${headers}</var>
<arg>Content-Type=application/json</arg>
<doc>Creates and returns a dictionary based on the given ``items``.</doc>
<msg timestamp="20230811 23:34:39.706" level="INFO">${headers} = {'Content-Type': 'application/json'}</msg>
<status status="PASS" starttime="20230811 23:34:39.706" endtime="20230811 23:34:39.706"/>
</kw>
<kw name="Create Dictionary" library="BuiltIn">
<var>${params}</var>
<arg>name=UnBoundedMovie</arg>
<arg>movieId=unboundMovieID</arg>
<doc>Creates and returns a dictionary based on the given ``items``.</doc>
<msg timestamp="20230811 23:34:39.706" level="INFO">${params} = {'name': 'UnBoundedMovie', 'movieId': 'unboundMovieID'}</msg>
<status status="PASS" starttime="20230811 23:34:39.706" endtime="20230811 23:34:39.706"/>
</kw>
<kw name="PUT On Session" library="RequestsLibrary">
<var>${resp}</var>
<arg>localhost</arg>
<arg>/api/v1/addMovie</arg>
<arg>json=${params}</arg>
<arg>headers=${headers}</arg>
<arg>expected_status=200</arg>
<doc>Sends a PUT request on a previously created HTTP Session.</doc>
<msg timestamp="20230811 23:34:39.717" level="INFO">PUT Request : url=http://localhost:8080/api/v1/addMovie 
 path_url=/api/v1/addMovie 
 headers={'User-Agent': 'python-requests/2.31.0', 'Accept-Encoding': 'gzip, deflate', 'Accept': '*/*', 'Connection': 'keep-alive', 'Content-Type': 'application/json', 'Content-Length': '55'} 
 body=b'{"name": "UnBoundedMovie", "movieId": "unboundMovieID"}' 
 </msg>
<msg timestamp="20230811 23:34:39.722" level="INFO">PUT Response : url=http://localhost:8080/api/v1/addMovie 
 status=200, reason=OK 
 headers={'Date': 'Sat, 12 Aug 2023 03:34:39 GMT', 'Content-length': '2'} 
 body=OK 
 </msg>
<msg timestamp="20230811 23:34:39.722" level="INFO">${resp} = &lt;Response [200]&gt;</msg>
<status status="PASS" starttime="20230811 23:34:39.711" endtime="20230811 23:34:39.722"/>
</kw>
<timeout value="30 seconds"/>
<status status="PASS" starttime="20230811 23:34:39.634" endtime="20230811 23:34:39.722"/>
</test>
<test id="s1-s1-s1-s1-s1-t4" name="addMovieFail" line="86">
<kw name="Create Dictionary" library="BuiltIn">
<var>${headers}</var>
<arg>Content-Type=application/json</arg>
<doc>Creates and returns a dictionary based on the given ``items``.</doc>
<msg timestamp="20230811 23:34:39.726" level="INFO">${headers} = {'Content-Type': 'application/json'}</msg>
<status status="PASS" starttime="20230811 23:34:39.726" endtime="20230811 23:34:39.726"/>
</kw>
<kw name="Create Dictionary" library="BuiltIn">
<var>${params}</var>
<arg>name=A_Few_Good_Men_butDifferentName</arg>
<arg>movieId=afewgoodmenid</arg>
<doc>Creates and returns a dictionary based on the given ``items``.</doc>
<msg timestamp="20230811 23:34:39.726" level="INFO">${params} = {'name': 'A_Few_Good_Men_butDifferentName', 'movieId': 'afewgoodmenid'}</msg>
<status status="PASS" starttime="20230811 23:34:39.726" endtime="20230811 23:34:39.726"/>
</kw>
<kw name="PUT On Session" library="RequestsLibrary">
<var>${resp}</var>
<arg>localhost</arg>
<arg>/api/v1/addMovie</arg>
<arg>json=${params}</arg>
<arg>headers=${headers}</arg>
<arg>expected_status=400</arg>
<doc>Sends a PUT request on a previously created HTTP Session.</doc>
<msg timestamp="20230811 23:34:39.738" level="INFO">PUT Request : url=http://localhost:8080/api/v1/addMovie 
 path_url=/api/v1/addMovie 
 headers={'User-Agent': 'python-requests/2.31.0', 'Accept-Encoding': 'gzip, deflate', 'Accept': '*/*', 'Connection': 'keep-alive', 'Content-Type': 'application/json', 'Content-Length': '71'} 
 body=b'{"name": "A_Few_Good_Men_butDifferentName", "movieId": "afewgoodmenid"}' 
 </msg>
<msg timestamp="20230811 23:34:39.738" level="INFO">PUT Response : url=http://localhost:8080/api/v1/addMovie 
 status=400, reason=Bad Request 
 headers={'Date': 'Sat, 12 Aug 2023 03:34:39 GMT', 'Content-length': '11'} 
 body=BAD REQUEST 
 </msg>
<msg timestamp="20230811 23:34:39.738" level="INFO">${resp} = &lt;Response [400]&gt;</msg>
<status status="PASS" starttime="20230811 23:34:39.726" endtime="20230811 23:34:39.738"/>
</kw>
<kw name="Create Dictionary" library="BuiltIn">
<var>${headers}</var>
<arg>Content-Type=application/json</arg>
<doc>Creates and returns a dictionary based on the given ``items``.</doc>
<msg timestamp="20230811 23:34:39.740" level="INFO">${headers} = {'Content-Type': 'application/json'}</msg>
<status status="PASS" starttime="20230811 23:34:39.738" endtime="20230811 23:34:39.740"/>
</kw>
<kw name="Create Dictionary" library="BuiltIn">
<var>${params}</var>
<arg>movieId=afewgoodmenid</arg>
<arg>name=A_Few_Good_Men_butDifferentName</arg>
<doc>Creates and returns a dictionary based on the given ``items``.</doc>
<msg timestamp="20230811 23:34:39.740" level="INFO">${params} = {'movieId': 'afewgoodmenid', 'name': 'A_Few_Good_Men_butDifferentName'}</msg>
<status status="PASS" starttime="20230811 23:34:39.740" endtime="20230811 23:34:39.740"/>
</kw>
<kw name="PUT On Session" library="RequestsLibrary">
<var>${resp}</var>
<arg>localhost</arg>
<arg>/api/v1/addMovie</arg>
<arg>json=${params}</arg>
<arg>headers=${headers}</arg>
<arg>expected_status=400</arg>
<doc>Sends a PUT request on a previously created HTTP Session.</doc>
<msg timestamp="20230811 23:34:39.740" level="INFO">PUT Request : url=http://localhost:8080/api/v1/addMovie 
 path_url=/api/v1/addMovie 
 headers={'User-Agent': 'python-requests/2.31.0', 'Accept-Encoding': 'gzip, deflate', 'Accept': '*/*', 'Connection': 'keep-alive', 'Content-Type': 'application/json', 'Content-Length': '71'} 
 body=b'{"movieId": "afewgoodmenid", "name": "A_Few_Good_Men_butDifferentName"}' 
 </msg>
<msg timestamp="20230811 23:34:39.740" level="INFO">PUT Response : url=http://localhost:8080/api/v1/addMovie 
 status=400, reason=Bad Request 
 headers={'Date': 'Sat, 12 Aug 2023 03:34:39 GMT', 'Content-length': '11'} 
 body=BAD REQUEST 
 </msg>
<msg timestamp="20230811 23:34:39.740" level="INFO">${resp} = &lt;Response [400]&gt;</msg>
<status status="PASS" starttime="20230811 23:34:39.740" endtime="20230811 23:34:39.740"/>
</kw>
<kw name="Create Dictionary" library="BuiltIn">
<var>${headers}</var>
<arg>Content-Type=application/json</arg>
<doc>Creates and returns a dictionary based on the given ``items``.</doc>
<msg timestamp="20230811 23:34:39.740" level="INFO">${headers} = {'Content-Type': 'application/json'}</msg>
<status status="PASS" starttime="20230811 23:34:39.740" endtime="20230811 23:34:39.740"/>
</kw>
<kw name="Create Dictionary" library="BuiltIn">
<var>${params}</var>
<arg>name=A_Few_Good_Men_butDifferentName</arg>
<arg>movieId=afewgoodmenid</arg>
<doc>Creates and returns a dictionary based on the given ``items``.</doc>
<msg timestamp="20230811 23:34:39.740" level="INFO">${params} = {'name': 'A_Few_Good_Men_butDifferentName', 'movieId': 'afewgoodmenid'}</msg>
<status status="PASS" starttime="20230811 23:34:39.740" endtime="20230811 23:34:39.740"/>
</kw>
<kw name="PUT On Session" library="RequestsLibrary">
<var>${resp}</var>
<arg>localhost</arg>
<arg>/api/v1/addMovie</arg>
<arg>json=${params}</arg>
<arg>headers=${headers}</arg>
<arg>expected_status=400</arg>
<doc>Sends a PUT request on a previously created HTTP Session.</doc>
<msg timestamp="20230811 23:34:39.764" level="INFO">PUT Request : url=http://localhost:8080/api/v1/addMovie 
 path_url=/api/v1/addMovie 
 headers={'User-Agent': 'python-requests/2.31.0', 'Accept-Encoding': 'gzip, deflate', 'Accept': '*/*', 'Connection': 'keep-alive', 'Content-Type': 'application/json', 'Content-Length': '71'} 
 body=b'{"name": "A_Few_Good_Men_butDifferentName", "movieId": "afewgoodmenid"}' 
 </msg>
<msg timestamp="20230811 23:34:39.764" level="INFO">PUT Response : url=http://localhost:8080/api/v1/addMovie 
 status=400, reason=Bad Request 
 headers={'Date': 'Sat, 12 Aug 2023 03:34:39 GMT', 'Content-length': '11'} 
 body=BAD REQUEST 
 </msg>
<msg timestamp="20230811 23:34:39.764" level="INFO">${resp} = &lt;Response [400]&gt;</msg>
<status status="PASS" starttime="20230811 23:34:39.740" endtime="20230811 23:34:39.764"/>
</kw>
<kw name="Create Dictionary" library="BuiltIn">
<var>${headers}</var>
<arg>Content-Type=application/json</arg>
<doc>Creates and returns a dictionary based on the given ``items``.</doc>
<msg timestamp="20230811 23:34:39.764" level="INFO">${headers} = {'Content-Type': 'application/json'}</msg>
<status status="PASS" starttime="20230811 23:34:39.764" endtime="20230811 23:34:39.767"/>
</kw>
<kw name="Create Dictionary" library="BuiltIn">
<var>${params}</var>
<arg>name=A_Few_Good_Men_butDifferentName</arg>
<arg>movieId=afewgoodmenid</arg>
<doc>Creates and returns a dictionary based on the given ``items``.</doc>
<msg timestamp="20230811 23:34:39.768" level="INFO">${params} = {'name': 'A_Few_Good_Men_butDifferentName', 'movieId': 'afewgoodmenid'}</msg>
<status status="PASS" starttime="20230811 23:34:39.767" endtime="20230811 23:34:39.768"/>
</kw>
<kw name="PUT On Session" library="RequestsLibrary">
<var>${resp}</var>
<arg>localhost</arg>
<arg>/api/v1/addMovie</arg>
<arg>json=${params}</arg>
<arg>headers=${headers}</arg>
<arg>expected_status=400</arg>
<doc>Sends a PUT request on a previously created HTTP Session.</doc>
<msg timestamp="20230811 23:34:39.780" level="INFO">PUT Request : url=http://localhost:8080/api/v1/addMovie 
 path_url=/api/v1/addMovie 
 headers={'User-Agent': 'python-requests/2.31.0', 'Accept-Encoding': 'gzip, deflate', 'Accept': '*/*', 'Connection': 'keep-alive', 'Content-Type': 'application/json', 'Content-Length': '71'} 
 body=b'{"name": "A_Few_Good_Men_butDifferentName", "movieId": "afewgoodmenid"}' 
 </msg>
<msg timestamp="20230811 23:34:39.780" level="INFO">PUT Response : url=http://localhost:8080/api/v1/addMovie 
 status=400, reason=Bad Request 
 headers={'Date': 'Sat, 12 Aug 2023 03:34:39 GMT', 'Content-length': '11'} 
 body=BAD REQUEST 
 </msg>
<msg timestamp="20230811 23:34:39.781" level="INFO">${resp} = &lt;Response [400]&gt;</msg>
<status status="PASS" starttime="20230811 23:34:39.768" endtime="20230811 23:34:39.781"/>
</kw>
<kw name="Create Dictionary" library="BuiltIn">
<var>${headers}</var>
<arg>Content-Type=application/json</arg>
<doc>Creates and returns a dictionary based on the given ``items``.</doc>
<msg timestamp="20230811 23:34:39.782" level="INFO">${headers} = {'Content-Type': 'application/json'}</msg>
<status status="PASS" starttime="20230811 23:34:39.781" endtime="20230811 23:34:39.782"/>
</kw>
<kw name="Create Dictionary" library="BuiltIn">
<var>${params}</var>
<arg>name=A_Few_Good_Men_butDifferentName</arg>
<arg>movieId=${null}</arg>
<doc>Creates and returns a dictionary based on the given ``items``.</doc>
<msg timestamp="20230811 23:34:39.782" level="INFO">${params} = {'name': 'A_Few_Good_Men_butDifferentName', 'movieId': None}</msg>
<status status="PASS" starttime="20230811 23:34:39.782" endtime="20230811 23:34:39.782"/>
</kw>
<kw name="PUT On Session" library="RequestsLibrary">
<var>${resp}</var>
<arg>localhost</arg>
<arg>/api/v1/addMovie</arg>
<arg>json=${params}</arg>
<arg>headers=${headers}</arg>
<arg>expected_status=400</arg>
<doc>Sends a PUT request on a previously created HTTP Session.</doc>
<msg timestamp="20230811 23:34:39.782" level="INFO">PUT Request : url=http://localhost:8080/api/v1/addMovie 
 path_url=/api/v1/addMovie 
 headers={'User-Agent': 'python-requests/2.31.0', 'Accept-Encoding': 'gzip, deflate', 'Accept': '*/*', 'Connection': 'keep-alive', 'Content-Type': 'application/json', 'Content-Length': '60'} 
 body=b'{"name": "A_Few_Good_Men_butDifferentName", "movieId": null}' 
 </msg>
<msg timestamp="20230811 23:34:39.782" level="INFO">PUT Response : url=http://localhost:8080/api/v1/addMovie 
 status=400, reason=Bad Request 
 headers={'Date': 'Sat, 12 Aug 2023 03:34:39 GMT', 'Content-length': '11'} 
 body=BAD REQUEST 
 </msg>
<msg timestamp="20230811 23:34:39.782" level="INFO">${resp} = &lt;Response [400]&gt;</msg>
<status status="PASS" starttime="20230811 23:34:39.782" endtime="20230811 23:34:39.782"/>
</kw>
<kw name="Create Dictionary" library="BuiltIn">
<var>${headers}</var>
<arg>Content-Type=application/json</arg>
<doc>Creates and returns a dictionary based on the given ``items``.</doc>
<msg timestamp="20230811 23:34:39.782" level="INFO">${headers} = {'Content-Type': 'application/json'}</msg>
<status status="PASS" starttime="20230811 23:34:39.782" endtime="20230811 23:34:39.782"/>
</kw>
<kw name="Create Dictionary" library="BuiltIn">
<var>${params}</var>
<arg>name=${null}</arg>
<arg>movieId=afewgoodmenid</arg>
<doc>Creates and returns a dictionary based on the given ``items``.</doc>
<msg timestamp="20230811 23:34:39.789" level="INFO">${params} = {'name': None, 'movieId': 'afewgoodmenid'}</msg>
<status status="PASS" starttime="20230811 23:34:39.789" endtime="20230811 23:34:39.789"/>
</kw>
<kw name="PUT On Session" library="RequestsLibrary">
<var>${resp}</var>
<arg>localhost</arg>
<arg>/api/v1/addMovie</arg>
<arg>json=${params}</arg>
<arg>headers=${headers}</arg>
<arg>expected_status=400</arg>
<doc>Sends a PUT request on a previously created HTTP Session.</doc>
<msg timestamp="20230811 23:34:39.789" level="INFO">PUT Request : url=http://localhost:8080/api/v1/addMovie 
 path_url=/api/v1/addMovie 
 headers={'User-Agent': 'python-requests/2.31.0', 'Accept-Encoding': 'gzip, deflate', 'Accept': '*/*', 'Connection': 'keep-alive', 'Content-Type': 'application/json', 'Content-Length': '42'} 
 body=b'{"name": null, "movieId": "afewgoodmenid"}' 
 </msg>
<msg timestamp="20230811 23:34:39.789" level="INFO">PUT Response : url=http://localhost:8080/api/v1/addMovie 
 status=400, reason=Bad Request 
 headers={'Date': 'Sat, 12 Aug 2023 03:34:39 GMT', 'Content-length': '11'} 
 body=BAD REQUEST 
 </msg>
<msg timestamp="20230811 23:34:39.789" level="INFO">${resp} = &lt;Response [400]&gt;</msg>
<status status="PASS" starttime="20230811 23:34:39.789" endtime="20230811 23:34:39.789"/>
</kw>
<timeout value="30 seconds"/>
<status status="PASS" starttime="20230811 23:34:39.722" endtime="20230811 23:34:39.796"/>
</test>
<test id="s1-s1-s1-s1-s1-t5" name="addRelationshipPass" line="120">
<kw name="Create Dictionary" library="BuiltIn">
<var>${headers}</var>
<arg>Content-Type=application/json</arg>
<doc>Creates and returns a dictionary based on the given ``items``.</doc>
<msg timestamp="20230811 23:34:39.796" level="INFO">${headers} = {'Content-Type': 'application/json'}</msg>
<status status="PASS" starttime="20230811 23:34:39.796" endtime="20230811 23:34:39.796"/>
</kw>
<kw name="Create Dictionary" library="BuiltIn">
<var>${params}</var>
<arg>actorId=nm0000102</arg>
<arg>movieId=afewgoodmenid</arg>
<doc>Creates and returns a dictionary based on the given ``items``.</doc>
<msg timestamp="20230811 23:34:39.796" level="INFO">${params} = {'actorId': 'nm0000102', 'movieId': 'afewgoodmenid'}</msg>
<status status="PASS" starttime="20230811 23:34:39.796" endtime="20230811 23:34:39.796"/>
</kw>
<kw name="PUT On Session" library="RequestsLibrary">
<var>${resp}</var>
<arg>localhost</arg>
<arg>/api/v1/addRelationship</arg>
<arg>json=${params}</arg>
<arg>headers=${headers}</arg>
<arg>expected_status=200</arg>
<doc>Sends a PUT request on a previously created HTTP Session.</doc>
<msg timestamp="20230811 23:34:39.874" level="INFO">PUT Request : url=http://localhost:8080/api/v1/addRelationship 
 path_url=/api/v1/addRelationship 
 headers={'User-Agent': 'python-requests/2.31.0', 'Accept-Encoding': 'gzip, deflate', 'Accept': '*/*', 'Connection': 'keep-alive', 'Content-Type': 'application/json', 'Content-Length': '52'} 
 body=b'{"actorId": "nm0000102", "movieId": "afewgoodmenid"}' 
 </msg>
<msg timestamp="20230811 23:34:39.874" level="INFO">PUT Response : url=http://localhost:8080/api/v1/addRelationship 
 status=200, reason=OK 
 headers={'Date': 'Sat, 12 Aug 2023 03:34:39 GMT', 'Content-length': '2'} 
 body=OK 
 </msg>
<msg timestamp="20230811 23:34:39.874" level="INFO">${resp} = &lt;Response [200]&gt;</msg>
<status status="PASS" starttime="20230811 23:34:39.796" endtime="20230811 23:34:39.874"/>
</kw>
<timeout value="30 seconds"/>
<status status="PASS" starttime="20230811 23:34:39.796" endtime="20230811 23:34:39.874"/>
</test>
<test id="s1-s1-s1-s1-s1-t6" name="addRelationshipPass1" line="126">
<kw name="Create Dictionary" library="BuiltIn">
<var>${headers}</var>
<arg>Content-Type=application/json</arg>
<doc>Creates and returns a dictionary based on the given ``items``.</doc>
<msg timestamp="20230811 23:34:39.874" level="INFO">${headers} = {'Content-Type': 'application/json'}</msg>
<status status="PASS" starttime="20230811 23:34:39.874" endtime="20230811 23:34:39.874"/>
</kw>
<kw name="Create Dictionary" library="BuiltIn">
<var>${params}</var>
<arg>actorId=actora</arg>
<arg>movieId=movie1id</arg>
<doc>Creates and returns a dictionary based on the given ``items``.</doc>
<msg timestamp="20230811 23:34:39.874" level="INFO">${params} = {'actorId': 'actora', 'movieId': 'movie1id'}</msg>
<status status="PASS" starttime="20230811 23:34:39.874" endtime="20230811 23:34:39.874"/>
</kw>
<kw name="PUT On Session" library="RequestsLibrary">
<var>${resp}</var>
<arg>localhost</arg>
<arg>/api/v1/addRelationship</arg>
<arg>json=${params}</arg>
<arg>headers=${headers}</arg>
<arg>expected_status=200</arg>
<doc>Sends a PUT request on a previously created HTTP Session.</doc>
<msg timestamp="20230811 23:34:39.904" level="INFO">PUT Request : url=http://localhost:8080/api/v1/addRelationship 
 path_url=/api/v1/addRelationship 
 headers={'User-Agent': 'python-requests/2.31.0', 'Accept-Encoding': 'gzip, deflate', 'Accept': '*/*', 'Connection': 'keep-alive', 'Content-Type': 'application/json', 'Content-Length': '44'} 
 body=b'{"actorId": "actora", "movieId": "movie1id"}' 
 </msg>
<msg timestamp="20230811 23:34:39.904" level="INFO">PUT Response : url=http://localhost:8080/api/v1/addRelationship 
 status=200, reason=OK 
 headers={'Date': 'Sat, 12 Aug 2023 03:34:39 GMT', 'Content-length': '2'} 
 body=OK 
 </msg>
<msg timestamp="20230811 23:34:39.904" level="INFO">${resp} = &lt;Response [200]&gt;</msg>
<status status="PASS" starttime="20230811 23:34:39.874" endtime="20230811 23:34:39.904"/>
</kw>
<timeout value="30 seconds"/>
<status status="PASS" starttime="20230811 23:34:39.874" endtime="20230811 23:34:39.904"/>
</test>
<test id="s1-s1-s1-s1-s1-t7" name="addRelationshipPass1.1" line="130">
<kw name="Create Dictionary" library="BuiltIn">
<var>${headers}</var>
<arg>Content-Type=application/json</arg>
<doc>Creates and returns a dictionary based on the given ``items``.</doc>
<msg timestamp="20230811 23:34:39.904" level="INFO">${headers} = {'Content-Type': 'application/json'}</msg>
<status status="PASS" starttime="20230811 23:34:39.904" endtime="20230811 23:34:39.904"/>
</kw>
<kw name="Create Dictionary" library="BuiltIn">
<var>${params}</var>
<arg>actorId=actora</arg>
<arg>movieId=afewgoodmenid</arg>
<doc>Creates and returns a dictionary based on the given ``items``.</doc>
<msg timestamp="20230811 23:34:39.904" level="INFO">${params} = {'actorId': 'actora', 'movieId': 'afewgoodmenid'}</msg>
<status status="PASS" starttime="20230811 23:34:39.904" endtime="20230811 23:34:39.904"/>
</kw>
<kw name="PUT On Session" library="RequestsLibrary">
<var>${resp}</var>
<arg>localhost</arg>
<arg>/api/v1/addRelationship</arg>
<arg>json=${params}</arg>
<arg>headers=${headers}</arg>
<arg>expected_status=200</arg>
<doc>Sends a PUT request on a previously created HTTP Session.</doc>
<msg timestamp="20230811 23:34:39.919" level="INFO">PUT Request : url=http://localhost:8080/api/v1/addRelationship 
 path_url=/api/v1/addRelationship 
 headers={'User-Agent': 'python-requests/2.31.0', 'Accept-Encoding': 'gzip, deflate', 'Accept': '*/*', 'Connection': 'keep-alive', 'Content-Type': 'application/json', 'Content-Length': '49'} 
 body=b'{"actorId": "actora", "movieId": "afewgoodmenid"}' 
 </msg>
<msg timestamp="20230811 23:34:39.919" level="INFO">PUT Response : url=http://localhost:8080/api/v1/addRelationship 
 status=200, reason=OK 
 headers={'Date': 'Sat, 12 Aug 2023 03:34:39 GMT', 'Content-length': '2'} 
 body=OK 
 </msg>
<msg timestamp="20230811 23:34:39.919" level="INFO">${resp} = &lt;Response [200]&gt;</msg>
<status status="PASS" starttime="20230811 23:34:39.904" endtime="20230811 23:34:39.919"/>
</kw>
<timeout value="30 seconds"/>
<status status="PASS" starttime="20230811 23:34:39.904" endtime="20230811 23:34:39.919"/>
</test>
<test id="s1-s1-s1-s1-s1-t8" name="addRelationshipPass3" line="134">
<kw name="Create Dictionary" library="BuiltIn">
<var>${headers}</var>
<arg>Content-Type=application/json</arg>
<doc>Creates and returns a dictionary based on the given ``items``.</doc>
<msg timestamp="20230811 23:34:39.930" level="INFO">${headers} = {'Content-Type': 'application/json'}</msg>
<status status="PASS" starttime="20230811 23:34:39.919" endtime="20230811 23:34:39.930"/>
</kw>
<kw name="Create Dictionary" library="BuiltIn">
<var>${params}</var>
<arg>actorId=actorb</arg>
<arg>movieId=movie2id</arg>
<doc>Creates and returns a dictionary based on the given ``items``.</doc>
<msg timestamp="20230811 23:34:39.930" level="INFO">${params} = {'actorId': 'actorb', 'movieId': 'movie2id'}</msg>
<status status="PASS" starttime="20230811 23:34:39.930" endtime="20230811 23:34:39.930"/>
</kw>
<kw name="PUT On Session" library="RequestsLibrary">
<var>${resp}</var>
<arg>localhost</arg>
<arg>/api/v1/addRelationship</arg>
<arg>json=${params}</arg>
<arg>headers=${headers}</arg>
<arg>expected_status=200</arg>
<doc>Sends a PUT request on a previously created HTTP Session.</doc>
<msg timestamp="20230811 23:34:39.941" level="INFO">PUT Request : url=http://localhost:8080/api/v1/addRelationship 
 path_url=/api/v1/addRelationship 
 headers={'User-Agent': 'python-requests/2.31.0', 'Accept-Encoding': 'gzip, deflate', 'Accept': '*/*', 'Connection': 'keep-alive', 'Content-Type': 'application/json', 'Content-Length': '44'} 
 body=b'{"actorId": "actorb", "movieId": "movie2id"}' 
 </msg>
<msg timestamp="20230811 23:34:39.941" level="INFO">PUT Response : url=http://localhost:8080/api/v1/addRelationship 
 status=200, reason=OK 
 headers={'Date': 'Sat, 12 Aug 2023 03:34:39 GMT', 'Content-length': '2'} 
 body=OK 
 </msg>
<msg timestamp="20230811 23:34:39.941" level="INFO">${resp} = &lt;Response [200]&gt;</msg>
<status status="PASS" starttime="20230811 23:34:39.931" endtime="20230811 23:34:39.941"/>
</kw>
<timeout value="30 seconds"/>
<status status="PASS" starttime="20230811 23:34:39.919" endtime="20230811 23:34:39.941"/>
</test>
<test id="s1-s1-s1-s1-s1-t9" name="addRelationshipPass3.4" line="138">
<kw name="Create Dictionary" library="BuiltIn">
<var>${headers}</var>
<arg>Content-Type=application/json</arg>
<doc>Creates and returns a dictionary based on the given ``items``.</doc>
<msg timestamp="20230811 23:34:39.941" level="INFO">${headers} = {'Content-Type': 'application/json'}</msg>
<status status="PASS" starttime="20230811 23:34:39.941" endtime="20230811 23:34:39.941"/>
</kw>
<kw name="Create Dictionary" library="BuiltIn">
<var>${params}</var>
<arg>actorId=actorb</arg>
<arg>movieId=movie1id</arg>
<doc>Creates and returns a dictionary based on the given ``items``.</doc>
<msg timestamp="20230811 23:34:39.941" level="INFO">${params} = {'actorId': 'actorb', 'movieId': 'movie1id'}</msg>
<status status="PASS" starttime="20230811 23:34:39.941" endtime="20230811 23:34:39.941"/>
</kw>
<kw name="PUT On Session" library="RequestsLibrary">
<var>${resp}</var>
<arg>localhost</arg>
<arg>/api/v1/addRelationship</arg>
<arg>json=${params}</arg>
<arg>headers=${headers}</arg>
<arg>expected_status=200</arg>
<doc>Sends a PUT request on a previously created HTTP Session.</doc>
<msg timestamp="20230811 23:34:39.973" level="INFO">PUT Request : url=http://localhost:8080/api/v1/addRelationship 
 path_url=/api/v1/addRelationship 
 headers={'User-Agent': 'python-requests/2.31.0', 'Accept-Encoding': 'gzip, deflate', 'Accept': '*/*', 'Connection': 'keep-alive', 'Content-Type': 'application/json', 'Content-Length': '44'} 
 body=b'{"actorId": "actorb", "movieId": "movie1id"}' 
 </msg>
<msg timestamp="20230811 23:34:39.973" level="INFO">PUT Response : url=http://localhost:8080/api/v1/addRelationship 
 status=200, reason=OK 
 headers={'Date': 'Sat, 12 Aug 2023 03:34:39 GMT', 'Content-length': '2'} 
 body=OK 
 </msg>
<msg timestamp="20230811 23:34:39.973" level="INFO">${resp} = &lt;Response [200]&gt;</msg>
<status status="PASS" starttime="20230811 23:34:39.941" endtime="20230811 23:34:39.973"/>
</kw>
<timeout value="30 seconds"/>
<status status="PASS" starttime="20230811 23:34:39.941" endtime="20230811 23:34:39.975"/>
</test>
<test id="s1-s1-s1-s1-s1-t10" name="addRelationshipPass5" line="143">
<kw name="Create Dictionary" library="BuiltIn">
<var>${headers}</var>
<arg>Content-Type=application/json</arg>
<doc>Creates and returns a dictionary based on the given ``items``.</doc>
<msg timestamp="20230811 23:34:39.976" level="INFO">${headers} = {'Content-Type': 'application/json'}</msg>
<status status="PASS" starttime="20230811 23:34:39.976" endtime="20230811 23:34:39.976"/>
</kw>
<kw name="Create Dictionary" library="BuiltIn">
<var>${params}</var>
<arg>actorId=johnnydepp</arg>
<arg>movieId=movie2id</arg>
<doc>Creates and returns a dictionary based on the given ``items``.</doc>
<msg timestamp="20230811 23:34:39.976" level="INFO">${params} = {'actorId': 'johnnydepp', 'movieId': 'movie2id'}</msg>
<status status="PASS" starttime="20230811 23:34:39.976" endtime="20230811 23:34:39.976"/>
</kw>
<kw name="PUT On Session" library="RequestsLibrary">
<var>${resp}</var>
<arg>localhost</arg>
<arg>/api/v1/addRelationship</arg>
<arg>json=${params}</arg>
<arg>headers=${headers}</arg>
<arg>expected_status=200</arg>
<doc>Sends a PUT request on a previously created HTTP Session.</doc>
<msg timestamp="20230811 23:34:39.999" level="INFO">PUT Request : url=http://localhost:8080/api/v1/addRelationship 
 path_url=/api/v1/addRelationship 
 headers={'User-Agent': 'python-requests/2.31.0', 'Accept-Encoding': 'gzip, deflate', 'Accept': '*/*', 'Connection': 'keep-alive', 'Content-Type': 'application/json', 'Content-Length': '48'} 
 body=b'{"actorId": "johnnydepp", "movieId": "movie2id"}' 
 </msg>
<msg timestamp="20230811 23:34:39.999" level="INFO">PUT Response : url=http://localhost:8080/api/v1/addRelationship 
 status=200, reason=OK 
 headers={'Date': 'Sat, 12 Aug 2023 03:34:39 GMT', 'Content-length': '2'} 
 body=OK 
 </msg>
<msg timestamp="20230811 23:34:39.999" level="INFO">${resp} = &lt;Response [200]&gt;</msg>
<status status="PASS" starttime="20230811 23:34:39.976" endtime="20230811 23:34:39.999"/>
</kw>
<timeout value="30 seconds"/>
<status status="PASS" starttime="20230811 23:34:39.976" endtime="20230811 23:34:39.999"/>
</test>
<test id="s1-s1-s1-s1-s1-t11" name="addRelationshipPass4" line="149">
<kw name="Create Dictionary" library="BuiltIn">
<var>${headers}</var>
<arg>Content-Type=application/json</arg>
<doc>Creates and returns a dictionary based on the given ``items``.</doc>
<msg timestamp="20230811 23:34:40.003" level="INFO">${headers} = {'Content-Type': 'application/json'}</msg>
<status status="PASS" starttime="20230811 23:34:40.003" endtime="20230811 23:34:40.003"/>
</kw>
<kw name="Create Dictionary" library="BuiltIn">
<var>${params}</var>
<arg>actorId=outOfReachID</arg>
<arg>movieId=unboundMovieID</arg>
<doc>Creates and returns a dictionary based on the given ``items``.</doc>
<msg timestamp="20230811 23:34:40.005" level="INFO">${params} = {'actorId': 'outOfReachID', 'movieId': 'unboundMovieID'}</msg>
<status status="PASS" starttime="20230811 23:34:40.003" endtime="20230811 23:34:40.005"/>
</kw>
<kw name="PUT On Session" library="RequestsLibrary">
<var>${resp}</var>
<arg>localhost</arg>
<arg>/api/v1/addRelationship</arg>
<arg>json=${params}</arg>
<arg>headers=${headers}</arg>
<arg>expected_status=200</arg>
<doc>Sends a PUT request on a previously created HTTP Session.</doc>
<msg timestamp="20230811 23:34:40.032" level="INFO">PUT Request : url=http://localhost:8080/api/v1/addRelationship 
 path_url=/api/v1/addRelationship 
 headers={'User-Agent': 'python-requests/2.31.0', 'Accept-Encoding': 'gzip, deflate', 'Accept': '*/*', 'Connection': 'keep-alive', 'Content-Type': 'application/json', 'Content-Length': '56'} 
 body=b'{"actorId": "outOfReachID", "movieId": "unboundMovieID"}' 
 </msg>
<msg timestamp="20230811 23:34:40.032" level="INFO">PUT Response : url=http://localhost:8080/api/v1/addRelationship 
 status=200, reason=OK 
 headers={'Date': 'Sat, 12 Aug 2023 03:34:40 GMT', 'Content-length': '2'} 
 body=OK 
 </msg>
<msg timestamp="20230811 23:34:40.032" level="INFO">${resp} = &lt;Response [200]&gt;</msg>
<status status="PASS" starttime="20230811 23:34:40.005" endtime="20230811 23:34:40.032"/>
</kw>
<timeout value="30 seconds"/>
<status status="PASS" starttime="20230811 23:34:40.001" endtime="20230811 23:34:40.032"/>
</test>
<test id="s1-s1-s1-s1-s1-t12" name="addRelationshipFail" line="155">
<kw name="Create Dictionary" library="BuiltIn">
<var>${headers}</var>
<arg>Content-Type=application/json</arg>
<doc>Creates and returns a dictionary based on the given ``items``.</doc>
<msg timestamp="20230811 23:34:40.035" level="INFO">${headers} = {'Content-Type': 'application/json'}</msg>
<status status="PASS" starttime="20230811 23:34:40.035" endtime="20230811 23:34:40.035"/>
</kw>
<kw name="Create Dictionary" library="BuiltIn">
<var>${params}</var>
<arg>actorId=nm0000102</arg>
<arg>movieId=afewgoodmenid</arg>
<doc>Creates and returns a dictionary based on the given ``items``.</doc>
<msg timestamp="20230811 23:34:40.035" level="INFO">${params} = {'actorId': 'nm0000102', 'movieId': 'afewgoodmenid'}</msg>
<status status="PASS" starttime="20230811 23:34:40.035" endtime="20230811 23:34:40.035"/>
</kw>
<kw name="PUT On Session" library="RequestsLibrary">
<var>${resp}</var>
<arg>localhost</arg>
<arg>/api/v1/addRelationship</arg>
<arg>json=${params}</arg>
<arg>headers=${headers}</arg>
<arg>expected_status=400</arg>
<doc>Sends a PUT request on a previously created HTTP Session.</doc>
<msg timestamp="20230811 23:34:40.054" level="INFO">PUT Request : url=http://localhost:8080/api/v1/addRelationship 
 path_url=/api/v1/addRelationship 
 headers={'User-Agent': 'python-requests/2.31.0', 'Accept-Encoding': 'gzip, deflate', 'Accept': '*/*', 'Connection': 'keep-alive', 'Content-Type': 'application/json', 'Content-Length': '52'} 
 body=b'{"actorId": "nm0000102", "movieId": "afewgoodmenid"}' 
 </msg>
<msg timestamp="20230811 23:34:40.054" level="INFO">PUT Response : url=http://localhost:8080/api/v1/addRelationship 
 status=400, reason=Bad Request 
 headers={'Date': 'Sat, 12 Aug 2023 03:34:40 GMT', 'Content-length': '11'} 
 body=BAD REQUEST 
 </msg>
<msg timestamp="20230811 23:34:40.054" level="INFO">${resp} = &lt;Response [400]&gt;</msg>
<status status="PASS" starttime="20230811 23:34:40.035" endtime="20230811 23:34:40.054"/>
</kw>
<kw name="Create Dictionary" library="BuiltIn">
<var>${headers}</var>
<arg>Content-Type=application/json</arg>
<doc>Creates and returns a dictionary based on the given ``items``.</doc>
<msg timestamp="20230811 23:34:40.054" level="INFO">${headers} = {'Content-Type': 'application/json'}</msg>
<status status="PASS" starttime="20230811 23:34:40.054" endtime="20230811 23:34:40.054"/>
</kw>
<kw name="Create Dictionary" library="BuiltIn">
<var>${params}</var>
<arg>actorId=nm0000102</arg>
<arg>movieId=${null}</arg>
<doc>Creates and returns a dictionary based on the given ``items``.</doc>
<msg timestamp="20230811 23:34:40.061" level="INFO">${params} = {'actorId': 'nm0000102', 'movieId': None}</msg>
<status status="PASS" starttime="20230811 23:34:40.054" endtime="20230811 23:34:40.061"/>
</kw>
<kw name="PUT On Session" library="RequestsLibrary">
<var>${resp}</var>
<arg>localhost</arg>
<arg>/api/v1/addRelationship</arg>
<arg>json=${params}</arg>
<arg>headers=${headers}</arg>
<arg>expected_status=400</arg>
<doc>Sends a PUT request on a previously created HTTP Session.</doc>
<msg timestamp="20230811 23:34:40.061" level="INFO">PUT Request : url=http://localhost:8080/api/v1/addRelationship 
 path_url=/api/v1/addRelationship 
 headers={'User-Agent': 'python-requests/2.31.0', 'Accept-Encoding': 'gzip, deflate', 'Accept': '*/*', 'Connection': 'keep-alive', 'Content-Type': 'application/json', 'Content-Length': '41'} 
 body=b'{"actorId": "nm0000102", "movieId": null}' 
 </msg>
<msg timestamp="20230811 23:34:40.061" level="INFO">PUT Response : url=http://localhost:8080/api/v1/addRelationship 
 status=400, reason=Bad Request 
 headers={'Date': 'Sat, 12 Aug 2023 03:34:40 GMT', 'Content-length': '11'} 
 body=BAD REQUEST 
 </msg>
<msg timestamp="20230811 23:34:40.061" level="INFO">${resp} = &lt;Response [400]&gt;</msg>
<status status="PASS" starttime="20230811 23:34:40.061" endtime="20230811 23:34:40.067"/>
</kw>
<kw name="Create Dictionary" library="BuiltIn">
<var>${headers}</var>
<arg>Content-Type=application/json</arg>
<doc>Creates and returns a dictionary based on the given ``items``.</doc>
<msg timestamp="20230811 23:34:40.068" level="INFO">${headers} = {'Content-Type': 'application/json'}</msg>
<status status="PASS" starttime="20230811 23:34:40.067" endtime="20230811 23:34:40.068"/>
</kw>
<kw name="Create Dictionary" library="BuiltIn">
<var>${params}</var>
<arg>actorId=${null}</arg>
<arg>movieId=afewgoodmenid</arg>
<doc>Creates and returns a dictionary based on the given ``items``.</doc>
<msg timestamp="20230811 23:34:40.070" level="INFO">${params} = {'actorId': None, 'movieId': 'afewgoodmenid'}</msg>
<status status="PASS" starttime="20230811 23:34:40.068" endtime="20230811 23:34:40.070"/>
</kw>
<kw name="PUT On Session" library="RequestsLibrary">
<var>${resp}</var>
<arg>localhost</arg>
<arg>/api/v1/addRelationship</arg>
<arg>json=${params}</arg>
<arg>headers=${headers}</arg>
<arg>expected_status=400</arg>
<doc>Sends a PUT request on a previously created HTTP Session.</doc>
<msg timestamp="20230811 23:34:40.070" level="INFO">PUT Request : url=http://localhost:8080/api/v1/addRelationship 
 path_url=/api/v1/addRelationship 
 headers={'User-Agent': 'python-requests/2.31.0', 'Accept-Encoding': 'gzip, deflate', 'Accept': '*/*', 'Connection': 'keep-alive', 'Content-Type': 'application/json', 'Content-Length': '45'} 
 body=b'{"actorId": null, "movieId": "afewgoodmenid"}' 
 </msg>
<msg timestamp="20230811 23:34:40.070" level="INFO">PUT Response : url=http://localhost:8080/api/v1/addRelationship 
 status=400, reason=Bad Request 
 headers={'Date': 'Sat, 12 Aug 2023 03:34:40 GMT', 'Content-length': '11'} 
 body=BAD REQUEST 
 </msg>
<msg timestamp="20230811 23:34:40.070" level="INFO">${resp} = &lt;Response [400]&gt;</msg>
<status status="PASS" starttime="20230811 23:34:40.070" endtime="20230811 23:34:40.070"/>
</kw>
<kw name="Create Dictionary" library="BuiltIn">
<var>${headers}</var>
<arg>Content-Type=application/json</arg>
<doc>Creates and returns a dictionary based on the given ``items``.</doc>
<msg timestamp="20230811 23:34:40.070" level="INFO">${headers} = {'Content-Type': 'application/json'}</msg>
<status status="PASS" starttime="20230811 23:34:40.070" endtime="20230811 23:34:40.070"/>
</kw>
<kw name="Create Dictionary" library="BuiltIn">
<var>${params}</var>
<arg>actorId=nm0000102</arg>
<arg>movieId=nonexistentID</arg>
<doc>Creates and returns a dictionary based on the given ``items``.</doc>
<msg timestamp="20230811 23:34:40.079" level="INFO">${params} = {'actorId': 'nm0000102', 'movieId': 'nonexistentID'}</msg>
<status status="PASS" starttime="20230811 23:34:40.079" endtime="20230811 23:34:40.079"/>
</kw>
<kw name="PUT On Session" library="RequestsLibrary">
<var>${resp}</var>
<arg>localhost</arg>
<arg>/api/v1/addRelationship</arg>
<arg>json=${params}</arg>
<arg>headers=${headers}</arg>
<arg>expected_status=404</arg>
<doc>Sends a PUT request on a previously created HTTP Session.</doc>
<msg timestamp="20230811 23:34:40.091" level="INFO">PUT Request : url=http://localhost:8080/api/v1/addRelationship 
 path_url=/api/v1/addRelationship 
 headers={'User-Agent': 'python-requests/2.31.0', 'Accept-Encoding': 'gzip, deflate', 'Accept': '*/*', 'Connection': 'keep-alive', 'Content-Type': 'application/json', 'Content-Length': '52'} 
 body=b'{"actorId": "nm0000102", "movieId": "nonexistentID"}' 
 </msg>
<msg timestamp="20230811 23:34:40.091" level="INFO">PUT Response : url=http://localhost:8080/api/v1/addRelationship 
 status=404, reason=Not Found 
 headers={'Date': 'Sat, 12 Aug 2023 03:34:40 GMT', 'Content-length': '9'} 
 body=NOT FOUND 
 </msg>
<msg timestamp="20230811 23:34:40.091" level="INFO">${resp} = &lt;Response [404]&gt;</msg>
<status status="PASS" starttime="20230811 23:34:40.079" endtime="20230811 23:34:40.091"/>
</kw>
<kw name="Create Dictionary" library="BuiltIn">
<var>${headers}</var>
<arg>Content-Type=application/json</arg>
<doc>Creates and returns a dictionary based on the given ``items``.</doc>
<msg timestamp="20230811 23:34:40.091" level="INFO">${headers} = {'Content-Type': 'application/json'}</msg>
<status status="PASS" starttime="20230811 23:34:40.091" endtime="20230811 23:34:40.091"/>
</kw>
<kw name="Create Dictionary" library="BuiltIn">
<var>${params}</var>
<arg>actorId=nonexistingActorID</arg>
<arg>movieId=afewgoodmenid</arg>
<doc>Creates and returns a dictionary based on the given ``items``.</doc>
<msg timestamp="20230811 23:34:40.094" level="INFO">${params} = {'actorId': 'nonexistingActorID', 'movieId': 'afewgoodmenid'}</msg>
<status status="PASS" starttime="20230811 23:34:40.094" endtime="20230811 23:34:40.094"/>
</kw>
<kw name="PUT On Session" library="RequestsLibrary">
<var>${resp}</var>
<arg>localhost</arg>
<arg>/api/v1/addRelationship</arg>
<arg>json=${params}</arg>
<arg>headers=${headers}</arg>
<arg>expected_status=404</arg>
<doc>Sends a PUT request on a previously created HTTP Session.</doc>
<msg timestamp="20230811 23:34:40.109" level="INFO">PUT Request : url=http://localhost:8080/api/v1/addRelationship 
 path_url=/api/v1/addRelationship 
 headers={'User-Agent': 'python-requests/2.31.0', 'Accept-Encoding': 'gzip, deflate', 'Accept': '*/*', 'Connection': 'keep-alive', 'Content-Type': 'application/json', 'Content-Length': '61'} 
 body=b'{"actorId": "nonexistingActorID", "movieId": "afewgoodmenid"}' 
 </msg>
<msg timestamp="20230811 23:34:40.109" level="INFO">PUT Response : url=http://localhost:8080/api/v1/addRelationship 
 status=404, reason=Not Found 
 headers={'Date': 'Sat, 12 Aug 2023 03:34:40 GMT', 'Content-length': '9'} 
 body=NOT FOUND 
 </msg>
<msg timestamp="20230811 23:34:40.109" level="INFO">${resp} = &lt;Response [404]&gt;</msg>
<status status="PASS" starttime="20230811 23:34:40.095" endtime="20230811 23:34:40.109"/>
</kw>
<kw name="Create Dictionary" library="BuiltIn">
<var>${headers}</var>
<arg>Content-Type=application/json</arg>
<doc>Creates and returns a dictionary based on the given ``items``.</doc>
<msg timestamp="20230811 23:34:40.109" level="INFO">${headers} = {'Content-Type': 'application/json'}</msg>
<status status="PASS" starttime="20230811 23:34:40.109" endtime="20230811 23:34:40.109"/>
</kw>
<kw name="Create Dictionary" library="BuiltIn">
<var>${params}</var>
<arg>actorId=nm0000102</arg>
<arg>movieId=afewgoodmenid</arg>
<doc>Creates and returns a dictionary based on the given ``items``.</doc>
<msg timestamp="20230811 23:34:40.112" level="INFO">${params} = {'actorId': 'nm0000102', 'movieId': 'afewgoodmenid'}</msg>
<status status="PASS" starttime="20230811 23:34:40.112" endtime="20230811 23:34:40.112"/>
</kw>
<kw name="PUT On Session" library="RequestsLibrary">
<var>${resp}</var>
<arg>localhost</arg>
<arg>/api/v1/addRelationship</arg>
<arg>json=${params}</arg>
<arg>headers=${headers}</arg>
<arg>expected_status=400</arg>
<doc>Sends a PUT request on a previously created HTTP Session.</doc>
<msg timestamp="20230811 23:34:40.129" level="INFO">PUT Request : url=http://localhost:8080/api/v1/addRelationship 
 path_url=/api/v1/addRelationship 
 headers={'User-Agent': 'python-requests/2.31.0', 'Accept-Encoding': 'gzip, deflate', 'Accept': '*/*', 'Connection': 'keep-alive', 'Content-Type': 'application/json', 'Content-Length': '52'} 
 body=b'{"actorId": "nm0000102", "movieId": "afewgoodmenid"}' 
 </msg>
<msg timestamp="20230811 23:34:40.129" level="INFO">PUT Response : url=http://localhost:8080/api/v1/addRelationship 
 status=400, reason=Bad Request 
 headers={'Date': 'Sat, 12 Aug 2023 03:34:40 GMT', 'Content-length': '11'} 
 body=BAD REQUEST 
 </msg>
<msg timestamp="20230811 23:34:40.129" level="INFO">${resp} = &lt;Response [400]&gt;</msg>
<status status="PASS" starttime="20230811 23:34:40.112" endtime="20230811 23:34:40.129"/>
</kw>
<timeout value="30 seconds"/>
<status status="PASS" starttime="20230811 23:34:40.035" endtime="20230811 23:34:40.129"/>
</test>
<test id="s1-s1-s1-s1-s1-t13" name="getActorPass" line="186">
<kw name="Create Dictionary" library="BuiltIn">
<var>${headers}</var>
<arg>Content-Type=application/json</arg>
<doc>Creates and returns a dictionary based on the given ``items``.</doc>
<msg timestamp="20230811 23:34:40.129" level="INFO">${headers} = {'Content-Type': 'application/json'}</msg>
<status status="PASS" starttime="20230811 23:34:40.129" endtime="20230811 23:34:40.129"/>
</kw>
<kw name="Create Dictionary" library="BuiltIn">
<var>${params}</var>
<arg>actorId=nm0000102</arg>
<doc>Creates and returns a dictionary based on the given ``items``.</doc>
<msg timestamp="20230811 23:34:40.129" level="INFO">${params} = {'actorId': 'nm0000102'}</msg>
<status status="PASS" starttime="20230811 23:34:40.129" endtime="20230811 23:34:40.129"/>
</kw>
<kw name="GET On Session" library="RequestsLibrary">
<var>${resp}</var>
<arg>localhost</arg>
<arg>/api/v1/getActor</arg>
<arg>params=${params}</arg>
<arg>headers=${headers}</arg>
<arg>expected_status=200</arg>
<doc>Sends a GET request on a previously created HTTP Session.</doc>
<msg timestamp="20230811 23:34:40.214" level="INFO">GET Request : url=http://localhost:8080/api/v1/getActor?actorId=nm0000102 
 path_url=/api/v1/getActor?actorId=nm0000102 
 headers={'User-Agent': 'python-requests/2.31.0', 'Accept-Encoding': 'gzip, deflate', 'Accept': '*/*', 'Connection': 'keep-alive', 'Content-Type': 'application/json'} 
 body=None 
 </msg>
<msg timestamp="20230811 23:34:40.214" level="INFO">GET Response : url=http://localhost:8080/api/v1/getActor?actorId=nm0000102 
 status=200, reason=OK 
 headers={'Date': 'Sat, 12 Aug 2023 03:34:40 GMT', 'Content-length': '71'} 
 body={"actorId":"nm0000102","name":"Kavin Bacon","movies":["afewgoodmenid"]} 
 </msg>
<msg timestamp="20230811 23:34:40.214" level="INFO">${resp} = &lt;Response [200]&gt;</msg>
<status status="PASS" starttime="20230811 23:34:40.129" endtime="20230811 23:34:40.214"/>
</kw>
<kw name="Should Be Equal As Strings" library="BuiltIn">
<arg>${resp.json()['actorId']}</arg>
<arg>nm0000102</arg>
<doc>Fails if objects are unequal after converting them to strings.</doc>
<status status="PASS" starttime="20230811 23:34:40.214" endtime="20230811 23:34:40.214"/>
</kw>
<kw name="Should Be Equal As Strings" library="BuiltIn">
<arg>${resp.json()['name']}</arg>
<arg>Kavin Bacon</arg>
<doc>Fails if objects are unequal after converting them to strings.</doc>
<status status="PASS" starttime="20230811 23:34:40.214" endtime="20230811 23:34:40.214"/>
</kw>
<kw name="List Should Contain Value" library="Collections">
<arg>${resp.json()['movies']}</arg>
<arg>afewgoodmenid</arg>
<doc>Fails if the ``value`` is not found from ``list``.</doc>
<status status="PASS" starttime="20230811 23:34:40.214" endtime="20230811 23:34:40.222"/>
</kw>
<timeout value="30 seconds"/>
<status status="PASS" starttime="20230811 23:34:40.129" endtime="20230811 23:34:40.222"/>
</test>
<test id="s1-s1-s1-s1-s1-t14" name="getActorFail" line="195">
<kw name="Create Dictionary" library="BuiltIn">
<var>${headers}</var>
<arg>Content-Type=application/json</arg>
<doc>Creates and returns a dictionary based on the given ``items``.</doc>
<msg timestamp="20230811 23:34:40.224" level="INFO">${headers} = {'Content-Type': 'application/json'}</msg>
<status status="PASS" starttime="20230811 23:34:40.224" endtime="20230811 23:34:40.224"/>
</kw>
<kw name="Create Dictionary" library="BuiltIn">
<var>${params}</var>
<arg>Nonexistentparameter=nm0000102</arg>
<doc>Creates and returns a dictionary based on the given ``items``.</doc>
<msg timestamp="20230811 23:34:40.224" level="INFO">${params} = {'Nonexistentparameter': 'nm0000102'}</msg>
<status status="PASS" starttime="20230811 23:34:40.224" endtime="20230811 23:34:40.224"/>
</kw>
<kw name="GET On Session" library="RequestsLibrary">
<var>${resp}</var>
<arg>localhost</arg>
<arg>/api/v1/getActor</arg>
<arg>params=${params}</arg>
<arg>headers=${headers}</arg>
<arg>expected_status=400</arg>
<doc>Sends a GET request on a previously created HTTP Session.</doc>
<msg timestamp="20230811 23:34:40.227" level="INFO">GET Request : url=http://localhost:8080/api/v1/getActor?Nonexistentparameter=nm0000102 
 path_url=/api/v1/getActor?Nonexistentparameter=nm0000102 
 headers={'User-Agent': 'python-requests/2.31.0', 'Accept-Encoding': 'gzip, deflate', 'Accept': '*/*', 'Connection': 'keep-alive', 'Content-Type': 'application/json'} 
 body=None 
 </msg>
<msg timestamp="20230811 23:34:40.227" level="INFO">GET Response : url=http://localhost:8080/api/v1/getActor?Nonexistentparameter=nm0000102 
 status=400, reason=Bad Request 
 headers={'Date': 'Sat, 12 Aug 2023 03:34:40 GMT', 'Content-length': '11'} 
 body=BAD REQUEST 
 </msg>
<msg timestamp="20230811 23:34:40.227" level="INFO">${resp} = &lt;Response [400]&gt;</msg>
<status status="PASS" starttime="20230811 23:34:40.224" endtime="20230811 23:34:40.227"/>
</kw>
<kw name="Create Dictionary" library="BuiltIn">
<var>${headers}</var>
<arg>Content-Type=application/json</arg>
<doc>Creates and returns a dictionary based on the given ``items``.</doc>
<msg timestamp="20230811 23:34:40.230" level="INFO">${headers} = {'Content-Type': 'application/json'}</msg>
<status status="PASS" starttime="20230811 23:34:40.230" endtime="20230811 23:34:40.230"/>
</kw>
<kw name="Create Dictionary" library="BuiltIn">
<var>${params}</var>
<arg>actorId=${null}</arg>
<doc>Creates and returns a dictionary based on the given ``items``.</doc>
<msg timestamp="20230811 23:34:40.230" level="INFO">${params} = {'actorId': None}</msg>
<status status="PASS" starttime="20230811 23:34:40.230" endtime="20230811 23:34:40.230"/>
</kw>
<kw name="GET On Session" library="RequestsLibrary">
<var>${resp}</var>
<arg>localhost</arg>
<arg>/api/v1/getActor</arg>
<arg>params=${params}</arg>
<arg>headers=${headers}</arg>
<arg>expected_status=400</arg>
<doc>Sends a GET request on a previously created HTTP Session.</doc>
<msg timestamp="20230811 23:34:40.232" level="INFO">GET Request : url=http://localhost:8080/api/v1/getActor 
 path_url=/api/v1/getActor 
 headers={'User-Agent': 'python-requests/2.31.0', 'Accept-Encoding': 'gzip, deflate', 'Accept': '*/*', 'Connection': 'keep-alive', 'Content-Type': 'application/json'} 
 body=None 
 </msg>
<msg timestamp="20230811 23:34:40.232" level="INFO">GET Response : url=http://localhost:8080/api/v1/getActor 
 status=400, reason=Bad Request 
 headers={'Date': 'Sat, 12 Aug 2023 03:34:40 GMT', 'Content-length': '11'} 
 body=BAD REQUEST 
 </msg>
<msg timestamp="20230811 23:34:40.232" level="INFO">${resp} = &lt;Response [400]&gt;</msg>
<status status="PASS" starttime="20230811 23:34:40.230" endtime="20230811 23:34:40.232"/>
</kw>
<kw name="Create Dictionary" library="BuiltIn">
<var>${headers}</var>
<arg>Content-Type=application/json</arg>
<doc>Creates and returns a dictionary based on the given ``items``.</doc>
<msg timestamp="20230811 23:34:40.232" level="INFO">${headers} = {'Content-Type': 'application/json'}</msg>
<status status="PASS" starttime="20230811 23:34:40.232" endtime="20230811 23:34:40.232"/>
</kw>
<kw name="Create Dictionary" library="BuiltIn">
<var>${params}</var>
<arg>actorId=nonexistentId</arg>
<doc>Creates and returns a dictionary based on the given ``items``.</doc>
<msg timestamp="20230811 23:34:40.232" level="INFO">${params} = {'actorId': 'nonexistentId'}</msg>
<status status="PASS" starttime="20230811 23:34:40.232" endtime="20230811 23:34:40.232"/>
</kw>
<kw name="GET On Session" library="RequestsLibrary">
<var>${resp}</var>
<arg>localhost</arg>
<arg>/api/v1/getActor</arg>
<arg>params=${params}</arg>
<arg>headers=${headers}</arg>
<arg>expected_status=404</arg>
<doc>Sends a GET request on a previously created HTTP Session.</doc>
<msg timestamp="20230811 23:34:40.244" level="INFO">GET Request : url=http://localhost:8080/api/v1/getActor?actorId=nonexistentId 
 path_url=/api/v1/getActor?actorId=nonexistentId 
 headers={'User-Agent': 'python-requests/2.31.0', 'Accept-Encoding': 'gzip, deflate', 'Accept': '*/*', 'Connection': 'keep-alive', 'Content-Type': 'application/json'} 
 body=None 
 </msg>
<msg timestamp="20230811 23:34:40.244" level="INFO">GET Response : url=http://localhost:8080/api/v1/getActor?actorId=nonexistentId 
 status=404, reason=Not Found 
 headers={'Date': 'Sat, 12 Aug 2023 03:34:40 GMT', 'Content-length': '9'} 
 body=NOT FOUND 
 </msg>
<msg timestamp="20230811 23:34:40.244" level="INFO">${resp} = &lt;Response [404]&gt;</msg>
<status status="PASS" starttime="20230811 23:34:40.232" endtime="20230811 23:34:40.244"/>
</kw>
<timeout value="30 seconds"/>
<status status="PASS" starttime="20230811 23:34:40.224" endtime="20230811 23:34:40.244"/>
</test>
<test id="s1-s1-s1-s1-s1-t15" name="getMoviePass" line="212">
<kw name="Create Dictionary" library="BuiltIn">
<var>${headers}</var>
<arg>Content-Type=application/json</arg>
<doc>Creates and returns a dictionary based on the given ``items``.</doc>
<msg timestamp="20230811 23:34:40.244" level="INFO">${headers} = {'Content-Type': 'application/json'}</msg>
[...]
 body=None 
 </msg>
<msg timestamp="20230811 23:34:40.337" level="INFO">GET Response : url=http://localhost:8080/api/v1/getMovie 
 status=400, reason=Bad Request 
 headers={'Date': 'Sat, 12 Aug 2023 03:34:40 GMT', 'Content-length': '11'} 
 body=BAD REQUEST 
 </msg>
<msg timestamp="20230811 23:34:40.337" level="INFO">${resp} = &lt;Response [400]&gt;</msg>
<status status="PASS" starttime="20230811 23:34:40.337" endtime="20230811 23:34:40.337"/>
</kw>
<kw name="Create Dictionary" library="BuiltIn">
<var>${headers}</var>
<arg>Content-Type=application/json</arg>
<doc>Creates and returns a dictionary based on the given ``items``.</doc>
<msg timestamp="20230811 23:34:40.352" level="INFO">${headers} = {'Content-Type': 'application/json'}</msg>
<status status="PASS" starttime="20230811 23:34:40.337" endtime="20230811 23:34:40.352"/>
</kw>
<kw name="Create Dictionary" library="BuiltIn">
<var>${params}</var>
<arg>movieId=NotARealMovieID</arg>
<doc>Creates and returns a dictionary based on the given ``items``.</doc>
<msg timestamp="20230811 23:34:40.353" level="INFO">${params} = {'movieId': 'NotARealMovieID'}</msg>
<status status="PASS" starttime="20230811 23:34:40.352" endtime="20230811 23:34:40.353"/>
</kw>
<kw name="GET On Session" library="RequestsLibrary">
<var>${resp}</var>
<arg>localhost</arg>
<arg>/api/v1/getMovie</arg>
<arg>params=${params}</arg>
<arg>headers=${headers}</arg>
<arg>expected_status=404</arg>
<doc>Sends a GET request on a previously created HTTP Session.</doc>
<msg timestamp="20230811 23:34:40.363" level="INFO">GET Request : url=http://localhost:8080/api/v1/getMovie?movieId=NotARealMovieID 
 path_url=/api/v1/getMovie?movieId=NotARealMovieID 
 headers={'User-Agent': 'python-requests/2.31.0', 'Accept-Encoding': 'gzip, deflate', 'Accept': '*/*', 'Connection': 'keep-alive', 'Content-Type': 'application/json'} 
 body=None 
 </msg>
<msg timestamp="20230811 23:34:40.363" level="INFO">GET Response : url=http://localhost:8080/api/v1/getMovie?movieId=NotARealMovieID 
 status=404, reason=Not Found 
 headers={'Date': 'Sat, 12 Aug 2023 03:34:40 GMT', 'Content-length': '9'} 
 body=NOT FOUND 
 </msg>
<msg timestamp="20230811 23:34:40.363" level="INFO">${resp} = &lt;Response [404]&gt;</msg>
<status status="PASS" starttime="20230811 23:34:40.354" endtime="20230811 23:34:40.363"/>
</kw>
<timeout value="30 seconds"/>
<status status="PASS" starttime="20230811 23:34:40.337" endtime="20230811 23:34:40.363"/>
</test>
<test id="s1-s1-s1-s1-s1-t17" name="getRelationshipPass" line="239">
<kw name="Create Dictionary" library="BuiltIn">
<var>${headers}</var>
<arg>Content-Type=application/json</arg>
<doc>Creates and returns a dictionary based on the given ``items``.</doc>
<msg timestamp="20230811 23:34:40.363" level="INFO">${headers} = {'Content-Type': 'application/json'}</msg>
<status status="PASS" starttime="20230811 23:34:40.363" endtime="20230811 23:34:40.363"/>
</kw>
<kw name="Create Dictionary" library="BuiltIn">
<var>${params}</var>
<arg>movieId=afewgoodmenid</arg>
<arg>actorId=nm0000102</arg>
<doc>Creates and returns a dictionary based on the given ``items``.</doc>
<msg timestamp="20230811 23:34:40.369" level="INFO">${params} = {'movieId': 'afewgoodmenid', 'actorId': 'nm0000102'}</msg>
<status status="PASS" starttime="20230811 23:34:40.369" endtime="20230811 23:34:40.369"/>
</kw>
<kw name="GET On Session" library="RequestsLibrary">
<var>${resp}</var>
<arg>localhost</arg>
<arg>/api/v1/hasRelationship</arg>
<arg>params=${params}</arg>
<arg>headers=${headers}</arg>
<arg>expected_status=200</arg>
<doc>Sends a GET request on a previously created HTTP Session.</doc>
<msg timestamp="20230811 23:34:40.443" level="INFO">GET Request : url=http://localhost:8080/api/v1/hasRelationship?movieId=afewgoodmenid&amp;actorId=nm0000102 
 path_url=/api/v1/hasRelationship?movieId=afewgoodmenid&amp;actorId=nm0000102 
 headers={'User-Agent': 'python-requests/2.31.0', 'Accept-Encoding': 'gzip, deflate', 'Accept': '*/*', 'Connection': 'keep-alive', 'Content-Type': 'application/json'} 
 body=None 
 </msg>
<msg timestamp="20230811 23:34:40.443" level="INFO">GET Response : url=http://localhost:8080/api/v1/hasRelationship?movieId=afewgoodmenid&amp;actorId=nm0000102 
 status=200, reason=OK 
 headers={'Date': 'Sat, 12 Aug 2023 03:34:40 GMT', 'Content-length': '72'} 
 body={"actorId":"nm0000102","movieId":"afewgoodmenid","hasRelationship":true} 
 </msg>
<msg timestamp="20230811 23:34:40.443" level="INFO">${resp} = &lt;Response [200]&gt;</msg>
<status status="PASS" starttime="20230811 23:34:40.370" endtime="20230811 23:34:40.443"/>
</kw>
<kw name="Should Be Equal As Strings" library="BuiltIn">
<arg>${resp.json()['movieId']}</arg>
<arg>afewgoodmenid</arg>
<doc>Fails if objects are unequal after converting them to strings.</doc>
<status status="PASS" starttime="20230811 23:34:40.443" endtime="20230811 23:34:40.443"/>
</kw>
<kw name="Should Be Equal As Strings" library="BuiltIn">
<arg>${resp.json()['actorId']}</arg>
<arg>nm0000102</arg>
<doc>Fails if objects are unequal after converting them to strings.</doc>
<status status="PASS" starttime="20230811 23:34:40.443" endtime="20230811 23:34:40.443"/>
</kw>
<kw name="Should Be True" library="BuiltIn">
<arg>${resp.json()['hasRelationship']}</arg>
<doc>Fails if the given condition is not true.</doc>
<status status="PASS" starttime="20230811 23:34:40.443" endtime="20230811 23:34:40.443"/>
</kw>
<timeout value="30 seconds"/>
<status status="PASS" starttime="20230811 23:34:40.363" endtime="20230811 23:34:40.443"/>
</test>
<test id="s1-s1-s1-s1-s1-t18" name="getRelationshipFail1" line="248">
<kw name="Create Dictionary" library="BuiltIn">
<var>${headers}</var>
<arg>Content-Type=application/json</arg>
<doc>Creates and returns a dictionary based on the given ``items``.</doc>
<msg timestamp="20230811 23:34:40.456" level="INFO">${headers} = {'Content-Type': 'application/json'}</msg>
<status status="PASS" starttime="20230811 23:34:40.456" endtime="20230811 23:34:40.456"/>
</kw>
<kw name="Create Dictionary" library="BuiltIn">
<var>${params}</var>
<arg>Nonexistentparameter=afewgoodmenid</arg>
<arg>actorId=nm0000102</arg>
<doc>Creates and returns a dictionary based on the given ``items``.</doc>
<msg timestamp="20230811 23:34:40.456" level="INFO">${params} = {'Nonexistentparameter': 'afewgoodmenid', 'actorId': 'nm0000102'}</msg>
<status status="PASS" starttime="20230811 23:34:40.456" endtime="20230811 23:34:40.456"/>
</kw>
<kw name="GET On Session" library="RequestsLibrary">
<var>${resp}</var>
<arg>localhost</arg>
<arg>/api/v1/hasRelationship</arg>
<arg>params=${params}</arg>
<arg>headers=${headers}</arg>
<arg>expected_status=400</arg>
<doc>Sends a GET request on a previously created HTTP Session.</doc>
<msg timestamp="20230811 23:34:40.456" level="INFO">GET Request : url=http://localhost:8080/api/v1/hasRelationship?Nonexistentparameter=afewgoodmenid&amp;actorId=nm0000102 
 path_url=/api/v1/hasRelationship?Nonexistentparameter=afewgoodmenid&amp;actorId=nm0000102 
 headers={'User-Agent': 'python-requests/2.31.0', 'Accept-Encoding': 'gzip, deflate', 'Accept': '*/*', 'Connection': 'keep-alive', 'Content-Type': 'application/json'} 
 body=None 
 </msg>
<msg timestamp="20230811 23:34:40.456" level="INFO">GET Response : url=http://localhost:8080/api/v1/hasRelationship?Nonexistentparameter=afewgoodmenid&amp;actorId=nm0000102 
 status=400, reason=Bad Request 
 headers={'Date': 'Sat, 12 Aug 2023 03:34:40 GMT', 'Content-length': '11'} 
 body=BAD REQUEST 
 </msg>
<msg timestamp="20230811 23:34:40.456" level="INFO">${resp} = &lt;Response [400]&gt;</msg>
<status status="PASS" starttime="20230811 23:34:40.456" endtime="20230811 23:34:40.456"/>
</kw>
<timeout value="30 seconds"/>
<status status="PASS" starttime="20230811 23:34:40.443" endtime="20230811 23:34:40.456"/>
</test>
<test id="s1-s1-s1-s1-s1-t19" name="getRelationshipFail2" line="254">
<kw name="Create Dictionary" library="BuiltIn">
<var>${headers}</var>
<arg>Content-Type=application/json</arg>
<doc>Creates and returns a dictionary based on the given ``items``.</doc>
<msg timestamp="20230811 23:34:40.456" level="INFO">${headers} = {'Content-Type': 'application/json'}</msg>
<status status="PASS" starttime="20230811 23:34:40.456" endtime="20230811 23:34:40.456"/>
</kw>
<kw name="Create Dictionary" library="BuiltIn">
<var>${params}</var>
<arg>movieId=afewgoodmenid</arg>
<arg>Nonexistentparameter=nm0000102</arg>
<doc>Creates and returns a dictionary based on the given ``items``.</doc>
<msg timestamp="20230811 23:34:40.456" level="INFO">${params} = {'movieId': 'afewgoodmenid', 'Nonexistentparameter': 'nm0000102'}</msg>
<status status="PASS" starttime="20230811 23:34:40.456" endtime="20230811 23:34:40.456"/>
</kw>
<kw name="GET On Session" library="RequestsLibrary">
<var>${resp}</var>
<arg>localhost</arg>
<arg>/api/v1/hasRelationship</arg>
<arg>params=${params}</arg>
<arg>headers=${headers}</arg>
<arg>expected_status=400</arg>
<doc>Sends a GET request on a previously created HTTP Session.</doc>
<msg timestamp="20230811 23:34:40.475" level="INFO">GET Request : url=http://localhost:8080/api/v1/hasRelationship?movieId=afewgoodmenid&amp;Nonexistentparameter=nm0000102 
 path_url=/api/v1/hasRelationship?movieId=afewgoodmenid&amp;Nonexistentparameter=nm0000102 
 headers={'User-Agent': 'python-requests/2.31.0', 'Accept-Encoding': 'gzip, deflate', 'Accept': '*/*', 'Connection': 'keep-alive', 'Content-Type': 'application/json'} 
 body=None 
 </msg>
<msg timestamp="20230811 23:34:40.475" level="INFO">GET Response : url=http://localhost:8080/api/v1/hasRelationship?movieId=afewgoodmenid&amp;Nonexistentparameter=nm0000102 
 status=400, reason=Bad Request 
 headers={'Date': 'Sat, 12 Aug 2023 03:34:40 GMT', 'Content-length': '11'} 
 body=BAD REQUEST 
 </msg>
<msg timestamp="20230811 23:34:40.475" level="INFO">${resp} = &lt;Response [400]&gt;</msg>
<status status="PASS" starttime="20230811 23:34:40.472" endtime="20230811 23:34:40.475"/>
</kw>
<timeout value="30 seconds"/>
<status status="PASS" starttime="20230811 23:34:40.456" endtime="20230811 23:34:40.479"/>
</test>
<test id="s1-s1-s1-s1-s1-t20" name="getRelationshipFail3" line="260">
<kw name="Create Dictionary" library="BuiltIn">
<var>${headers}</var>
<arg>Content-Type=application/json</arg>
<doc>Creates and returns a dictionary based on the given ``items``.</doc>
<msg timestamp="20230811 23:34:40.480" level="INFO">${headers} = {'Content-Type': 'application/json'}</msg>
<status status="PASS" starttime="20230811 23:34:40.480" endtime="20230811 23:34:40.480"/>
</kw>
<kw name="Create Dictionary" library="BuiltIn">
<var>${params}</var>
<arg>movieId=${null}</arg>
<arg>actorId=nm0000102</arg>
<doc>Creates and returns a dictionary based on the given ``items``.</doc>
<msg timestamp="20230811 23:34:40.480" level="INFO">${params} = {'movieId': None, 'actorId': 'nm0000102'}</msg>
<status status="PASS" starttime="20230811 23:34:40.480" endtime="20230811 23:34:40.480"/>
</kw>
<kw name="GET On Session" library="RequestsLibrary">
<var>${resp}</var>
<arg>localhost</arg>
<arg>/api/v1/hasRelationship</arg>
<arg>params=${params}</arg>
<arg>headers=${headers}</arg>
<arg>expected_status=400</arg>
<doc>Sends a GET request on a previously created HTTP Session.</doc>
<msg timestamp="20230811 23:34:40.480" level="INFO">GET Request : url=http://localhost:8080/api/v1/hasRelationship?actorId=nm0000102 
 path_url=/api/v1/hasRelationship?actorId=nm0000102 
 headers={'User-Agent': 'python-requests/2.31.0', 'Accept-Encoding': 'gzip, deflate', 'Accept': '*/*', 'Connection': 'keep-alive', 'Content-Type': 'application/json'} 
 body=None 
 </msg>
<msg timestamp="20230811 23:34:40.480" level="INFO">GET Response : url=http://localhost:8080/api/v1/hasRelationship?actorId=nm0000102 
 status=400, reason=Bad Request 
 headers={'Date': 'Sat, 12 Aug 2023 03:34:40 GMT', 'Content-length': '11'} 
 body=BAD REQUEST 
 </msg>
<msg timestamp="20230811 23:34:40.480" level="INFO">${resp} = &lt;Response [400]&gt;</msg>
<status status="PASS" starttime="20230811 23:34:40.480" endtime="20230811 23:34:40.480"/>
</kw>
<timeout value="30 seconds"/>
<status status="PASS" starttime="20230811 23:34:40.479" endtime="20230811 23:34:40.480"/>
</test>
<test id="s1-s1-s1-s1-s1-t21" name="getRelationshipFail4" line="266">
<kw name="Create Dictionary" library="BuiltIn">
<var>${headers}</var>
<arg>Content-Type=application/json</arg>
<doc>Creates and returns a dictionary based on the given ``items``.</doc>
<msg timestamp="20230811 23:34:40.487" level="INFO">${headers} = {'Content-Type': 'application/json'}</msg>
<status status="PASS" starttime="20230811 23:34:40.487" endtime="20230811 23:34:40.487"/>
</kw>
<kw name="Create Dictionary" library="BuiltIn">
<var>${params}</var>
<arg>movieId=afewgoodmenid</arg>
<arg>actorId=${null}</arg>
<doc>Creates and returns a dictionary based on the given ``items``.</doc>
<msg timestamp="20230811 23:34:40.489" level="INFO">${params} = {'movieId': 'afewgoodmenid', 'actorId': None}</msg>
<status status="PASS" starttime="20230811 23:34:40.488" endtime="20230811 23:34:40.489"/>
</kw>
<kw name="GET On Session" library="RequestsLibrary">
<var>${resp}</var>
<arg>localhost</arg>
<arg>/api/v1/hasRelationship</arg>
<arg>params=${params}</arg>
<arg>headers=${headers}</arg>
<arg>expected_status=400</arg>
<doc>Sends a GET request on a previously created HTTP Session.</doc>
<msg timestamp="20230811 23:34:40.493" level="INFO">GET Request : url=http://localhost:8080/api/v1/hasRelationship?movieId=afewgoodmenid 
 path_url=/api/v1/hasRelationship?movieId=afewgoodmenid 
 headers={'User-Agent': 'python-requests/2.31.0', 'Accept-Encoding': 'gzip, deflate', 'Accept': '*/*', 'Connection': 'keep-alive', 'Content-Type': 'application/json'} 
 body=None 
 </msg>
<msg timestamp="20230811 23:34:40.493" level="INFO">GET Response : url=http://localhost:8080/api/v1/hasRelationship?movieId=afewgoodmenid 
 status=400, reason=Bad Request 
 headers={'Date': 'Sat, 12 Aug 2023 03:34:40 GMT', 'Content-length': '11'} 
 body=BAD REQUEST 
 </msg>
<msg timestamp="20230811 23:34:40.493" level="INFO">${resp} = &lt;Response [400]&gt;</msg>
<status status="PASS" starttime="20230811 23:34:40.489" endtime="20230811 23:34:40.493"/>
</kw>
<timeout value="30 seconds"/>
<status status="PASS" starttime="20230811 23:34:40.487" endtime="20230811 23:34:40.493"/>
</test>
<test id="s1-s1-s1-s1-s1-t22" name="getRelationshipFail5" line="272">
<kw name="Create Dictionary" library="BuiltIn">
<var>${headers}</var>
<arg>Content-Type=application/json</arg>
<doc>Creates and returns a dictionary based on the given ``items``.</doc>
<msg timestamp="20230811 23:34:40.493" level="INFO">${headers} = {'Content-Type': 'application/json'}</msg>
<status status="PASS" starttime="20230811 23:34:40.493" endtime="20230811 23:34:40.493"/>
</kw>
<kw name="Create Dictionary" library="BuiltIn">
<var>${params}</var>
<arg>movieId=nonexistentId</arg>
<arg>actorId=nm0000102</arg>
<doc>Creates and returns a dictionary based on the given ``items``.</doc>
<msg timestamp="20230811 23:34:40.493" level="INFO">${params} = {'movieId': 'nonexistentId', 'actorId': 'nm0000102'}</msg>
<status status="PASS" starttime="20230811 23:34:40.493" endtime="20230811 23:34:40.493"/>
</kw>
<kw name="GET On Session" library="RequestsLibrary">
<var>${resp}</var>
<arg>localhost</arg>
<arg>/api/v1/hasRelationship</arg>
<arg>params=${params}</arg>
<arg>headers=${headers}</arg>
<arg>expected_status=404</arg>
<doc>Sends a GET request on a previously created HTTP Session.</doc>
<msg timestamp="20230811 23:34:40.514" level="INFO">GET Request : url=http://localhost:8080/api/v1/hasRelationship?movieId=nonexistentId&amp;actorId=nm0000102 
 path_url=/api/v1/hasRelationship?movieId=nonexistentId&amp;actorId=nm0000102 
 headers={'User-Agent': 'python-requests/2.31.0', 'Accept-Encoding': 'gzip, deflate', 'Accept': '*/*', 'Connection': 'keep-alive', 'Content-Type': 'application/json'} 
 body=None 
 </msg>
<msg timestamp="20230811 23:34:40.514" level="INFO">GET Response : url=http://localhost:8080/api/v1/hasRelationship?movieId=nonexistentId&amp;actorId=nm0000102 
 status=404, reason=Not Found 
 headers={'Date': 'Sat, 12 Aug 2023 03:34:40 GMT', 'Content-length': '9'} 
 body=NOT FOUND 
 </msg>
<msg timestamp="20230811 23:34:40.514" level="INFO">${resp} = &lt;Response [404]&gt;</msg>
<status status="PASS" starttime="20230811 23:34:40.493" endtime="20230811 23:34:40.514"/>
</kw>
<timeout value="30 seconds"/>
<status status="PASS" starttime="20230811 23:34:40.493" endtime="20230811 23:34:40.516"/>
</test>
<test id="s1-s1-s1-s1-s1-t23" name="getRelationshipFail6" line="277">
<kw name="Create Dictionary" library="BuiltIn">
<var>${headers}</var>
<arg>Content-Type=application/json</arg>
<doc>Creates and returns a dictionary based on the given ``items``.</doc>
<msg timestamp="20230811 23:34:40.516" level="INFO">${headers} = {'Content-Type': 'application/json'}</msg>
<status status="PASS" starttime="20230811 23:34:40.516" endtime="20230811 23:34:40.516"/>
</kw>
<kw name="Create Dictionary" library="BuiltIn">
<var>${params}</var>
<arg>movieId=afewgoodmenid</arg>
<arg>actorId=nonexistentId</arg>
<doc>Creates and returns a dictionary based on the given ``items``.</doc>
<msg timestamp="20230811 23:34:40.520" level="INFO">${params} = {'movieId': 'afewgoodmenid', 'actorId': 'nonexistentId'}</msg>
<status status="PASS" starttime="20230811 23:34:40.520" endtime="20230811 23:34:40.520"/>
</kw>
<kw name="GET On Session" library="RequestsLibrary">
<var>${resp}</var>
<arg>localhost</arg>
<arg>/api/v1/hasRelationship</arg>
<arg>params=${params}</arg>
<arg>headers=${headers}</arg>
<arg>expected_status=404</arg>
<doc>Sends a GET request on a previously created HTTP Session.</doc>
<msg timestamp="20230811 23:34:40.529" level="INFO">GET Request : url=http://localhost:8080/api/v1/hasRelationship?movieId=afewgoodmenid&amp;actorId=nonexistentId 
 path_url=/api/v1/hasRelationship?movieId=afewgoodmenid&amp;actorId=nonexistentId 
 headers={'User-Agent': 'python-requests/2.31.0', 'Accept-Encoding': 'gzip, deflate', 'Accept': '*/*', 'Connection': 'keep-alive', 'Content-Type': 'application/json'} 
 body=None 
 </msg>
<msg timestamp="20230811 23:34:40.531" level="INFO">GET Response : url=http://localhost:8080/api/v1/hasRelationship?movieId=afewgoodmenid&amp;actorId=nonexistentId 
 status=404, reason=Not Found 
 headers={'Date': 'Sat, 12 Aug 2023 03:34:40 GMT', 'Content-length': '9'} 
 body=NOT FOUND 
 </msg>
<msg timestamp="20230811 23:34:40.531" level="INFO">${resp} = &lt;Response [404]&gt;</msg>
<status status="PASS" starttime="20230811 23:34:40.520" endtime="20230811 23:34:40.531"/>
</kw>
<timeout value="30 seconds"/>
<status status="PASS" starttime="20230811 23:34:40.516" endtime="20230811 23:34:40.531"/>
</test>
<status status="PASS" starttime="20230811 23:34:39.371" endtime="20230811 23:34:40.533"/>
</suite>
<status status="PASS" starttime="20230811 23:34:39.364" endtime="20230811 23:34:40.537"/>
</suite>
<status status="PASS" starttime="20230811 23:34:39.364" endtime="20230811 23:34:40.539"/>
</suite>
<status status="PASS" starttime="20230811 23:34:39.363" endtime="20230811 23:34:40.544"/>
</suite>
<status status="PASS" starttime="20230811 23:34:39.335" endtime="20230811 23:34:40.544"/>
</suite>
<statistics>
<total>
<stat pass="23" fail="0" skip="0">All Tests</stat>
</total>
<tag>
</tag>
<suite>
<stat pass="23" fail="0" skip="0" id="s1" name="EECS3311-Project">EECS3311-Project</stat>
<stat pass="23" fail="0" skip="0" id="s1-s1" name="Src">EECS3311-Project.Src</stat>
<stat pass="23" fail="0" skip="0" id="s1-s1-s1" name="Test">EECS3311-Project.Src.Test</stat>
<stat pass="23" fail="0" skip="0" id="s1-s1-s1-s1" name="Robot">EECS3311-Project.Src.Test.Robot</stat>
<stat pass="23" fail="0" skip="0" id="s1-s1-s1-s1-s1" name="Testingrobot">EECS3311-Project.Src.Test.Robot.Testingrobot</stat>
</suite>
</statistics>
<errors>
</errors>
</robot>
